9.556942224502563 107.05859375
9.50586724281311 106.83203125
9.465757131576538 106.7578125
9.537218570709229 106.91015625
9.448276996612549 107.04296875
9.429671049118042 107.47265625
9.598353624343872 106.82421875
9.446203231811523 106.96484375
9.424473524093628 107.546875
9.487585544586182 107.0390625
9.49783444404602 106.7421875
9.41314959526062 107.41796875
9.56405758857727 107.53125
9.529850482940674 107.21484375
9.431519031524658 107.55078125
9.481976509094238 107.66796875
9.467429876327515 107.34375
9.443414211273193 107.40625
9.460761547088623 107.30859375
9.486024618148804 107.1953125
9.416688919067383 107.25
9.464692831039429 107.29296875
9.44363784790039 107.55859375
9.541410446166992 107.4375
10.092918872833252 106.7734375
9.46994662284851 107.53515625
9.467190027236938 107.4375
10.240333080291748 107.0859375
9.419144868850708 108.02734375
9.457720756530762 107.7578125
9.477306842803955 107.57421875
9.431328773498535 107.984375
9.395662784576416 107.66796875
9.564449548721313 107.59765625
9.501298427581787 107.93359375
9.408315658569336 107.67578125
9.542998313903809 108.3046875
9.463994264602661 107.8125
9.438563108444214 107.828125
9.59946346282959 107.70703125
9.557464599609375 108.1015625
9.495817422866821 108.43359375
9.534937858581543 107.76953125
9.465825319290161 108.2890625
9.425548791885376 108.4140625
9.501399755477905 107.6953125
9.470054149627686 108.72265625
9.529987812042236 108.37109375
9.566441059112549 107.92578125
9.467912435531616 108.296875
9.471658706665039 108.58984375
9.514034986495972 107.82421875
9.465547561645508 107.74609375
9.440044641494751 108.4296875
9.508075475692749 107.8203125
9.580492496490479 108.46875
9.478409051895142 108.30859375
9.50272798538208 108.546875
9.498688697814941 107.77734375
10.260279178619385 107.63671875
9.534967184066772 108.44140625
9.52777361869812 107.65234375
9.416250467300415 108.546875
9.549011707305908 108.515625
9.543059349060059 108.49609375
9.507383108139038 108.30859375
9.532011032104492 108.359375
9.501984596252441 108.46875
9.537956476211548 108.484375
9.56931471824646 108.41015625
9.509137153625488 108.4453125
9.481195449829102 108.19140625
9.580323219299316 108.39453125
9.522346019744873 108.5
9.519944429397583 108.546875
9.574164390563965 108.4765625
9.54705262184143 108.484375
9.475265741348267 108.4765625
9.613697052001953 108.3828125
9.53988528251648 108.3359375
9.479799509048462 108.5234375
9.590900421142578 108.4453125
9.49465036392212 108.3046875
9.4938223361969 108.63671875
9.575330018997192 108.671875
9.527386665344238 108.58984375
9.546728372573853 108.3984375
9.583570003509521 108.61328125
9.518717765808105 108.3984375
9.513992309570312 108.390625
9.589806318283081 108.61328125
10.305124759674072 107.8359375
9.49400544166565 108.43359375
9.631704807281494 108.4296875
9.539739847183228 108.5078125
9.481827735900879 108.41015625
9.573839902877808 108.3671875
9.53800344467163 108.45703125
9.573075532913208 108.4375
9.564261198043823 108.4453125
