28.58380389213562 174.95703125
28.28792905807495 180.3671875
28.057700872421265 181.87109375
28.726541757583618 182.28515625
28.45368766784668 182.2890625
28.2643826007843 183.828125
28.57006525993347 183.04296875
28.628901958465576 182.2734375
28.320646047592163 184.140625
28.773226261138916 183.76953125
28.61798071861267 182.2890625
28.17613911628723 183.5234375
28.65964412689209 183.89453125
28.55083203315735 182.58984375
28.607665300369263 184.08984375
28.497320413589478 184.21484375
28.37860417366028 182.76171875
27.98576784133911 184.21875
28.33467149734497 183.6328125
28.390307903289795 183.36328125
28.240931749343872 184.75390625
28.483278036117554 184.0703125
28.409547090530396 183.37890625
28.25462031364441 184.15234375
28.543829917907715 184.296875
28.487672567367554 183.375
28.275701999664307 184.15234375
28.468437910079956 184.28515625
28.26172947883606 183.13671875
28.260038375854492 184.78125
28.492659091949463 184.31640625
28.654876708984375 184.02734375
28.35197901725769 184.77734375
28.3897545337677 184.875
28.704007148742676 184.3515625
28.49140167236328 184.02734375
28.598693370819092 184.6171875
28.51721477508545 183.703125
28.35379719734192 184.625
28.52673888206482 184.8984375
28.50811457633972 184.40625
28.352182865142822 184.76171875
28.590471506118774 184.77734375
28.541242837905884 184.55859375
28.422329902648926 184.70703125
28.598546266555786 184.9609375
28.44642686843872 184.53125
28.40365433692932 184.54296875
28.68211078643799 184.9375
28.696063995361328 185.0390625
28.438992500305176 185.01953125
28.631185054779053 183.62109375
28.579015731811523 184.57421875
28.402264833450317 184.453125
28.57531976699829 184.80078125
28.443941116333008 184.78125
28.35776448249817 185.2890625
28.54252600669861 185.10546875
28.57285499572754 184.37890625
28.36425280570984 184.921875
28.528012990951538 185.0234375
28.528116464614868 184.59765625
28.220638751983643 183.89453125
28.561732530593872 185.00390625
28.443443775177002 184.703125
28.293034553527832 184.921875
28.31519079208374 184.5625
28.59588599205017 182.6015625
28.252973318099976 184.3671875
28.523739337921143 184.97265625
28.473948001861572 183.7890625
28.439258813858032 184.98046875
28.544639348983765 184.99609375
28.527875185012817 184.671875
28.44968271255493 186.0625
28.56480312347412 185.09375
28.54138493537903 184.6015625
28.309648513793945 184.2734375
28.518941164016724 185.5703125
28.593763828277588 184.55078125
28.47382616996765 184.94921875
28.383830547332764 184.98046875
28.53306484222412 184.671875
28.4926278591156 184.42578125
28.333035230636597 185.04296875
28.564103841781616 184.73828125
28.2550950050354 184.2265625
28.552553176879883 184.69140625
28.5113422870636 184.53125
28.264052391052246 184.1875
28.55246639251709 184.79296875
28.520572662353516 184.56640625
28.38092064857483 184.859375
28.522991180419922 184.71875
28.495922803878784 184.8984375
28.48926615715027 184.796875
28.52172875404358 185.48046875
28.430679321289062 184.60546875
28.225348949432373 186.109375
28.40682578086853 184.66015625
