23.02690815925598 164.76953125
23.274449825286865 171.14453125
22.92637586593628 172.67578125
23.121809482574463 171.0625
23.56822395324707 171.3984375
23.047791481018066 172.73046875
22.256258249282837 172.1796875
21.771485805511475 172.01953125
22.638471126556396 173.203125
22.7956223487854 172.1640625
22.441833972930908 171.7578125
23.474706649780273 173.11328125
23.701313495635986 172.6328125
22.93132710456848 172.328125
22.538458824157715 173.4765625
23.47745418548584 172.6015625
22.851882934570312 172.5078125
22.514507293701172 174.0625
23.18291687965393 173.06640625
22.870600700378418 172.37890625
22.688698768615723 173.7109375
23.49471402168274 172.98828125
23.267783880233765 172.8359375
23.22155785560608 173.42578125
23.349116325378418 172.9609375
22.975969314575195 172.5703125
23.525622129440308 173.78125
23.5304434299469 173.0546875
22.85956072807312 172.8359375
22.82964015007019 173.5546875
23.787571668624878 173.01953125
23.336597442626953 172.75390625
23.178248167037964 173.62109375
22.98519515991211 172.859375
22.590003490447998 172.7421875
22.462406396865845 173.87109375
22.699678659439087 173.20703125
22.322248220443726 172.76953125
22.589533805847168 174.04296875
22.98857092857361 173.125
22.598835945129395 172.7734375
22.50582194328308 173.703125
23.541558742523193 173.5234375
24.88410258293152 173.125
24.755452394485474 173.890625
24.833646535873413 172.953125
24.392749786376953 172.89453125
24.4192898273468 173.7578125
25.39927577972412 173.19921875
24.94632601737976 173.265625
22.620679140090942 174.1171875
22.369863033294678 173.79296875
22.885224103927612 172.89453125
22.061973094940186 174.07421875
22.193082094192505 173.19140625
22.05312705039978 173.29296875
20.97026753425598 174.0
22.992679595947266 173.59375
21.048704862594604 173.09765625
21.011190176010132 174.03515625
21.02929401397705 173.53515625
21.002196073532104 173.1484375
21.011767387390137 174.078125
21.070560455322266 173.25
21.06593418121338 173.69921875
21.026374340057373 173.90625
21.160841941833496 173.65625
21.09223699569702 173.11328125
21.16148018836975 174.3203125
21.002520084381104 173.76953125
21.108558654785156 173.02734375
21.054759979248047 173.88671875
21.042665481567383 173.640625
21.024912357330322 173.53125
21.124699354171753 173.9140625
21.07272958755493 173.65234375
21.059579610824585 173.37890625
21.103742599487305 173.921875
21.093573570251465 173.890625
21.009293794631958 173.48828125
21.048973321914673 173.8515625
21.072720050811768 173.7109375
21.155954599380493 173.51171875
21.010071516036987 174.08203125
21.187549352645874 173.78515625
21.064316034317017 173.23046875
20.97937560081482 174.171875
21.046680688858032 173.9375
21.184176683425903 173.44140625
21.061307907104492 174.3671875
21.04766058921814 173.70703125
21.01758599281311 173.79296875
21.060075044631958 174.5234375
21.066622972488403 173.83984375
21.087241649627686 173.7578125
21.084115982055664 174.17578125
21.131287813186646 173.828125
21.177948236465454 173.5859375
21.16215443611145 174.375
21.087202310562134 173.77734375
