10.509929418563843 140.54296875
10.663128852844238 140.921875
10.463150978088379 141.3984375
10.519172191619873 141.9140625
10.593009948730469 140.48828125
10.502736806869507 142.078125
10.519143342971802 142.37109375
10.591617345809937 141.03515625
10.506249189376831 142.53125
10.51699948310852 143.03125
10.629570007324219 140.6484375
10.513688087463379 142.84375
10.465922117233276 143.02734375
10.60500693321228 141.79296875
10.505199909210205 143.05078125
10.5866539478302 143.171875
10.804146528244019 141.57421875
10.555644989013672 143.15625
10.54917573928833 143.59765625
10.69087553024292 142.25390625
10.533254623413086 143.109375
10.601569652557373 144.3984375
10.635281562805176 142.29296875
10.561171770095825 143.1015625
10.538364887237549 143.6171875
10.668109893798828 143.1015625
10.59001874923706 143.265625
10.588784456253052 143.8359375
10.649523973464966 142.39453125
10.561291933059692 143.8046875
10.615885972976685 143.90234375
10.688032150268555 142.66796875
10.572469234466553 143.65234375
10.606393575668335 144.59765625
10.646499156951904 142.8515625
10.62214970588684 144.4140625
10.585367679595947 144.796875
10.749388456344604 142.75390625
10.615291833877563 143.93359375
10.599510908126831 144.21875
10.666359663009644 143.06640625
10.673712015151978 144.09765625
10.65954327583313 144.51171875
10.726335525512695 143.84765625
10.626245498657227 144.234375
10.64234709739685 144.20703125
10.69193720817566 143.734375
10.62635064125061 144.5546875
10.735491752624512 144.5625
10.723350524902344 143.73046875
10.666483879089355 144.42578125
10.687304973602295 144.5546875
10.784115552902222 143.7578125
10.643254518508911 144.7265625
10.666251420974731 144.890625
10.718563556671143 143.7265625
10.629589319229126 144.6328125
10.659744262695312 144.93359375
10.779099702835083 144.05078125
10.695883989334106 144.44921875
10.656646251678467 144.79296875
10.73397445678711 143.87109375
10.708522081375122 144.4765625
10.756821632385254 144.41015625
10.76518988609314 144.1484375
10.691879510879517 144.54296875
10.676567316055298 144.5703125
10.765669584274292 144.36328125
10.650198221206665 144.76171875
10.753923654556274 145.296875
12.030344009399414 143.01171875
10.63799786567688 144.78125
10.708801746368408 145.26171875
10.736685991287231 144.53125
10.668577671051025 144.53515625
10.675924301147461 144.953125
10.729405164718628 144.26953125
10.675922870635986 144.96875
10.67075800895691 145.0859375
10.738922834396362 144.55078125
10.677452325820923 144.70703125
10.664433240890503 144.4765625
10.766142845153809 144.24609375
10.737559795379639 144.84375
10.666151523590088 144.96875
10.725858211517334 144.37109375
10.659467697143555 144.51171875
10.68973445892334 144.9296875
10.68185830116272 144.16015625
10.733092546463013 144.90625
10.666395425796509 144.8359375
10.734718799591064 144.3125
10.74821925163269 144.52734375
10.653762340545654 145.1875
10.76950478553772 144.0859375
10.667474269866943 145.1796875
10.666333198547363 144.81640625
10.758737802505493 144.73828125
10.656225204467773 145.02734375
10.709892749786377 145.16796875
