2.7343945503234863 114.125
2.7696621417999268 113.16796875
2.742509126663208 114.55078125
2.7203803062438965 113.82421875
2.757887601852417 113.81640625
2.731412410736084 114.28125
2.7484443187713623 113.97265625
2.7519147396087646 113.921875
2.756099224090576 114.44921875
2.7437286376953125 114.44140625
2.7572455406188965 113.78515625
2.746371269226074 114.71484375
2.744605779647827 115.23828125
2.7894415855407715 114.6640625
2.766756534576416 114.7109375
2.7505862712860107 115.0625
2.7977795600891113 113.9296875
2.75211501121521 114.70703125
2.745936632156372 115.046875
2.7771685123443604 114.4375
2.781264305114746 114.83984375
2.753915309906006 114.75
2.7882461547851562 114.07421875
2.7453019618988037 115.10546875
2.7560887336730957 114.97265625
2.761848211288452 114.48828125
2.761099100112915 115.29296875
2.770596504211426 114.734375
2.773266077041626 115.0546875
2.771540403366089 114.7734375
2.786661148071289 115.4453125
2.7844836711883545 114.7109375
2.763056516647339 114.7265625
2.7488338947296143 115.1328125
2.789450168609619 115.01171875
2.761261224746704 115.22265625
2.759359121322632 115.0546875
2.761498212814331 114.76953125
2.7657277584075928 115.1015625
2.77962589263916 115.46875
2.7789783477783203 114.41015625
2.761507272720337 115.1015625
2.7636470794677734 115.40625
2.7624146938323975 114.84765625
2.779771327972412 115.30078125
2.7619996070861816 115.3515625
2.7790656089782715 114.96484375
2.7711503505706787 115.6484375
2.760840892791748 115.78125
2.764796257019043 115.28515625
2.7823638916015625 115.3984375
2.7686357498168945 115.8046875
2.7767603397369385 115.21875
2.7672369480133057 115.35546875
2.768216848373413 115.71484375
2.7959377765655518 115.19140625
2.752978563308716 115.68359375
2.764415740966797 115.93359375
2.795182704925537 115.8359375
2.7754626274108887 115.8828125
2.7527694702148438 115.09765625
2.784144163131714 115.05859375
2.7724735736846924 115.65234375
2.753249406814575 115.2578125
2.761406898498535 114.91796875
2.760610580444336 115.671875
2.762418746948242 115.33203125
2.7735800743103027 115.7578125
2.771047353744507 116.234375
2.764073133468628 115.2578125
2.7620010375976562 115.328125
2.7583696842193604 115.8828125
2.7639830112457275 115.91015625
2.775866746902466 115.171875
2.763143539428711 115.890625
2.758247137069702 115.26171875
2.7734975814819336 115.50390625
2.7607650756835938 115.79296875
2.7593994140625 115.09375
2.7941598892211914 115.78515625
2.77958607673645 116.01953125
2.7566721439361572 115.30078125
2.775993824005127 115.56640625
2.756164789199829 115.57421875
2.7639782428741455 116.34765625
2.769087314605713 115.40234375
2.7605414390563965 115.79296875
2.7516157627105713 116.21875
2.7803502082824707 115.37890625
2.7820377349853516 116.08203125
2.7655365467071533 115.62890625
2.7812421321868896 115.83984375
2.7604219913482666 116.421875
2.7719504833221436 115.71484375
2.7770814895629883 115.8203125
2.7625763416290283 115.546875
2.765371084213257 116.15625
2.7832822799682617 115.35546875
2.759355068206787 116.23046875
2.7867250442504883 115.546875
