24.760770559310913 136.9921875
24.836039543151855 137.13671875
24.653807401657104 138.546875
23.919978141784668 140.04296875
24.84273076057434 138.68359375
24.855560541152954 139.21484375
24.764715671539307 138.73046875
24.19745445251465 139.78515625
24.640945196151733 139.38671875
24.675370931625366 139.21484375
24.875759601593018 139.14453125
24.16625738143921 140.09375
24.9089937210083 139.390625
25.001347064971924 138.8828125
25.20072627067566 139.359375
24.405253410339355 141.07421875
25.149585008621216 140.328125
25.026283502578735 140.05078125
25.222290992736816 139.45703125
24.520363569259644 141.37109375
25.034586906433105 139.56640625
25.259323596954346 139.41796875
25.163917303085327 139.234375
24.42013907432556 140.55859375
25.193530797958374 139.69921875
25.241644382476807 139.14453125
25.02610158920288 139.92578125
24.332868576049805 140.23828125
25.230223655700684 139.6328125
25.053959608078003 139.48046875
25.283026933670044 139.92578125
24.485559940338135 140.5625
25.129677057266235 140.3984375
25.048537015914917 139.76171875
25.33302593231201 139.54296875
24.26453733444214 140.91796875
25.066115856170654 139.8203125
25.369130849838257 139.484375
24.991132736206055 139.859375
24.33319354057312 140.609375
25.513071060180664 139.50390625
25.167707681655884 139.96484375
24.960997343063354 140.18359375
24.530743837356567 140.96875
25.116011381149292 140.08203125
25.075651168823242 140.3203125
25.40187644958496 140.03125
25.356308460235596 140.44921875
24.896548986434937 140.234375
25.188973426818848 140.10546875
25.109899282455444 140.3203125
25.059087991714478 140.13671875
25.060466766357422 140.42578125
24.885441541671753 140.77734375
24.884498834609985 140.80859375
25.283655643463135 140.28515625
24.882933139801025 140.37109375
25.046396017074585 139.94921875
25.29820203781128 140.24609375
25.040604829788208 140.8828125
25.18557858467102 140.5546875
25.19272470474243 140.4921875
25.009031057357788 141.0390625
25.123505353927612 140.4765625
25.41038727760315 140.65625
25.05350136756897 141.08203125
25.009325742721558 140.703125
25.35258173942566 141.015625
25.180293560028076 140.95703125
25.069123029708862 140.4375
25.132441997528076 140.953125
24.966343879699707 140.65625
25.10222315788269 140.8203125
25.086205005645752 141.26953125
25.16697096824646 141.12109375
24.277846097946167 141.16796875
25.094284534454346 140.98046875
25.03549098968506 141.48828125
25.118438005447388 140.46484375
25.25485849380493 140.375
25.172577381134033 140.9921875
25.036202907562256 141.29296875
25.2303466796875 140.52734375
24.907666206359863 141.3828125
25.07896113395691 141.42578125
25.229411840438843 140.84765625
25.24094295501709 141.02734375
25.035024881362915 140.859375
25.29153537750244 141.203125
25.211073398590088 140.9296875
25.15575098991394 140.75390625
25.22655963897705 141.3203125
25.213263988494873 141.35546875
25.179887294769287 140.88671875
25.102007389068604 141.13671875
24.877784252166748 141.1640625
25.142131805419922 140.74609375
25.288769006729126 140.90234375
25.128299474716187 141.35546875
25.04767346382141 141.28515625
