8.796017408370972 133.97265625
8.660527467727661 136.45703125
8.68029499053955 136.8203125
8.75542950630188 135.6640625
8.740170955657959 136.7890625
8.6913001537323 137.37109375
8.865831136703491 136.0390625
8.755239248275757 136.86328125
8.678302764892578 137.95703125
8.84232783317566 136.609375
8.698168277740479 137.015625
8.720234155654907 137.89453125
8.83383321762085 136.63671875
8.722409009933472 137.1875
8.645452499389648 138.15234375
8.772035360336304 136.7265625
8.778780937194824 137.58203125
8.731563568115234 138.00390625
8.853874206542969 137.3359375
8.753731966018677 137.9140625
8.779580116271973 138.43359375
8.862336158752441 137.62890625
8.746997594833374 137.828125
8.795205354690552 138.89453125
8.762942552566528 137.73828125
8.819822549819946 138.1171875
8.773777723312378 138.15234375
8.843040227890015 137.48828125
8.736015319824219 138.3359375
8.723615407943726 138.6875
8.848834991455078 138.0
8.852166175842285 138.609375
8.750142335891724 139.0
8.860198736190796 138.046875
8.793779611587524 137.953125
8.691198110580444 139.25
8.831772565841675 137.81640625
8.800765991210938 137.98046875
8.733526945114136 139.015625
8.825039148330688 137.73046875
8.798982620239258 138.6484375
8.713841676712036 138.91015625
8.896081924438477 138.1328125
8.843480110168457 138.5390625
8.743590831756592 139.1640625
8.804344415664673 138.171875
8.682440042495728 138.40625
8.732147932052612 139.12890625
8.844459533691406 138.23828125
8.761311054229736 138.921875
8.85722041130066 139.4375
8.730767250061035 138.57421875
8.801785469055176 138.828125
8.784963130950928 139.4296875
8.82664942741394 138.5234375
8.756539106369019 139.1953125
8.747720956802368 139.08984375
8.856756210327148 139.0859375
8.765529870986938 139.3125
8.729274988174438 139.3671875
8.873408079147339 139.26171875
8.673149585723877 138.74609375
8.76050353050232 139.66796875
8.832226991653442 139.37890625
8.793204545974731 139.0234375
8.78450345993042 139.32421875
8.822627305984497 139.17578125
8.754839897155762 139.30078125
8.740980386734009 140.0
8.854009628295898 139.296875
8.821470022201538 139.3125
8.850343942642212 139.9375
8.858285188674927 138.875
8.739342451095581 139.30859375
8.832420825958252 139.7578125
8.904672622680664 138.828125
8.786637783050537 139.828125
8.761758804321289 139.140625
8.808214902877808 139.08203125
8.785640239715576 139.30859375
8.778717517852783 139.84375
8.878978729248047 139.1640625
8.803471326828003 139.4765625
8.74705982208252 139.828125
8.833394050598145 139.03515625
8.831540584564209 140.11328125
8.83234190940857 139.6328125
8.889075756072998 139.34765625
8.774259805679321 139.62890625
8.859560012817383 139.6953125
8.864193439483643 139.1171875
8.88215160369873 140.0234375
8.803124189376831 139.9375
8.887721300125122 139.48828125
8.821728706359863 139.15625
8.795490503311157 140.09375
8.838423728942871 140.03125
8.820935726165771 139.6796875
8.837709188461304 139.7578125
8.820615291595459 139.59375
