1.572307825088501 108.73828125
1.5546488761901855 107.80859375
1.5744380950927734 109.18359375
1.5565667152404785 109.79296875
1.5558295249938965 108.99609375
1.529402494430542 109.21875
1.5321877002716064 108.39453125
1.5724847316741943 109.4296875
1.5514283180236816 109.71875
1.5484840869903564 108.625
1.570777416229248 109.4765625
1.5703449249267578 108.66015625
1.791337251663208 108.94921875
1.563033103942871 109.875
1.5596106052398682 109.56640625
1.5404133796691895 109.98828125
1.5576632022857666 108.8828125
1.552431583404541 109.2890625
1.5780620574951172 112.078125
1.5514552593231201 110.84375
1.5341882705688477 109.83984375
1.551377534866333 110.71484375
1.5565826892852783 110.48828125
1.551225185394287 110.44921875
1.5563092231750488 108.7265625
1.5370173454284668 111.27734375
1.5853691101074219 109.89453125
1.5568885803222656 110.15234375
1.5514090061187744 109.2421875
1.5383141040802002 110.4765625
1.5488066673278809 109.66796875
1.5452454090118408 109.03515625
1.5704782009124756 109.953125
1.542219877243042 109.22265625
1.5496442317962646 110.921875
1.5568230152130127 110.13671875
1.5575158596038818 111.5
1.5573334693908691 109.13671875
1.536698341369629 109.08203125
1.5658907890319824 110.546875
1.5811185836791992 110.57421875
1.5556437969207764 109.20703125
1.58758544921875 110.390625
1.5409915447235107 110.5703125
1.7610242366790771 109.4609375
1.5914537906646729 110.5625
1.5636541843414307 108.93359375
1.5342578887939453 109.97265625
1.560196876525879 110.42578125
1.5530898571014404 109.79296875
1.5634443759918213 110.46875
1.5591022968292236 110.34375
1.5592036247253418 110.7421875
1.5629632472991943 110.7265625
1.5568482875823975 109.421875
1.5889813899993896 110.2109375
1.554229736328125 110.49609375
1.5394270420074463 109.84375
1.575545310974121 109.7890625
1.5477149486541748 110.4765625
1.5896556377410889 109.125
1.5450243949890137 111.75390625
1.541353702545166 110.51953125
1.5583279132843018 110.51171875
1.57963228225708 110.234375
1.543372392654419 109.25390625
1.571397304534912 109.93359375
1.5716094970703125 110.58984375
1.5649683475494385 112.515625
1.5699830055236816 111.98046875
1.5452275276184082 110.3828125
1.5567686557769775 111.25
1.5878090858459473 109.5078125
1.5508880615234375 110.94921875
1.5728051662445068 109.8046875
1.5592067241668701 109.6953125
1.7805256843566895 109.16015625
1.5647978782653809 111.43359375
1.5703203678131104 112.41015625
1.555466890335083 110.46484375
1.5459160804748535 110.5859375
1.5500783920288086 110.3515625
1.5693650245666504 110.43359375
1.556480884552002 112.1484375
1.536149263381958 110.76171875
1.5716423988342285 110.5
1.563425064086914 110.8515625
1.5526885986328125 109.4140625
1.6105706691741943 109.1328125
1.5359747409820557 110.08203125
1.5670478343963623 109.859375
1.5670182704925537 110.7890625
1.5504262447357178 109.28515625
1.5460762977600098 109.1953125
1.554504632949829 110.9921875
1.5415563583374023 111.421875
1.549309253692627 110.96484375
1.5609219074249268 109.375
1.539590835571289 110.88671875
1.5557146072387695 112.35546875
