16.76595187187195 152.515625
18.858349323272705 154.87109375
18.807777404785156 155.62109375
19.17249083518982 155.5390625
16.980884313583374 155.65625
19.09420609474182 156.8359375
19.214598655700684 155.4765625
18.95350742340088 156.02734375
19.051135301589966 156.98046875
17.188652276992798 156.96484375
19.088120937347412 156.05859375
19.04415535926819 157.19140625
17.139188289642334 157.0546875
19.054327726364136 156.12109375
16.81521725654602 157.59765625
19.154420137405396 156.21484375
19.106807708740234 156.52734375
16.78389286994934 157.8984375
19.2466721534729 157.06640625
16.984085083007812 157.24609375
18.910064697265625 157.33984375
19.148303031921387 156.57421875
19.080554962158203 156.7421875
18.9727783203125 157.73828125
17.06515336036682 157.421875
19.142905950546265 157.0
16.91601538658142 158.77734375
19.30898141860962 157.3125
19.07216501235962 157.01171875
18.985488653182983 158.046875
19.26442813873291 157.03125
19.061381101608276 157.7265625
19.183744430541992 158.12109375
19.20257568359375 157.27734375
19.218632459640503 157.5703125
19.14915180206299 158.4453125
17.138851404190063 158.5625
17.062405347824097 158.140625
19.072397470474243 158.26953125
19.228573322296143 157.47265625
19.11198401451111 157.90234375
17.026814460754395 159.3828125
17.20226287841797 158.18359375
19.02548599243164 157.62109375
19.120744466781616 159.02734375
17.22981023788452 158.453125
19.057615280151367 158.08984375
19.047008514404297 158.5703125
19.30582094192505 158.05078125
19.200881004333496 157.9765625
18.967487812042236 158.6328125
19.285855531692505 158.34375
19.097864151000977 158.58203125
19.00669765472412 158.84765625
17.164382696151733 158.9375
17.060839891433716 158.89453125
18.894471406936646 158.65625
19.22096848487854 158.578125
19.15025305747986 158.64453125
19.058216094970703 158.63671875
17.302700519561768 159.2890625
19.18752098083496 158.25
17.139842987060547 159.14453125
19.297380924224854 158.7890625
19.146772146224976 158.35546875
17.083401203155518 159.421875
17.251185417175293 159.04296875
19.180335521697998 158.5078125
16.930567741394043 159.484375
17.21681571006775 159.45703125
19.252944707870483 158.4765625
19.234134435653687 159.09375
17.12425136566162 159.18359375
17.135722875595093 159.67578125
19.266419172286987 158.5078125
19.24679470062256 158.42578125
19.102911233901978 159.09765625
19.090949535369873 158.8125
19.16315507888794 158.578125
17.108087301254272 159.4453125
17.111658811569214 159.6953125
19.263345956802368 158.3125
19.196452617645264 158.4140625
19.156965255737305 158.95703125
17.192185640335083 159.37890625
19.176249504089355 158.71875
19.165791273117065 158.73046875
19.231671571731567 158.42578125
17.165207386016846 159.48046875
19.14421844482422 158.98046875
19.2400004863739 159.0859375
17.173154830932617 159.453125
19.149951696395874 158.94921875
19.22151231765747 158.6015625
19.16381001472473 158.83203125
19.19915199279785 159.6796875
19.227251291275024 158.59765625
17.1513774394989 159.953125
19.118131160736084 159.078125
17.225581645965576 159.78515625
