13.108346223831177 116.48046875
12.609461784362793 117.3359375
12.609007835388184 117.7890625
12.716585397720337 117.875
12.52924370765686 118.1171875
12.546534538269043 118.40625
12.693185091018677 117.5390625
12.63074254989624 117.76171875
13.10310697555542 118.02734375
12.746665239334106 117.70703125
12.618268013000488 118.3671875
12.536117792129517 117.97265625
12.54841423034668 117.84375
12.608768463134766 117.90625
12.476367712020874 118.3359375
12.61765170097351 117.76953125
12.513914823532104 118.2890625
12.625629425048828 118.2578125
12.628766536712646 117.93359375
12.589807033538818 118.21484375
12.475351572036743 118.05078125
12.66408371925354 118.4453125
12.540954113006592 118.59765625
12.448108673095703 118.765625
12.715357780456543 118.49609375
12.590864658355713 118.55859375
12.613907098770142 118.76171875
12.689409255981445 118.58203125
12.644334554672241 118.67578125
12.523179531097412 118.68359375
12.634697914123535 118.3984375
12.577639102935791 118.40625
12.59053373336792 119.0546875
12.693196535110474 118.8125
12.626134395599365 118.7890625
12.69380784034729 118.76953125
12.628742218017578 118.61328125
12.725317001342773 118.6875
12.632019996643066 119.125
12.704180479049683 118.82421875
13.063531398773193 118.37890625
12.6161630153656 119.1484375
12.679227828979492 118.9921875
12.593401670455933 118.71484375
12.582233190536499 119.0859375
12.628421545028687 119.046875
12.684057235717773 118.69140625
12.734179735183716 119.1328125
12.705164432525635 118.9453125
12.61898946762085 118.9609375
12.561600685119629 119.55859375
12.84818959236145 119.09765625
12.71340823173523 119.03515625
12.687150955200195 119.22265625
12.908473014831543 119.2109375
13.0594162940979 118.82421875
12.599937438964844 119.61328125
13.0170738697052 118.86328125
12.6032395362854 119.15625
12.67598557472229 119.5
12.76088261604309 118.89453125
12.730233192443848 119.3359375
12.675894975662231 119.52734375
12.661515235900879 119.0390625
12.546203851699829 119.28515625
12.661025524139404 119.33203125
12.697077512741089 119.01171875
12.530271053314209 119.265625
12.575595140457153 119.34375
12.697513341903687 119.18359375
12.677619218826294 119.265625
12.64200496673584 119.2734375
12.651201248168945 119.421875
12.667959690093994 119.29296875
12.700299501419067 119.5390625
12.769245862960815 119.0078125
12.597675800323486 119.515625
12.73721694946289 119.38671875
12.67462944984436 119.328125
12.545032501220703 119.484375
12.829792737960815 119.91015625
12.765135288238525 119.42578125
12.553771495819092 119.44921875
12.492459535598755 119.73828125
12.743157625198364 119.0859375
13.099873304367065 119.4296875
12.698537111282349 119.68359375
12.694256067276001 119.62109375
12.511517763137817 119.515625
12.54369330406189 119.62109375
12.695983171463013 119.25390625
12.636322259902954 119.5234375
12.73172402381897 119.72265625
12.761171102523804 119.46484375
12.550536394119263 119.55078125
12.58914065361023 119.59375
12.59981656074524 119.46875
12.549726963043213 119.3046875
12.638264417648315 119.60546875
12.777748107910156 119.67578125
