2.1455061435699463 106.453125
2.1792354583740234 105.64453125
2.133451461791992 105.8515625
2.1816327571868896 105.30859375
2.251798152923584 106.00390625
2.2046098709106445 106.25390625
2.166248083114624 105.69140625
2.1249847412109375 106.04296875
2.137125015258789 106.40234375
2.2160568237304688 106.9453125
2.163331985473633 106.375
2.165372610092163 106.3828125
2.153716802597046 106.82421875
2.138136386871338 106.56640625
2.094695806503296 106.29296875
2.11842942237854 105.71484375
2.1104631423950195 107.28515625
2.1214804649353027 106.5625
2.1402809619903564 106.32421875
2.155627727508545 106.15234375
2.104322910308838 106.70703125
2.112092971801758 106.82421875
2.1516284942626953 106.95703125
2.154649257659912 106.75
2.1538896560668945 108.19921875
2.1526308059692383 106.6953125
2.1807026863098145 107.015625
2.1488945484161377 107.7109375
2.1562905311584473 106.90625
2.1586709022521973 108.09375
2.18710994720459 106.90234375
2.3669121265411377 106.92578125
2.205430746078491 107.49609375
2.2071621417999268 106.703125
2.2395784854888916 106.76171875
2.3155436515808105 108.6015625
2.2657523155212402 106.9140625
2.1953773498535156 106.98046875
2.164381742477417 107.66015625
2.24043345451355 106.90234375
2.1847586631774902 107.08203125
2.2757883071899414 106.9921875
2.133183479309082 108.05078125
2.185784101486206 106.6015625
2.190587043762207 107.3359375
2.167574405670166 107.3203125
2.183633804321289 107.921875
2.21848464012146 107.1875
2.176567316055298 107.71484375
2.1600615978240967 108.09375
2.148216962814331 107.6328125
2.16866397857666 107.7421875
2.2006516456604004 106.7578125
2.137618064880371 107.7421875
2.187366485595703 107.05859375
2.2032158374786377 107.12109375
2.1051719188690186 107.9296875
2.172928810119629 107.60546875
2.1843206882476807 107.1328125
2.1813721656799316 108.203125
2.2159342765808105 108.1953125
2.221578359603882 106.91796875
2.2196483612060547 107.5625
2.4390790462493896 107.3125
2.115617513656616 107.1796875
2.1118075847625732 107.7890625
2.171989679336548 107.71484375
2.191572904586792 108.22265625
2.184706926345825 107.94921875
2.359043598175049 107.5625
2.26887845993042 107.48828125
2.112117290496826 108.109375
2.1754512786865234 106.89453125
2.1645991802215576 107.26953125
2.1868162155151367 108.02734375
2.1830170154571533 107.65625
2.2077548503875732 106.90625
2.1500918865203857 107.7890625
2.1612110137939453 107.9140625
2.164033889770508 107.00390625
2.1954829692840576 107.28125
2.363682508468628 107.8828125
2.185328960418701 107.61328125
2.1682991981506348 108.33203125
2.1845250129699707 108.23828125
2.189021587371826 108.4375
2.1838552951812744 106.96484375
2.215933084487915 107.21484375
2.159431219100952 107.49609375
2.203315019607544 107.48828125
2.2242159843444824 107.71875
2.1996729373931885 107.5625
2.1702842712402344 108.14453125
2.2038726806640625 107.4296875
2.158323287963867 107.0390625
2.356574058532715 107.85546875
2.1990225315093994 107.4453125
2.409311056137085 107.26171875
2.1649038791656494 107.5390625
2.1574723720550537 107.70703125
