4.571014404296875 119.51171875
4.63467812538147 119.67578125
4.563725233078003 120.46484375
4.612624883651733 119.66796875
4.622152805328369 119.578125
4.5784735679626465 120.87890625
4.610294342041016 120.42578125
4.63048791885376 119.671875
4.571978330612183 121.06640625
4.576473236083984 120.375
4.598585844039917 119.93359375
3.9124176502227783 120.51953125
3.9901161193847656 120.0078125
4.615244150161743 120.20703125
4.5890727043151855 121.015625
4.574726343154907 120.640625
4.632276296615601 120.390625
4.601552724838257 120.91796875
4.609029293060303 120.8046875
4.629468679428101 119.9140625
4.586207151412964 120.8671875
4.5991737842559814 121.23046875
4.625993728637695 120.44921875
4.583121299743652 120.84765625
4.609716892242432 120.82421875
4.583508491516113 121.171875
4.583735227584839 121.40234375
4.570850133895874 120.63671875
4.594371318817139 120.58984375
4.585233211517334 121.36328125
4.5795605182647705 121.125
4.597817897796631 121.17578125
4.024781227111816 121.39453125
4.580111742019653 121.34765625
4.641300916671753 120.81640625
4.557881832122803 121.19140625
4.5745689868927 121.76953125
4.697268724441528 121.40625
4.598787546157837 121.57421875
4.593698978424072 121.78125
4.637373447418213 121.41015625
4.627966642379761 121.421875
4.6403968334198 121.22265625
4.641443252563477 121.18359375
4.656114816665649 121.72265625
4.619500398635864 121.62109375
4.641294956207275 121.32421875
4.611560583114624 121.66015625
4.635761260986328 121.37890625
4.652367115020752 121.15625
4.641045331954956 121.61328125
4.64867901802063 122.1328125
4.6860575675964355 121.03515625
4.631614923477173 121.8515625
4.669939756393433 122.21875
4.640572786331177 121.5
4.624515056610107 122.1875
4.65020227432251 121.55078125
4.620061635971069 121.109375
4.684880495071411 122.05078125
3.980447769165039 121.203125
4.660678863525391 121.3203125
4.6557111740112305 121.73046875
4.639521598815918 121.36328125
4.68409276008606 121.2421875
4.641278028488159 121.58984375
4.659602880477905 121.6328125
4.659284591674805 121.19921875
4.674224853515625 121.80078125
4.641938209533691 121.59375
4.669127941131592 121.69140625
4.665942668914795 121.67578125
4.692517518997192 121.84765625
4.657622814178467 121.71484375
4.632874488830566 122.15234375
4.662901163101196 121.97265625
4.698645114898682 121.63671875
4.6464478969573975 121.96484375
4.654312372207642 121.6796875
4.667417287826538 121.671875
4.634314298629761 121.6015625
4.04308009147644 121.5703125
4.675040245056152 121.65234375
4.651884078979492 121.90625
4.595211982727051 121.83984375
4.670051574707031 122.1171875
4.641429662704468 121.578125
4.64435076713562 121.9296875
4.648952007293701 122.109375
4.664125680923462 122.0234375
4.043028116226196 122.3515625
4.650176525115967 121.55078125
4.664090633392334 121.73046875
4.635787010192871 122.078125
4.655768632888794 121.62109375
4.618740797042847 122.03125
4.6405956745147705 121.859375
4.655978202819824 121.859375
4.671947002410889 121.78125
4.649273633956909 121.8125
