0.8494741916656494 101.17578125
0.8562946319580078 101.06640625
0.8372259140014648 101.49609375
0.8360741138458252 101.25390625
0.843878984451294 100.609375
0.8364121913909912 101.4765625
0.844914436340332 101.05078125
0.846503734588623 100.796875
0.8386383056640625 101.3125
0.8401575088500977 100.89453125
0.8437221050262451 101.0
0.8357009887695312 101.38671875
0.8373262882232666 100.98046875
0.8429367542266846 101.81640625
0.839111328125 101.46484375
0.8402175903320312 101.3828125
0.8464233875274658 101.09375
0.8362021446228027 101.8515625
0.8429102897644043 101.5078125
0.8493819236755371 101.09765625
0.8426587581634521 101.328125
0.8507406711578369 101.52734375
0.8509378433227539 100.79296875
0.842987060546875 101.34765625
0.8429427146911621 101.14453125
0.8422842025756836 101.1328125
0.8439605236053467 101.61328125
0.8479263782501221 101.4609375
0.8453266620635986 101.3359375
0.8424921035766602 101.78125
0.8466701507568359 101.109375
0.8500747680664062 101.07421875
0.8403754234313965 101.49609375
0.8413679599761963 101.4140625
0.8465454578399658 101.13671875
0.8449265956878662 101.609375
0.8463845252990723 101.33984375
0.8511605262756348 102.15625
0.8560705184936523 101.5546875
0.8507561683654785 101.9375
0.8502993583679199 101.23046875
0.8474175930023193 101.515625
0.8411321640014648 101.671875
0.8480415344238281 101.07421875
0.84653639793396 101.70703125
0.8408277034759521 101.82421875
0.8489758968353271 101.59375
0.8432881832122803 101.6015625
0.8415403366088867 101.79296875
0.841461181640625 101.52734375
0.8491895198822021 102.50390625
0.8432483673095703 101.8125
0.8479623794555664 101.37109375
0.8458797931671143 101.62890625
0.8421511650085449 101.77734375
0.8415935039520264 101.35546875
0.8450086116790771 101.76953125
0.8363692760467529 101.75390625
0.8426272869110107 101.71875
0.8448359966278076 102.04296875
0.8402671813964844 101.67578125
0.8458957672119141 101.69140625
0.8469903469085693 101.8203125
0.8513312339782715 101.62890625
0.8507449626922607 101.4765625
0.8681375980377197 101.80859375
0.8396091461181641 101.6875
0.8416848182678223 101.6796875
0.8460128307342529 101.99609375
0.842207670211792 101.7578125
0.8424978256225586 101.6328125
0.8448665142059326 101.8515625
0.8210194110870361 101.7734375
0.8422036170959473 101.5859375
0.8431141376495361 102.09375
0.8431780338287354 101.85546875
0.8430986404418945 101.3046875
0.8498492240905762 101.6953125
0.8446347713470459 101.8984375
0.8424520492553711 101.73828125
0.8486740589141846 103.3984375
0.8440825939178467 101.3359375
0.8450212478637695 101.62890625
0.8378560543060303 101.6015625
0.8400697708129883 102.046875
0.85579514503479 101.4296875
0.8454627990722656 102.01171875
0.841041088104248 101.73828125
0.8428075313568115 101.9765625
0.8474178314208984 102.40625
0.8454172611236572 101.640625
0.8463501930236816 101.328125
0.8446578979492188 101.40234375
0.8474678993225098 101.7890625
0.8550083637237549 101.80859375
0.846459150314331 101.74609375
0.8472785949707031 102.24609375
0.8597335815429688 101.41796875
0.8450534343719482 102.01953125
0.8472473621368408 101.6796875
