16.171438217163086 145.49609375
16.648982524871826 147.20703125
16.17884612083435 147.765625
16.48706340789795 147.48046875
17.808356046676636 147.39453125
16.62323570251465 148.3984375
17.351770401000977 147.47265625
17.479145526885986 147.9140625
17.42526650428772 148.69921875
17.54687523841858 148.12109375
17.520565032958984 147.5078125
17.338871955871582 148.515625
17.537631511688232 147.9765625
17.388802528381348 148.0078125
17.24103832244873 149.1484375
17.770370960235596 148.00390625
16.945298433303833 147.9453125
16.86705255508423 149.29296875
17.30281710624695 148.2109375
16.893518924713135 148.00390625
16.978480100631714 149.50390625
17.196758270263672 148.59375
16.895663499832153 148.20703125
16.949805974960327 149.12109375
17.13213539123535 148.5
16.50191307067871 148.29296875
16.46959614753723 149.2265625
16.393904447555542 148.578125
16.57497215270996 148.37109375
17.177838802337646 149.1875
16.562909841537476 148.61328125
16.48022770881653 148.8046875
17.233832836151123 149.6875
16.269902229309082 149.3046875
16.851152181625366 148.8359375
15.688703536987305 149.515625
16.293901920318604 149.0859375
15.459771633148193 149.3984375
16.124647617340088 149.640625
16.335392475128174 149.0390625
16.196243286132812 148.8671875
16.984930515289307 149.80078125
15.873080492019653 149.125
16.310302257537842 149.765625
16.292556047439575 150.13671875
16.435136556625366 149.23046875
15.603884220123291 149.1640625
15.761449098587036 149.9609375
16.233896017074585 149.15234375
15.640810489654541 149.4375
15.630270957946777 149.9921875
16.01704168319702 149.625
15.565335512161255 149.64453125
15.722131252288818 149.9453125
15.909724712371826 149.6796875
15.876242399215698 149.62109375
15.766113042831421 150.40625
15.887999773025513 149.421875
15.688426494598389 149.49609375
15.743125200271606 150.0234375
15.973799228668213 149.9765625
15.71396017074585 149.56640625
15.629371404647827 150.00390625
16.083571434020996 149.7734375
16.62082552909851 149.80859375
16.02546787261963 150.27734375
16.383254528045654 149.890625
15.938482761383057 149.80078125
15.74043583869934 149.984375
16.613999366760254 150.0078125
16.57019281387329 149.8515625
15.407840728759766 150.69140625
15.717021942138672 149.9765625
16.975495100021362 149.60546875
15.540055513381958 150.80859375
15.864142894744873 150.0078125
15.886658430099487 149.84375
15.687101364135742 150.4609375
15.47947645187378 150.09375
16.664047956466675 149.94140625
16.216430187225342 150.5234375
16.18318772315979 150.15234375
15.26835560798645 149.7578125
15.106350898742676 150.23828125
15.200356483459473 150.13671875
15.158281087875366 150.34765625
15.128298282623291 150.9609375
15.256852149963379 149.8359375
15.552452325820923 150.13671875
16.120247840881348 150.390625
15.705183267593384 150.17578125
16.14996314048767 150.3671875
15.494825839996338 150.37109375
15.691262245178223 150.58984375
16.231234312057495 149.78125
16.107757329940796 150.7578125
15.813712358474731 150.5546875
16.48991870880127 150.20703125
16.02734351158142 151.02734375
16.665146589279175 150.47265625
