21.647279500961304 158.0625
21.469088077545166 161.62109375
21.416701555252075 162.2890625
24.226985454559326 161.1796875
21.471277236938477 161.8046875
21.444955110549927 163.19921875
24.262481927871704 162.2578125
23.9976487159729 161.6796875
24.01086449623108 162.88671875
21.82936716079712 162.4140625
21.644537925720215 162.8515625
21.621553659439087 163.76953125
21.8491473197937 162.67578125
24.085214138031006 162.41796875
24.08526611328125 162.90625
24.218549251556396 162.484375
24.105684995651245 162.3828125
21.55152678489685 164.47265625
21.815423488616943 162.8125
21.55901837348938 163.9453125
21.552244424819946 164.875
24.052257776260376 162.6640625
21.616639614105225 164.0234375
21.64851999282837 164.72265625
21.955439805984497 163.29296875
21.797029495239258 163.86328125
21.461283922195435 164.98046875
21.720553874969482 163.5625
21.53045630455017 164.23828125
21.75505566596985 164.85546875
21.84574031829834 164.0546875
21.596373796463013 164.203125
21.669511318206787 164.99609375
21.809990167617798 164.09375
24.105398416519165 163.5078125
21.491691827774048 165.41796875
21.826980113983154 164.5625
21.782901287078857 164.50390625
21.718260765075684 165.046875
21.760220527648926 164.46875
21.650211811065674 164.5546875
21.651036024093628 165.375
21.770647525787354 164.546875
21.704004287719727 164.78125
24.126106023788452 164.234375
21.708406925201416 164.73046875
21.639662981033325 164.7578125
21.574690341949463 165.171875
21.84410572052002 164.6640625
24.168285846710205 163.296875
24.05829620361328 164.35546875
21.771372318267822 164.5390625
21.741944313049316 164.96875
21.577832460403442 165.453125
21.793946981430054 164.58203125
21.868955373764038 164.64453125
21.849206686019897 165.29296875
21.87924814224243 164.75
21.67163109779358 164.57421875
21.56818175315857 165.3515625
21.808303833007812 164.578125
21.816668033599854 165.32421875
24.111571073532104 164.16796875
24.038142681121826 163.796875
21.840112686157227 165.34765625
21.616082668304443 165.5234375
21.818894147872925 165.1015625
21.651729822158813 165.0078125
21.67024278640747 165.8984375
21.8110408782959 164.890625
24.055317640304565 163.9765625
21.644511461257935 165.8359375
21.783480644226074 165.1328125
21.819705963134766 165.50390625
21.702258348464966 166.0859375
24.312141180038452 163.6171875
21.71192479133606 165.484375
21.74160885810852 165.9765625
24.098857164382935 163.9296875
21.809571504592896 165.56640625
21.75938892364502 166.0234375
21.806143045425415 164.90625
24.231209993362427 164.16015625
21.674524784088135 165.8515625
21.891937732696533 165.36328125
21.856930017471313 165.6328125
21.7724027633667 166.1328125
24.203728437423706 164.23046875
22.004517316818237 165.63671875
21.83188223838806 165.95703125
21.76826524734497 164.9609375
21.68703842163086 165.5390625
21.700389623641968 166.26953125
22.01565146446228 165.4296875
21.703014850616455 165.765625
21.799406051635742 165.90625
24.09820008277893 164.26171875
21.785218954086304 165.75
21.86835241317749 166.1171875
21.953296422958374 165.57421875
