41.91015577316284 187.83984375
41.97250938415527 195.3671875
41.25833511352539 197.40234375
45.173357009887695 197.53125
42.14833736419678 197.5390625
41.550140380859375 197.921875
42.21938896179199 197.53515625
41.922545433044434 197.5546875
41.47386026382446 198.55078125
42.22815179824829 197.578125
42.4412567615509 197.546875
41.88090896606445 198.43359375
42.33471727371216 197.95703125
42.37350392341614 197.5625
42.179906368255615 198.5546875
46.94961214065552 197.56640625
42.10527539253235 197.5859375
41.768049478530884 199.48828125
42.5448682308197 197.5546875
41.9219868183136 197.6015625
41.941481828689575 198.5546875
42.39343619346619 197.5625
42.355180740356445 197.83203125
41.7836651802063 198.3984375
42.74602961540222 198.08203125
42.0928316116333 198.73046875
41.9693968296051 199.83203125
42.62219262123108 198.203125
42.09337019920349 197.83203125
41.8564932346344 198.53515625
46.782843589782715 197.65234375
42.172085762023926 198.0390625
41.93954372406006 198.9921875
42.52991342544556 198.26171875
42.12475657463074 197.9765625
41.957168102264404 199.1875
42.82736015319824 198.1015625
42.239174604415894 198.00390625
41.96599292755127 199.609375
42.41327261924744 198.62109375
42.01252055168152 198.0546875
42.00650930404663 199.43359375
42.792900800704956 199.0
41.9897723197937 197.828125
42.12460374832153 199.65625
47.0355863571167 197.921875
42.07809329032898 197.81640625
42.41292691230774 199.796875
42.40113711357117 198.328125
42.345235109329224 197.875
42.44953799247742 199.28125
42.46670436859131 198.26953125
42.6400351524353 198.04296875
42.1670663356781 199.14453125
42.45661950111389 198.91015625
42.41721439361572 198.515625
42.31267428398132 199.421875
42.48009204864502 198.6875
42.34729528427124 198.0625
42.11729145050049 198.9375
42.40269422531128 198.77734375
42.263274908065796 198.734375
46.824238538742065 198.609375
42.37887525558472 198.84765625
42.29467463493347 199.70703125
42.24032998085022 199.640625
42.42334747314453 198.890625
42.24776101112366 199.40234375
42.70332884788513 198.89453125
42.394503116607666 198.9296875
42.25412321090698 199.78125
42.178199768066406 199.23828125
42.28130269050598 198.5390625
47.149762868881226 198.07421875
45.117958545684814 199.3359375
43.31721258163452 200.09765625
43.13692378997803 199.2578125
43.5990846157074 199.0
43.43127775192261 198.58203125
43.450140953063965 199.8359375
43.2631561756134 199.02734375
43.352477073669434 198.2890625
43.558218002319336 199.15234375
43.19623613357544 199.78125
43.340508222579956 198.61328125
43.18364500999451 199.08984375
43.01066184043884 199.17578125
43.74264860153198 198.82421875
43.509772300720215 199.4296875
43.24972319602966 199.7265625
43.251622915267944 198.75390625
43.155473947525024 198.69140625
43.16924858093262 199.16796875
43.329039096832275 199.4453125
47.923644065856934 197.9921875
43.01753258705139 199.2890625
43.248478412628174 199.796875
43.3794641494751 199.39453125
42.92499136924744 199.94140625
43.41908502578735 200.34765625
