70.45628571510315 225.390625
69.99275732040405 240.8984375
69.9451744556427 242.5
69.84837770462036 247.0
69.97431540489197 251.85546875
69.5657308101654 251.7734375
69.84497046470642 251.76953125
69.42159605026245 251.86328125
69.66044521331787 251.7734375
69.80409932136536 251.7734375
69.65852212905884 251.76953125
69.60356664657593 251.76953125
69.75620365142822 251.84765625
69.81472849845886 251.8671875
69.78272271156311 251.8671875
69.69961619377136 251.87109375
69.7768189907074 251.76953125
69.66531348228455 251.8671875
69.94763565063477 251.84765625
69.95137524604797 251.76953125
69.80109143257141 251.77734375
69.96761083602905 251.77734375
69.8087375164032 251.8671875
69.69947934150696 251.7734375
69.93808937072754 251.7734375
69.81333684921265 251.87109375
69.8642189502716 251.8671875
69.99250602722168 251.7734375
69.76589250564575 251.7734375
69.66162657737732 251.87109375
70.15804195404053 251.84375
70.01190090179443 251.7734375
69.73895859718323 251.7734375
69.8255066871643 251.76953125
69.43744564056396 251.7578125
69.82468700408936 251.7734375
70.4248251914978 251.76953125
69.92667603492737 251.84765625
69.909827709198 251.8671875
69.76275396347046 251.8671875
69.75506711006165 251.84765625
70.05236983299255 251.76953125
69.69942426681519 243.55078125
69.7009756565094 251.12890625
69.76310515403748 251.12890625
69.8123836517334 251.1328125
70.15772366523743 251.1328125
69.88085126876831 251.12890625
69.9495313167572 251.2265625
70.01560068130493 251.2265625
69.78573107719421 251.12890625
69.98296093940735 251.2265625
70.07137322425842 251.1328125
70.02806878089905 251.2109375
70.02978682518005 251.2109375
69.9622220993042 251.12890625
69.85554242134094 251.12890625
69.99336004257202 251.1328125
70.12969827651978 251.23046875
69.98112225532532 251.12890625
69.92951393127441 251.1328125
69.84614372253418 251.21484375
70.00420999526978 251.21484375
69.89122557640076 251.1328125
70.07014322280884 251.12890625
69.88136529922485 251.13671875
69.4692280292511 251.12109375
70.42996549606323 251.20703125
70.35189890861511 251.2265625
69.85510611534119 251.12890625
69.79696774482727 251.2265625
69.99170470237732 251.1328125
69.87508416175842 251.2109375
69.8683180809021 251.2265625
69.74375462532043 251.1328125
69.80284237861633 251.2109375
69.91072416305542 251.2265625
69.89449763298035 251.12890625
70.08701944351196 251.1328125
69.90340280532837 251.2265625
69.9541404247284 251.12890625
70.28008079528809 251.23046875
70.05129742622375 251.12890625
69.90321111679077 251.2109375
69.89318609237671 251.2265625
69.98871803283691 251.22265625
69.96974229812622 251.12890625
69.93044543266296 251.12890625
69.9141685962677 251.12890625
70.00866603851318 251.1328125
70.04281282424927 251.1328125
69.83826684951782 251.2265625
69.77430033683777 251.12890625
70.24167442321777 251.1328125
70.14749908447266 251.21484375
70.02324485778809 251.19921875
69.99883818626404 251.2109375
69.75879049301147 251.203125
69.55599665641785 251.1171875
69.91572618484497 251.19921875
