69.21276140213013 225.89453125
68.65031433105469 241.12890625
68.4916615486145 242.47265625
68.53238296508789 247.37109375
68.77982258796692 247.390625
68.99543857574463 247.3671875
68.74170184135437 248.98828125
68.64841747283936 249.0078125
68.73134183883667 248.98828125
68.80453968048096 248.99609375
68.55824446678162 248.98828125
68.53693509101868 249.00390625
68.81389689445496 248.98828125
68.52508497238159 248.9921875
68.68307209014893 249.01171875
68.6937415599823 249.01171875
68.75630354881287 249.0078125
68.7989330291748 249.0078125
68.89373660087585 249.015625
68.75188875198364 249.01171875
68.68574094772339 249.01171875
69.00098443031311 249.01171875
68.80269813537598 248.98828125
68.74903845787048 249.0078125
68.69252395629883 249.015625
68.61833930015564 248.98828125
68.71976709365845 249.0
68.91957592964172 248.98828125
69.06365513801575 248.9921875
68.70977425575256 248.9921875
68.85814023017883 248.98828125
68.90141463279724 249.0078125
68.78705644607544 248.98828125
69.07690644264221 248.9921875
69.08519840240479 249.01171875
68.48847341537476 248.9921875
69.05315089225769 249.00390625
69.31613636016846 248.98828125
68.85639762878418 249.01171875
68.83041501045227 249.01171875
68.62871360778809 249.01171875
68.82774424552917 249.01171875
68.86431241035461 248.98828125
68.8520758152008 248.98828125
68.93704009056091 249.01171875
68.8383162021637 248.98828125
68.64696335792542 248.98828125
68.80483746528625 249.01171875
68.99380421638489 249.01171875
69.22300219535828 248.99609375
68.88862347602844 248.98828125
68.8480327129364 248.98828125
68.90604615211487 249.01171875
69.12746977806091 249.01171875
68.95044445991516 249.01171875
68.88841438293457 248.98828125
68.8814492225647 249.0
68.91381072998047 249.00390625
68.78349876403809 249.01171875
68.92849206924438 248.98828125
68.91098284721375 248.9921875
68.90384697914124 248.9921875
69.01735424995422 249.0078125
68.87805581092834 248.98828125
68.78570866584778 249.01171875
68.92942214012146 249.01171875
68.76693534851074 248.9921875
70.95479774475098 248.984375
68.78721022605896 249.00390625
69.30357313156128 248.98828125
68.98614025115967 249.0
69.06168603897095 248.98828125
69.08237099647522 249.00390625
68.97200012207031 248.98828125
69.14333462715149 249.00390625
68.92809557914734 248.98828125
68.81312561035156 249.01171875
69.09114098548889 248.98828125
68.69968247413635 248.99609375
68.87598872184753 248.98828125
68.69720196723938 249.00390625
69.2544813156128 249.01171875
69.00263214111328 249.01171875
68.96607279777527 249.01171875
68.963458776474 248.98828125
68.94018244743347 249.0078125
69.03462815284729 248.98828125
69.0393009185791 249.00390625
69.13909983634949 248.98828125
69.08742952346802 249.0
68.92584443092346 248.98828125
69.10533738136292 248.98828125
68.79901790618896 248.98828125
69.02763605117798 248.98828125
68.76172542572021 249.01171875
69.11736226081848 248.9921875
69.04355692863464 248.9921875
69.08040595054626 249.015625
69.24146127700806 248.9921875
68.55554699897766 248.9765625
