5.885437965393066 125.55859375
5.826511859893799 126.06640625
5.867831230163574 126.7578125
5.925944089889526 126.17578125
5.893176317214966 126.3984375
5.871034145355225 127.23046875
5.985308885574341 126.69921875
5.9042394161224365 126.83984375
5.886305093765259 126.96875
5.918980836868286 126.75
5.9140543937683105 126.5078125
5.91687536239624 127.27734375
5.934136867523193 126.62109375
5.907481908798218 126.6328125
5.85717511177063 127.43359375
5.91900634765625 126.875
5.865203380584717 127.390625
5.892765283584595 127.953125
5.921653509140015 126.73046875
5.958946466445923 127.6328125
5.934262752532959 128.1484375
5.886685609817505 126.9296875
5.877783536911011 127.56640625
5.88044548034668 128.109375
5.956013202667236 127.01171875
5.870675802230835 127.625
5.897221326828003 128.28515625
5.921643257141113 127.25
5.8643248081207275 128.20703125
5.887850522994995 128.37109375
5.898530960083008 127.1171875
5.8797454833984375 127.60546875
5.875937223434448 128.37109375
5.9040374755859375 127.41796875
5.140069961547852 128.68359375
5.8619256019592285 128.328125
5.8953728675842285 127.609375
5.895780324935913 127.70703125
5.872979164123535 128.25
5.917164325714111 127.86328125
5.885688304901123 128.23046875
5.843304395675659 128.765625
5.909021854400635 128.09765625
5.91076135635376 128.10546875
5.877824306488037 128.984375
5.9309775829315186 128.30078125
5.870116710662842 128.734375
5.909515380859375 128.70703125
5.901325464248657 128.33984375
5.925719738006592 128.69921875
5.956888198852539 129.1015625
6.020033359527588 128.24609375
5.220519065856934 129.19921875
5.836572647094727 128.7421875
5.902516603469849 128.82421875
5.860061883926392 128.625
5.86724591255188 128.79296875
5.89979100227356 128.3515625
5.873783349990845 128.51171875
5.885841608047485 129.35546875
5.90509557723999 128.02734375
5.8839356899261475 128.23046875
5.8826916217803955 128.984375
5.90751314163208 128.73046875
5.907786846160889 128.6953125
5.890784978866577 129.16796875
5.946294784545898 128.15625
5.955404043197632 128.64453125
5.885698318481445 128.98046875
5.919346570968628 128.42578125
5.9090166091918945 128.6953125
5.8949761390686035 129.4921875
5.904015779495239 128.50390625
5.895216226577759 128.65625
5.863285779953003 128.72265625
5.908415794372559 128.88671875
5.910876512527466 128.87109375
5.939149856567383 129.4375
5.9054951667785645 128.77734375
5.884320497512817 128.6484375
5.861842632293701 129.13671875
5.9112114906311035 129.2265625
5.93072247505188 129.0
5.84096360206604 128.8984375
5.175907373428345 129.01953125
5.874594688415527 128.8828125
5.9113359451293945 129.05078125
5.921846628189087 128.91796875
5.8863115310668945 128.40234375
5.907588005065918 129.5078125
5.920022964477539 128.91796875
5.865628242492676 129.21484375
5.8776140213012695 128.9296875
5.9811317920684814 128.734375
5.881150245666504 128.74609375
5.900467395782471 129.53515625
5.903780937194824 128.6484375
5.92507791519165 128.75
5.929603576660156 129.30078125
5.903993129730225 129.19921875
