0.3565809726715088 88.2890625
0.3745753765106201 89.86328125
0.3556859493255615 89.72265625
0.3569791316986084 89.625
0.35846996307373047 88.83984375
0.3589649200439453 90.10546875
0.360119104385376 88.9453125
0.3551805019378662 87.52734375
0.39839744567871094 89.97265625
0.3612847328186035 89.9375
0.3560817241668701 88.70703125
0.3601346015930176 88.953125
0.359177827835083 89.15625
0.3593435287475586 89.87109375
0.36063694953918457 90.2890625
0.35620999336242676 88.9453125
0.3557429313659668 90.125
0.35608720779418945 88.53125
0.3549683094024658 89.015625
0.3612515926361084 89.8046875
0.3577561378479004 89.98828125
0.35465002059936523 90.27734375
0.36087870597839355 88.609375
0.35770344734191895 89.42578125
0.359790563583374 89.79296875
0.35923171043395996 89.32421875
0.38385820388793945 91.15234375
0.361494779586792 88.15234375
0.3519783020019531 88.0859375
0.3584132194519043 86.80859375
0.352447509765625 86.65625
0.3568539619445801 89.98828125
0.3634307384490967 88.609375
0.35148167610168457 89.15234375
0.35834765434265137 88.90625
0.3561878204345703 88.6484375
0.3569471836090088 90.1796875
0.3580746650695801 89.5078125
0.36072754859924316 89.05859375
0.3593761920928955 89.59765625
0.3600635528564453 89.20703125
0.3553323745727539 89.52734375
0.35837864875793457 89.73828125
0.3604428768157959 89.87890625
0.3619699478149414 88.7578125
0.3614637851715088 89.47265625
0.3549222946166992 89.21875
0.3914313316345215 91.07421875
0.357480525970459 89.6171875
0.3589792251586914 89.1328125
0.3571946620941162 89.39453125
0.3542513847351074 89.44140625
0.3605072498321533 89.66796875
0.3544588088989258 89.828125
0.35893917083740234 89.92578125
0.358691930770874 89.859375
0.35474324226379395 88.09375
0.3600757122039795 88.4296875
0.356766939163208 89.3046875
0.35445475578308105 89.9921875
0.35929083824157715 88.8671875
0.3544478416442871 89.5703125
0.36733555793762207 88.875
0.3583230972290039 88.42578125
0.3575279712677002 90.30859375
0.3632071018218994 89.6875
0.3552103042602539 89.3203125
0.36470842361450195 89.37109375
0.35733509063720703 88.86328125
0.3546106815338135 88.36328125
0.3686485290527344 88.74609375
0.35502171516418457 89.75390625
0.3645341396331787 90.87109375
0.35709714889526367 88.2265625
0.37008190155029297 90.87109375
0.3603231906890869 89.390625
0.35570478439331055 90.4375
0.3590526580810547 89.73046875
0.3581676483154297 89.2265625
0.35906481742858887 90.68359375
0.3593475818634033 89.296875
0.3548903465270996 88.70703125
0.35982847213745117 89.78125
0.35646843910217285 89.69140625
0.3560175895690918 89.390625
0.36316776275634766 89.4453125
0.36511898040771484 90.51953125
0.35965728759765625 90.046875
0.3595123291015625 90.03125
0.3580751419067383 89.65234375
0.36145949363708496 89.69140625
0.35760927200317383 87.98828125
0.35872459411621094 88.7109375
0.3557474613189697 89.21484375
0.3563089370727539 89.5703125
0.3606395721435547 90.80078125
0.35918235778808594 89.578125
0.3582882881164551 88.5546875
0.3579530715942383 88.93359375
0.35610079765319824 89.58203125
