19.219849348068237 131.875
19.218616008758545 132.453125
19.27605104446411 133.10546875
19.26739764213562 132.859375
19.271941423416138 133.09765625
19.44022536277771 133.125
19.3507137298584 133.30859375
19.391380548477173 132.53125
19.254055738449097 133.17578125
19.32211995124817 133.0234375
19.28618550300598 133.3359375
19.22167682647705 133.26171875
19.207346439361572 133.0859375
19.12403154373169 132.95703125
19.085832118988037 133.734375
19.197713136672974 133.45703125
19.202232122421265 132.91796875
19.213600635528564 133.33984375
19.15192675590515 133.4765625
19.196300745010376 133.328125
19.112693309783936 133.640625
19.154215335845947 133.26953125
19.139448881149292 132.9765625
19.105214595794678 133.94921875
19.11589741706848 133.41796875
19.206697940826416 133.96875
19.164626359939575 133.8125
19.179453372955322 133.640625
19.303980827331543 133.83203125
19.137038946151733 133.4375
19.193030834197998 133.765625
19.164761781692505 133.37890625
19.294355154037476 134.18359375
19.233657598495483 133.3125
19.36772632598877 133.69140625
19.246321201324463 133.84375
19.384743452072144 133.30078125
19.183656215667725 133.88671875
19.193592071533203 134.70703125
19.20841693878174 134.80078125
19.09028649330139 134.234375
19.065566301345825 134.61328125
19.15174412727356 133.91015625
19.052268981933594 133.875
19.06144952774048 134.17578125
19.0196590423584 134.66796875
19.109336376190186 134.2578125
19.032055377960205 134.8203125
19.108239889144897 134.12109375
19.256670475006104 133.6875
19.095441579818726 134.328125
19.04814100265503 133.890625
19.23654580116272 134.015625
18.99474334716797 134.25
19.16011095046997 134.2578125
19.173076152801514 134.5859375
19.139835596084595 134.90234375
19.31075167655945 134.12890625
19.248027086257935 134.7421875
19.081771850585938 134.4609375
19.151578187942505 133.99609375
19.084301948547363 134.828125
19.144351482391357 134.24609375
19.065504789352417 135.0234375
19.168424367904663 134.0390625
19.18588638305664 134.75390625
19.09237551689148 134.6328125
19.07954692840576 134.23046875
19.04373264312744 134.640625
19.088985443115234 134.42578125
19.18790364265442 134.3125
19.13397979736328 134.97265625
19.0225567817688 134.671875
19.25914740562439 134.85546875
19.149476051330566 134.76953125
19.046791791915894 134.30859375
19.15046238899231 134.70703125
19.097282648086548 134.83203125
19.04193663597107 134.6484375
19.20291781425476 134.76953125
19.081640005111694 134.73828125
19.12311291694641 134.21484375
19.10264492034912 134.74609375
19.163665056228638 134.35546875
19.18287944793701 134.79296875
19.25957465171814 134.97265625
19.276238679885864 134.90625
19.18138027191162 134.70703125
19.25132179260254 134.34375
19.048182487487793 134.765625
19.34719204902649 134.63671875
19.142513513565063 134.640625
19.086690425872803 134.7734375
19.08267617225647 134.94921875
19.26596164703369 134.75
19.16629457473755 135.2109375
19.29308295249939 134.56640625
19.321383953094482 135.19921875
19.12548017501831 135.109375
19.16188883781433 134.42578125
