1.9898390769958496 105.84765625
1.9940824508666992 106.7109375
1.9807353019714355 107.4765625
1.9896066188812256 106.80859375
1.9914028644561768 106.93359375
1.976860523223877 107.2109375
1.995363473892212 107.82421875
1.979053020477295 106.77734375
1.9729361534118652 107.26953125
1.9867091178894043 107.16015625
2.0089099407196045 107.4765625
1.9949839115142822 107.3671875
1.984860897064209 107.56640625
1.9867980480194092 107.421875
1.9951841831207275 107.30859375
1.9860515594482422 107.43359375
1.990267038345337 107.7734375
1.9751033782958984 108.39453125
1.9939937591552734 107.375
1.982250690460205 107.9375
1.9851369857788086 108.45703125
1.9925405979156494 107.734375
1.9917864799499512 108.33984375
2.0139200687408447 108.07421875
1.9843683242797852 108.57421875
1.9866998195648193 107.8203125
1.9909679889678955 108.40234375
2.0226166248321533 107.9140625
2.0001027584075928 108.31640625
1.9884109497070312 109.85546875
1.979886531829834 107.92578125
1.9875543117523193 107.9296875
1.9882616996765137 108.54296875
1.9924745559692383 108.140625
1.9885034561157227 107.9921875
1.9783897399902344 108.015625
1.989034652709961 108.01953125
1.982882022857666 108.61328125
2.17600417137146 108.625
1.986950159072876 108.26953125
1.9995248317718506 108.4609375
2.0080406665802 108.234375
1.9962186813354492 109.1875
1.995025396347046 108.89453125
1.9709241390228271 108.34765625
1.9926798343658447 108.6640625
2.0000691413879395 108.31640625
1.9883043766021729 108.35546875
1.9856266975402832 108.3671875
1.9916536808013916 108.390625
1.9845099449157715 108.15625
2.0012030601501465 108.62109375
1.984311580657959 108.484375
1.990950345993042 108.05078125
1.9791698455810547 108.1484375
1.9930989742279053 108.1796875
1.987673044204712 109.41796875
1.9837369918823242 108.36328125
1.983992338180542 108.15625
1.9960181713104248 108.76171875
1.98409104347229 108.171875
1.9937348365783691 108.26953125
1.9841499328613281 108.4140625
1.9825129508972168 108.96484375
1.9854962825775146 108.62890625
1.984764575958252 108.3984375
1.9833590984344482 108.07421875
1.989333152770996 108.91015625
1.9970180988311768 108.4296875
1.9849097728729248 108.13671875
2.173750400543213 108.375
1.9806878566741943 108.8671875
1.9862074851989746 108.4765625
1.9910507202148438 108.1328125
1.9752826690673828 108.91796875
1.982074499130249 108.03125
1.9882712364196777 108.46484375
1.9803204536437988 108.55078125
1.9817793369293213 108.85546875
2.000757932662964 109.00390625
1.9808039665222168 108.296875
1.9849777221679688 108.15625
1.9964377880096436 108.62109375
1.9841301441192627 108.23046875
1.9857463836669922 108.50390625
1.986769437789917 108.4765625
1.9887542724609375 109.96484375
1.9828615188598633 109.34765625
1.9891879558563232 108.30859375
1.9836065769195557 108.50390625
1.9828472137451172 108.41015625
1.9914600849151611 108.703125
1.9882862567901611 109.2109375
1.9880921840667725 108.38671875
1.9950928688049316 108.765625
1.9973292350769043 108.71875
1.9786603450775146 108.4375
1.9915721416473389 108.79296875
1.9829931259155273 108.60546875
1.976844310760498 108.3671875
