138.538170337677 179.1015625
137.07206964492798 186.76171875
135.55212664604187 188.2421875
137.39006328582764 186.53515625
136.09683465957642 188.65625
136.13261485099792 189.1640625
138.15474104881287 189.03125
136.35495853424072 189.34765625
136.35444045066833 190.30859375
138.0777370929718 188.62890625
136.71641540527344 189.80859375
136.30051183700562 190.03125
138.4180200099945 189.98828125
136.4716055393219 190.3984375
137.13854002952576 191.484375
138.24521207809448 191.109375
136.4160704612732 190.6015625
135.88706374168396 190.73046875
138.99511218070984 190.93359375
137.2328314781189 190.734375
136.2123897075653 191.296875
138.48803067207336 190.015625
137.6909544467926 190.828125
137.66276931762695 191.1875
138.6934232711792 190.453125
136.67285346984863 190.421875
136.8050353527069 191.890625
139.10636949539185 190.69140625
137.38500690460205 191.3984375
137.2408366203308 191.8828125
139.65355944633484 191.0234375
137.1326026916504 191.62109375
137.05779504776 191.94140625
139.5574986934662 191.15625
137.7655053138733 191.3671875
137.56656122207642 191.86328125
138.870995759964 191.03515625
137.45681500434875 191.234375
137.6698820590973 192.828125
138.99178504943848 192.2734375
137.46360445022583 191.76953125
137.21929740905762 192.89453125
139.63067722320557 192.46484375
136.8175277709961 192.3671875
136.7243595123291 193.1015625
139.0759150981903 191.765625
137.96134495735168 192.1015625
137.66657066345215 192.30859375
139.70202350616455 192.23046875
137.39980292320251 193.18359375
137.82355427742004 192.96484375
139.28576683998108 192.50390625
138.12257313728333 192.16796875
137.66174697875977 193.20703125
139.55876421928406 193.625
137.89652967453003 192.52734375
137.1989769935608 193.93359375
138.94158744812012 193.04296875
138.43960237503052 192.1015625
137.23477029800415 192.9921875
139.4945592880249 192.69921875
137.78664207458496 192.1484375
138.0237717628479 193.7578125
139.51480221748352 193.59765625
137.55523991584778 192.69140625
138.4133176803589 193.42578125
139.64354157447815 193.41015625
138.2114236354828 192.59375
137.62209916114807 193.375
140.0597369670868 192.8515625
137.56120657920837 193.875
138.80173206329346 194.0234375
139.36479210853577 194.41796875
138.57778692245483 193.25
138.58360314369202 193.78125
139.50449633598328 192.67578125
138.08262586593628 193.66015625
138.06474018096924 193.83984375
139.6356439590454 192.8671875
138.08183336257935 194.84765625
137.06780695915222 194.46484375
140.1907103061676 192.85546875
137.9107882976532 193.23046875
138.8563687801361 193.4296875
138.8285105228424 192.98828125
138.96230554580688 193.70703125
138.34648513793945 194.47265625
140.07801461219788 193.73046875
138.22343254089355 194.3828125
138.33183598518372 194.4296875
139.740154504776 193.0625
138.5647909641266 193.48046875
138.51961755752563 194.26953125
139.79366207122803 193.1015625
138.1465244293213 194.0625
138.66062307357788 194.91796875
140.928120136261 193.45703125
138.3508529663086 193.3125
138.4393708705902 193.86328125
139.26491117477417 193.01171875
