13.249338626861572 144.96875
13.229899883270264 146.78125
13.02438735961914 147.44921875
13.153082847595215 147.62890625
13.18240475654602 146.90234375
13.039234638214111 147.99609375
13.243391036987305 147.640625
13.191821813583374 147.53515625
13.12079381942749 148.40625
13.187046766281128 148.22265625
13.216407775878906 147.5703125
13.120736837387085 148.96484375
13.210866689682007 147.66015625
13.21721601486206 148.1328125
13.097488641738892 148.7578125
13.277722358703613 148.29296875
13.245986938476562 148.1015625
13.126620531082153 149.3984375
13.253939390182495 148.015625
13.243844270706177 148.1640625
13.163984298706055 149.09375
13.303678512573242 148.29296875
13.217429399490356 147.9453125
13.163154125213623 149.3203125
13.251636743545532 148.55078125
13.304077625274658 148.48046875
13.34409499168396 149.890625
13.26996111869812 148.65625
13.253623962402344 148.703125
13.19734525680542 149.8359375
13.297286748886108 149.2734375
13.241410970687866 148.61328125
13.19489860534668 149.96875
13.38850212097168 149.0078125
13.237061738967896 148.73828125
13.231855630874634 149.94921875
13.337313890457153 149.32421875
13.235226154327393 149.30078125
13.16663646697998 149.82421875
13.285820960998535 149.55859375
13.354809522628784 149.0078125
13.168489217758179 150.37109375
13.287709712982178 148.9375
13.244385004043579 149.34765625
13.209125518798828 149.734375
13.289207935333252 149.32421875
13.275743961334229 149.4453125
13.265714406967163 149.98828125
13.261760711669922 149.4140625
13.196019649505615 149.234375
13.200268745422363 150.21875
13.256199359893799 149.3984375
13.222726106643677 149.0234375
13.235700607299805 150.1640625
13.251888513565063 149.6640625
13.202452182769775 149.73828125
13.148643255233765 150.21875
13.326937913894653 149.74609375
13.336410522460938 149.390625
13.191924095153809 150.3828125
13.27158784866333 149.52734375
13.240374326705933 149.94921875
13.15536093711853 150.078125
13.250942707061768 149.8125
13.280456304550171 149.46484375
13.293195247650146 150.40625
13.23673963546753 150.12109375
13.216785907745361 150.109375
13.258361577987671 150.890625
13.283554792404175 150.3046875
13.198784112930298 149.78515625
13.249212265014648 150.859375
13.383379936218262 150.26171875
13.224130868911743 149.7421875
13.255576848983765 150.57421875
13.307294368743896 150.24609375
13.25546145439148 149.45703125
13.297168970108032 150.32421875
13.274268627166748 150.11328125
13.258831024169922 150.1953125
13.244210958480835 150.8203125
13.362225532531738 149.95703125
13.224279642105103 149.9140625
13.258253812789917 150.97265625
13.34097933769226 150.140625
13.27246379852295 150.05859375
13.281951665878296 150.7265625
13.283333778381348 150.06640625
13.20883822441101 150.2265625
13.226376056671143 151.08984375
13.359998941421509 149.84765625
13.214397430419922 150.30859375
13.256458044052124 150.75
13.31259298324585 150.34765625
13.26796579360962 150.5
13.210040807723999 150.41015625
13.321634531021118 150.05078125
13.365730047225952 150.26953125
13.214737176895142 150.5703125
13.239274024963379 150.125
