24.17917227745056 167.3828125
23.81355905532837 172.79296875
23.74959444999695 173.8046875
24.282520532608032 172.88671875
23.966986894607544 172.7265625
23.784611463546753 175.3671875
24.199416160583496 173.85546875
23.999759197235107 173.8203125
23.728879928588867 174.8828125
24.278321504592896 174.2890625
24.09079933166504 173.51171875
23.948511362075806 174.83984375
24.302258014678955 174.60546875
24.08970856666565 173.91015625
23.804206132888794 174.95703125
24.227688312530518 175.12890625
24.097734212875366 173.71875
23.972562789916992 175.25390625
24.317749977111816 174.609375
23.991656064987183 174.33984375
24.0947048664093 176.10546875
24.343804597854614 175.75
24.228805541992188 174.59375
24.094362258911133 175.72265625
24.100330352783203 174.78125
24.16564416885376 174.703125
24.113733053207397 176.1875
24.366886615753174 175.015625
24.172991514205933 175.62890625
24.14829969406128 175.87109375
24.323835611343384 174.97265625
24.251338958740234 174.84375
24.0928213596344 175.6875
24.295390129089355 174.66015625
24.319135189056396 174.65625
24.123673915863037 176.46875
24.118087768554688 175.00390625
24.054781675338745 175.80078125
24.065898656845093 176.00390625
24.349520683288574 175.49609375
24.025585174560547 175.578125
24.17048454284668 176.15234375
24.312304258346558 175.0859375
24.23264169692993 175.4375
24.115016222000122 175.65234375
24.41463851928711 175.75390625
24.02859663963318 175.16015625
24.222176790237427 176.5234375
24.554540634155273 175.49609375
24.051733016967773 175.68359375
24.329224824905396 176.3125
24.434306383132935 175.24609375
24.059012413024902 175.12890625
24.052361249923706 176.80078125
24.398552656173706 175.19140625
24.080169677734375 176.125
24.00180959701538 176.234375
24.544201850891113 175.359375
24.488043308258057 175.9609375
24.102049589157104 175.96484375
24.483055591583252 175.4609375
24.286332607269287 175.4765625
24.23772692680359 176.6640625
24.46847629547119 175.5390625
24.28466010093689 176.0234375
24.145386457443237 176.234375
24.311677932739258 175.328125
24.30749011039734 175.9140625
24.162745714187622 176.20703125
24.252581119537354 176.0
24.09241032600403 175.38671875
24.61574363708496 177.18359375
24.459586143493652 175.53515625
24.3580265045166 175.8671875
24.0604350566864 176.45703125
24.424169063568115 176.08984375
24.226978540420532 175.83984375
24.063884735107422 176.46875
24.336291551589966 175.4375
24.308454751968384 175.83203125
24.277750968933105 176.26171875
24.467446088790894 176.11328125
24.420433521270752 175.72265625
24.241849660873413 176.66015625
24.32930326461792 175.67578125
24.269460439682007 176.46484375
24.239657402038574 176.734375
24.38402533531189 176.59765625
24.15178656578064 176.28515625
24.039313793182373 177.42578125
24.35624670982361 175.91796875
24.243309497833252 176.1015625
24.254528760910034 176.9296875
24.367619037628174 175.66015625
24.28523087501526 175.953125
24.295679569244385 176.546875
24.392086029052734 175.83203125
24.39461350440979 176.23046875
24.298784255981445 177.0390625
24.385923862457275 176.24609375
