1.0249238014221191 97.67578125
1.0376553535461426 101.25390625
1.0528252124786377 101.44921875
1.0191211700439453 101.26171875
1.031656265258789 101.265625
1.0271496772766113 101.54296875
1.0365147590637207 101.1875
1.0342445373535156 101.5078125
1.0303757190704346 101.3828125
1.0246906280517578 101.2109375
1.0339949131011963 101.34375
1.0269861221313477 101.40234375
1.0323622226715088 101.16796875
1.0252807140350342 101.39453125
1.0383737087249756 101.41796875
1.029780387878418 101.32421875
1.0286221504211426 101.375
1.0267293453216553 101.4296875
1.0419132709503174 101.28125
1.0371739864349365 101.3984375
1.029796838760376 101.26953125
1.0292718410491943 101.51171875
1.0303990840911865 101.58203125
1.0128655433654785 101.5625
1.02839994430542 101.51953125
1.0214097499847412 101.7578125
1.0237469673156738 101.98046875
1.0211775302886963 101.40625
1.0280616283416748 101.90234375
1.021000862121582 101.59765625
1.0327239036560059 101.4453125
1.0129485130310059 101.890625
1.0256383419036865 102.01953125
1.0238206386566162 101.6328125
1.0432305335998535 101.44140625
1.0385050773620605 101.9140625
1.019550085067749 101.6484375
1.0459084510803223 101.97265625
1.030289649963379 101.78515625
1.050536870956421 101.5625
1.0251269340515137 101.8515625
1.0390241146087646 101.52734375
1.035522222518921 101.6328125
1.039576530456543 101.5078125
1.0318238735198975 101.90234375
1.0319762229919434 101.56640625
1.0242817401885986 101.3984375
1.0375044345855713 101.75390625
1.0605010986328125 101.66796875
1.0354015827178955 102.03515625
1.0388109683990479 101.55859375
1.033339023590088 101.71484375
1.0415959358215332 101.56640625
1.0324716567993164 101.94921875
1.0280768871307373 101.81640625
1.032090663909912 101.671875
1.0311734676361084 102.01953125
1.0336434841156006 101.828125
1.0398013591766357 101.55859375
1.043912649154663 101.62109375
1.031928539276123 102.0390625
1.0260415077209473 101.57421875
1.0404484272003174 101.67578125
1.0270209312438965 101.71484375
1.0245888233184814 101.53125
1.0296082496643066 101.875
1.05204176902771 101.6875
1.0548095703125 101.77734375
1.4725196361541748 101.6875
1.4273316860198975 101.76171875
1.4207360744476318 101.55859375
1.1064302921295166 101.9453125
1.0588881969451904 101.61328125
1.0530445575714111 101.7890625
1.0540828704833984 101.73046875
1.0403616428375244 101.65625
1.043527603149414 101.7109375
1.0388643741607666 101.69140625
1.0722520351409912 101.5234375
1.0573456287384033 101.59765625
1.0422642230987549 101.671875
1.0384728908538818 101.7421875
1.0493156909942627 101.7890625
1.054553747177124 101.65234375
1.0533790588378906 101.66796875
1.0483622550964355 101.78125
1.0530805587768555 101.76953125
1.0469307899475098 102.12109375
1.057983636856079 101.78125
1.0399560928344727 101.6875
1.0533688068389893 101.6640625
1.037008285522461 101.6875
1.0526223182678223 101.76171875
1.0595288276672363 101.94140625
1.0472445487976074 101.77734375
1.0400176048278809 101.67578125
1.0645530223846436 101.69921875
1.0622289180755615 101.8984375
1.0480172634124756 101.98828125
1.0458848476409912 101.60546875
