0.8415570259094238 99.96875
0.8803200721740723 100.296875
0.8513033390045166 100.8671875
0.8484640121459961 100.515625
0.8502264022827148 100.3203125
0.848564863204956 101.578125
0.8501420021057129 100.44921875
0.8434450626373291 99.96484375
0.864802360534668 100.94140625
0.8600289821624756 100.6328125
0.8562734127044678 100.66796875
0.8623390197753906 100.90234375
0.8553590774536133 100.5703125
0.8515067100524902 100.61328125
0.8469862937927246 100.90234375
0.8619856834411621 100.6953125
0.8657166957855225 100.73046875
0.8456575870513916 100.79296875
0.863471508026123 100.79296875
0.8585062026977539 100.57421875
0.8450696468353271 100.7578125
0.8520290851593018 100.796875
0.8442206382751465 101.53515625
0.8475768566131592 100.74609375
0.8451042175292969 100.98046875
0.8529787063598633 100.81640625
0.854095458984375 100.9609375
0.8523526191711426 100.828125
0.8596680164337158 100.9375
0.8553445339202881 101.046875
0.8536393642425537 100.66796875
0.8515768051147461 100.66015625
0.8497698307037354 100.765625
0.8539705276489258 102.08984375
0.8512330055236816 100.953125
0.8512942790985107 100.953125
0.8576011657714844 101.06640625
0.8567652702331543 102.1640625
0.8571796417236328 101.15625
0.8601031303405762 101.08203125
0.8613872528076172 101.25
0.857795000076294 101.15234375
0.8625562191009521 101.1328125
0.8558077812194824 101.23828125
0.8639533519744873 101.01171875
0.8488447666168213 101.2265625
0.8542125225067139 101.234375
0.8613355159759521 102.109375
0.8582041263580322 101.05859375
0.8540997505187988 101.20703125
0.8578808307647705 101.1171875
0.8501322269439697 100.93359375
0.8600528240203857 101.18359375
0.8563413619995117 100.9921875
0.8594310283660889 101.171875
0.8498904705047607 100.7734375
0.8567452430725098 100.9453125
0.854917049407959 101.16015625
0.8618974685668945 100.8671875
0.8534317016601562 101.1171875
0.8591935634613037 101.34375
0.8516111373901367 100.61328125
0.8362386226654053 100.30859375
0.8636946678161621 100.99609375
0.8847997188568115 101.41015625
0.8496425151824951 101.21484375
0.8511068820953369 101.4375
0.8531773090362549 101.3671875
0.8653638362884521 101.3046875
0.8541607856750488 101.14453125
0.8582377433776855 101.21875
0.8552815914154053 101.1328125
0.8538703918457031 101.046875
0.8573458194732666 101.31640625
0.8591392040252686 101.25
0.8565242290496826 101.203125
0.8621184825897217 100.984375
0.8533985614776611 101.28515625
0.8546204566955566 101.4140625
0.8598423004150391 101.015625
0.852609395980835 101.47265625
0.853295087814331 101.24609375
0.860999584197998 101.125
0.8634405136108398 101.12109375
0.857917308807373 101.2109375
0.8537719249725342 101.046875
0.8536851406097412 101.31640625
0.8501935005187988 101.25
0.8535423278808594 101.34375
0.8509063720703125 101.1875
0.8533303737640381 101.2890625
0.857123613357544 101.29296875
0.8523426055908203 101.25
0.8509819507598877 101.4296875
0.8498492240905762 101.4453125
0.8439967632293701 101.6484375
0.846548318862915 101.48046875
0.84848952293396 101.0390625
0.8542091846466064 101.37109375
0.8517787456512451 101.5390625
