50.480146408081055 122.1171875
49.60011959075928 123.1640625
49.58829689025879 123.02734375
50.452455282211304 123.1875
50.01540207862854 123.57421875
49.95753884315491 124.2109375
50.926907539367676 123.3515625
49.61091613769531 123.34375
49.76175618171692 123.8828125
49.881245613098145 123.33984375
49.9997296333313 123.96875
50.05118656158447 123.94140625
50.884124755859375 123.81640625
49.98077440261841 123.75
49.83491778373718 123.95703125
50.66733145713806 123.57421875
49.741180419921875 123.92578125
49.576990604400635 124.0
50.830360889434814 123.86328125
49.85498547554016 123.83203125
49.77263259887695 124.22265625
50.540000677108765 123.8671875
49.757460594177246 124.546875
49.49380159378052 124.30859375
50.63650131225586 123.92578125
49.875943422317505 124.21484375
50.119128704071045 124.1953125
50.45702791213989 124.1484375
49.71323323249817 124.29296875
49.45941472053528 124.40625
50.754723072052 124.03515625
49.43597888946533 124.1640625
49.6132915019989 124.125
50.76564311981201 124.21875
49.88068962097168 124.30859375
49.78249382972717 124.50390625
50.83587956428528 124.33984375
49.625038146972656 124.59375
50.033053159713745 124.6796875
50.539164543151855 124.5546875
50.075093269348145 124.5
49.70125150680542 124.70703125
51.078206300735474 124.25390625
50.43001413345337 124.64453125
50.436142921447754 124.56640625
50.70789575576782 123.98828125
50.42126727104187 124.4453125
50.28865933418274 124.87109375
50.92988085746765 124.3046875
50.343321800231934 124.44140625
50.36754322052002 124.4609375
51.093199014663696 125.25
50.446269512176514 124.8984375
50.37777018547058 125.1640625
51.10694909095764 124.99609375
50.56095767021179 124.8203125
50.270204067230225 125.01953125
50.81957674026489 124.828125
50.52113080024719 124.69921875
50.056787967681885 125.10546875
51.03348255157471 124.796875
50.70805239677429 124.8984375
50.41140532493591 125.3203125
50.87504243850708 124.8515625
50.45774745941162 124.984375
50.3837947845459 125.4140625
50.80619788169861 124.9765625
50.18328595161438 124.78515625
50.1833279132843 124.984375
50.541526556015015 124.81640625
50.19259262084961 125.1015625
49.940489053726196 125.61328125
50.902777433395386 124.9609375
50.31696915626526 125.1015625
50.08431625366211 125.2109375
50.99763250350952 124.609375
50.19181823730469 125.01953125
50.47507095336914 125.3359375
50.66169762611389 124.9296875
50.241254806518555 125.0390625
50.4646155834198 125.37109375
50.9475314617157 125.32421875
50.40908670425415 125.03515625
50.62879967689514 125.54296875
50.97744345664978 124.94140625
50.00370645523071 125.17578125
50.42209768295288 125.2890625
50.69279932975769 125.12109375
50.34336853027344 125.24609375
50.37706446647644 125.86328125
50.7195303440094 125.4609375
50.41449856758118 125.3515625
50.478429555892944 125.53515625
50.828335762023926 125.4140625
50.3300724029541 125.4453125
50.47746682167053 125.640625
51.045671701431274 125.453125
50.434161901474 125.3828125
50.43293595314026 125.4140625
50.8315908908844 125.42578125
