4.754209280014038 119.28125
4.723104000091553 120.25
4.1888427734375 120.8828125
4.802830457687378 119.84765625
4.745140314102173 120.82421875
4.781234264373779 121.03515625
4.806557893753052 120.71875
4.781253099441528 120.51953125
4.769519805908203 121.03515625
4.832568407058716 120.59375
4.772777557373047 120.875
4.765658855438232 121.68359375
4.798970937728882 120.49609375
4.8289384841918945 120.9609375
4.835062503814697 121.45703125
4.870480060577393 121.0078125
4.812854766845703 121.20703125
4.810151815414429 121.80859375
4.221570253372192 120.94921875
4.828110694885254 120.765625
4.859634637832642 121.91015625
4.867832183837891 120.90234375
4.850714206695557 121.6640625
4.825696706771851 121.92578125
4.794587850570679 121.0546875
4.821096658706665 121.6953125
4.845142602920532 122.00390625
4.840577602386475 121.171875
4.836507320404053 121.7109375
4.793759107589722 122.0546875
4.8351829051971436 121.7109375
4.788233280181885 121.7734375
4.868811368942261 122.20703125
4.847125768661499 121.75390625
4.853292226791382 121.625
4.825765132904053 121.70703125
4.967541217803955 121.609375
4.845069646835327 121.8203125
4.792195796966553 122.12109375
4.870760679244995 121.9765625
4.807713270187378 121.5234375
4.843837261199951 122.6171875
4.831662654876709 121.4765625
4.811907768249512 121.609375
4.847569942474365 122.34765625
4.868797063827515 121.84375
4.832711458206177 121.5078125
4.821251153945923 122.1484375
4.254864931106567 121.85546875
4.842814922332764 121.984375
4.87161111831665 122.1953125
4.837356328964233 121.48828125
4.84175443649292 121.98046875
4.854362726211548 122.05078125
4.837112188339233 121.71875
4.847411632537842 122.05078125
4.827394723892212 122.33984375
4.873324155807495 122.08984375
4.814789056777954 122.140625
4.815892457962036 122.171875
4.842522859573364 122.00390625
4.7791383266448975 121.98046875
4.811396360397339 121.9453125
4.853223562240601 121.93359375
4.25847315788269 122.390625
4.784672260284424 122.5078125
4.831041574478149 121.73828125
4.869772434234619 122.125
4.785158395767212 122.12890625
4.839102029800415 121.9453125
4.881302118301392 122.47265625
4.867069244384766 122.78125
4.873686790466309 122.109375
4.862324953079224 122.6328125
4.830967903137207 123.05859375
4.923396348953247 122.6328125
4.857272624969482 122.609375
4.886423826217651 122.2421875
4.900835275650024 122.51171875
4.890353679656982 122.6328125
4.85767936706543 122.66796875
4.861160755157471 122.58984375
4.824074983596802 122.296875
4.800544738769531 122.4921875
4.825860500335693 122.578125
4.814391374588013 122.6640625
4.767151117324829 122.94921875
4.754401922225952 122.4453125
4.761532306671143 122.49609375
4.722895383834839 122.75390625
4.757771015167236 122.26953125
4.73570704460144 122.85546875
4.704272508621216 123.0078125
4.798827648162842 122.53515625
4.741195201873779 122.4609375
4.795766353607178 122.76953125
4.7316975593566895 122.4453125
4.7311341762542725 122.91796875
4.728330135345459 122.7109375
4.784956932067871 122.3671875
