21.664422273635864 143.89453125
21.625173330307007 148.13671875
21.43300771713257 148.3828125
21.562127113342285 148.55859375
21.604145765304565 148.7734375
21.432336807250977 149.01171875
21.58402132987976 149.328125
21.623350620269775 148.85546875
21.477320909500122 148.94140625
21.6431667804718 149.41015625
21.661731958389282 149.41015625
21.523504495620728 149.6875
21.659416437149048 149.75390625
21.691614389419556 149.41796875
21.551241636276245 149.52734375
21.686461210250854 150.078125
21.729037523269653 149.5
21.66789937019348 149.6171875
21.701735258102417 150.19921875
21.766074657440186 149.66015625
21.666130304336548 149.8046875
21.750016927719116 149.93359375
21.622225284576416 149.6171875
21.56057381629944 149.95703125
21.73686456680298 150.3828125
21.786516427993774 149.8828125
21.64229106903076 150.49609375
21.723845958709717 149.99609375
21.744477033615112 150.09765625
21.688775777816772 150.43359375
21.78255558013916 150.6015625
21.826353073120117 150.40234375
21.68517255783081 150.546875
21.80553889274597 151.1796875
21.775038480758667 150.3203125
21.733909130096436 150.51953125
21.736369609832764 150.66796875
21.800318479537964 150.5703125
21.70640277862549 150.83203125
21.67474389076233 150.91015625
21.83267068862915 150.44140625
21.681190013885498 150.61328125
21.742676258087158 150.50390625
21.870110273361206 150.5078125
21.75612163543701 150.89453125
21.83952260017395 150.8125
21.847915649414062 151.06640625
21.880316019058228 150.9140625
21.89894127845764 151.15625
21.911907196044922 150.91015625
21.79046106338501 151.140625
21.886425018310547 150.4765625
21.92774724960327 150.28515625
21.843648433685303 150.5234375
21.844292640686035 151.4921875
21.937775135040283 150.84765625
21.931499481201172 151.03515625
21.916152000427246 150.87109375
21.91788625717163 150.796875
21.8427951335907 150.94140625
21.91746735572815 150.64453125
21.949275970458984 150.57421875
21.89326810836792 150.6796875
21.95970368385315 150.66015625
21.967336893081665 151.0546875
21.93117094039917 151.34765625
21.949209690093994 150.75
21.97610640525818 150.6171875
21.95297932624817 150.79296875
21.893071174621582 151.65625
22.001009225845337 151.03125
21.976847410202026 151.109375
21.974291563034058 151.2890625
22.013924598693848 151.07421875
21.96767830848694 151.265625
21.977766513824463 151.015625
21.937693119049072 150.68359375
21.998299598693848 151.2578125
21.965388536453247 151.23828125
22.011451482772827 150.7734375
21.945923566818237 150.98828125
22.0123291015625 151.19921875
22.031347274780273 151.24609375
21.99222731590271 150.8984375
22.000657558441162 150.94140625
22.05009412765503 151.07421875
22.008065462112427 150.8359375
21.99391770362854 150.93359375
22.06553339958191 151.26953125
21.96743607521057 151.25
22.062091588974 150.93359375
22.109665870666504 150.80859375
22.045674324035645 151.09375
22.06105661392212 150.984375
22.13983130455017 150.875
22.102641820907593 151.25390625
22.104060888290405 151.34765625
22.032796144485474 151.375
22.023102521896362 151.359375
22.049712657928467 151.265625
