34.15139293670654 180.43359375
33.790400981903076 188.1875
33.897085428237915 190.98046875
34.48071575164795 188.3671875
33.76201844215393 188.81640625
33.89446473121643 191.54296875
34.35595083236694 189.5625
33.97765231132507 189.73046875
33.97387957572937 191.51953125
34.3678514957428 190.43359375
33.84014010429382 189.671875
33.87236428260803 191.09375
34.52268600463867 190.48828125
34.181116580963135 190.3203125
33.88026738166809 192.5234375
34.37002348899841 191.37890625
34.02742266654968 190.1484375
33.72396516799927 192.27734375
34.42313575744629 190.484375
34.18445444107056 190.7109375
34.16795110702515 192.27734375
34.40983867645264 190.5546875
34.2667133808136 190.34375
33.82051205635071 192.6484375
34.44010066986084 190.77734375
34.15418243408203 190.66796875
34.1159303188324 192.3984375
34.458399057388306 190.66015625
34.371906995773315 190.8359375
33.8287136554718 191.82421875
34.506030321121216 190.80859375
34.199183225631714 190.921875
34.20260453224182 192.16015625
34.48611044883728 192.23828125
34.21982455253601 190.98828125
34.126524209976196 193.19921875
34.55180025100708 191.56640625
34.26883578300476 191.5859375
34.12700700759888 191.89453125
34.57656717300415 191.1796875
34.0283637046814 191.2578125
34.206061124801636 193.19921875
34.50425696372986 191.4453125
34.259167432785034 192.16015625
34.18371343612671 192.40625
34.493205547332764 191.6484375
34.421096324920654 191.3125
34.22664022445679 191.94921875
34.499645471572876 191.62890625
34.191630363464355 191.24609375
34.163304567337036 192.6953125
34.4763298034668 191.55078125
34.11268091201782 192.171875
34.19307470321655 192.94921875
34.48604965209961 191.56640625
34.30072379112244 191.546875
34.22736597061157 192.26171875
34.48113298416138 191.37890625
34.3151159286499 191.6875
34.16326904296875 192.17578125
34.300063610076904 191.73046875
34.27124738693237 192.04296875
34.28522038459778 191.9921875
34.53201627731323 191.5078125
34.28123474121094 191.30859375
34.31086707115173 193.11328125
34.53868508338928 192.1640625
34.036463022232056 191.0859375
34.305344343185425 191.9765625
34.451767921447754 192.1484375
34.03169322013855 191.18359375
34.41783618927002 192.0546875
34.322646617889404 191.76953125
34.25939702987671 191.9765625
34.00919032096863 192.484375
34.321730852127075 192.765625
34.324960708618164 191.48046875
34.11573886871338 192.61328125
34.35038113594055 191.4765625
34.38251543045044 191.63671875
34.3249626159668 192.4140625
34.51607346534729 191.66015625
34.32941794395447 192.21484375
34.34834599494934 192.34375
34.543302059173584 191.40234375
34.367806911468506 191.5546875
34.24164533615112 192.1015625
34.31599545478821 191.37109375
34.278852462768555 191.8046875
34.261019468307495 192.375
34.17352271080017 191.41015625
34.292781591415405 191.6171875
34.5800096988678 192.671875
34.45488691329956 191.5703125
34.28378176689148 191.3125
34.41923260688782 193.45703125
34.33499789237976 193.8046875
34.26028227806091 192.95703125
34.40355634689331 193.796875
34.48005819320679 191.82421875
