27.000799655914307 162.953125
26.87356424331665 168.08984375
26.67428684234619 170.265625
26.9749436378479 168.1875
29.992963790893555 167.8828125
26.731245279312134 169.51953125
27.03289246559143 169.36328125
27.054747343063354 169.13671875
26.817839860916138 170.48046875
27.364081621170044 170.12109375
27.07088017463684 169.2109375
26.849511861801147 172.01953125
27.246811628341675 170.0390625
26.979809999465942 169.890625
26.857622385025024 171.99609375
27.16519284248352 170.453125
27.077369689941406 169.3359375
26.9371600151062 172.18359375
27.151082038879395 169.69140625
27.073823928833008 169.6484375
26.961930990219116 173.2265625
27.367788076400757 171.6953125
26.909114599227905 171.3046875
26.74292302131653 172.1328125
27.114890575408936 170.11328125
26.94486665725708 170.5546875
26.79657530784607 172.63671875
26.834605932235718 171.01171875
26.914167165756226 170.78515625
26.787174940109253 172.05078125
29.90178108215332 169.47265625
26.86762237548828 170.37109375
26.863351821899414 172.06640625
26.93691349029541 171.0546875
26.900460958480835 171.61328125
26.75357460975647 172.51171875
26.88793444633484 171.4296875
26.982324600219727 171.6484375
26.764734983444214 172.5234375
26.881945371627808 171.2265625
26.965927124023438 171.53515625
26.78363060951233 172.86328125
26.95491600036621 171.5390625
26.864965438842773 171.18359375
26.89275360107422 173.5078125
26.833263397216797 171.99609375
26.927875518798828 171.80859375
26.792539596557617 172.078125
26.95284628868103 172.1015625
26.97891068458557 171.234375
26.813172578811646 172.73046875
26.95729970932007 171.390625
27.09816265106201 172.1015625
26.805558443069458 172.859375
26.94588017463684 172.0078125
27.100175619125366 171.328125
26.83224892616272 172.7109375
27.0771005153656 171.53515625
27.070460557937622 172.5703125
27.03924798965454 172.12890625
27.067947387695312 172.70703125
26.957374811172485 172.34375
30.02397656440735 169.9140625
26.91146421432495 171.79296875
27.08385419845581 173.07421875
26.96481680870056 172.33203125
27.047673225402832 173.296875
26.945942401885986 172.51171875
26.838329076766968 172.24609375
26.984622955322266 172.125
27.00215220451355 172.58203125
26.85638952255249 174.37890625
27.0335214138031 172.6796875
26.933818101882935 171.76171875
26.87589955329895 174.125
27.095651149749756 173.15234375
27.09798264503479 171.3046875
27.131024599075317 173.13671875
27.002866744995117 172.21875
27.056973934173584 171.6796875
27.04450297355652 173.00390625
27.04109025001526 172.03125
26.999815702438354 171.3125
27.07348132133484 172.09765625
27.029094219207764 172.47265625
26.953572273254395 172.70703125
27.028940200805664 172.6875
27.057090044021606 171.875
27.17040181159973 172.83203125
26.888811349868774 171.68359375
27.06005573272705 174.35546875
27.127086400985718 172.15234375
26.982661962509155 171.62109375
27.03348708152771 172.63671875
30.003774404525757 169.96484375
26.98592519760132 172.4765625
26.910327196121216 172.2734375
26.95067286491394 172.0703125
26.972567558288574 172.98828125
26.994231700897217 173.2109375
