25.012754678726196 137.828125
25.14581561088562 137.890625
25.063848733901978 139.484375
25.04617166519165 140.14453125
25.001014947891235 139.3515625
24.95059370994568 139.5625
24.90609383583069 139.5859375
25.015922784805298 139.48828125
24.967288970947266 140.73828125
24.9230055809021 140.27734375
25.02168083190918 140.125
24.94471573829651 140.75390625
24.996734142303467 139.8828125
25.16301965713501 140.0234375
25.056939840316772 140.1875
25.05547046661377 140.53125
25.30808138847351 139.59765625
25.19729256629944 139.765625
25.158908367156982 140.33984375
25.00672483444214 140.70703125
24.954478979110718 140.52734375
24.922652006149292 141.3984375
25.165969610214233 140.2265625
25.033375024795532 141.4921875
25.08684802055359 140.328125
25.062976121902466 140.4140625
25.053187608718872 140.921875
25.042615175247192 142.16796875
25.26431679725647 140.10546875
25.094821453094482 140.79296875
25.259772062301636 141.78515625
25.227025270462036 140.44921875
25.182710886001587 140.359375
25.17503571510315 140.6171875
25.357796907424927 140.484375
25.158134698867798 141.78125
25.263604879379272 140.453125
25.23878812789917 140.3125
24.943257808685303 140.73828125
24.93736720085144 140.7421875
25.13398265838623 141.05859375
24.93466281890869 140.60546875
24.91294503211975 141.1484375
24.924638986587524 140.6640625
25.011047840118408 141.10546875
25.026989936828613 140.88671875
24.939204216003418 141.28515625
24.91790270805359 141.53515625
24.862277507781982 140.921875
24.93887972831726 141.2421875
24.905275106430054 141.28125
25.07790780067444 141.48046875
24.9516339302063 140.85546875
24.98542594909668 141.234375
25.02168607711792 142.140625
25.01378846168518 141.62109375
24.93799877166748 140.7421875
24.83836054801941 141.39453125
24.914162635803223 141.22265625
25.165928840637207 142.25
25.132909059524536 141.7265625
24.954216241836548 141.0625
25.012061595916748 141.34765625
24.821476936340332 141.75390625
25.080105781555176 141.125
25.167482376098633 141.99609375
24.853230953216553 141.52734375
25.088749408721924 141.74609375
25.04654574394226 141.15234375
24.88594889640808 141.796875
25.018046617507935 142.08203125
25.051563501358032 141.69921875
24.93048620223999 141.5234375
25.022955179214478 141.69140625
24.898027420043945 141.578125
25.06698703765869 141.578125
24.874850749969482 141.375
25.143935441970825 141.65625
25.00604486465454 141.7265625
24.742793321609497 141.9765625
24.871739864349365 141.70703125
24.96616268157959 142.08203125
24.85328722000122 141.56640625
25.118775367736816 141.98828125
24.957629680633545 141.54296875
24.97012758255005 141.55078125
25.107104778289795 142.38671875
24.93408727645874 141.82421875
25.21800398826599 141.73046875
25.262206554412842 141.828125
25.03535532951355 142.125
24.981523990631104 141.6171875
25.00757074356079 141.69140625
25.085290908813477 142.0625
25.035990715026855 141.6171875
25.355900049209595 141.734375
25.111035108566284 142.32421875
25.026501178741455 142.51953125
24.8966646194458 142.33984375
24.89008641242981 142.36328125
