9.002099990844727 135.2265625
9.054837226867676 135.54296875
8.918469667434692 136.765625
8.944822072982788 136.71875
9.032829284667969 136.046875
8.897785663604736 137.09765625
9.025584936141968 137.08203125
9.008736371994019 136.0546875
8.933921813964844 137.8125
9.092599868774414 137.1484375
9.012047290802002 136.24609375
8.922889471054077 137.66796875
8.982001543045044 137.62890625
9.023263216018677 136.46484375
8.961166381835938 137.80859375
8.935003757476807 138.21875
9.03273868560791 137.21875
8.908836841583252 137.76171875
8.968010663986206 137.72265625
9.018765449523926 137.69921875
8.92114806175232 137.828125
8.980525493621826 137.76953125
9.053272485733032 137.6171875
8.98881196975708 138.0703125
8.974602699279785 138.5390625
9.03272032737732 138.046875
8.941577434539795 138.25
8.988085508346558 138.46484375
9.047141313552856 137.75
8.844068765640259 138.66796875
8.981127262115479 138.453125
8.96304440498352 137.78515625
9.025995969772339 138.7265625
9.046318292617798 138.97265625
9.014795064926147 138.19921875
9.01455044746399 138.796875
8.98768138885498 138.9140625
9.048065185546875 138.0546875
8.945059299468994 138.7265625
9.048183679580688 138.9453125
9.070250749588013 138.21484375
8.837208032608032 138.91015625
8.998387098312378 138.8359375
9.0464768409729 138.4453125
8.981096267700195 138.8515625
9.008570194244385 139.00390625
9.001162767410278 138.28125
8.936350345611572 138.81640625
9.073900699615479 139.03515625
9.081868171691895 138.234375
8.921770095825195 138.953125
8.88643503189087 139.4609375
8.991970777511597 138.5625
8.917664289474487 138.8125
8.997421741485596 139.1796875
9.071215152740479 138.9296875
8.951458930969238 138.97265625
8.996935606002808 139.4453125
8.985138177871704 138.54296875
8.954034566879272 139.2578125
8.953966617584229 139.36328125
9.048878908157349 138.69140625
8.951661348342896 138.90234375
9.041809558868408 139.22265625
10.482677698135376 138.48046875
10.762464761734009 139.0546875
11.126190900802612 139.46875
9.331287384033203 138.58203125
10.004374980926514 139.32421875
9.99551248550415 139.1328125
9.603335618972778 138.46875
9.546901941299438 139.0703125
11.300130605697632 139.30078125
9.607348442077637 139.12109375
9.722465991973877 139.6328125
10.119939804077148 139.359375
10.364812135696411 139.06640625
10.118389368057251 139.1796875
9.979136943817139 139.09375
10.371089220046997 138.80859375
11.880455255508423 139.75
12.158193349838257 139.0859375
12.003641128540039 138.88671875
11.60375189781189 139.60546875
11.843874454498291 139.21484375
10.578409671783447 139.05078125
10.191940546035767 139.10546875
10.479299068450928 139.2109375
10.374342679977417 139.046875
10.605834245681763 139.1953125
11.005315065383911 139.46484375
10.6396963596344 138.86328125
10.246927499771118 139.26171875
10.261284112930298 139.20703125
10.709558963775635 138.60546875
10.508269786834717 139.8828125
10.739240646362305 139.9140625
11.09427285194397 138.94140625
11.176520109176636 139.65234375
11.31298041343689 139.6328125
