0.9928712844848633 97.7734375
1.0169169902801514 101.29296875
1.0010778903961182 101.2890625
1.0047616958618164 101.55859375
1.0135033130645752 101.21875
1.0086796283721924 101.328125
0.9991586208343506 101.578125
1.003251552581787 101.71484375
1.0050466060638428 101.4453125
1.0022461414337158 101.55859375
0.9988706111907959 101.3984375
1.0112574100494385 101.91015625
0.9943966865539551 101.39453125
0.9966115951538086 101.28515625
0.9991297721862793 101.68359375
0.9917254447937012 101.41796875
0.9977259635925293 101.38671875
0.990929126739502 101.42578125
0.9923141002655029 101.66796875
0.9981839656829834 101.41796875
0.9906015396118164 101.4140625
0.9892995357513428 101.8125
0.9954679012298584 101.48046875
0.9914186000823975 101.5703125
0.9938721656799316 101.49609375
1.0010807514190674 101.49609375
0.9942471981048584 101.66015625
0.9924542903900146 101.765625
0.9949219226837158 101.42578125
0.9915292263031006 101.3046875
0.990586519241333 102.05078125
0.9963085651397705 101.25
0.9896883964538574 101.65625
0.9953699111938477 101.51953125
0.9933316707611084 101.453125
0.9931521415710449 101.7421875
1.0048449039459229 101.671875
0.9941110610961914 101.62890625
0.9942176342010498 101.65234375
0.9906229972839355 101.55859375
1.0001823902130127 101.390625
0.9901123046875 101.2265625
0.9927377700805664 101.59375
0.9959702491760254 101.3515625
0.9906997680664062 101.3125
0.9968678951263428 101.54296875
0.9993209838867188 101.7421875
0.9918787479400635 101.32421875
0.9938704967498779 101.58203125
0.9964330196380615 101.35546875
0.993241548538208 101.6953125
0.9896562099456787 101.5078125
0.9943737983703613 101.41796875
1.0178499221801758 101.55859375
0.9963769912719727 101.95703125
0.9932205677032471 101.43359375
0.9943156242370605 101.3984375
0.9944305419921875 101.765625
0.991649866104126 101.4375
0.9948368072509766 101.5625
0.9918339252471924 101.75390625
0.995413064956665 101.64453125
0.9879825115203857 101.5390625
0.9921233654022217 101.8046875
0.9933648109436035 101.4375
0.9965379238128662 101.55078125
0.9878859519958496 101.66796875
0.994443416595459 101.4921875
0.9935348033905029 101.453125
0.9918961524963379 101.70703125
0.9964964389801025 101.7109375
0.993896484375 101.43359375
0.9975731372833252 101.6640625
0.9973969459533691 101.53125
0.9886119365692139 101.52734375
0.9956696033477783 101.5625
0.9958007335662842 101.51953125
0.9945461750030518 101.5625
0.9878497123718262 101.55859375
0.998945951461792 101.515625
0.9980912208557129 101.890625
0.9954993724822998 101.66796875
0.9940891265869141 101.33984375
0.988384485244751 101.703125
0.9891030788421631 101.9453125
0.995295524597168 101.59765625
0.9907114505767822 101.5078125
0.9940280914306641 101.8984375
1.001485824584961 101.40234375
0.9952030181884766 101.58203125
0.9890668392181396 101.71875
0.9943115711212158 101.8203125
0.9976024627685547 101.37109375
0.992438793182373 101.7578125
0.9952163696289062 101.796875
0.994239091873169 101.71875
0.9976968765258789 101.57421875
0.9959805011749268 101.56640625
0.992746114730835 101.74609375
0.9931604862213135 101.68359375
