22.49604296684265 143.31640625
22.340076208114624 147.38671875
22.20941662788391 148.3984375
22.502394676208496 148.37890625
22.44300150871277 148.640625
22.387439489364624 149.0390625
22.521286249160767 149.12109375
22.421693563461304 148.6171875
22.440686225891113 149.0390625
22.515008211135864 148.94140625
22.491998434066772 149.10546875
22.404823064804077 149.0859375
17.872714042663574 150.23046875
22.467158794403076 149.40625
22.496026515960693 149.33203125
22.677807807922363 149.98828125
22.592346906661987 149.3828125
22.515323162078857 149.53125
22.64112138748169 150.00390625
22.641494512557983 148.91796875
22.43264603614807 149.6640625
22.910125255584717 149.83984375
22.68069624900818 149.5078125
22.632050037384033 149.640625
22.691651821136475 150.296875
22.69991397857666 149.62890625
22.750425100326538 149.63671875
22.688098430633545 150.0625
22.711366415023804 150.1640625
22.590210676193237 150.359375
22.662654876708984 150.40234375
22.714205980300903 150.33203125
22.746517181396484 150.52734375
22.737598180770874 150.4453125
22.825928926467896 150.30078125
22.683187007904053 150.46875
18.05327343940735 151.45703125
23.054910898208618 150.53125
22.69040060043335 150.72265625
22.79410696029663 150.78125
18.062340021133423 151.54296875
22.761645078659058 150.45703125
22.917813301086426 150.84765625
22.90330171585083 150.53125
22.720739126205444 150.421875
22.761297464370728 150.875
22.77788782119751 150.69140625
22.686301231384277 150.67578125
22.888145685195923 150.53515625
22.82982897758484 150.75390625
22.705904483795166 150.82421875
22.77847957611084 150.7265625
18.19659161567688 151.0703125
22.80731177330017 150.69140625
22.873769998550415 151.06640625
22.859912872314453 151.08984375
22.910099029541016 150.56640625
22.850109100341797 151.0390625
22.889035940170288 150.71875
22.92972445487976 150.71875
22.927921056747437 150.65234375
22.867212057113647 150.765625
22.88230586051941 151.0
22.943676710128784 151.16796875
22.83746600151062 150.8515625
22.836975574493408 150.8828125
22.864996910095215 150.62109375
22.87954878807068 150.6953125
22.86935830116272 151.27734375
23.030222177505493 151.09765625
22.97989010810852 151.078125
22.85995864868164 150.734375
22.98718547821045 151.140625
22.996715545654297 151.015625
22.89776635169983 150.765625
22.981882095336914 150.73828125
22.972606420516968 150.734375
22.976835250854492 151.40234375
22.984020709991455 151.1328125
23.02674150466919 150.796875
23.009910821914673 151.90234375
23.17392611503601 151.2890625
22.967386484146118 150.8125
22.966954231262207 150.90234375
23.166194677352905 151.23828125
22.940956354141235 150.87109375
23.032352209091187 150.73046875
23.092883348464966 151.203125
22.96268081665039 151.171875
23.051851272583008 150.96484375
23.011885166168213 150.6953125
22.992350816726685 151.0234375
22.903087615966797 150.95703125
18.484769582748413 151.9765625
23.140761613845825 151.2578125
18.334636211395264 152.4765625
23.109760284423828 151.02734375
23.19335627555847 150.8671875
18.331523656845093 151.9453125
23.26093554496765 150.98828125
