29.100579977035522 173.90234375
29.064929246902466 180.94140625
28.845837116241455 184.3125
29.380678415298462 181.2109375
28.86890721321106 181.3515625
28.9059317111969 184.51171875
29.209298610687256 182.26953125
29.064529418945312 181.8359375
28.82298707962036 184.921875
29.21652865409851 182.6484375
28.99902367591858 182.515625
28.897639513015747 185.08984375
29.319533109664917 183.63671875
28.882644653320312 182.53515625
28.89025330543518 185.2578125
29.26789355278015 183.921875
29.161542415618896 183.1875
28.977118968963623 185.265625
29.488017082214355 184.140625
29.132715225219727 183.625
28.698271989822388 183.9375
29.300525426864624 184.25390625
29.14580988883972 184.35546875
29.027892112731934 185.3203125
29.338756561279297 184.4453125
29.19284415245056 184.5078125
28.947863817214966 185.4140625
29.229617834091187 184.50390625
29.192537784576416 184.12109375
28.85421109199524 185.3984375
29.61231255531311 184.78515625
29.215388298034668 184.56640625
29.061548948287964 185.41015625
29.497666120529175 184.85546875
29.409775733947754 184.40234375
29.135963201522827 185.3671875
29.10298991203308 183.75
29.337878465652466 184.7109375
29.067700386047363 185.4140625
29.386651515960693 185.12890625
29.2860209941864 184.63671875
29.152238845825195 185.58984375
29.40033459663391 185.1328125
29.292901515960693 184.88671875
29.16655945777893 185.37109375
29.064992904663086 184.9921875
29.36320447921753 184.7890625
29.27391481399536 185.40625
29.503764152526855 185.16796875
29.3128080368042 184.94140625
29.201491594314575 185.66796875
29.357025623321533 185.0703125
29.10873293876648 183.67578125
29.160158157348633 185.21484375
29.312342643737793 185.12890625
29.239041566848755 185.02734375
29.221136808395386 185.38671875
29.419386625289917 185.03125
29.270910263061523 184.88671875
29.095046043395996 185.20703125
29.308715343475342 185.08203125
29.039814710617065 184.84765625
29.21645951271057 185.0390625
29.347633600234985 184.85546875
29.33547282218933 184.60546875
29.140910863876343 185.0234375
29.56772541999817 185.3125
29.42723035812378 184.62109375
28.984845876693726 184.73046875
29.379990100860596 184.984375
29.356800079345703 184.48046875
29.14761471748352 185.125
29.40425157546997 184.81640625
29.355262756347656 184.828125
29.21502184867859 184.9140625
29.374937534332275 185.10546875
29.362958192825317 184.66796875
29.012768745422363 185.32421875
29.443411111831665 184.875
29.3617045879364 184.6171875
29.234155416488647 185.10546875
29.398761987686157 184.84375
29.46887707710266 185.26953125
29.19172501564026 184.90234375
29.228952407836914 184.203125
29.448335886001587 184.83984375
29.24118709564209 185.0078125
29.373691082000732 185.4296875
29.35286235809326 184.625
29.360994338989258 185.73046875
29.439842462539673 184.8515625
29.3443443775177 184.79296875
29.257835149765015 184.9296875
29.201607942581177 185.67578125
29.43169116973877 184.75
29.243661403656006 185.46484375
29.37277626991272 185.06640625
29.318456888198853 184.62109375
29.444591760635376 185.6953125
29.3350031375885 185.5390625
