21.99082660675049 157.1328125
21.746978521347046 160.81640625
21.792231559753418 162.109375
22.076141119003296 161.23046875
21.893213510513306 161.56640625
21.77131724357605 162.62109375
22.10032892227173 161.984375
21.914610624313354 161.8125
21.73501753807068 163.421875
22.1931791305542 162.18359375
21.957823991775513 162.55859375
21.905556678771973 163.57421875
22.070662021636963 162.37109375
22.052499055862427 162.4296875
21.89924931526184 164.109375
22.274500608444214 162.64453125
22.065499782562256 163.25
21.864362955093384 164.1328125
22.1112003326416 162.671875
22.066470861434937 163.6875
21.87419629096985 164.46875
22.186981439590454 162.6015625
21.976030826568604 163.609375
21.968530893325806 164.515625
22.162070512771606 163.23828125
22.065613269805908 163.44140625
21.966533660888672 164.6328125
24.649558305740356 162.6015625
22.187565565109253 163.59375
22.178521156311035 164.71484375
22.184152126312256 164.12890625
22.064361572265625 164.19140625
21.948013305664062 164.63671875
22.382197618484497 164.27734375
22.07306957244873 163.75
21.95650839805603 165.0859375
22.20422887802124 163.8359375
22.080833911895752 164.5234375
21.982836484909058 164.921875
22.192337036132812 164.25390625
22.072129726409912 164.59375
22.04796576499939 164.76953125
22.14751958847046 163.95703125
22.076063871383667 164.68359375
22.078421354293823 165.0078125
22.162112951278687 163.8828125
22.11642289161682 164.7265625
22.015559673309326 164.60546875
22.18015766143799 164.4921875
22.084439754486084 164.84765625
22.03604769706726 165.08203125
22.155121088027954 164.4921875
22.098613023757935 164.625
22.00474452972412 165.19921875
22.142948389053345 164.46875
22.141054153442383 164.44921875
22.090895652770996 164.9375
22.196154594421387 164.22265625
22.049437046051025 164.6171875
24.610604763031006 164.0
22.386205911636353 164.34765625
22.203762531280518 164.5703125
21.940476894378662 164.9375
22.146207094192505 164.015625
22.084529638290405 165.05859375
22.164063215255737 165.19921875
22.193269968032837 164.734375
22.087839126586914 165.12890625
22.019481897354126 165.34375
22.174062490463257 164.83984375
22.193469762802124 165.20703125
21.991385221481323 165.28125
22.247889757156372 164.7890625
22.14821147918701 165.1015625
22.1145441532135 165.1640625
22.230098724365234 164.53125
22.182201147079468 165.171875
22.083386421203613 165.29296875
22.333390712738037 164.9921875
22.125802993774414 165.26171875
22.10736393928528 165.359375
22.144063234329224 164.50390625
22.196230173110962 165.09765625
22.090168237686157 165.51953125
22.36412262916565 164.8046875
22.180152893066406 165.1328125
22.07287335395813 165.75390625
22.231207370758057 164.5546875
22.14290165901184 165.1640625
22.17153310775757 165.48828125
22.206015825271606 164.984375
24.678395748138428 163.91015625
22.30777907371521 165.734375
22.43970799446106 164.5078125
22.09688949584961 165.14453125
22.153433322906494 165.84375
22.28551197052002 164.953125
22.22407293319702 165.6640625
22.128145694732666 165.8046875
22.195039749145508 165.23828125
