55.295552253723145 122.39453125
54.32024908065796 123.390625
53.90922546386719 123.66796875
55.004892110824585 123.5078125
53.96779012680054 123.796875
54.52455163002014 124.1796875
55.000011682510376 123.4453125
54.459017753601074 124.06640625
52.12035298347473 124.75390625
54.970505714416504 123.484375
53.699427127838135 124.33984375
52.00381827354431 124.34765625
55.39832162857056 124.05859375
54.54504203796387 124.015625
53.6313853263855 124.16015625
54.851863622665405 123.83984375
53.63741636276245 124.55078125
54.000035524368286 124.265625
54.75172662734985 124.05859375
53.93481755256653 124.3671875
54.085370779037476 124.3515625
52.87126803398132 124.6953125
54.1228449344635 124.48828125
53.95971727371216 124.328125
54.809078216552734 124.14453125
54.406370878219604 124.28125
54.09377074241638 124.7734375
54.90022087097168 124.18359375
54.10521721839905 124.609375
54.18948435783386 124.81640625
55.41208076477051 124.2265625
53.97637391090393 124.5625
54.011460304260254 124.5703125
55.29296374320984 124.66015625
54.012718200683594 124.7890625
54.341728925704956 124.58984375
54.86336326599121 124.4375
54.09308409690857 124.66796875
54.23481583595276 124.74609375
54.886130809783936 124.72265625
54.55079460144043 124.8828125
51.9799439907074 125.57421875
55.01397442817688 124.26953125
54.59446740150452 125.15625
54.65182185173035 125.48046875
55.524274587631226 124.828125
54.54453730583191 125.04296875
54.41681671142578 125.4921875
55.424874782562256 124.72265625
54.57705044746399 124.80078125
51.949437856674194 125.90234375
55.75502109527588 125.43359375
57.59981846809387 125.609375
55.66278028488159 125.50390625
55.79883098602295 125.34765625
55.26724815368652 125.88671875
55.145620584487915 125.5078125
56.04775381088257 125.2109375
55.09156513214111 125.1328125
55.4240186214447 125.51953125
56.18279194831848 125.0234375
55.228532552719116 125.52734375
55.548343658447266 125.51171875
56.19473433494568 125.06640625
55.55413866043091 125.24609375
52.78983449935913 125.69140625
55.92241978645325 125.51953125
54.646296977996826 125.19140625
55.47380304336548 125.59765625
55.96987724304199 125.703125
52.96236729621887 125.9765625
54.89218521118164 125.9765625
55.80982494354248 125.4296875
54.944864988327026 125.42578125
55.077829360961914 125.90234375
55.98064970970154 125.3671875
55.045007944107056 125.5078125
54.76638674736023 125.796875
55.80527210235596 125.4609375
54.875423192977905 125.36328125
55.18137311935425 125.6640625
55.74049639701843 125.484375
53.097599267959595 125.9453125
54.84499907493591 125.88671875
55.9994215965271 125.43359375
55.14568758010864 126.15625
54.579331159591675 125.921875
54.50610661506653 125.421875
51.83482575416565 126.0703125
53.53709411621094 126.0078125
54.419189453125 125.52734375
53.998725175857544 125.68359375
54.00019288063049 125.90625
54.13089632987976 125.70703125
53.64486026763916 125.76953125
53.612698793411255 126.5546875
54.51783537864685 125.66015625
53.777302503585815 125.90625
51.57499623298645 126.41015625
54.34455227851868 126.01171875
