41.03246879577637 146.87890625
40.64961814880371 148.0
40.54085946083069 149.9375
40.913655281066895 150.0
40.68440365791321 149.9296875
40.61268162727356 151.03515625
40.7594997882843 150.41796875
40.62329077720642 150.5390625
40.50725221633911 151.16015625
40.83848571777344 151.0703125
40.6936571598053 151.30859375
40.5665009021759 151.30078125
41.01936960220337 151.5625
40.8897659778595 151.49609375
40.62952160835266 151.9375
40.44608736038208 151.0625
40.443333864212036 150.87109375
40.460009813308716 151.58203125
40.66441798210144 152.19921875
40.635793924331665 151.203125
40.75054049491882 152.265625
41.047693729400635 150.90625
40.925719022750854 151.25
40.722569704055786 151.5234375
40.82514667510986 151.578125
40.94502520561218 151.09765625
40.6269953250885 151.640625
40.72066354751587 151.33984375
40.85265064239502 151.90234375
40.930952310562134 152.28125
40.74497151374817 151.40625
40.82205009460449 151.59765625
40.78217792510986 152.0703125
40.8555326461792 151.3828125
40.91821265220642 152.08984375
40.7718071937561 152.15625
40.981894969940186 151.36328125
40.84704256057739 151.39453125
40.86803388595581 152.03515625
41.052438735961914 152.12109375
40.911542654037476 152.1328125
40.766345262527466 152.26953125
40.833646059036255 152.1328125
40.768999338150024 151.58203125
41.02385354042053 151.93359375
41.00636029243469 152.21484375
41.023982524871826 152.1640625
40.68329381942749 152.2578125
40.782331466674805 152.40234375
40.82709980010986 152.46484375
40.720357179641724 152.328125
41.03976798057556 152.328125
41.05527591705322 152.94140625
41.03278112411499 152.26171875
41.01800894737244 151.98046875
40.727362871170044 152.1171875
41.10369825363159 152.18359375
41.36441659927368 152.1875
40.97107219696045 151.91796875
41.05262565612793 152.23828125
40.90346574783325 152.07421875
40.71348023414612 151.9765625
40.939131021499634 152.6328125
40.908305406570435 152.94140625
41.13827180862427 152.16015625
40.74707078933716 152.27734375
41.05537939071655 151.97265625
40.87115478515625 152.0234375
41.26418614387512 151.9453125
41.065120697021484 152.1484375
40.90616202354431 152.3671875
40.93174910545349 152.6015625
40.99433350563049 152.59765625
40.87775659561157 152.4921875
41.15281414985657 152.86328125
40.98541593551636 152.32421875
41.07182025909424 152.2578125
41.00742173194885 152.6484375
41.0016655921936 152.61328125
41.091712951660156 152.52734375
41.189939737319946 152.5078125
41.18667125701904 152.54296875
40.886394739151 152.78125
40.7951934337616 152.99609375
40.91274404525757 152.52734375
41.24240064620972 152.61328125
40.89622616767883 152.59375
41.45031714439392 152.71875
40.87564659118652 152.859375
41.27180099487305 152.72265625
41.000704526901245 153.19140625
41.265068769454956 152.7578125
41.07258868217468 152.60546875
41.197407245635986 152.59765625
41.17851185798645 152.984375
41.055716037750244 152.50390625
40.92362880706787 152.53515625
40.929529905319214 152.87890625
41.083131074905396 152.62890625
41.19313144683838 153.0078125
