11.273061752319336 121.46484375
11.320244312286377 122.0703125
11.253956079483032 122.62109375
11.261863231658936 122.4296875
11.322883367538452 122.859375
11.219258785247803 122.953125
11.409518957138062 122.71875
11.522919416427612 122.58984375
11.296407461166382 123.34375
11.302765607833862 123.25
11.31853437423706 122.91796875
11.264678716659546 123.375
11.350792646408081 122.9609375
11.188859224319458 123.09375
11.187301397323608 123.7578125
11.344101667404175 123.39453125
11.223852396011353 123.9296875
11.262292623519897 123.33203125
11.238811254501343 123.4765625
11.285237073898315 123.29296875
11.250088691711426 123.5546875
11.196943044662476 123.7109375
11.388108968734741 123.3828125
11.434722661972046 123.6875
11.262422561645508 123.5
11.225658893585205 123.22265625
11.232149600982666 123.79296875
11.237051486968994 123.1484375
11.26978850364685 123.77734375
11.268845796585083 123.6015625
11.18662714958191 123.4375
11.29848599433899 123.66015625
11.210644483566284 123.484375
11.19845461845398 123.87109375
11.270387887954712 123.7421875
11.211187601089478 124.13671875
11.210365772247314 123.9765625
11.264671564102173 123.75
11.360849380493164 123.94140625
11.431064367294312 123.46875
11.266196727752686 123.80859375
11.231966733932495 123.9921875
11.273918867111206 123.75
11.265857458114624 124.0
11.150684118270874 123.6796875
11.253493547439575 124.12890625
11.177491188049316 123.84375
11.23549509048462 123.8359375
11.224135398864746 124.22265625
11.235216856002808 123.6484375
11.181078433990479 124.23828125
11.243117809295654 124.1328125
11.258407354354858 123.859375
11.231331586837769 124.73828125
11.377176523208618 124.0859375
11.387521266937256 123.85546875
11.233932733535767 124.19140625
11.275025606155396 124.09765625
11.267128229141235 123.9375
11.213432312011719 123.98828125
11.23463225364685 124.1484375
11.296850442886353 124.2109375
11.221550941467285 124.28515625
11.275367736816406 123.98046875
11.36048674583435 124.07421875
11.25901746749878 124.328125
11.204052925109863 124.3671875
11.331680536270142 124.08984375
11.266268968582153 124.32421875
11.189762592315674 124.171875
11.429458379745483 124.1015625
11.455543518066406 124.47265625
11.257808446884155 124.30078125
11.295668363571167 124.47265625
11.267667531967163 124.70703125
11.280218362808228 124.0234375
11.333045721054077 124.11328125
11.260567665100098 124.328125
11.249635457992554 124.140625
11.323018789291382 124.6484375
11.320725202560425 124.4921875
11.315892457962036 124.65234375
11.353278875350952 124.48828125
11.291470289230347 124.44921875
11.330261468887329 124.921875
11.284859418869019 124.62890625
11.310245513916016 124.5859375
11.355055809020996 124.39453125
11.340384483337402 124.65234375
11.355083227157593 124.578125
11.248351097106934 124.703125
11.341792821884155 124.484375
11.288877725601196 124.84375
11.278762102127075 124.74609375
11.278938293457031 124.61328125
11.350687503814697 124.83203125
11.3878173828125 124.73046875
11.347879886627197 124.625
11.32794451713562 124.96484375
11.360393047332764 124.69921875
