2.7617263793945312 113.98046875
2.7407240867614746 114.78515625
2.7217955589294434 115.5546875
2.7472708225250244 114.02734375
2.7416470050811768 114.4296875
2.741774797439575 116.0234375
2.748844623565674 114.515625
2.727189540863037 115.06640625
2.714402675628662 115.4296875
2.742863178253174 115.11328125
2.7267656326293945 114.80859375
2.724454164505005 115.703125
2.753899335861206 115.33984375
2.74603009223938 115.46875
2.726534843444824 115.97265625
2.7599334716796875 115.05078125
2.7392992973327637 115.32421875
2.7352685928344727 115.69921875
2.7496094703674316 115.27734375
2.7447311878204346 114.8984375
2.750074625015259 116.12109375
2.7544105052948 115.40625
2.7712669372558594 115.8046875
2.734654188156128 116.1796875
2.7414567470550537 115.33984375
2.748098850250244 115.2265625
2.7404534816741943 116.64453125
2.759561538696289 115.29296875
2.74320650100708 116.0546875
2.7498080730438232 116.265625
2.752828359603882 115.7109375
2.7496848106384277 115.6640625
2.7292368412017822 116.22265625
2.7510876655578613 116.171875
2.760438919067383 115.734375
2.7436435222625732 116.12109375
2.7419304847717285 115.66796875
2.7418060302734375 115.96875
2.7337753772735596 115.90234375
2.7491586208343506 115.86328125
2.7380340099334717 115.85546875
2.7382614612579346 116.546875
2.7599523067474365 115.3046875
2.7532331943511963 115.8203125
2.748903512954712 116.0546875
2.7125461101531982 116.11328125
2.747232437133789 115.96484375
2.7481095790863037 116.4140625
2.753594398498535 115.87890625
2.748232364654541 115.70703125
2.735663890838623 116.07421875
2.7421743869781494 116.12109375
2.7794530391693115 116.6171875
2.7444355487823486 116.1640625
2.763216733932495 115.57421875
2.7663722038269043 116.9765625
2.7566678524017334 116.58203125
2.7461206912994385 116.3671875
2.7535691261291504 116.21875
2.7409896850585938 116.515625
2.774120807647705 116.08203125
2.7602317333221436 116.5625
2.7556183338165283 116.1953125
2.751868724822998 115.8125
2.7554142475128174 116.2265625
2.7389626502990723 116.61328125
2.751950740814209 116.3203125
2.745763063430786 116.640625
2.734022378921509 116.26171875
2.752765655517578 116.08203125
2.7545504570007324 116.0546875
2.759293556213379 116.71484375
2.750073194503784 116.12890625
2.7653799057006836 116.71484375
2.7458701133728027 116.265625
2.7631025314331055 116.1015625
2.742119550704956 116.72265625
2.752119541168213 116.3984375
2.7736995220184326 116.12890625
2.7513999938964844 116.80859375
2.726943254470825 116.2578125
2.7537295818328857 115.6484375
2.7341291904449463 115.8671875
2.7468767166137695 116.12890625
2.760890483856201 116.01171875
2.746067523956299 116.796875
2.7546894550323486 116.765625
2.760385513305664 116.49609375
2.732556104660034 116.953125
2.750837802886963 116.2109375
2.755471706390381 116.0703125
2.778778314590454 116.53515625
2.7552011013031006 116.66015625
2.765859365463257 116.41015625
2.747619390487671 116.37109375
2.7588295936584473 117.06640625
2.7647154331207275 116.078125
2.746471643447876 116.3515625
2.7442522048950195 116.94921875
2.7583048343658447 116.13671875
