20.362603902816772 121.04296875
17.43403720855713 122.02734375
18.95655846595764 122.58984375
19.005173444747925 122.109375
18.889461755752563 121.984375
18.745588064193726 122.73046875
18.998209238052368 122.37890625
18.988356590270996 122.36328125
18.769731998443604 122.87109375
19.063682079315186 123.38671875
19.088654041290283 122.71484375
18.638355255126953 122.66796875
19.05850648880005 122.4375
19.19061017036438 122.7578125
18.8608820438385 123.67578125
18.98137092590332 123.58203125
19.012598752975464 122.9921875
18.754600524902344 124.1484375
19.07883882522583 123.1328125
19.0888512134552 122.8671875
18.98013401031494 123.19140625
19.11135458946228 122.9609375
18.99430775642395 123.33203125
18.942155361175537 123.28125
19.01517653465271 123.07421875
18.95448112487793 123.66015625
18.89434552192688 123.76953125
19.03897213935852 123.4296875
19.06826162338257 122.93359375
18.763748168945312 123.53125
19.034971952438354 123.31640625
18.9901180267334 123.83203125
18.961417198181152 124.85546875
19.046640396118164 123.16015625
19.095791816711426 123.5390625
18.85593271255493 123.84375
19.05107355117798 123.47265625
19.066762447357178 123.66015625
18.856659412384033 123.5703125
18.935235023498535 123.0703125
19.018511295318604 123.7265625
18.96709370613098 124.95703125
19.03493618965149 123.0234375
19.05604100227356 123.74609375
18.892310857772827 124.44140625
18.9959135055542 123.3515625
19.28100275993347 124.65625
18.99940800666809 124.08984375
18.96914291381836 124.578125
19.072786808013916 124.02734375
19.212629556655884 124.79296875
19.028120040893555 123.68359375
18.987099409103394 124.83203125
18.944645404815674 124.40625
19.20563292503357 124.44140625
19.140060663223267 124.7734375
19.155948162078857 124.19140625
19.091437578201294 123.734375
19.131469249725342 123.69140625
18.960026264190674 124.3359375
19.033066272735596 124.515625
18.99183464050293 123.9296875
19.000917196273804 124.83984375
19.169134616851807 124.30078125
19.172187328338623 124.015625
18.93209409713745 124.515625
19.119875192642212 124.3359375
19.34201431274414 124.30859375
18.967921018600464 125.30078125
18.982850790023804 123.89453125
19.11454463005066 124.109375
19.127671718597412 124.1015625
19.113988161087036 123.703125
19.166638135910034 123.9921875
19.034228086471558 124.515625
19.21147131919861 124.61328125
19.11225938796997 123.9921875
19.04752802848816 124.296875
20.588077306747437 124.22265625
19.03366184234619 123.60546875
19.136916875839233 125.2578125
18.945133209228516 124.52734375
19.179109811782837 124.19140625
19.22029447555542 125.51171875
18.981568813323975 124.98828125
18.987061023712158 124.53515625
19.01374912261963 125.11328125
19.06618857383728 124.59375
19.127418041229248 124.28515625
19.140424728393555 125.078125
18.962746143341064 124.90625
19.192654132843018 124.45703125
19.07740044593811 125.3359375
18.941306114196777 124.5234375
19.054704666137695 125.01953125
19.043944120407104 125.10546875
19.101080179214478 125.78515625
19.065861463546753 124.3984375
19.16901183128357 125.08984375
19.121973991394043 124.421875
