20.469278812408447 164.859375
20.266567707061768 170.2109375
20.240537643432617 171.88671875
20.469067096710205 170.4609375
20.24429941177368 171.04296875
20.43905210494995 172.84765625
20.467607021331787 171.84375
20.282033443450928 171.55859375
20.36589741706848 172.9375
20.530006885528564 171.609375
20.372036933898926 171.76171875
20.282710313796997 173.3125
20.592082977294922 171.88671875
20.331814289093018 172.10546875
20.371099710464478 173.01171875
20.56513261795044 171.96875
20.384730100631714 171.87109375
20.397643566131592 172.95703125
20.49741768836975 172.43359375
20.340192794799805 171.84765625
20.38561201095581 173.01953125
20.597300052642822 172.51953125
20.495999813079834 171.890625
20.435468912124634 173.05859375
20.60957622528076 172.5
20.511940479278564 172.4140625
20.582465648651123 173.03125
20.616488218307495 172.34375
20.51274275779724 172.5390625
20.55419921875 173.26171875
20.6675021648407 172.40625
20.556313276290894 172.16796875
20.49581265449524 173.79296875
20.650553703308105 172.4140625
20.556275129318237 172.32421875
20.572397708892822 173.36328125
20.653197288513184 172.3984375
20.545014142990112 172.375
20.561079502105713 173.796875
20.646258115768433 172.5
20.634589910507202 172.33203125
20.976871728897095 173.75
20.691497564315796 172.96875
20.64193868637085 172.73046875
20.596585750579834 173.4453125
20.721659421920776 172.7109375
20.561150789260864 172.578125
20.605434894561768 173.39453125
20.674132347106934 173.1875
20.610970497131348 172.55859375
20.532552003860474 173.87890625
20.62973189353943 172.85546875
20.65932607650757 172.48046875
20.66812777519226 173.734375
20.709861516952515 172.890625
20.63463020324707 173.11328125
20.61169171333313 174.19140625
20.751518726348877 172.91015625
20.623407125473022 172.80859375
20.59432291984558 173.71484375
20.65563654899597 173.41015625
20.563628435134888 172.80859375
20.53221559524536 173.75
20.65836262702942 172.85546875
20.586617469787598 172.6640625
20.6062593460083 173.90625
20.716408729553223 173.234375
20.6337251663208 172.77734375
20.586241960525513 174.0
20.669567108154297 172.73828125
20.669605493545532 172.5703125
20.610273122787476 173.765625
20.70114827156067 173.03515625
20.658756494522095 172.69921875
20.59654474258423 173.921875
20.648918390274048 172.94140625
20.634488344192505 172.94921875
20.63932776451111 174.08203125
20.69255757331848 173.38671875
20.661177396774292 172.90625
20.593852996826172 174.2421875
20.67462158203125 173.40625
20.73659324645996 173.19921875
20.68504309654236 173.83984375
20.656832218170166 173.41015625
20.606210470199585 172.78125
20.62468695640564 173.8515625
20.644498586654663 173.51171875
20.647474765777588 173.16796875
20.602590322494507 173.69140625
20.617737770080566 173.546875
20.6245379447937 173.21484375
20.638375997543335 174.2265625
20.630404233932495 173.49609375
20.805033445358276 173.3671875
20.711721181869507 173.95703125
20.765531301498413 173.9296875
20.682003259658813 173.34375
20.634711742401123 174.203125
20.771840572357178 173.56640625
