41.73703694343567 186.68359375
41.38150119781494 195.73046875
41.0275297164917 197.203125
41.69894289970398 196.4296875
41.38390898704529 196.52734375
41.130271911621094 198.29296875
41.74056005477905 196.88671875
41.590086221694946 196.5625
41.26158142089844 197.95703125
42.18772006034851 196.9375
41.51603555679321 196.625
41.461395502090454 198.11328125
42.04103231430054 197.234375
41.571253061294556 197.35546875
41.39068531990051 198.56640625
41.90039563179016 197.57421875
41.600165128707886 197.515625
41.5355327129364 199.7421875
41.917558908462524 198.41015625
41.623785972595215 197.40625
41.643346309661865 198.15234375
42.37103509902954 197.7578125
41.796114444732666 198.16015625
41.62515163421631 198.16015625
42.44974994659424 198.15625
41.84165906906128 198.125
41.69451951980591 199.79296875
42.185967683792114 198.48828125
41.7805118560791 198.28125
41.63032579421997 199.74609375
42.36288142204285 198.8671875
41.7670955657959 198.60546875
41.74954915046692 199.16015625
42.22529220581055 198.703125
41.82565522193909 198.6484375
41.73908972740173 198.9375
46.89264369010925 197.38671875
41.871253967285156 198.62109375
41.64178013801575 199.5390625
42.08838939666748 198.60546875
41.72963047027588 198.40625
41.63340997695923 199.64453125
41.98224711418152 198.140625
41.8421471118927 198.80859375
41.91751003265381 200.04296875
42.09826970100403 199.1796875
41.94786548614502 198.70703125
41.81769371032715 199.75
42.09918832778931 198.55859375
42.00290036201477 198.4375
41.82890486717224 199.89453125
42.18435859680176 198.59765625
41.89342975616455 198.453125
42.062952280044556 200.2109375
42.10743689537048 198.48046875
42.00256085395813 198.2421875
42.2867214679718 200.23046875
42.28889203071594 198.484375
41.92183804512024 199.0390625
42.02638053894043 199.42578125
42.11367869377136 198.828125
42.065622329711914 198.5
42.528204679489136 200.0859375
41.98812484741211 198.96484375
41.95245623588562 197.97265625
42.07827877998352 199.9140625
42.085835456848145 198.79296875
42.075215578079224 198.87109375
46.691094636917114 198.46484375
42.10460925102234 198.62890625
42.18231964111328 199.3203125
42.01827907562256 199.42578125
42.044949531555176 198.66015625
41.89968800544739 199.8359375
41.780909299850464 199.3046875
42.32420325279236 198.68359375
41.890095949172974 199.41015625
42.147932052612305 199.13671875
42.05726861953735 198.63671875
41.97938346862793 199.59375
41.81126832962036 199.15234375
42.31715512275696 198.4375
42.07311725616455 199.79296875
41.889657497406006 199.44921875
42.1630482673645 198.9375
42.32834482192993 200.2578125
42.051740407943726 198.9296875
42.16130495071411 198.4921875
42.263025522232056 199.66015625
42.010542154312134 198.83984375
42.09026789665222 198.921875
42.1550407409668 199.3203125
41.88870024681091 199.36328125
42.32896041870117 198.41015625
42.264506578445435 199.7421875
41.97572922706604 198.89453125
42.059879541397095 198.4296875
41.954771757125854 199.48828125
42.222519397735596 198.859375
42.11605525016785 199.125
