12.431612730026245 121.3984375
12.412805318832397 121.61328125
12.391353368759155 122.41796875
12.510122299194336 122.1484375
12.305055379867554 122.36328125
12.446269035339355 123.01953125
12.336857795715332 122.62109375
12.443115234375 122.5390625
12.259547710418701 123.0546875
12.377031803131104 122.640625
12.48953127861023 122.75390625
12.754328966140747 122.890625
12.872077941894531 123.0234375
13.025978803634644 122.921875
12.799975872039795 123.65234375
12.773764610290527 123.17578125
12.890873908996582 123.23828125
12.700491189956665 123.19140625
12.449776411056519 123.140625
13.670885562896729 122.96484375
12.158690690994263 123.35546875
12.217228651046753 123.1875
12.425195693969727 122.921875
12.246853113174438 123.5390625
12.282499313354492 123.21875
12.276785850524902 122.9296875
12.22409987449646 123.30078125
12.26601243019104 123.21875
12.361663579940796 123.203125
12.141674280166626 123.75
12.268078804016113 123.265625
12.28365159034729 123.37109375
12.200947046279907 123.66796875
12.329689741134644 123.41796875
12.295828342437744 123.47265625
12.095300912857056 123.62109375
12.215792179107666 123.80078125
12.105785369873047 123.36328125
12.328662157058716 123.26171875
11.959097385406494 123.68359375
12.021120071411133 123.52734375
12.037231206893921 123.5234375
12.271290063858032 123.74609375
12.391167402267456 123.05859375
12.485531330108643 123.609375
12.462517976760864 123.55078125
12.297702312469482 123.27734375
12.368879556655884 123.703125
12.4953932762146 123.578125
12.27454662322998 123.6328125
12.660816431045532 124.015625
12.760859727859497 123.6875
12.776435613632202 123.78125
12.451382398605347 123.84375
12.49695634841919 123.95703125
12.56273889541626 123.86328125
12.636501550674438 124.0078125
12.57258915901184 123.953125
12.48591685295105 123.40234375
12.578886270523071 124.25390625
12.902547121047974 124.3671875
12.632312297821045 123.87890625
12.311618328094482 124.2578125
12.291187047958374 123.99609375
12.30715298652649 123.76171875
12.001284122467041 124.08984375
12.1783766746521 124.05859375
12.25593113899231 124.08203125
12.330389499664307 124.17578125
12.039085388183594 124.23828125
12.127524375915527 123.96875
12.353466987609863 124.171875
12.396996974945068 124.16015625
12.72342562675476 124.03125
13.012776851654053 123.8125
12.680627346038818 124.0546875
12.523437261581421 123.7578125
12.187526226043701 124.10546875
12.129558324813843 124.125
12.372331380844116 124.2578125
12.227770566940308 124.4609375
12.47414755821228 124.15234375
12.354190587997437 123.97265625
12.33238172531128 124.484375
13.644138097763062 124.6328125
13.691816329956055 124.09375
13.319149017333984 124.33203125
12.712908744812012 124.58984375
12.699323415756226 123.9921875
13.40520453453064 124.52734375
13.670291423797607 124.31640625
13.372851371765137 124.23046875
12.896559953689575 124.43359375
12.973254203796387 124.45703125
12.535078763961792 124.31640625
12.881290435791016 124.5703125
12.907646179199219 125.03515625
12.443205118179321 124.1484375
12.701030254364014 124.6953125
13.327783107757568 124.4765625
