0.353513240814209 88.796875
0.3696568012237549 89.92578125
0.3519861698150635 88.390625
0.3506953716278076 91.03515625
0.3556962013244629 89.8046875
0.36301660537719727 89.73046875
0.35286474227905273 89.71484375
0.35074663162231445 88.02734375
0.35051846504211426 89.69140625
0.38244032859802246 89.73046875
0.356935977935791 89.01953125
0.354550838470459 89.45703125
0.35101842880249023 89.55859375
0.3551313877105713 89.87109375
0.35175538063049316 89.24609375
0.34976720809936523 89.32421875
0.35579705238342285 90.375
0.3574802875518799 89.90234375
0.3542027473449707 89.921875
0.3558809757232666 88.71875
0.35235047340393066 90.30078125
0.35405921936035156 88.00390625
0.3546266555786133 89.22265625
0.34841036796569824 89.73046875
0.34954333305358887 89.44140625
0.3475959300994873 89.74609375
0.3515317440032959 89.58203125
0.3530888557434082 88.81640625
0.3106229305267334 88.92578125
0.3534104824066162 89.3203125
0.31350159645080566 88.23828125
0.35707831382751465 89.61328125
0.354794979095459 89.5390625
0.37523651123046875 91.38671875
0.35527467727661133 90.94140625
0.3508763313293457 89.9296875
0.3537611961364746 90.484375
0.35263633728027344 89.1953125
0.3476250171661377 89.05859375
0.3529226779937744 88.6015625
0.3544912338256836 90.890625
0.35455751419067383 90.6953125
0.3505439758300781 89.28515625
0.35398054122924805 89.55859375
0.35672664642333984 89.37109375
0.350536584854126 88.984375
0.3531363010406494 89.95703125
0.37778782844543457 91.57421875
0.3530545234680176 89.4296875
0.35596537590026855 91.21484375
0.35381174087524414 90.17578125
0.35299134254455566 90.08984375
0.3485424518585205 88.55078125
0.35398077964782715 90.58984375
0.3539607524871826 91.3046875
0.35431933403015137 90.0703125
0.3551614284515381 89.9453125
0.3550288677215576 89.921875
0.35427117347717285 89.546875
0.35319948196411133 88.16796875
0.3563838005065918 90.0
0.35736942291259766 89.80859375
0.35396742820739746 89.53125
0.35836362838745117 90.79296875
0.35056519508361816 89.3046875
0.3531196117401123 90.2421875
0.3519017696380615 88.76171875
0.3529469966888428 89.375
0.35804271697998047 89.7578125
0.353212833404541 89.921875
0.3545646667480469 91.26953125
0.36043453216552734 90.55078125
0.3523218631744385 90.77734375
0.3547241687774658 89.83984375
0.35481905937194824 90.15234375
0.35689663887023926 88.3671875
0.3524477481842041 89.515625
0.35392260551452637 88.69140625
0.35404276847839355 90.0703125
0.3873112201690674 91.62109375
0.35599780082702637 90.18359375
0.35796141624450684 90.99609375
0.38546204566955566 91.5546875
0.3555867671966553 90.078125
0.3499894142150879 89.27734375
0.3554806709289551 89.2109375
0.35407233238220215 89.33984375
0.3524296283721924 89.69921875
0.35498929023742676 90.3515625
0.35599589347839355 90.734375
0.3557729721069336 89.28515625
0.35279369354248047 88.8046875
0.3513495922088623 89.14453125
0.3523879051208496 89.734375
0.35402679443359375 90.19140625
0.3557453155517578 88.84765625
0.3498990535736084 88.85546875
0.35440659523010254 90.51171875
0.3522512912750244 88.9609375
0.35419368743896484 89.625
