18.035415172576904 118.91796875
17.813376903533936 119.82421875
17.78282618522644 120.53125
17.971476316452026 119.7734375
17.9730007648468 120.5
17.668354749679565 120.359375
17.836118459701538 119.78515625
17.744442224502563 120.28125
17.665103912353516 120.640625
17.87020707130432 120.05078125
17.89638113975525 120.2734375
17.695623636245728 120.34765625
17.83961296081543 120.15234375
17.681471824645996 120.68359375
17.46170163154602 120.40625
17.882954835891724 119.8984375
17.775362968444824 120.3984375
17.576676607131958 120.4609375
18.021135330200195 120.22265625
17.719249725341797 120.93359375
17.57691240310669 121.1640625
17.88991069793701 120.265625
17.930877685546875 121.36328125
17.815638780593872 121.10546875
17.910215854644775 120.92578125
17.828600883483887 120.98046875
17.736555576324463 121.17578125
18.011552095413208 120.65234375
17.776733875274658 121.17578125
17.77311873435974 121.0390625
18.053687572479248 120.58984375
17.832473278045654 121.18359375
17.862966537475586 121.1640625
17.75789451599121 120.828125
17.784538984298706 121.49609375
17.666958808898926 121.20703125
17.993987798690796 121.13671875
17.74132466316223 121.1015625
17.881698846817017 121.0859375
18.05871820449829 121.14453125
17.835736513137817 121.20703125
17.687467575073242 120.9765625
17.916179418563843 121.34765625
17.747108459472656 121.67578125
17.80601668357849 121.28125
18.06061553955078 121.10546875
17.75561022758484 121.9296875
17.709152460098267 121.53125
18.046282529830933 121.26953125
17.754334926605225 121.84375
17.965657711029053 121.64453125
17.988370656967163 121.2265625
17.914019107818604 121.48046875
17.795957326889038 121.765625
17.9626305103302 121.20703125
17.879496812820435 121.45703125
17.743003368377686 121.75
17.938743114471436 121.7109375
17.89728283882141 121.75
17.870259046554565 121.625
18.002476692199707 121.2265625
17.851803302764893 121.7421875
17.726482629776 121.68359375
18.06265091896057 121.40625
17.830727577209473 121.9140625
17.84303617477417 121.70703125
17.95662498474121 121.46875
17.780272245407104 121.6328125
17.872170448303223 121.68359375
18.073875665664673 121.734375
17.718828201293945 121.7734375
17.82889986038208 122.4140625
18.025304079055786 121.17578125
17.830836534500122 121.78515625
17.770619869232178 122.02734375
17.95363163948059 121.91015625
17.743412256240845 122.00390625
17.83510684967041 122.3046875
18.129887580871582 121.7890625
17.8060405254364 121.671875
17.90333652496338 122.1953125
17.903518199920654 121.8359375
17.811721086502075 121.828125
17.85194230079651 122.4453125
17.963165760040283 121.890625
17.743165731430054 121.98046875
17.873536109924316 122.4140625
17.883529663085938 121.70703125
17.900358200073242 122.09765625
17.853410482406616 122.2578125
18.098623514175415 121.8203125
17.870010375976562 122.3984375
18.03919744491577 122.375
18.02453112602234 121.984375
17.961692333221436 122.32421875
17.83192801475525 122.29296875
17.91020917892456 121.9609375
17.86077070236206 121.85546875
17.890515565872192 122.27734375
17.896063804626465 121.85546875
