26.824508666992188 163.3515625
26.675084590911865 168.59375
26.577519416809082 171.2265625
26.993901252746582 168.15234375
26.730538368225098 168.84375
26.62527060508728 170.3125
27.049655437469482 169.22265625
26.845787525177002 169.66796875
26.73258376121521 171.52734375
27.027072429656982 169.6953125
26.763476848602295 169.7109375
26.73155426979065 171.36328125
27.1556613445282 170.02734375
26.86212396621704 169.9609375
26.79867672920227 173.6640625
27.105520248413086 170.453125
26.86571216583252 171.30859375
26.849543809890747 172.62890625
27.1255784034729 169.9921875
27.022109508514404 171.76953125
26.96296977996826 172.16015625
27.129430532455444 170.58984375
26.568371295928955 171.14453125
26.550942182540894 172.609375
26.795008659362793 170.8828125
26.674105167388916 171.12109375
26.5327308177948 172.3359375
26.838963508605957 171.35546875
26.718221426010132 172.04296875
26.497095823287964 172.796875
29.74271249771118 169.83203125
26.57340717315674 172.52734375
26.4873104095459 172.890625
26.729939460754395 172.71875
26.62241506576538 172.87890625
26.551613569259644 172.9453125
26.712738275527954 170.8046875
26.66523814201355 172.078125
26.524433135986328 174.01171875
26.779507160186768 171.64453125
26.6847882270813 172.16796875
26.589810371398926 172.75390625
26.55940294265747 171.48828125
26.63296413421631 171.64453125
26.549801111221313 173.09765625
26.711269855499268 171.6875
26.679683446884155 173.0859375
26.585635900497437 172.6171875
26.699315786361694 172.640625
26.60633611679077 171.81640625
26.55870032310486 172.73828125
26.726176500320435 171.8203125
26.684807777404785 172.109375
26.72606348991394 172.9375
26.916946411132812 172.15625
26.586397171020508 172.41015625
29.63743019104004 171.11328125
26.835124015808105 171.79296875
26.63116431236267 173.12109375
26.74060297012329 173.57421875
29.96645736694336 170.421875
26.59735107421875 172.078125
29.631192684173584 171.15234375
26.763890743255615 172.00390625
26.687439441680908 172.90234375
26.717525959014893 174.44921875
26.772119283676147 172.453125
26.66978669166565 172.26953125
26.67479181289673 173.1875
26.789032459259033 172.33203125
26.777021169662476 174.38671875
26.554312467575073 174.7265625
26.783684253692627 174.0078125
26.59832501411438 172.62890625
29.660393476486206 170.875
26.744426727294922 172.78125
26.746121168136597 172.44921875
26.734456300735474 174.2890625
26.740797758102417 174.12890625
26.70555877685547 173.453125
26.721577644348145 173.65625
29.848764181137085 170.87109375
26.681119441986084 171.98046875
26.628568649291992 173.13671875
26.799371242523193 173.3203125
26.73466444015503 172.8359375
26.64951491355896 174.12890625
26.7795512676239 173.64453125
29.757925510406494 170.87890625
26.8654944896698 173.6328125
26.801238298416138 172.57421875
26.800264835357666 173.59375
26.843980073928833 174.37109375
26.786635637283325 172.4921875
29.747676610946655 170.4921875
26.539740324020386 174.07421875
26.939245223999023 172.95703125
26.64089846611023 173.05859375
26.671321868896484 174.09375
26.689088344573975 172.953125
