145.58180618286133 180.64453125
144.64505577087402 186.69921875
143.94823122024536 189.03515625
146.99764370918274 187.32421875
144.54679107666016 188.3671875
145.43831539154053 190.18359375
146.5720489025116 187.94921875
145.65872931480408 189.25390625
145.18869876861572 190.43359375
146.7563874721527 189.39453125
144.9520378112793 189.31640625
144.95688152313232 191.01953125
146.65845823287964 189.65234375
145.68420577049255 190.7265625
145.6709566116333 190.56640625
147.62209486961365 190.40234375
145.60961532592773 190.7734375
144.63024163246155 190.8359375
146.75930404663086 190.26953125
145.67658114433289 189.84375
144.30983018875122 191.71875
147.22087502479553 190.4453125
145.72968673706055 190.59765625
145.05021357536316 192.0234375
147.45124626159668 190.4375
145.64958906173706 190.62109375
145.74868249893188 193.12109375
147.3076469898224 191.41015625
146.21790719032288 190.65234375
146.12050700187683 192.2890625
147.25663256645203 191.48828125
146.7755310535431 190.78125
146.005286693573 192.421875
147.5565700531006 191.875
146.94695019721985 191.75390625
145.54178547859192 192.8984375
147.91156840324402 191.55859375
147.06987357139587 191.47265625
146.30802011489868 192.58984375
147.37509393692017 191.703125
146.05201935768127 191.375
146.19048762321472 191.68359375
148.5485281944275 192.0390625
146.52857089042664 192.01171875
146.62375593185425 193.2421875
148.5931990146637 191.52734375
146.06368112564087 191.84375
146.23848247528076 193.515625
148.10217189788818 192.22265625
147.107905626297 191.64453125
146.06337714195251 193.3515625
147.9420130252838 192.34765625
145.96595740318298 191.99609375
146.1043140888214 193.359375
147.69177341461182 192.0234375
146.25435185432434 192.8671875
145.7424771785736 193.32421875
147.33583760261536 192.3046875
145.9846727848053 192.1796875
146.65028357505798 193.828125
147.88660526275635 192.37109375
146.12684893608093 192.6796875
145.48749256134033 193.59765625
147.45299530029297 192.6875
146.15615916252136 192.90234375
145.84945464134216 193.0703125
149.34148693084717 191.9453125
146.69220542907715 193.0078125
146.4819052219391 193.34765625
147.38616132736206 192.7578125
146.39236688613892 193.8984375
146.70547032356262 194.875
147.8661241531372 192.76171875
146.58805775642395 192.19921875
146.47849297523499 193.41015625
147.88480854034424 194.015625
146.43670105934143 193.44140625
146.0225670337677 193.34375
148.03644704818726 193.30859375
145.79274654388428 193.21484375
145.91871786117554 192.65625
148.71421074867249 193.1171875
146.88107824325562 192.921875
147.00845527648926 194.375
148.26077342033386 193.26171875
146.2538766860962 193.63671875
147.35585641860962 193.44921875
147.87216544151306 192.73828125
146.56269335746765 193.453125
147.63114500045776 192.86328125
149.10020756721497 193.0859375
147.72545838356018 193.74609375
146.2907440662384 194.37109375
148.75795674324036 193.0625
147.72965574264526 193.27734375
146.35703778266907 193.43359375
148.17356824874878 193.359375
147.0214970111847 193.203125
146.9929232597351 192.80078125
149.47163128852844 193.703125
