35.510581970214844 179.2578125
35.09613275527954 187.16015625
34.79761862754822 188.46484375
35.749457120895386 187.46875
35.203020095825195 187.64453125
34.83885335922241 188.98828125
35.60213303565979 188.53515625
35.333714962005615 188.3515625
35.14054584503174 189.0859375
35.64200735092163 188.40625
35.36350607872009 188.375
35.22857594490051 189.58203125
35.61904168128967 189.84375
35.30428099632263 188.58203125
35.0680992603302 189.58984375
35.65819311141968 189.14453125
35.3554162979126 188.953125
35.25438213348389 189.546875
35.69131565093994 189.25
35.401283979415894 189.171875
35.27122759819031 190.48046875
35.65092897415161 189.625
35.421334743499756 189.98828125
35.26472544670105 189.5078125
35.485480308532715 189.7734375
35.38930606842041 189.3828125
35.28323531150818 190.2265625
35.69899320602417 189.4296875
35.41092085838318 189.8828125
35.267277002334595 190.08984375
35.736315965652466 189.25390625
35.61037516593933 190.40625
35.35428166389465 190.7421875
35.776708126068115 189.60546875
35.4975221157074 189.26171875
35.29064154624939 190.703125
35.627439737319946 189.5078125
35.446528911590576 190.00390625
35.5907416343689 191.296875
35.80342721939087 191.07421875
35.48734498023987 190.01953125
35.32763171195984 190.44921875
35.7641966342926 190.12890625
35.57313394546509 190.0390625
35.5235812664032 190.6171875
35.838452100753784 190.15625
35.63070344924927 190.3046875
35.46055722236633 191.10546875
35.67267990112305 190.625
35.67702794075012 190.0703125
35.49648308753967 190.59765625
35.800668478012085 190.1953125
35.5034704208374 190.26953125
35.49809169769287 190.6953125
35.6824734210968 190.4609375
35.764888763427734 190.80078125
35.328858852386475 190.72265625
35.833659410476685 190.22265625
35.598729610443115 190.39453125
35.33123540878296 190.43359375
35.64380121231079 190.140625
35.56998157501221 190.5859375
35.45700263977051 191.3515625
35.767346143722534 191.16796875
35.51699256896973 190.83203125
35.643508195877075 190.67578125
35.740458726882935 190.11328125
35.49119544029236 189.95703125
35.43300747871399 190.6171875
35.77109456062317 190.12890625
35.64287543296814 191.92578125
35.6034836769104 191.671875
35.80480432510376 190.8515625
35.56367349624634 190.1328125
35.574055671691895 190.7109375
35.7245078086853 190.49609375
35.6988480091095 190.85546875
35.524924755096436 190.921875
35.783690214157104 190.265625
35.65459585189819 190.859375
35.54623031616211 190.87890625
35.72102665901184 190.26953125
35.59996223449707 190.12109375
35.46909999847412 190.9453125
35.75686025619507 190.1171875
35.57024621963501 190.78515625
35.776434659957886 190.62109375
35.817357540130615 191.2578125
35.71924018859863 190.515625
35.55760312080383 191.02734375
35.765130281448364 190.23046875
35.5794882774353 190.10546875
35.59849524497986 190.828125
35.816375970840454 190.43359375
35.55536508560181 190.3046875
35.59515070915222 191.6640625
35.7186336517334 190.75390625
35.64702105522156 190.8671875
35.495880126953125 190.9609375
35.89450812339783 190.32421875
