19.14980459213257 131.98046875
19.12561273574829 132.33203125
19.162691354751587 133.109375
19.17462158203125 133.375
19.340855360031128 133.41796875
19.222609758377075 133.34375
19.101264476776123 133.6328125
19.15818452835083 133.47265625
18.31339120864868 133.33203125
19.13700270652771 133.40625
19.28199863433838 133.65625
19.077409029006958 134.24609375
19.19317364692688 134.31640625
19.853134632110596 134.3515625
20.05074954032898 133.94140625
20.01628041267395 134.1640625
20.057977199554443 133.44140625
20.003873825073242 133.953125
20.145001649856567 133.77734375
20.156327486038208 133.8359375
20.123486042022705 134.35546875
20.109639167785645 134.47265625
20.134087324142456 134.5390625
20.179866552352905 133.73046875
20.211965322494507 134.0
19.996994018554688 133.8671875
20.037258625030518 133.76953125
20.146347761154175 134.109375
20.097979068756104 133.82421875
20.117783308029175 134.16015625
20.143531799316406 134.18359375
20.130306243896484 134.0703125
20.25303292274475 134.5859375
20.149149417877197 133.88671875
20.07840871810913 134.6796875
19.986313581466675 134.48828125
20.12001872062683 134.81640625
20.019099950790405 134.59765625
19.2733097076416 134.359375
19.32820177078247 134.1640625
19.18163013458252 134.55859375
19.13250231742859 134.68359375
19.468214988708496 133.953125
19.311961889266968 134.33984375
19.08353090286255 134.8046875
19.545948028564453 134.63671875
19.13839364051819 134.125
19.183271646499634 134.37890625
19.322874784469604 134.0234375
19.172274589538574 134.328125
18.831411600112915 134.53515625
19.14746594429016 134.70703125
19.152565002441406 134.328125
19.09070062637329 134.78125
18.596889972686768 134.25390625
19.164883852005005 134.21875
19.12159490585327 134.109375
18.930617332458496 134.24609375
18.937865257263184 134.81640625
19.193750858306885 134.82421875
19.271520376205444 134.7109375
19.168082237243652 134.64453125
19.15007996559143 134.8515625
19.259904861450195 134.515625
19.2123384475708 134.5234375
19.219813108444214 135.03515625
19.213600873947144 134.14453125
19.16401958465576 134.68359375
19.211593627929688 135.3203125
19.369553327560425 134.70703125
19.206312656402588 134.515625
19.161937713623047 134.6171875
18.83867311477661 134.59765625
19.026215076446533 134.4921875
19.25799322128296 134.4375
18.99349331855774 135.05859375
18.869587421417236 135.23046875
19.247518062591553 135.19140625
19.420377016067505 134.421875
19.22392988204956 134.359375
19.48326325416565 134.8984375
19.4908447265625 134.67578125
19.40872097015381 134.53125
19.20125102996826 134.44921875
19.123399257659912 134.98046875
19.19278860092163 134.58984375
19.081308364868164 134.7421875
19.382031440734863 134.265625
19.124998807907104 134.66015625
19.1348614692688 134.81640625
19.365191221237183 134.66015625
19.191054344177246 134.81640625
19.16743040084839 134.73046875
19.31720733642578 134.74609375
19.2616605758667 135.39453125
18.966577291488647 134.85546875
19.26310110092163 134.375
19.34447407722473 134.6484375
19.057515144348145 135.02734375
19.241254806518555 135.0234375
