6.480013608932495 105.875
6.466469049453735 105.72265625
6.4416303634643555 106.24609375
6.448678731918335 105.2890625
6.507581472396851 105.484375
6.43236231803894 106.03515625
6.546369552612305 105.625
6.521367788314819 105.9765625
6.513336896896362 106.234375
6.495506763458252 106.0546875
6.471514940261841 105.84375
6.418787956237793 106.19140625
6.463289737701416 105.53515625
6.5662078857421875 106.109375
6.473475933074951 106.015625
6.586521148681641 105.39453125
6.534406661987305 106.30859375
6.470984220504761 106.2734375
6.525910139083862 106.1484375
6.586122512817383 106.2109375
6.537937164306641 106.234375
6.487727642059326 106.13671875
6.481877088546753 106.1015625
6.49116325378418 106.2734375
6.574477910995483 105.64453125
6.569117307662964 105.9765625
6.541191101074219 106.19140625
6.494450569152832 106.40234375
6.568508148193359 106.18359375
6.4753570556640625 105.92578125
6.58210301399231 106.19921875
6.464667081832886 106.36328125
6.422806978225708 106.453125
6.468001365661621 106.37109375
6.55577540397644 106.05078125
6.425640106201172 106.9375
6.459703207015991 106.30078125
6.534924745559692 106.9765625
6.424050331115723 106.5546875
6.50766658782959 106.13671875
6.518694639205933 107.49609375
6.4306960105896 106.41015625
6.483125448226929 107.375
6.534387826919556 106.45703125
6.454512119293213 107.3125
6.50399112701416 106.828125
6.616120100021362 107.484375
6.435396432876587 106.890625
6.5268895626068115 106.9375
6.527719497680664 107.0546875
6.4821741580963135 106.609375
6.477220296859741 107.16015625
6.560946226119995 106.87890625
6.483449697494507 106.78515625
6.512782096862793 106.3984375
6.567850828170776 106.44921875
6.519599437713623 106.1796875
6.522624492645264 106.25
6.571294784545898 106.88671875
6.482066869735718 106.69921875
6.695554494857788 108.1875
6.4718053340911865 107.81640625
6.442143440246582 106.9765625
6.508635520935059 106.25
6.532168388366699 107.58203125
6.422947883605957 106.78125
6.449901103973389 106.2109375
6.575106620788574 106.88671875
6.417424440383911 106.703125
6.506499528884888 106.90234375
6.482908725738525 106.53515625
6.405213117599487 107.01953125
6.530519008636475 106.43359375
6.579533100128174 107.08203125
6.469247102737427 106.70703125
6.471570014953613 106.41796875
6.530288934707642 108.69921875
6.424583196640015 106.83984375
6.514592409133911 107.640625
6.628350019454956 106.52734375
6.428530216217041 106.51953125
6.440824508666992 106.48828125
6.545784950256348 106.80078125
6.4386444091796875 106.83984375
6.445459365844727 106.33203125
6.537911653518677 106.92578125
6.439176321029663 106.84765625
6.514590263366699 106.546875
6.498915433883667 107.0234375
6.437646150588989 106.453125
6.473162651062012 106.71875
6.701101303100586 107.17578125
6.4106245040893555 106.796875
6.515809535980225 106.75390625
6.503735303878784 107.09375
6.467437267303467 106.69140625
6.531688690185547 107.3046875
6.512826919555664 106.84375
6.437130928039551 106.80078125
6.611407995223999 106.6953125
