9.064782619476318 107.45703125
9.102352857589722 107.6640625
8.917875051498413 107.734375
8.99158263206482 107.46875
8.994523525238037 107.74609375
8.94858980178833 108.17578125
9.02894115447998 107.67578125
9.019317626953125 107.6171875
8.89524245262146 108.1015625
9.103194236755371 107.93359375
9.029452800750732 107.76953125
9.054469585418701 108.33984375
9.172056674957275 108.24609375
9.105324745178223 108.05078125
9.012845754623413 108.48046875
9.16015887260437 108.078125
9.053420782089233 107.859375
9.035330772399902 108.36328125
9.0579833984375 107.99609375
9.081795692443848 107.92578125
9.005254745483398 108.265625
9.014976024627686 107.984375
9.073930025100708 108.09765625
9.020702600479126 108.30859375
9.15357232093811 108.6875
9.154145002365112 108.09765625
9.051141500473022 108.390625
9.126301765441895 108.38671875
9.02489948272705 108.46875
9.049349784851074 108.421875
9.096848964691162 108.453125
9.06039834022522 108.421875
8.981002807617188 108.45703125
9.050983905792236 108.60546875
9.073575735092163 108.484375
9.076241254806519 108.99609375
9.065591812133789 108.69140625
9.043861865997314 108.62890625
8.998396635055542 108.64453125
9.084226131439209 108.87109375
9.012819051742554 108.7109375
8.986639499664307 108.59765625
9.063692808151245 109.0078125
9.071576833724976 108.6328125
9.049679279327393 108.9609375
9.057711601257324 109.1875
9.05868649482727 108.7109375
9.028849601745605 108.88671875
9.087409973144531 109.296875
9.006688594818115 108.515625
8.811738967895508 109.203125
9.082005977630615 109.17578125
9.005867004394531 108.8203125
9.054958820343018 108.86328125
9.022127389907837 109.2421875
9.00444746017456 108.6953125
9.049045324325562 109.0703125
9.057539939880371 109.453125
9.009968757629395 108.6484375
9.305807113647461 109.1484375
9.043512105941772 109.05859375
8.987549066543579 109.09375
8.965914726257324 108.94921875
8.999763250350952 109.3203125
8.977585077285767 109.2890625
9.082764387130737 109.13671875
8.997184991836548 109.16015625
8.983856678009033 109.11328125
9.01593017578125 108.98828125
9.189084529876709 109.234375
8.972962856292725 108.91796875
9.068793058395386 109.13671875
8.998175859451294 109.1484375
9.012877225875854 109.390625
9.046433687210083 109.22265625
9.075439453125 109.26953125
9.03519082069397 109.08203125
9.091069221496582 108.8828125
9.051498651504517 108.94921875
8.962877988815308 109.09765625
9.029428720474243 109.15625
9.015930652618408 109.10546875
8.975987672805786 110.1953125
9.06305456161499 109.28125
9.020163536071777 109.03515625
8.994386672973633 109.265625
9.012214660644531 108.98046875
8.771954536437988 108.97265625
8.974843978881836 109.05859375
9.032495021820068 109.015625
9.015871286392212 109.0390625
9.020966529846191 109.09765625
8.987078428268433 109.125
9.184226036071777 108.9609375
9.100144863128662 109.16015625
8.996052265167236 109.109375
9.053731441497803 108.97265625
8.96517276763916 109.40625
9.029191017150879 109.0234375
9.051603317260742 109.203125
