24.25395178794861 168.09375
24.020803451538086 172.28515625
23.990726947784424 173.19921875
24.506266593933105 171.91015625
24.2010555267334 172.40234375
24.152801752090454 173.8515625
24.447984218597412 172.64453125
24.343045949935913 172.59375
24.04602074623108 175.5078125
24.499881267547607 173.31640625
24.334353923797607 173.95703125
24.031049728393555 174.48828125
24.542167901992798 173.15234375
24.34493398666382 174.13671875
24.258480548858643 174.65625
24.603495597839355 173.37109375
24.297686338424683 174.0078125
24.318690538406372 175.1875
24.6886088848114 173.90234375
24.520078897476196 173.81640625
24.372318029403687 175.32421875
24.638946771621704 173.890625
24.472249507904053 173.91015625
24.34870672225952 175.9765625
24.458204746246338 174.90234375
24.53723406791687 174.6171875
24.310550689697266 175.90625
24.452314615249634 174.30859375
24.620480060577393 174.1484375
24.39925265312195 175.296875
24.591808080673218 174.265625
24.70433735847473 174.78125
24.460618019104004 175.5
24.601726770401 174.4453125
24.48252534866333 174.8125
24.50577449798584 175.4375
24.66517925262451 174.125
24.51231551170349 174.890625
24.422959804534912 175.64453125
24.645816802978516 174.09765625
24.282548189163208 175.2109375
24.450530529022217 175.5625
24.77767014503479 175.08984375
24.447365760803223 175.73046875
24.4931902885437 175.4765625
24.623016595840454 175.16796875
24.83226442337036 174.69921875
24.51603627204895 175.30078125
24.6731436252594 174.65625
24.51587462425232 174.984375
24.46433401107788 175.83203125
24.742103815078735 174.70703125
24.58249044418335 175.15234375
24.623854398727417 175.43359375
24.75404381752014 174.5703125
24.572004795074463 175.3046875
24.311473608016968 176.11328125
24.647308111190796 174.7265625
24.751955032348633 175.19921875
24.30971050262451 176.17578125
24.799903392791748 174.609375
24.57481050491333 175.46484375
24.49724268913269 176.23046875
24.663417100906372 175.08203125
24.593878984451294 176.1640625
24.63170862197876 176.6171875
24.724833726882935 175.0703125
24.6615092754364 175.15625
24.60197877883911 176.6640625
24.639370441436768 175.08203125
24.632287979125977 175.4375
24.539226770401 176.17578125
24.594271659851074 175.71484375
24.609991312026978 175.4765625
24.52893829345703 176.171875
24.680819034576416 175.17578125
24.645910024642944 175.31640625
24.61278796195984 176.546875
24.774797916412354 175.375
24.57973074913025 175.47265625
24.558777332305908 176.73046875
24.866349697113037 175.04296875
24.61371684074402 175.6875
24.666470527648926 175.8828125
24.654961109161377 175.09375
24.627350330352783 175.55859375
24.596550703048706 176.64453125
24.761528253555298 175.171875
24.446800708770752 175.65234375
24.560144662857056 175.765625
24.8529851436615 175.36328125
24.493440628051758 176.3671875
24.580883502960205 175.6875
24.770673751831055 175.4375
24.597915410995483 175.77734375
24.56211566925049 177.0859375
24.74605679512024 175.90625
24.620166301727295 175.40625
24.530742406845093 176.546875
24.79551362991333 175.1796875
