42.479554176330566 147.09765625
45.233208417892456 148.36328125
43.976335763931274 149.73828125
43.99598574638367 149.578125
44.22754406929016 150.0
42.76446461677551 151.36328125
43.206207513809204 150.484375
44.11066007614136 150.74609375
43.92518615722656 150.94140625
43.82340216636658 150.8046875
42.41179013252258 151.32421875
44.057856798172 151.2421875
49.603572845458984 151.19921875
44.73957133293152 150.93359375
45.98490285873413 151.296875
45.181965351104736 151.4375
43.314319372177124 151.08984375
45.51320219039917 151.19140625
52.414148569107056 151.84765625
44.40037989616394 151.12890625
43.893061876297 151.1328125
46.16838884353638 151.546875
47.06227350234985 151.7578125
42.542924880981445 151.421875
41.91562581062317 151.65234375
41.69094276428223 151.13671875
41.539101123809814 151.5078125
41.88851308822632 151.67578125
41.704713106155396 151.59765625
41.42442989349365 151.41796875
41.73534893989563 151.8671875
41.805615186691284 151.50390625
41.55443835258484 151.55859375
41.77804732322693 151.87109375
41.67224621772766 151.5625
41.60796928405762 151.9296875
41.69996476173401 151.796875
41.62082648277283 152.66015625
41.55430030822754 152.11328125
41.59433555603027 151.98046875
41.82663822174072 151.4140625
41.4410924911499 152.38671875
41.642457246780396 151.87890625
41.5136353969574 151.609375
41.49021244049072 151.59765625
41.80908131599426 151.6875
41.653114318847656 152.01171875
41.3698034286499 152.19140625
41.906177282333374 151.55078125
42.02845358848572 152.22265625
41.649160385131836 151.56640625
41.78705191612244 152.3359375
41.815226316452026 151.9453125
41.87242341041565 151.73046875
41.84688639640808 151.7578125
41.97126030921936 152.078125
41.964449405670166 152.04296875
41.7572124004364 152.25
41.77112317085266 151.5546875
41.680898666381836 152.48828125
41.745664834976196 152.3828125
42.58787417411804 152.19921875
41.5328004360199 152.15625
41.62278628349304 152.06640625
41.789705753326416 152.05078125
41.48252248764038 153.0625
41.889506101608276 151.98828125
41.99166011810303 153.19140625
41.74445343017578 152.46484375
42.14666509628296 152.4140625
42.08045554161072 152.72265625
41.83924841880798 152.484375
41.693093061447144 152.58984375
41.53008556365967 152.29296875
41.78182053565979 152.93359375
41.723984718322754 152.5078125
42.08365082740784 152.17578125
41.616103410720825 152.4140625
41.89687180519104 152.25390625
41.81994605064392 152.546875
41.77385139465332 152.72265625
41.809738874435425 152.5078125
41.830578327178955 152.13671875
41.723384857177734 152.5859375
41.90005707740784 152.33984375
40.82944917678833 152.18359375
41.92659044265747 153.05078125
42.001309633255005 153.3359375
41.74858117103577 152.61328125
41.62129616737366 152.6875
41.91523742675781 152.20703125
41.760465145111084 152.7265625
41.80223798751831 152.39453125
42.70014476776123 152.56640625
41.85873508453369 151.98828125
41.93377995491028 153.2109375
42.10586977005005 152.703125
42.06219506263733 153.08984375
42.04872012138367 152.74609375
42.038516998291016 153.04296875
