10.449703216552734 139.14453125
10.56664490699768 139.92578125
10.443053245544434 140.51171875
10.607160329818726 140.58203125
10.551602840423584 140.3046875
10.533581733703613 141.4140625
10.648914098739624 140.97265625
10.64481496810913 140.828125
10.513493776321411 141.73046875
10.67636775970459 141.66015625
10.625649690628052 141.7265625
10.538020133972168 142.58203125
10.618456840515137 141.83984375
10.68589472770691 141.48046875
10.532434701919556 142.71875
10.737828969955444 141.984375
10.680346012115479 141.84375
10.635674476623535 142.43359375
10.717341184616089 142.05078125
10.726335287094116 141.8046875
10.727654933929443 142.890625
10.695831060409546 142.34375
10.697525978088379 142.171875
10.652429342269897 142.70703125
10.702416896820068 143.30078125
10.735546588897705 142.484375
10.734765529632568 143.3515625
10.740083932876587 142.84375
10.715050458908081 142.56640625
10.696901321411133 143.265625
10.785038948059082 142.85546875
10.750527381896973 142.265625
10.74027156829834 143.54296875
10.717853307723999 142.97265625
10.712953805923462 142.4296875
10.702980518341064 143.515625
10.752774715423584 143.10546875
10.744246244430542 143.046875
10.706730842590332 143.6796875
10.75799012184143 143.328125
10.69636082649231 143.4765625
10.658670663833618 143.3203125
10.71129584312439 143.66015625
10.693052053451538 143.98046875
10.678647518157959 143.28515625
10.765730381011963 143.359375
10.743094444274902 144.03515625
10.657880783081055 144.26953125
10.753697633743286 143.13671875
10.676817178726196 143.9921875
10.740681886672974 143.97265625
10.68819260597229 143.84765625
10.734858751296997 144.04296875
10.665278673171997 143.89453125
10.746308088302612 143.82421875
10.699267148971558 143.83984375
10.713918924331665 144.12890625
10.738834857940674 144.046875
10.673809289932251 144.0859375
10.654637575149536 144.37109375
10.723411798477173 143.6875
10.72327184677124 144.11328125
10.703603744506836 144.2734375
10.766668319702148 143.546875
10.72352409362793 144.0625
10.703977584838867 144.21875
10.726163625717163 143.859375
10.689645051956177 144.0703125
10.657967567443848 144.34765625
10.692881107330322 143.66796875
10.757378101348877 144.21875
10.726295232772827 144.37890625
10.660524606704712 143.8046875
10.738805294036865 144.171875
10.68776798248291 144.234375
10.728382587432861 144.625
10.716314792633057 144.43359375
10.697689533233643 144.2109375
10.782351732254028 144.02734375
10.713327169418335 144.73828125
10.812944173812866 143.86328125
10.743831157684326 144.11328125
10.821425199508667 144.22265625
10.717349529266357 144.1015625
10.703383445739746 143.83984375
10.73468565940857 144.75
10.711670398712158 144.828125
10.747333526611328 144.1796875
10.722792148590088 144.890625
10.778617858886719 144.83984375
10.677644729614258 144.3125
10.70037293434143 144.44921875
10.752990961074829 144.4140625
10.719070196151733 144.30859375
10.717445135116577 144.57421875
10.726281642913818 144.33203125
10.736684799194336 144.33984375
10.7432382106781 144.5
10.688505411148071 144.5859375
10.634249448776245 144.1171875
