23.59551453590393 151.05078125
22.76645255088806 154.71875
21.50408101081848 155.32421875
21.80591082572937 154.62109375
22.45893406867981 154.6328125
20.099620580673218 156.36328125
22.800894737243652 155.40625
22.907381534576416 155.19921875
23.129855155944824 156.41796875
23.948709726333618 155.265625
22.47138285636902 155.1875
20.0075843334198 157.01171875
22.786819458007812 155.4921875
22.155993461608887 155.1953125
22.45339298248291 156.5625
23.07008957862854 155.28125
22.00047016143799 155.453125
21.87474513053894 157.0859375
20.060195922851562 156.17578125
22.017799377441406 155.6640625
22.964555978775024 157.484375
23.552200317382812 155.71875
23.53324294090271 155.99609375
23.015010118484497 157.421875
20.598650217056274 156.5390625
22.74573016166687 156.37890625
22.620502710342407 158.0
22.835608959197998 156.33984375
22.287017345428467 156.4296875
22.584984064102173 157.6796875
21.843803644180298 156.47265625
21.310073375701904 156.078125
21.83390974998474 157.4453125
21.976308822631836 156.69921875
20.966989994049072 156.81640625
20.595675945281982 157.14453125
20.982269287109375 156.484375
20.817277669906616 156.87109375
20.999594688415527 157.7109375
21.288975954055786 156.9609375
22.71913504600525 156.96484375
22.821817636489868 158.39453125
22.235501766204834 156.2734375
21.55607771873474 156.93359375
21.924619436264038 158.30078125
22.630564212799072 157.453125
22.06204342842102 156.828125
21.087316513061523 158.09765625
22.263863801956177 156.5
21.74255871772766 157.23828125
19.383065223693848 158.54296875
21.79019784927368 157.03515625
22.015580892562866 157.24609375
22.6169855594635 158.25
21.813506603240967 156.80078125
21.76236319541931 157.51171875
19.5771541595459 158.69140625
21.82555055618286 156.859375
22.039841651916504 157.328125
22.132717609405518 158.21484375
22.38456964492798 157.125
21.982916831970215 157.60546875
21.6522274017334 158.0625
21.41680145263672 157.3125
21.700910568237305 157.578125
21.917977333068848 158.359375
22.38504123687744 157.5390625
22.594566583633423 157.48046875
21.556365489959717 158.48828125
22.331809759140015 157.5234375
22.365821838378906 158.0859375
21.987016201019287 158.12109375
22.510030508041382 157.2421875
21.78123378753662 157.94921875
22.30640745162964 158.1640625
22.710026025772095 157.3984375
22.227275371551514 157.9921875
21.849348545074463 158.4140625
22.488638401031494 157.5390625
23.12547993659973 158.22265625
22.300851106643677 158.265625
22.524040937423706 157.31640625
19.680902004241943 159.03515625
22.714913368225098 158.64453125
22.286213397979736 157.3046875
22.480716228485107 158.1484375
22.22672462463379 158.34375
21.339594841003418 157.8125
20.96514058113098 158.5390625
22.044404983520508 159.0625
21.884086847305298 157.84765625
21.721071243286133 157.9609375
21.441815853118896 158.63671875
21.075643301010132 157.60546875
20.887766361236572 157.921875
20.79591727256775 158.66015625
21.20935869216919 158.1640625
20.878978490829468 158.328125
21.8723886013031 158.6015625
21.585953950881958 157.62890625
