5.756324768066406 124.375
5.03666615486145 126.87109375
5.728652238845825 125.91015625
5.134381055831909 126.109375
4.982566595077515 126.1796875
4.987377405166626 126.88671875
5.03390645980835 126.4765625
5.77510142326355 125.796875
5.717718124389648 126.08984375
5.787053108215332 125.73828125
5.7298643589019775 126.1796875
5.720566749572754 126.671875
5.067673444747925 126.5
5.772099256515503 126.3046875
5.04086971282959 127.91015625
5.795029163360596 125.8046875
5.744456768035889 126.625
5.063249111175537 128.38671875
5.07193922996521 127.67578125
5.775328636169434 126.46484375
5.758105278015137 127.26171875
5.059345960617065 126.8515625
5.77389931678772 126.42578125
5.757453680038452 126.96484375
5.809170484542847 126.28515625
5.7728612422943115 126.48828125
5.024591445922852 127.9609375
5.053205728530884 127.21875
5.063020467758179 128.50390625
5.7851293087005615 126.96875
5.813341856002808 126.515625
5.745253086090088 126.7265625
5.01445746421814 128.08203125
5.7966039180755615 126.875
5.785299301147461 126.78515625
5.761983394622803 127.62109375
5.780694484710693 126.6171875
5.0610575675964355 128.18359375
5.770974636077881 127.57421875
5.119368076324463 127.58984375
5.770599842071533 127.33203125
5.094953775405884 128.14453125
5.801892042160034 127.06640625
5.043455362319946 128.92578125
5.037027597427368 129.39453125
5.793843746185303 127.1640625
5.767194986343384 127.12109375
5.809481382369995 127.5703125
5.058704137802124 128.05078125
5.021814584732056 129.09765625
5.762051105499268 128.06640625
5.842650651931763 127.22265625
5.770970106124878 127.69140625
5.753607988357544 128.10546875
5.108332633972168 128.4453125
5.764622449874878 127.5625
5.764483451843262 128.234375
5.825258731842041 127.42578125
5.777474880218506 127.484375
5.780395030975342 127.91796875
5.831122398376465 126.98046875
5.012492895126343 128.875
5.017154932022095 129.39453125
5.79801344871521 127.90625
5.796805143356323 127.78125
5.772264242172241 128.4296875
5.841893434524536 127.6875
5.777024030685425 128.03515625
5.047411680221558 129.21875
5.8183465003967285 127.14453125
5.8016746044158936 127.30859375
5.8082075119018555 128.15234375
5.818308591842651 127.0703125
5.108644485473633 128.68359375
5.804671764373779 128.421875
5.816383123397827 127.765625
5.789211273193359 127.78515625
5.774519205093384 128.515625
5.097777605056763 128.73828125
5.7832419872283936 127.89453125
5.059993267059326 128.66015625
5.128034591674805 128.984375
5.768493890762329 128.11328125
5.078357219696045 129.23828125
5.83544397354126 127.47265625
5.068854093551636 128.89453125
5.034672021865845 130.1015625
5.824377059936523 128.30859375
5.782700061798096 127.5625
5.8067193031311035 128.2109375
5.09133243560791 129.51171875
5.065175294876099 129.73046875
5.786207437515259 128.61328125
5.0945703983306885 129.33203125
5.087505102157593 128.32421875
5.756745100021362 128.56640625
5.08690881729126 129.03125
5.826098442077637 127.87109375
5.7955756187438965 128.5546875
5.794933319091797 128.45703125
