1.7461340427398682 107.0546875
1.5405304431915283 107.25390625
1.5417335033416748 107.97265625
1.5262172222137451 108.19921875
1.5150794982910156 109.08203125
1.7340822219848633 107.953125
1.5338764190673828 107.15234375
1.7269647121429443 107.609375
1.5091111660003662 108.3828125
1.532710313796997 108.91015625
1.5344984531402588 107.3828125
1.5388293266296387 109.51953125
1.536745309829712 108.9765625
1.530311107635498 109.6796875
1.5335359573364258 108.8203125
1.530313491821289 109.40234375
1.5177311897277832 108.859375
1.5228173732757568 109.36328125
1.533947229385376 108.98828125
1.5416176319122314 110.3828125
1.5230326652526855 109.16796875
1.5259637832641602 110.20703125
1.518244743347168 109.33203125
1.5449790954589844 109.87890625
1.5508739948272705 109.23828125
1.517146110534668 110.01171875
1.7425792217254639 108.00390625
1.5366768836975098 109.375
1.5286035537719727 110.20703125
1.5319061279296875 108.49609375
1.7478103637695312 107.98046875
1.5218961238861084 109.03125
1.5179486274719238 110.04296875
1.5487802028656006 108.515625
1.5256507396697998 108.51953125
1.534970760345459 109.28125
1.5684704780578613 108.15625
1.521211862564087 109.75390625
1.5429575443267822 108.6484375
1.5265555381774902 110.3125
1.5269074440002441 109.8125
1.5359876155853271 109.88671875
1.5498065948486328 108.7109375
1.5462455749511719 108.31640625
1.5308020114898682 110.9609375
1.5290687084197998 108.90234375
1.5383245944976807 110.88671875
1.5386638641357422 109.1875
1.5282385349273682 109.69921875
1.5198450088500977 110.5859375
1.5300555229187012 111.484375
1.535560131072998 109.55859375
1.536647081375122 109.515625
1.5250804424285889 108.16015625
1.7460601329803467 109.22265625
1.5349602699279785 109.140625
1.5206115245819092 110.4296875
1.531273365020752 110.2421875
1.7520043849945068 108.41015625
1.5232255458831787 108.98828125
1.5531022548675537 109.02734375
1.530754804611206 108.4921875
1.5240659713745117 108.61328125
1.526965618133545 109.234375
1.5459949970245361 109.25390625
1.5363757610321045 108.91015625
1.5534083843231201 109.3203125
1.524505853652954 109.26953125
1.553130865097046 108.64453125
1.5543932914733887 110.640625
1.5522589683532715 108.11328125
1.5205881595611572 110.60546875
1.5473392009735107 108.31640625
1.5257925987243652 111.0859375
1.5208642482757568 110.77734375
1.5356636047363281 109.328125
1.529184103012085 109.9453125
1.5292892456054688 108.47265625
1.5478358268737793 108.78125
1.524094820022583 109.80078125
1.53743314743042 108.72265625
1.5453710556030273 110.0625
1.5425028800964355 109.4140625
1.5446202754974365 110.4609375
1.5388052463531494 109.640625
1.5254747867584229 108.72265625
1.5210413932800293 108.7734375
1.54819655418396 109.5078125
1.5347349643707275 108.25390625
1.5220036506652832 108.8984375
1.769301176071167 108.015625
1.5449891090393066 109.16015625
1.556896686553955 110.0859375
1.540463924407959 108.16796875
1.5443973541259766 110.0625
1.5207643508911133 110.359375
1.540433406829834 109.1796875
1.5419561862945557 109.48046875
1.5276007652282715 108.578125
1.5540697574615479 109.00390625
