0.22906160354614258 129.71484375
0.49955201148986816 167.71484375
0.44289636611938477 175.80078125
0.40413403511047363 175.80859375
0.256115198135376 175.81640625
0.6216456890106201 175.828125
0.3887519836425781 175.79296875
0.3204772472381592 175.82421875
0.1100316047668457 175.6640625
0.13527512550354004 175.6875
0.6163599491119385 175.8515625
0.5877959728240967 175.828125
0.1503002643585205 175.7734375
0.13834261894226074 175.69140625
0.5903375148773193 175.84765625
0.4360842704772949 175.80078125
0.45664167404174805 175.8671875
0.16772770881652832 175.76953125
0.43148040771484375 175.828125
0.09793519973754883 175.66796875
0.41900086402893066 175.8125
0.40595436096191406 175.8125
0.08607196807861328 175.6640625
0.4346170425415039 175.8671875
0.2715888023376465 175.80078125
0.49669575691223145 175.82421875
0.13737058639526367 175.6875
0.4777708053588867 175.91015625
0.46445798873901367 175.82421875
0.09976506233215332 175.66796875
0.23009109497070312 175.78515625
0.08273625373840332 175.60546875
0.27590179443359375 175.7890625
0.5070884227752686 175.82421875
0.5672457218170166 175.80859375
0.3451192378997803 175.83984375
0.09065127372741699 175.6640625
0.07911467552185059 175.66796875
0.30249977111816406 175.828125
0.25695061683654785 175.85546875
0.4016578197479248 175.79296875
0.13623309135437012 175.6875
0.47839903831481934 175.85546875
0.24910712242126465 175.8203125
0.18088483810424805 175.796875
0.3191046714782715 175.828125
0.484494686126709 175.8203125
0.3046083450317383 175.80859375
0.13150334358215332 175.671875
0.13528013229370117 175.6875
0.21933293342590332 175.8125
0.37512636184692383 175.8828125
0.11485481262207031 175.72265625
0.07275819778442383 175.48046875
0.6330244541168213 176.296875
0.18142938613891602 175.8046875
0.31482410430908203 175.88671875
0.37639856338500977 175.79296875
0.13915228843688965 175.69140625
0.43311548233032227 175.828125
0.12002372741699219 175.6640625
0.4493296146392822 175.84765625
0.46163511276245117 175.8125
0.23612213134765625 175.796875
0.4088325500488281 175.81640625
0.2561323642730713 175.79296875
0.09789586067199707 175.6640625
0.5947897434234619 175.8359375
0.24913573265075684 175.8203125
0.1398632526397705 175.75390625
0.4967658519744873 175.828125
0.28725314140319824 175.8671875
0.4192380905151367 175.80859375
0.46701860427856445 175.84765625
0.5336267948150635 175.84375
0.47466349601745605 175.85546875
0.21902847290039062 175.7890625
0.22899246215820312 175.79296875
0.07718038558959961 175.55078125
0.4043467044830322 175.82421875
0.3021070957183838 175.81640625
0.4560506343841553 175.828125
0.1605212688446045 175.82421875
0.4483921527862549 175.90234375
0.2798616886138916 175.828125
0.3613460063934326 175.88671875
0.09508228302001953 175.7421875
0.10353541374206543 175.74609375
0.5715396404266357 175.89453125
0.3936018943786621 175.96484375
0.40969109535217285 175.90625
0.5457508563995361 175.9140625
0.13695740699768066 175.78125
0.22127437591552734 175.921875
0.5840537548065186 175.9296875
0.3121769428253174 175.9296875
0.4154632091522217 175.91015625
0.4444425106048584 175.90234375
0.14354348182678223 175.85546875
0.13390755653381348 175.77734375
