0.644829511642456 232.1953125
0.7500388622283936 306.57421875
0.5678315162658691 335.140625
0.760969877243042 335.0625
0.7448747158050537 335.078125
0.4990651607513428 335.296875
0.5632708072662354 335.16015625
0.7180666923522949 335.33203125
0.7678418159484863 335.359375
0.7879090309143066 335.234375
0.5602598190307617 335.2421875
0.805802583694458 335.3515625
0.6622133255004883 335.20703125
0.7595112323760986 335.35546875
0.7679922580718994 335.31640625
0.4501035213470459 335.22265625
0.6248502731323242 335.3515625
0.41222715377807617 335.296875
0.4344482421875 335.234375
0.4191582202911377 335.24609375
0.4467592239379883 335.296875
0.764512300491333 335.33203125
0.4987142086029053 335.2265625
0.6874380111694336 335.19140625
0.5667965412139893 335.171875
0.521472692489624 335.29296875
0.5695548057556152 335.3515625
0.6587193012237549 335.33984375
0.5591342449188232 335.3359375
0.6933507919311523 335.21875
0.663475513458252 335.24609375
0.8148057460784912 335.359375
0.4711894989013672 335.36328125
0.8334212303161621 335.33984375
0.7288432121276855 335.41015625
0.6508314609527588 335.3828125
0.6424703598022461 335.3515625
0.39998388290405273 335.26953125
0.35637331008911133 335.48046875
0.737720251083374 335.5703125
0.4952576160430908 335.55078125
0.26900482177734375 335.44140625
0.2189464569091797 335.390625
0.5290131568908691 335.51953125
0.6993741989135742 335.69921875
0.7564113140106201 335.703125
0.5595235824584961 335.68359375
0.6712417602539062 335.859375
0.7009150981903076 335.7890625
0.44508790969848633 335.91796875
0.563300609588623 335.984375
0.7457685470581055 336.02734375
0.662104606628418 336.3671875
0.7430455684661865 336.20703125
0.7902238368988037 336.265625
0.4398469924926758 336.3359375
0.7341125011444092 336.27734375
0.4374375343322754 336.31640625
0.7945621013641357 336.37109375
0.37233829498291016 336.4140625
0.756110429763794 336.484375
0.9037380218505859 336.515625
0.5678694248199463 336.4921875
0.456601619720459 336.5859375
0.5808372497558594 336.5
0.2875375747680664 336.47265625
0.45557618141174316 336.64453125
0.779254674911499 336.59375
0.7602236270904541 336.609375
0.7250664234161377 336.58984375
0.7051324844360352 336.65234375
0.3541858196258545 336.5234375
0.5543906688690186 336.58203125
0.2793698310852051 336.5625
0.8605186939239502 336.65234375
0.522181510925293 336.6015625
0.850515604019165 336.6875
0.5047531127929688 336.8671875
0.22766566276550293 336.80078125
0.7971391677856445 336.875
0.3262300491333008 336.89453125
0.3389270305633545 336.87109375
0.8017385005950928 336.8984375
0.6949756145477295 336.859375
0.5068602561950684 336.8125
0.7813601493835449 336.98828125
0.678013801574707 336.84375
0.5883746147155762 336.91015625
0.697648286819458 336.828125
0.34485626220703125 336.8125
0.6457433700561523 336.89453125
0.7148580551147461 336.890625
0.5493466854095459 336.86328125
0.6719796657562256 336.90234375
1.0527763366699219 337.03515625
0.6075470447540283 336.87890625
0.2857644557952881 336.89453125
0.8213543891906738 336.9453125
0.7269680500030518 337.03125
0.278184175491333 336.90625
