2.4331414699554443 2009.0625
2.975045680999756 2785.34375
1.0822021961212158 2912.5859375
2.6721386909484863 2912.61328125
0.2916560173034668 2906.01171875
4.80313515663147 3024.8671875
3.341308832168579 2911.8828125
2.662914276123047 2911.921875
3.8391799926757812 2912.00390625
9.596129179000854 3594.015625
3.1108779907226562 2911.94140625
0.5852973461151123 2911.9375
4.246240139007568 2912.04296875
1.2620782852172852 2911.921875
7.321537971496582 3386.44140625
6.758306980133057 3472.09375
0.4410393238067627 2911.95703125
1.1170179843902588 2912.01171875
2.5736687183380127 2912.0625
6.373839378356934 3202.03515625
5.7677366733551025 3239.90234375
0.48720335960388184 2911.984375
5.318556308746338 2952.1953125
0.48988986015319824 2912.01171875
3.658170461654663 2911.91796875
0.32688474655151367 2911.99609375
5.996943473815918 3339.8046875
0.3291153907775879 2911.9375
9.132545232772827 3353.890625
8.69865870475769 3270.55859375
5.521321773529053 3269.953125
0.3766655921936035 2911.96875
4.531725168228149 2986.72265625
0.5002508163452148 2912.03515625
9.032875776290894 3559.7890625
0.2935183048248291 2911.96484375
3.5812060832977295 2911.99609375
0.5002701282501221 2912.0
9.356321334838867 3601.7578125
5.706189393997192 2981.60546875
0.5063068866729736 2911.98046875
9.017956972122192 3388.74609375
0.6316244602203369 2911.96875
0.3269937038421631 2911.79296875
8.169758796691895 3243.453125
2.1282594203948975 2912.0078125
8.248139142990112 3385.71875
6.378973960876465 3205.80078125
7.67644190788269 3185.81640625
6.467731475830078 3378.6953125
2.9487171173095703 2912.10546875
9.417779445648193 3499.63671875
0.35360217094421387 2911.96875
1.349290132522583 2911.88671875
8.368268013000488 3330.94140625
5.049972295761108 3179.4765625
0.3728525638580322 2911.79296875
7.5686023235321045 3404.296875
0.3224809169769287 2912.00390625
0.4122886657714844 2911.87109375
7.107707977294922 3611.62109375
4.695781946182251 2950.625
1.6869101524353027 2911.90234375
0.4145822525024414 2911.859375
2.5402607917785645 2912.01171875
4.24077844619751 2911.89453125
4.524138927459717 2911.8984375
0.5055980682373047 2912.01171875
5.977895259857178 3397.171875
9.730994939804077 3669.47265625
7.98547101020813 3509.34375
6.244780778884888 3381.29296875
8.199362516403198 3229.90625
0.47743868827819824 2912.12109375
2.925454616546631 2912.21484375
2.7305829524993896 2912.33984375
9.502461194992065 3448.39453125
7.170605659484863 3426.765625
7.42838978767395 3642.9375
3.245821714401245 2912.22265625
0.32092833518981934 2912.3203125
5.100288391113281 3023.5078125
7.196592330932617 3320.7734375
9.1211576461792 3485.05078125
7.101830244064331 3316.92578125
0.7536602020263672 2912.33203125
6.3097169399261475 3402.078125
0.31558799743652344 2912.73828125
1.4582481384277344 2912.625
3.8049724102020264 2912.63671875
2.2884633541107178 2912.796875
0.49129343032836914 2912.7578125
2.0133748054504395 2912.63671875
0.7010717391967773 2913.0546875
5.270603179931641 3051.1875
5.114192962646484 3023.22265625
4.273465871810913 2913.0390625
0.4002053737640381 2912.94921875
0.3122074604034424 2913.13671875
6.9595441818237305 3476.9453125
