3.6150894165039062 1266.44140625
11.126155376434326 1823.66015625
4.146300315856934 1733.70703125
10.684596538543701 1897.1484375
4.948771238327026 1802.796875
3.722381114959717 1716.44140625
10.305477857589722 1893.10546875
7.6653711795806885 1889.97265625
5.435601472854614 1831.27734375
4.540593862533569 1737.53125
6.934689521789551 1882.62890625
10.149354696273804 1888.52734375
3.7254045009613037 1680.34765625
4.4973955154418945 1733.03515625
4.549688816070557 1713.453125
2.953537702560425 1572.39453125
5.86347508430481 1844.6015625
2.741631031036377 1523.6171875
7.32827353477478 1885.796875
5.080611944198608 1752.5859375
3.4207043647766113 1673.95703125
3.613469123840332 1650.921875
1.610680341720581 1457.328125
2.690192461013794 1495.03515625
2.3882110118865967 1458.80859375
7.301232576370239 1883.140625
14.814254999160767 1906.1796875
3.1730237007141113 1624.08984375
5.366743803024292 1859.40625
9.727898597717285 1891.7421875
2.3017377853393555 1458.8515625
9.27941632270813 1928.2421875
4.6075849533081055 1748.74609375
3.360884189605713 1609.7421875
0.4566640853881836 1456.94140625
3.933881998062134 1691.3515625
2.2410166263580322 1458.8125
5.581010103225708 1812.8125
12.304798126220703 1885.4609375
4.473854303359985 1653.1640625
10.519845247268677 1893.50390625
4.7743144035339355 1776.2890625
4.683944463729858 1756.56640625
2.574934720993042 1474.6484375
2.672887086868286 1498.3515625
2.2444255352020264 1458.79296875
4.495916128158569 1721.75390625
2.5661940574645996 1458.796875
3.6647186279296875 1683.109375
3.637869119644165 1683.5
4.5849409103393555 1747.1796875
5.17222261428833 1787.06640625
7.288719892501831 1886.04296875
4.478399991989136 1761.05859375
11.130574703216553 1895.3671875
13.852593183517456 1899.26171875
3.916107177734375 1767.671875
6.5473809242248535 1889.44140625
6.598901748657227 1882.39453125
9.232459306716919 1899.94140625
5.019974946975708 1753.5546875
4.636908054351807 1664.35546875
4.534658193588257 1716.79296875
2.4847805500030518 1482.98046875
10.346172571182251 1896.52734375
3.6870479583740234 1664.83984375
4.788682699203491 1691.39453125
8.883841753005981 1885.24609375
1.9746718406677246 1458.91015625
0.4726691246032715 1458.5
3.8882508277893066 1669.51171875
7.137857437133789 1891.0
4.851046562194824 1722.0
3.5047779083251953 1654.34375
4.942721843719482 1719.42578125
15.31691575050354 1903.05078125
3.6820952892303467 1732.4921875
0.46389198303222656 1458.5
3.4980316162109375 1716.78125
0.4968438148498535 1458.57421875
3.7654848098754883 1735.26953125
9.099431991577148 1892.35546875
3.8815977573394775 1722.76953125
2.8533034324645996 1595.80859375
4.022548198699951 1708.84375
3.9568264484405518 1670.73828125
5.600754976272583 1839.55859375
4.211051940917969 1669.203125
2.562316656112671 1466.9140625
4.242995738983154 1669.51953125
5.3730690479278564 1807.828125
3.550065755844116 1647.875
4.419582843780518 1745.55078125
0.47199106216430664 1458.5
5.581373929977417 1817.20703125
3.687821865081787 1686.5234375
1.164309024810791 1458.84375
11.26205825805664 1896.82421875
8.646337985992432 1908.71484375
11.459867715835571 1892.59765625
