1.8673298358917236 2866.2421875
3.5584588050842285 4624.94921875
4.182224273681641 4974.6484375
0.5497920513153076 4976.33203125
1.9870116710662842 4976.6640625
1.4617869853973389 4976.77734375
1.4560647010803223 4976.7734375
3.8306610584259033 4977.1015625
4.224976062774658 4976.875
2.220080852508545 4977.3046875
1.0414080619812012 4977.54296875
0.8080775737762451 4977.72265625
0.8490409851074219 4978.45703125
0.6823954582214355 4978.8828125
1.3592448234558105 4978.90625
3.0544450283050537 4979.7421875
4.561730146408081 4981.09765625
1.7404677867889404 4980.7734375
4.376020669937134 4982.57421875
2.9243035316467285 4984.3359375
4.270504951477051 4984.578125
4.546237230300903 4984.3984375
1.3775124549865723 4985.796875
4.2164154052734375 4985.62109375
3.864617109298706 4985.56640625
3.093614101409912 4988.70703125
1.8906898498535156 4988.92578125
3.6391313076019287 4988.7265625
4.153000831604004 4990.41015625
0.6775715351104736 4990.01171875
4.961658000946045 4990.34375
3.744246482849121 4990.12890625
4.725947856903076 4990.16796875
0.8359866142272949 4990.3046875
4.521754026412964 4990.16015625
4.2341718673706055 4990.17578125
6.352930784225464 4987.3125
0.7974605560302734 4988.171875
1.0952551364898682 4988.16796875
4.35487961769104 4988.3046875
4.732085227966309 4989.875
5.177870988845825 4989.86328125
1.3947081565856934 4989.77734375
3.6312978267669678 4989.828125
5.176874160766602 4989.859375
3.086582899093628 4989.8359375
4.471371650695801 4989.859375
1.502408504486084 4989.78515625
6.116647958755493 4986.984375
5.178799629211426 4986.734375
5.889783143997192 4986.94921875
4.635619163513184 4986.73828125
6.992384910583496 4986.97265625
4.869020462036133 4986.7265625
4.258854866027832 4986.76953125
0.4164156913757324 4986.73828125
3.974349021911621 4986.74609375
0.5189642906188965 4986.828125
0.6634290218353271 4987.31640625
1.9040348529815674 4988.1171875
4.735952377319336 4987.89453125
0.7324113845825195 4987.7578125
0.9258174896240234 4988.01171875
4.188609838485718 4987.8828125
2.290818691253662 4987.83984375
5.117391586303711 4987.88671875
3.7633776664733887 4988.125
0.6075527667999268 4987.890625
1.4758546352386475 4987.80078125
4.348114490509033 4987.88671875
2.2521185874938965 4987.83203125
4.4831016063690186 4987.9375
4.601425409317017 4988.04296875
0.6722674369812012 4988.03125
3.5561492443084717 4988.1328125
4.569032907485962 4987.99609375
5.455486297607422 4988.09765625
2.3053648471832275 4987.8359375
2.7034332752227783 4987.828125
2.70143461227417 4987.859375
4.547663688659668 4987.88671875
0.8556396961212158 4987.9921875
0.5439043045043945 4987.91796875
0.869692325592041 4988.015625
4.296187400817871 4987.90234375
0.47780442237854004 4987.9765625
3.191542863845825 4988.046875
0.4424588680267334 4987.7109375
4.495571613311768 4987.8828125
3.1356201171875 4988.12109375
1.85005784034729 4987.8203125
2.006937026977539 4988.046875
3.1661295890808105 4988.9453125
2.827258586883545 4988.921875
0.5776019096374512 4989.0703125
0.642615556716919 4988.9765625
3.90592622756958 4988.9609375
2.414938449859619 4989.16015625
0.7946071624755859 4988.9765625
0.644752025604248 4988.9765625
