1.3430118560791016 352.42578125
0.6159336566925049 386.234375
0.27392578125 435.98828125
0.9885640144348145 435.91796875
1.271012544631958 443.80078125
0.2141275405883789 436.12890625
0.7076058387756348 436.07421875
0.4342813491821289 436.1953125
1.1545665264129639 436.40234375
0.1508638858795166 436.45703125
0.2427992820739746 436.390625
0.2867555618286133 436.81640625
0.6381442546844482 436.609375
1.06766939163208 436.71875
0.21983957290649414 436.94921875
0.276705265045166 436.87109375
0.4491255283355713 436.87890625
1.119530200958252 437.0078125
0.5891768932342529 437.01953125
0.8151273727416992 437.21484375
1.1190571784973145 437.2890625
0.10818696022033691 437.22265625
1.1622791290283203 437.421875
0.11618280410766602 437.390625
0.20229649543762207 437.42578125
1.361675500869751 448.7421875
1.2673687934875488 451.14453125
0.12382030487060547 437.765625
0.2477123737335205 437.94921875
0.1538393497467041 437.85546875
0.2644321918487549 437.99609375
0.42192578315734863 438.125
0.22710323333740234 438.40625
1.1244733333587646 438.28125
0.48488640785217285 438.31640625
0.7559442520141602 438.44921875
0.5117192268371582 438.3359375
1.4471426010131836 453.0703125
1.0450201034545898 438.37109375
0.22938990592956543 438.4921875
0.24259328842163086 438.4375
0.27566051483154297 438.328125
0.7211501598358154 438.46875
0.27893877029418945 438.5390625
1.4280962944030762 451.08203125
0.9582359790802002 438.671875
1.338456630706787 454.61328125
0.5701589584350586 438.76171875
0.1589808464050293 438.84375
1.0213079452514648 438.83203125
0.9657645225524902 438.90625
0.8967032432556152 439.23828125
0.6770718097686768 439.15625
1.0288567543029785 439.11328125
1.268387794494629 441.7109375
1.340041160583496 456.15625
0.27917957305908203 439.12890625
0.787893533706665 439.10546875
1.6774637699127197 469.60546875
0.8710117340087891 439.09375
1.1139051914215088 439.1171875
1.2907240390777588 452.73828125
1.091564655303955 439.19140625
0.11022710800170898 439.1640625
0.11032223701477051 439.1640625
1.3040482997894287 444.49609375
0.6709113121032715 439.21875
1.0255064964294434 439.26171875
0.4828052520751953 439.1953125
1.0274028778076172 439.2578125
0.3694446086883545 439.11328125
1.1392967700958252 439.1484375
0.8062477111816406 439.09765625
0.32820940017700195 439.14453125
0.17672085762023926 439.1875
0.28060436248779297 439.2890625
1.1923863887786865 439.20703125
0.388624906539917 439.1015625
0.7669062614440918 439.2109375
0.3505282402038574 439.05078125
0.40318894386291504 439.0625
0.8610446453094482 439.19921875
1.1536858081817627 439.12109375
0.12485933303833008 439.1640625
0.21772050857543945 439.25390625
0.8677828311920166 439.2421875
1.4085981845855713 456.64453125
1.3228998184204102 445.62890625
1.0815212726593018 439.125
0.20765948295593262 439.25
1.2121968269348145 439.20703125
1.090233325958252 439.140625
0.8957633972167969 439.30078125
0.6457843780517578 439.19921875
1.0229930877685547 439.19140625
0.17306113243103027 439.18359375
0.11206579208374023 439.1015625
0.4150259494781494 439.1953125
0.2488245964050293 439.296875
1.2748970985412598 444.8515625
