0.12646937370300293 94.45703125
0.2412879467010498 105.453125
0.23606133460998535 108.2109375
0.2350168228149414 108.21484375
0.22800350189208984 107.36328125
0.05730080604553223 108.015625
0.2542538642883301 107.96875
0.2555394172668457 107.11328125
0.23047280311584473 108.03125
0.12684082984924316 107.96484375
0.2265000343322754 107.86328125
0.06391525268554688 107.94921875
0.14684367179870605 108.02734375
0.222900390625 108.0390625
0.16578936576843262 107.99609375
0.10670924186706543 108.046875
0.1859605312347412 108.09765625
0.2195279598236084 108.109375
0.1827404499053955 108.07421875
0.10794520378112793 108.02734375
0.28264927864074707 108.046875
0.14627695083618164 108.10546875
0.24205589294433594 108.1640625
0.24513602256774902 108.171875
0.2716083526611328 108.05078125
0.24268722534179688 108.1875
0.13184380531311035 108.13671875
0.23669028282165527 108.2109375
0.2531592845916748 108.0234375
0.1038665771484375 108.12109375
0.32523560523986816 108.140625
0.2842397689819336 108.140625
0.26870203018188477 108.08984375
0.2862813472747803 108.13671875
0.1379716396331787 108.19921875
0.2814035415649414 108.10546875
0.2575111389160156 108.1484375
0.27513837814331055 108.0859375
0.2395021915435791 108.24609375
0.08356332778930664 108.23046875
0.21480059623718262 108.2890625
0.26903247833251953 108.16015625
0.1944892406463623 108.328125
0.2328324317932129 108.17578125
0.053438663482666016 108.1328125
0.2777526378631592 108.22265625
0.12077975273132324 108.296875
0.1900022029876709 108.30859375
0.09699225425720215 108.27734375
0.2301640510559082 108.3359375
0.3059110641479492 108.24609375
0.10081052780151367 108.2578125
0.26604676246643066 108.1796875
0.11444091796875 108.26953125
0.07558655738830566 108.2578125
0.10613036155700684 108.26171875
0.10079813003540039 108.27734375
0.2535371780395508 108.26171875
0.24189543724060059 108.19140625
0.14798545837402344 108.34765625
0.15197038650512695 108.33203125
0.05335593223571777 108.15625
0.19514775276184082 108.35546875
0.24001836776733398 108.359375
0.19821596145629883 108.33203125
0.27196502685546875 108.19921875
0.15610814094543457 108.34375
0.08291482925415039 108.30078125
0.21723699569702148 108.37890625
0.22034311294555664 108.359375
0.06035304069519043 108.28125
0.23371434211730957 108.36328125
0.1484057903289795 108.3203125
0.27551984786987305 108.23046875
0.252579927444458 108.1953125
0.059566497802734375 108.28125
0.265261173248291 108.20703125
0.2390754222869873 108.23828125
0.24728870391845703 108.21484375
0.2547478675842285 108.203125
0.27690649032592773 108.26171875
0.23063278198242188 108.453125
0.27950572967529297 108.27734375
0.06928420066833496 108.34765625
0.13108086585998535 108.3671875
0.17295098304748535 108.44140625
0.17492222785949707 108.390625
0.23656225204467773 108.44140625
0.2035369873046875 108.453125
0.1144554615020752 108.35546875
0.13917207717895508 108.41015625
0.1627945899963379 108.4296875
0.14490437507629395 108.38671875
0.26852941513061523 108.26953125
0.1296672821044922 108.38671875
0.15716171264648438 108.3984375
0.23400616645812988 108.46875
0.2545046806335449 108.328125
0.24964666366577148 108.44140625
0.2615683078765869 108.26171875
