0.6770327091217041 201.67578125
0.5320754051208496 229.15234375
0.4848747253417969 254.9765625
0.7601697444915771 255.00390625
0.2548227310180664 251.9609375
0.6400115489959717 254.4140625
0.5216712951660156 254.25390625
0.641653299331665 252.84765625
0.6580920219421387 254.28515625
0.6119174957275391 254.23828125
0.26699090003967285 254.359375
0.15477752685546875 254.3125
0.7161073684692383 254.20703125
0.7976276874542236 254.2578125
0.29974794387817383 254.203125
0.42444515228271484 254.390625
0.6793158054351807 254.30078125
0.7122049331665039 254.34765625
0.8703980445861816 254.390625
0.12387561798095703 254.35546875
0.6690764427185059 254.3359375
0.42153263092041016 254.3984375
0.1546022891998291 254.453125
0.5984680652618408 254.38671875
0.7129096984863281 254.3984375
0.9799699783325195 260.96484375
0.7458915710449219 254.390625
0.2960174083709717 254.328125
0.09130215644836426 254.39453125
0.6123700141906738 254.42578125
0.6816582679748535 254.390625
0.6860108375549316 254.359375
0.34868669509887695 254.34375
0.6591064929962158 254.4140625
0.6174945831298828 254.39453125
0.25756359100341797 254.40625
0.8506209850311279 254.359375
0.15649056434631348 254.46875
0.703808069229126 254.375
0.7187423706054688 254.5390625
0.08651924133300781 254.47265625
0.7589521408081055 254.453125
0.6847643852233887 254.48046875
0.7873899936676025 254.62109375
0.5973899364471436 254.53125
0.6518309116363525 254.65625
0.12462401390075684 254.53515625
0.8894853591918945 255.171875
0.18297886848449707 254.6640625
0.15298795700073242 254.61328125
0.3698263168334961 254.47265625
0.15407156944274902 254.640625
0.24994254112243652 254.56640625
0.22086787223815918 254.71875
0.6694605350494385 254.578125
0.13564443588256836 254.6015625
0.08703088760375977 254.57421875
0.48368334770202637 254.671875
0.8280994892120361 255.41796875
0.15372872352600098 254.70703125
0.25624752044677734 254.640625
0.45583438873291016 254.58984375
0.6802561283111572 254.6171875
0.15414953231811523 254.703125
0.8554069995880127 258.83984375
0.3263981342315674 254.60546875
0.6441781520843506 254.6796875
0.6491091251373291 254.66015625
0.20498895645141602 254.78515625
0.7600817680358887 254.78125
0.13689064979553223 254.76953125
0.41846704483032227 254.765625
0.24277830123901367 254.83984375
0.2701113224029541 254.765625
0.12630462646484375 254.7890625
0.3197176456451416 254.8828125
0.23839926719665527 255.0
0.45114612579345703 254.80859375
0.8329529762268066 255.0390625
0.6947526931762695 254.84765625
0.2677435874938965 254.84375
0.38404369354248047 254.80078125
0.25944948196411133 254.8515625
0.10808515548706055 254.875
0.7484748363494873 254.8125
0.2812373638153076 254.87890625
0.4309720993041992 254.93359375
0.455777645111084 254.8203125
0.7668650150299072 254.828125
0.22977900505065918 254.73828125
0.7422480583190918 254.84765625
0.1874394416809082 254.97265625
0.6118242740631104 254.81640625
0.7064492702484131 254.8984375
0.4665970802307129 254.92578125
0.8576819896697998 257.578125
0.10270452499389648 254.87890625
0.17796063423156738 254.99609375
0.39855408668518066 254.88671875
0.5611681938171387 254.875
