3.865169048309326 1114.1484375
4.467849969863892 1535.703125
6.177218914031982 1614.83984375
2.201993703842163 1297.02734375
15.677925109863281 1615.9921875
3.598361015319824 1499.7421875
5.819371461868286 1616.28125
5.963357448577881 1612.0078125
6.460191011428833 1611.3359375
19.98841691017151 1688.49609375
3.930551528930664 1613.48828125
3.6616859436035156 1443.26953125
13.705703973770142 1611.7578125
4.983619451522827 1615.8984375
9.059518337249756 1616.828125
4.241122484207153 1623.84375
4.1289448738098145 1609.02734375
3.3283300399780273 1438.30078125
4.57318377494812 1558.23828125
13.08554744720459 1615.453125
1.2043499946594238 1297.51953125
4.884807109832764 1623.70703125
8.69971489906311 1611.640625
11.919743776321411 1610.9453125
6.417658090591431 1583.61328125
4.512085199356079 1530.43359375
21.660960912704468 1683.04296875
5.1319732666015625 1624.19140625
4.222590923309326 1619.0234375
0.5206515789031982 1297.45703125
4.398669242858887 1622.234375
7.327802419662476 1614.75
0.6355416774749756 1297.49609375
5.103322267532349 1624.0390625
12.672951459884644 1615.296875
4.507063865661621 1618.8515625
10.572381019592285 1610.28125
20.77846598625183 1674.58984375
9.815137147903442 1609.49609375
6.1129374504089355 1615.59765625
4.537416219711304 1602.21875
4.384066104888916 1621.76171875
10.190138339996338 1616.515625
5.746462106704712 1615.8828125
4.363495588302612 1384.7421875
11.92201042175293 1617.27734375
9.763752460479736 1608.453125
3.7086329460144043 1367.421875
8.387134790420532 1616.046875
6.5920233726501465 1616.4140625
4.257718324661255 1619.0859375
9.10562801361084 1616.05078125
15.449501991271973 1613.82421875
7.002448797225952 1615.984375
4.2105162143707275 1626.0625
11.75156545639038 1617.98046875
3.972468852996826 1524.35546875
4.016034841537476 1620.1796875
6.4037768840789795 1615.57421875
4.770337820053101 1618.9453125
13.0105562210083 1644.07421875
3.3595290184020996 1499.0703125
4.026924133300781 1609.85546875
1.9587109088897705 1297.57421875
3.9617161750793457 1513.26171875
1.755305528640747 1297.6953125
6.0934789180755615 1616.63671875
3.5179555416107178 1430.69921875
12.592950105667114 1607.359375
4.0187318325042725 1623.66015625
8.27923583984375 1617.10546875
0.47574591636657715 1297.4921875
2.391502618789673 1324.3203125
3.478203296661377 1508.06640625
8.329222917556763 1627.46875
4.597167253494263 1560.015625
0.645235538482666 1297.49609375
9.056140899658203 1608.5390625
13.239696025848389 1616.14453125
3.9747023582458496 1549.03515625
20.034408807754517 1618.296875
20.367816925048828 1666.29296875
10.325768232345581 1615.76171875
11.736141920089722 1609.76953125
3.4070518016815186 1434.9921875
7.370665073394775 1612.47265625
5.248481750488281 1539.6796875
7.399909019470215 1615.62890625
4.914245367050171 1597.83984375
0.957427978515625 1297.5625
9.447597026824951 1611.34375
0.6140453815460205 1297.453125
5.549697637557983 1620.81640625
22.107160091400146 1615.63671875
3.5649001598358154 1464.28515625
16.81329345703125 1615.9296875
5.622652769088745 1615.39453125
4.475900888442993 1623.54296875
15.43786334991455 1611.5859375
3.7437915802001953 1477.13671875
