8.201388359069824 6379.953125
5.226464033126831 7578.08984375
12.193083047866821 7999.0703125
1.9994113445281982 7737.2734375
10.450162410736084 8169.23828125
1.3670258522033691 7742.8828125
9.957621097564697 8120.65234375
1.4420790672302246 7742.59375
4.864259958267212 7742.9765625
10.520049571990967 8123.8125
8.434114456176758 8132.23828125
4.407083988189697 7742.91015625
9.291851997375488 8126.55859375
11.846922874450684 8125.46875
0.716627836227417 7739.1953125
2.631650924682617 7741.4375
9.086742639541626 8136.33984375
6.115476131439209 7741.7890625
13.265938520431519 8123.859375
10.001633644104004 8135.91796875
8.948516607284546 8125.64453125
6.4546215534210205 7826.46875
6.2763073444366455 7794.046875
9.338505029678345 8125.28515625
8.865912437438965 8128.01953125
12.419151782989502 8127.46875
8.914985179901123 8128.171875
9.693936824798584 8129.5703125
1.92820143699646 7741.71875
5.727255821228027 7741.515625
9.576850414276123 8129.91015625
2.8543317317962646 7741.7265625
8.68667197227478 8128.25390625
8.957592010498047 8128.43359375
1.1444311141967773 7741.53515625
9.813294887542725 8127.65234375
10.109543800354004 8122.61328125
4.79470419883728 7741.63671875
5.996152639389038 7741.28125
3.670701026916504 7741.2578125
9.838915348052979 8137.140625
8.631160497665405 8125.7421875
6.021953821182251 7740.08203125
1.2027103900909424 7740.2421875
2.55515718460083 7735.40234375
8.151635646820068 8126.9765625
4.290439128875732 7740.40234375
8.716643333435059 8130.3984375
9.766353607177734 8128.35546875
3.9696695804595947 7740.52734375
9.038583517074585 8130.76953125
8.515740394592285 7859.15625
9.406728506088257 8137.9609375
0.5188241004943848 7739.953125
8.45657467842102 8127.0390625
1.4172358512878418 7740.46484375
9.246845006942749 8133.3203125
9.640375137329102 8125.41796875
8.695246696472168 8135.3828125
9.507671356201172 8126.58984375
1.6265974044799805 7739.6171875
9.136482954025269 8135.33203125
10.621691942214966 8130.1328125
11.620223999023438 8128.22265625
3.2803430557250977 7740.4765625
9.65893268585205 8135.484375
4.204885482788086 7740.15625
0.8559980392456055 7739.95703125
13.576632261276245 8128.8125
3.023747205734253 7740.57421875
9.86551308631897 8138.0546875
4.6689980030059814 7736.3125
1.652010440826416 7740.125
10.202523231506348 8135.3125
8.065461158752441 8037.60546875
14.242332220077515 8113.69921875
0.5675554275512695 7740.42578125
8.176609516143799 8127.390625
8.444827795028687 8130.32421875
7.702865839004517 7981.03125
6.534481763839722 7937.46484375
4.806166172027588 7740.265625
4.225677967071533 7740.25
9.664525508880615 8128.25
4.037662982940674 7740.3515625
13.393221616744995 8120.140625
6.048950910568237 7808.484375
1.4545845985412598 7740.5703125
12.308220863342285 8118.421875
9.691826581954956 8167.12890625
4.711953401565552 7740.171875
6.320820093154907 7755.87890625
6.029501914978027 7777.14453125
18.733577966690063 8112.41015625
9.092048406600952 8137.84765625
8.679760456085205 8126.98828125
1.0883619785308838 7741.04296875
12.326759338378906 8129.21875
0.8479659557342529 7741.03515625
9.098363876342773 8127.06640625
