5.092356443405151 1092.08984375
3.285329818725586 1351.6640625
3.940157413482666 1364.25390625
4.377115964889526 1426.3515625
4.011159420013428 1410.15234375
3.775235176086426 1353.65234375
4.249164819717407 1425.12890625
4.061935186386108 1382.8984375
4.182958364486694 1403.6015625
3.883328676223755 1370.48046875
3.5567786693573 1385.92578125
4.153575897216797 1413.109375
3.895641565322876 1358.79296875
3.9609177112579346 1381.4453125
3.7643699645996094 1381.5703125
3.682537078857422 1363.125
3.9287893772125244 1377.4453125
5.6427648067474365 1532.17578125
3.816403388977051 1364.4375
4.384641647338867 1434.26171875
5.1671905517578125 1467.05859375
3.6183199882507324 1386.08984375
3.8704142570495605 1393.73828125
4.079391241073608 1393.77734375
4.105436325073242 1373.66015625
3.502812623977661 1351.14453125
3.754340887069702 1392.79296875
4.318138599395752 1426.125
3.8429484367370605 1386.08203125
4.385955810546875 1425.9609375
4.117149114608765 1410.7734375
9.570830583572388 1593.3203125
3.9508702754974365 1390.91015625
3.890537738800049 1385.0546875
3.078380584716797 1316.80859375
3.9535677433013916 1396.1171875
3.2846226692199707 1338.63671875
4.389671325683594 1435.46484375
3.681865692138672 1374.59375
3.465334415435791 1377.95703125
4.203216791152954 1408.5859375
3.643425464630127 1391.41015625
2.8088607788085938 1297.01953125
3.8934857845306396 1408.6484375
3.8778367042541504 1399.77734375
3.8246569633483887 1383.05078125
4.268896102905273 1441.43359375
4.449267148971558 1430.6796875
2.775148391723633 1280.0
4.44784688949585 1417.1640625
3.8691048622131348 1394.5546875
3.7792916297912598 1381.7109375
3.957592248916626 1406.28515625
3.5563108921051025 1367.11328125
3.880497455596924 1427.1953125
7.522178888320923 1591.3046875
4.084258556365967 1414.16015625
4.451919078826904 1454.546875
3.4528825283050537 1364.22265625
3.6630194187164307 1362.90625
4.039463996887207 1384.796875
3.3682594299316406 1338.8046875
4.6091084480285645 1438.82421875
3.9352564811706543 1390.12109375
3.8959569931030273 1366.90625
3.8372836112976074 1414.56640625
4.193101406097412 1407.26171875
4.078611850738525 1428.75
3.5082008838653564 1369.55859375
3.8619282245635986 1381.484375
3.1821820735931396 1349.27734375
4.601660251617432 1460.546875
3.667335033416748 1390.83203125
3.8012189865112305 1392.33984375
4.080060005187988 1383.875
3.906475067138672 1407.87890625
3.6851563453674316 1364.50390625
4.11643648147583 1430.76953125
4.288605213165283 1455.51953125
3.9837937355041504 1413.3828125
3.6300289630889893 1368.8828125
3.5388166904449463 1379.125
3.531240224838257 1380.16796875
4.335645914077759 1433.71875
3.2097063064575195 1314.9765625
4.728261232376099 1450.9140625
3.273669958114624 1358.48046875
3.4677839279174805 1350.9453125
3.6707427501678467 1363.2890625
4.188539266586304 1404.95703125
3.9863502979278564 1391.82421875
4.27439546585083 1423.6015625
4.775374412536621 1479.875
5.176173210144043 1500.82421875
3.8531510829925537 1387.953125
3.5960090160369873 1386.3203125
3.8953802585601807 1353.30859375
3.38918399810791 1362.31640625
4.057414770126343 1407.484375
3.021099805831909 1346.1328125
