1.1848435401916504 795.43359375
4.320115804672241 1432.15234375
0.2968862056732178 1290.92578125
4.252788543701172 1442.83203125
3.616659164428711 1480.62109375
0.23013901710510254 1291.12109375
0.3647587299346924 1291.6796875
3.244035005569458 1450.33203125
3.1436679363250732 1395.56640625
2.8502888679504395 1375.5703125
3.275609016418457 1448.8046875
2.030979871749878 1291.6171875
0.32058262825012207 1292.1328125
1.1796553134918213 1292.0859375
1.5687930583953857 1292.0390625
5.728338956832886 1631.140625
0.23725652694702148 1292.61328125
3.320970296859741 1321.06640625
3.024803876876831 1441.3125
2.797092914581299 1344.51953125
2.3520212173461914 1294.6875
2.5329113006591797 1343.42578125
0.32627296447753906 1294.5234375
0.3013794422149658 1294.5
1.2078042030334473 1294.6484375
0.3011353015899658 1294.67578125
3.5557143688201904 1433.21484375
0.2977144718170166 1295.0
0.8450250625610352 1295.32421875
2.1576051712036133 1295.28515625
5.460787057876587 1640.38671875
4.1684465408325195 1484.81640625
2.947005033493042 1296.11328125
0.7201077938079834 1297.16015625
3.5431835651397705 1484.40234375
0.4247591495513916 1297.8046875
0.27756834030151367 1300.41015625
3.7429826259613037 1456.08203125
3.223123550415039 1416.08203125
1.869748592376709 1301.9765625
0.2777578830718994 1302.37890625
0.31537580490112305 1303.3515625
5.581746816635132 1645.40625
0.3156394958496094 1304.11328125
5.179502964019775 1650.1171875
3.4915871620178223 1471.75
3.830482006072998 1491.6484375
4.454388380050659 1481.5859375
0.7776727676391602 1307.4296875
0.20718812942504883 1307.40234375
0.20675945281982422 1307.3359375
0.5373921394348145 1307.30859375
0.21139001846313477 1307.3984375
4.310395956039429 1423.9765625
0.20829057693481445 1307.3984375
4.104134559631348 1444.90234375
0.33382534980773926 1307.48828125
0.3492000102996826 1307.33984375
0.9720113277435303 1307.40234375
1.0077943801879883 1307.40234375
3.125530958175659 1462.79296875
0.2942078113555908 1307.44140625
0.5561656951904297 1307.25390625
0.34504199028015137 1307.51953125
2.2121129035949707 1307.37890625
0.22545337677001953 1307.5859375
3.1818203926086426 1450.54296875
3.7708733081817627 1458.57421875
3.97692608833313 1482.51953125
3.4114959239959717 1449.6171875
0.9911375045776367 1307.51171875
0.31258344650268555 1307.58984375
0.3235781192779541 1307.65625
0.2938802242279053 1307.6171875
3.1328799724578857 1307.64453125
3.6886274814605713 1479.875
0.3469271659851074 1307.6953125
3.817591667175293 1510.21875
0.8234899044036865 1307.61328125
3.3906912803649902 1340.97265625
2.0540802478790283 1307.60546875
3.679534912109375 1514.421875
0.29184460639953613 1307.625
4.029026746749878 1506.55078125
1.5438134670257568 1307.56640625
2.9166958332061768 1417.21484375
3.417210817337036 1497.4609375
0.30847597122192383 1307.63671875
2.120234251022339 1307.5546875
3.2081499099731445 1480.203125
1.546755075454712 1307.515625
2.8401708602905273 1383.37109375
0.2597994804382324 1307.58203125
0.6823275089263916 1307.55859375
3.6306283473968506 1489.5625
1.4849169254302979 1307.6328125
0.37810611724853516 1307.4140625
4.429925918579102 1464.97265625
0.30317139625549316 1307.51171875
1.5484795570373535 1307.6171875
