36.23354935646057 6847.33984375
32.267298221588135 8945.7421875
40.7788290977478 8777.69921875
30.054075002670288 8956.22265625
35.6167733669281 8926.5703125
47.042155265808105 8768.8125
47.7896683216095 8949.40625
40.66443061828613 8825.9140625
40.473384618759155 8808.34375
37.81763458251953 8893.921875
38.684436321258545 8884.57421875
40.83522176742554 8774.8046875
41.65690779685974 8907.58984375
46.88193941116333 8915.71875
39.75533175468445 8756.0859375
84.92199611663818 8742.8359375
35.39605522155762 8887.484375
54.62512445449829 8778.8359375
41.10990619659424 8918.53515625
59.47808504104614 8862.7578125
44.622334480285645 8730.6640625
38.108213901519775 8859.39453125
48.42623162269592 8841.578125
35.00898361206055 8751.21484375
50.559913873672485 8872.7109375
90.82668089866638 8762.3203125
41.89106369018555 8510.18359375
34.778326749801636 8868.12109375
43.71108102798462 8840.25390625
42.21837282180786 8711.421875
50.023927211761475 8815.37890625
55.97018051147461 8803.05078125
41.913098096847534 8729.4921875
46.20361852645874 8791.49609375
41.31049823760986 8786.390625
60.76248049736023 8685.21875
39.35138726234436 8856.515625
37.332093238830566 8839.88671875
34.07614231109619 8771.36328125
41.41885709762573 8832.46875
44.60725665092468 8811.2109375
34.77887845039368 8768.6640625
34.134337186813354 8856.25390625
37.4399094581604 8859.23046875
39.02325677871704 8718.33984375
46.1673378944397 8833.4921875
57.072980642318726 8841.8203125
32.50703454017639 8740.5390625
43.78845477104187 8821.54296875
32.323137283325195 8823.56640625
33.850443601608276 8687.11328125
31.130289793014526 8857.86328125
38.34254312515259 8820.0
38.800002574920654 8715.8359375
33.427650928497314 8854.03515625
30.49539852142334 8839.765625
31.95216941833496 8721.7890625
45.81532645225525 8813.53125
30.97142505645752 8865.515625
30.34735894203186 8751.60546875
34.92362570762634 8827.91015625
45.94082164764404 8773.74609375
29.28857922554016 8783.640625
36.93961310386658 8809.01953125
66.63950848579407 8762.56640625
45.29958438873291 8691.47265625
39.78504014015198 8788.03515625
32.0069944858551 8840.47265625
38.67599415779114 8733.19140625
57.22522020339966 8768.3046875
42.65842604637146 8786.84375
37.51359796524048 8721.7265625
39.46597242355347 8828.97265625
41.705077171325684 8826.9140625
30.16837239265442 8749.9609375
47.11524963378906 8812.38671875
36.39083957672119 8832.27734375
36.4578115940094 8780.2265625
30.327641248703003 8834.625
35.780099391937256 8819.33984375
81.93495988845825 8673.77734375
34.19261693954468 8830.2578125
41.519333362579346 8792.0390625
37.98454928398132 8738.79296875
32.94701313972473 8852.37890625
27.76457452774048 8820.57421875
34.88890552520752 8755.95703125
48.92160248756409 8839.55078125
37.29758167266846 8776.9453125
32.23505091667175 8800.0234375
34.77538800239563 8818.734375
39.38213896751404 8789.55078125
38.454888343811035 8792.4453125
35.303221464157104 8837.16015625
48.02535629272461 8778.8671875
52.3855619430542 8736.79296875
32.522395849227905 8838.1953125
29.754384517669678 8849.328125
28.03594946861267 8764.91015625
26.20902395248413 8866.859375
