6.98369836807251 1845.3515625
0.27687668800354004 1787.3515625
6.850959062576294 2933.23828125
1.3867723941802979 2340.51171875
7.204277515411377 2698.8984375
0.3847043514251709 2340.37109375
7.799911022186279 2745.2890625
0.3400101661682129 2340.28515625
0.9286692142486572 2340.49609375
0.6797032356262207 2340.421875
0.3371906280517578 2340.48046875
0.8829083442687988 2340.46875
7.849447727203369 2843.92578125
4.09589695930481 2444.2734375
6.032982110977173 2729.83203125
8.26661992073059 2961.4453125
4.571149110794067 2340.421875
2.94958758354187 2340.515625
6.775997877120972 2689.8203125
2.39936900138855 2340.57421875
8.326517581939697 2830.99609375
8.331835985183716 2821.0078125
2.3423192501068115 2340.484375
0.4537842273712158 2340.44140625
0.32904767990112305 2340.25390625
0.4742002487182617 2340.46875
0.4615013599395752 2340.45703125
2.1363320350646973 2340.37890625
10.032001733779907 2961.00390625
3.557006359100342 2340.5234375
1.0636529922485352 2340.47265625
0.3588221073150635 2340.296875
0.291759729385376 2340.171875
7.354460954666138 2780.4921875
0.44255638122558594 2340.7578125
8.621389150619507 2973.3046875
1.7868220806121826 2341.40625
0.4407932758331299 2341.2734375
9.321669816970825 2936.04296875
5.695750951766968 2786.90625
0.33932018280029297 2341.5234375
6.2112767696380615 2584.53125
2.9533133506774902 2341.94921875
8.864123106002808 2964.24609375
3.0607986450195312 2341.81640625
0.3718891143798828 2342.05078125
6.071695327758789 2929.53515625
5.527482748031616 2705.59765625
1.3439862728118896 2342.13671875
1.3974668979644775 2342.19921875
3.2243895530700684 2342.1796875
8.07709527015686 2979.671875
3.6790647506713867 2342.32421875
0.3708372116088867 2342.265625
3.9498958587646484 2342.33203125
1.075244665145874 2342.52734375
5.0176842212677 2513.6796875
1.7652668952941895 2343.00390625
3.32320237159729 2380.8828125
4.9486143589019775 2731.12109375
3.8400492668151855 2529.6640625
1.0288763046264648 2343.46875
6.590246677398682 2639.3203125
0.40979862213134766 2343.34765625
0.3235611915588379 2343.44140625
0.5479121208190918 2343.453125
6.150807857513428 2593.4453125
4.917026996612549 2583.4453125
0.49925661087036133 2343.41015625
8.427751779556274 2878.64453125
0.8887419700622559 2343.5234375
2.9419796466827393 2343.5859375
6.3197407722473145 2740.8828125
0.4578683376312256 2343.5703125
4.7406697273254395 2361.51953125
3.056105852127075 2344.33203125
8.406079292297363 2954.89453125
6.321861743927002 2727.21875
0.9571647644042969 2344.37109375
0.29212284088134766 2344.109375
0.3137674331665039 2344.18359375
2.1192479133605957 2344.4140625
2.666008949279785 2344.4921875
0.3085291385650635 2344.6015625
8.129961729049683 2830.77734375
5.725500822067261 2754.2734375
2.423360586166382 2344.484375
8.418415069580078 2995.80078125
0.8574204444885254 2344.640625
1.4414129257202148 2344.76171875
5.651686191558838 2682.45703125
5.156545162200928 2764.25
4.8899126052856445 2715.0234375
4.55557107925415 2346.21484375
2.964353322982788 2345.1640625
0.30340003967285156 2345.22265625
0.3517148494720459 2345.078125
2.293971538543701 2345.359375
0.49027037620544434 2345.40625
1.6278433799743652 2345.47265625
