0.3141205310821533 1303.98046875
0.39921069145202637 1909.6015625
0.45839786529541016 2443.08984375
4.229710817337036 2443.0
0.30316686630249023 2442.94140625
0.3295888900756836 2442.984375
0.37766122817993164 2443.05859375
8.849440574645996 3109.47265625
7.483064651489258 3044.06640625
6.127114772796631 3002.3125
6.144711494445801 3022.0546875
1.2872626781463623 2443.40625
4.745826005935669 2742.140625
2.596588134765625 2443.359375
10.008463144302368 3103.4296875
6.529109477996826 2633.96484375
0.29638075828552246 2443.3203125
6.575300455093384 2999.3359375
0.5158212184906006 2443.38671875
1.0775675773620605 2443.3828125
8.239017963409424 3067.9609375
10.453281879425049 3103.5234375
7.165738821029663 2989.61328125
8.643691301345825 3124.37890625
10.350093126296997 3105.0
0.2980067729949951 2443.3515625
7.7018842697143555 2818.890625
9.283190727233887 3118.2421875
0.3031919002532959 2443.43359375
6.608565807342529 2996.046875
6.005822420120239 3035.27734375
0.4278595447540283 2443.8828125
0.4432051181793213 2443.90625
4.793332815170288 2459.1953125
0.36521315574645996 2443.84375
0.45516157150268555 2443.94921875
1.5342702865600586 2444.03125
2.945732593536377 2444.0
3.052205801010132 2443.97265625
0.3766665458679199 2444.19921875
7.7612059116363525 3003.15234375
1.4276823997497559 2444.328125
7.779192924499512 3124.81640625
10.801785230636597 3094.61328125
9.28874135017395 3002.1796875
0.4177854061126709 2444.52734375
6.362848281860352 2920.046875
6.43017053604126 3033.69140625
0.4392204284667969 2444.5546875
0.45591187477111816 2444.5625
3.7246901988983154 2444.48046875
7.112433433532715 2987.19140625
7.76611328125 3012.23046875
10.908334255218506 3114.08203125
7.299900054931641 2895.6953125
4.109402894973755 2450.41015625
11.779415369033813 3108.140625
3.2637507915496826 2490.9140625
0.31943202018737793 2444.58984375
7.3686299324035645 3020.40234375
6.63445782661438 3045.640625
7.065176248550415 3063.8359375
4.892789363861084 2536.01171875
0.39224815368652344 2444.90625
0.39318108558654785 2444.9140625
1.1814260482788086 2444.99609375
6.217832326889038 3041.484375
0.4844028949737549 2445.00390625
1.5056648254394531 2445.03515625
10.641022443771362 3114.3828125
5.3667378425598145 2904.90625
6.087383508682251 2759.3125
0.44904375076293945 2444.95703125
9.54573130607605 3117.703125
7.74696946144104 3037.1796875
1.1216073036193848 2445.05859375
0.4397859573364258 2444.98046875
2.605807065963745 2445.125
0.4176468849182129 2444.96484375
6.238443613052368 2823.19921875
0.48087573051452637 2444.98046875
6.345443248748779 3025.91015625
0.3949277400970459 2444.91796875
0.5787627696990967 2444.921875
5.52090311050415 2576.25
9.969615936279297 3118.9375
0.4617347717285156 2445.0078125
1.575840711593628 2444.95703125
7.031029224395752 2940.34765625
9.433245420455933 3109.23828125
0.6396026611328125 2445.00390625
0.46898627281188965 2445.01171875
8.049471378326416 3036.87109375
6.505238056182861 3004.453125
0.41108250617980957 2444.9375
7.376030206680298 3119.515625
2.256772041320801 2444.953125
7.6358253955841064 3017.7890625
7.457083225250244 3129.2265625
6.028903245925903 3045.0
