7.559654951095581 2593.3828125
1.2630181312561035 2518.84765625
4.0117268562316895 3140.22265625
4.009470701217651 3141.39453125
8.379376649856567 3850.94921875
1.6517133712768555 3141.296875
5.249681234359741 3164.3359375
5.6667115688323975 3347.62109375
1.1514549255371094 3141.32421875
0.49880218505859375 3141.5546875
1.8580377101898193 3141.546875
9.349639892578125 3892.1015625
2.8713393211364746 3141.87109375
0.3728911876678467 3141.83984375
3.7052156925201416 3142.078125
5.002929449081421 3142.39453125
9.6974778175354 3997.09765625
0.9456019401550293 3142.3515625
9.874547243118286 3989.4375
1.8096685409545898 3143.3046875
1.455744981765747 3143.2734375
4.311661005020142 3144.65234375
0.4594242572784424 3144.55859375
10.419067859649658 3697.59765625
2.5749106407165527 3145.7265625
9.035820007324219 3840.859375
11.081129550933838 3977.1484375
2.9173779487609863 3146.83984375
0.3598744869232178 3146.77734375
2.294544219970703 3146.98046875
3.79044771194458 3148.15234375
8.857402086257935 3639.921875
0.8551137447357178 3148.16015625
0.31646037101745605 3148.14453125
0.4841287136077881 3148.25
2.598759651184082 3148.2734375
1.2911813259124756 3148.578125
12.856894731521606 3996.5390625
0.3243424892425537 3148.5
2.894336462020874 3148.65234375
10.54184603691101 3843.9921875
10.835532426834106 3792.71875
0.4962005615234375 3148.46484375
10.769997119903564 3738.26171875
0.42099690437316895 3148.4609375
7.12026834487915 3700.859375
12.512117147445679 4019.24609375
0.9720954895019531 3150.1796875
2.2151873111724854 3150.08984375
2.1771981716156006 3150.19140625
4.67440938949585 3263.37890625
5.849795818328857 3371.09375
1.3757240772247314 3150.16796875
0.7065355777740479 3149.96875
6.179814100265503 3587.21875
0.7395610809326172 3150.1171875
0.3740870952606201 3150.0234375
1.159818410873413 3150.1484375
2.9578380584716797 3150.203125
0.5310072898864746 3150.21875
10.576531648635864 3868.6875
4.330904722213745 3150.1640625
0.5421469211578369 3150.234375
1.3763773441314697 3150.17578125
12.877267122268677 4024.70703125
8.320483446121216 3876.2265625
0.4341704845428467 3150.0703125
8.164850950241089 3899.48828125
0.5772809982299805 3150.12890625
10.648348331451416 3891.89453125
7.767351865768433 3893.5546875
0.5138275623321533 3150.23828125
10.603318929672241 3848.85546875
7.834233283996582 3582.71875
11.109736442565918 3716.125
0.45007944107055664 3150.15234375
12.878665685653687 4034.8515625
7.793380260467529 3863.65234375
10.393914222717285 4032.53125
0.6166675090789795 3150.02734375
0.3848445415496826 3150.140625
12.924833297729492 4015.94921875
0.37577319145202637 3150.0234375
6.95795464515686 3804.50390625
0.49406862258911133 3150.09375
0.4783313274383545 3150.1328125
12.310281991958618 3996.6328125
9.809495687484741 3836.8671875
5.89158034324646 3150.05078125
9.615636348724365 3852.30078125
2.7958333492279053 3150.21875
0.538093090057373 3150.234375
2.8513741493225098 3150.140625
2.3639931678771973 3150.234375
0.4190795421600342 3150.0625
0.37256360054016113 3150.0234375
9.664034366607666 3893.0
13.204726457595825 4013.13671875
0.9897904396057129 3150.1875
10.004604816436768 4028.34375
