0.572484016418457 1596.71484375
2.0942609310150146 2611.0625
0.7231976985931396 3004.921875
0.8574118614196777 3004.9296875
0.3733515739440918 3005.1171875
0.6293878555297852 3005.359375
0.3591444492340088 3005.16796875
0.3851635456085205 3005.21875
2.609344482421875 3005.77734375
0.6008775234222412 3005.38671875
2.384648323059082 3005.75390625
2.146489381790161 3005.7421875
1.1349213123321533 3005.7109375
0.5260584354400635 3005.69140625
0.39015674591064453 3005.54296875
2.584726572036743 3005.75
0.8634719848632812 3005.6875
1.9272751808166504 3006.28125
1.0898125171661377 3006.51171875
2.8582491874694824 3006.34375
3.4145569801330566 3006.4609375
0.5005502700805664 3006.375
0.6205935478210449 3006.4375
0.5691337585449219 3006.82421875
3.0803589820861816 3007.21875
1.2035391330718994 3007.25
3.1699161529541016 3007.5625
2.953564405441284 3007.65625
3.02577805519104 3007.63671875
3.317265272140503 3008.23828125
2.9525296688079834 3008.41796875
0.9896092414855957 3008.58984375
0.5583951473236084 3009.06640625
2.5069212913513184 3009.59765625
1.7259392738342285 3009.609375
5.472723007202148 3010.09375
5.115820407867432 3010.11328125
3.0174973011016846 3009.80859375
2.996436595916748 3010.08203125
3.8923752307891846 3010.09765625
3.1598927974700928 3009.875
0.3547995090484619 3009.6796875
0.5252082347869873 3010.42578125
3.0861549377441406 3010.3046875
3.3343002796173096 3010.59765625
0.5904436111450195 3010.64453125
0.7126879692077637 3010.4765625
2.545224666595459 3010.5703125
3.4457900524139404 3010.55859375
0.910865068435669 3010.4921875
2.9616572856903076 3010.734375
5.998839378356934 3010.84765625
3.288992166519165 3010.59375
3.035860538482666 3010.5546875
1.3382384777069092 3010.78515625
3.1575610637664795 3010.58984375
2.8060965538024902 3010.546875
3.0684452056884766 3010.578125
0.4121842384338379 3010.27734375
1.2819666862487793 3010.51171875
3.824179172515869 3010.80859375
0.8684337139129639 3010.515625
3.349990129470825 3010.80078125
3.815808057785034 3010.859375
0.911231517791748 3010.4921875
1.9533896446228027 3010.8125
2.334049940109253 3010.56640625
0.8488781452178955 3010.625
2.1351091861724854 3010.75390625
3.2192370891571045 3010.58984375
0.534639835357666 3010.44921875
0.5578393936157227 3010.6640625
1.246382236480713 3010.73828125
4.567372798919678 3010.82421875
3.017038583755493 3010.58203125
3.9140849113464355 3010.82421875
3.359098434448242 3012.03125
2.9165568351745605 3011.98828125
3.132477045059204 3011.98046875
0.4995732307434082 3012.109375
4.356149196624756 3012.546875
0.573040246963501 3012.15234375
3.5532429218292236 3012.30859375
3.591872215270996 3012.49609375
4.5355446338653564 3012.546875
3.4211490154266357 3012.2890625
3.0954911708831787 3012.33203125
1.246877670288086 3012.19921875
3.5869288444519043 3012.40234375
3.064887046813965 3012.265625
0.7836437225341797 3012.19921875
3.3215556144714355 3012.5078125
3.487443208694458 3012.57421875
5.974043369293213 3012.53515625
3.92931866645813 3012.31640625
0.797234058380127 3012.375
5.962492227554321 3012.53125
2.5909950733184814 3012.25
0.7971620559692383 3012.1875
3.844205856323242 3012.48828125
