6.816640615463257 3175.859375
7.2011144161224365 4328.6328125
0.49565625190734863 4030.62890625
9.81303882598877 4831.78125
11.100139617919922 4913.23046875
6.569306373596191 4116.9140625
8.956501007080078 4834.24609375
0.9087173938751221 4022.26953125
0.45408082008361816 4030.28515625
0.416471004486084 4030.265625
2.1678521633148193 4021.984375
10.011021137237549 4861.5859375
0.47271180152893066 4030.0390625
2.4103846549987793 4021.890625
10.58344578742981 4612.828125
9.376590490341187 4756.2109375
4.426856756210327 4021.7109375
8.336053848266602 4141.55859375
0.43010759353637695 4029.51171875
12.081525087356567 4911.7421875
0.4030277729034424 4028.8515625
6.910055875778198 4097.37890625
6.910145282745361 4207.19140625
11.56727123260498 4907.55078125
14.125762701034546 4901.140625
0.5578577518463135 4029.2890625
0.6323878765106201 4029.2890625
11.61581826210022 4874.05859375
9.15973949432373 4878.4765625
0.41435718536376953 4029.08203125
8.942447900772095 4391.265625
9.412739753723145 4555.671875
9.872244358062744 4879.875
0.6522142887115479 4029.5078125
1.0755877494812012 4030.05078125
0.5182108879089355 4029.89453125
9.282481670379639 4896.984375
9.75707221031189 4884.484375
12.825190544128418 4891.74609375
5.339832067489624 4226.38671875
0.41182780265808105 4029.8984375
3.086127519607544 4030.16015625
11.173579931259155 4887.0859375
8.094285249710083 4414.66796875
0.3333775997161865 4030.51953125
10.23456358909607 4907.1640625
3.425715923309326 4030.5390625
3.0198917388916016 4030.4140625
1.035184383392334 4030.3828125
12.94819164276123 4913.3671875
14.522744417190552 4900.390625
0.46625757217407227 4030.75390625
9.450411796569824 4896.33984375
11.796564102172852 4851.7734375
0.3741452693939209 4031.12109375
11.2758948802948 4890.2109375
2.547523260116577 4031.1484375
6.582141876220703 4299.1484375
9.385109186172485 4873.66796875
6.650966167449951 4395.8125
9.048401594161987 4899.8046875
3.2246947288513184 4031.203125
6.86412501335144 4213.8984375
5.829158544540405 4109.23046875
5.002554893493652 4031.14453125
13.325006008148193 4909.11328125
8.552191734313965 4433.25
12.593186378479004 4927.2421875
0.5627408027648926 4031.04296875
0.43308424949645996 4030.84375
3.4845170974731445 4031.83203125
0.40315771102905273 4031.74609375
0.41695690155029297 4031.46875
14.473750829696655 4918.0703125
1.315429925918579 4031.796875
12.978351593017578 4902.5
10.950848579406738 4879.53125
2.7132270336151123 4031.6875
3.875094175338745 4031.6875
4.219465494155884 4031.78125
11.997015714645386 4916.48046875
14.410412549972534 4924.078125
1.2657406330108643 4031.765625
12.477269172668457 4919.66796875
14.968505382537842 4929.97265625
7.296467542648315 4387.35546875
5.412856817245483 4031.64453125
11.8753182888031 4941.453125
0.5393548011779785 4031.65234375
11.862407207489014 4921.6484375
14.602357864379883 4924.08203125
2.3343992233276367 4031.82421875
8.509965896606445 4578.21484375
0.4254899024963379 4031.46484375
4.190454721450806 4031.8203125
9.556356430053711 4850.3046875
3.631263017654419 4031.73828125
1.7864983081817627 4031.78125
1.4729523658752441 4031.62109375
12.192539691925049 4938.84765625
