1.5986261367797852 449.04296875
0.20275211334228516 438.74609375
0.33950161933898926 542.83203125
0.2942509651184082 542.97265625
0.22964000701904297 542.98046875
2.010096788406372 614.55078125
0.49544405937194824 543.01171875
0.7420339584350586 543.015625
1.6477630138397217 556.9375
1.8420674800872803 573.5
1.556354284286499 551.86328125
1.6600229740142822 568.10546875
1.5070383548736572 552.63671875
0.1845874786376953 543.26953125
1.4233434200286865 544.9140625
2.070495128631592 598.02734375
1.065103530883789 543.42578125
0.5818476676940918 543.421875
2.1707260608673096 608.046875
0.33435893058776855 543.59375
2.1995747089385986 592.4296875
0.19074487686157227 543.52734375
1.8306279182434082 573.48046875
0.3449697494506836 543.578125
2.1270716190338135 615.99609375
1.551372766494751 543.5625
0.27525925636291504 543.61328125
0.5168149471282959 543.59375
1.165668249130249 543.8359375
2.057992696762085 595.5
0.6524405479431152 543.6484375
1.0088441371917725 543.7578125
0.21155548095703125 543.76953125
0.2864360809326172 543.87109375
0.46213603019714355 543.77734375
0.1971745491027832 543.7890625
1.358656644821167 543.671875
1.6506667137145996 560.89453125
1.5647881031036377 563.84375
1.842817783355713 589.0234375
1.976769208908081 611.9609375
0.4629039764404297 543.8203125
0.4911220073699951 543.76171875
1.999202013015747 590.81640625
0.17160940170288086 543.7421875
0.2047417163848877 543.82421875
1.7072582244873047 572.828125
2.362649440765381 633.78515625
1.2839322090148926 543.796875
2.2066938877105713 609.4296875
0.140455961227417 543.7421875
1.7445273399353027 574.7421875
0.8405451774597168 543.8984375
1.4681553840637207 548.44921875
0.21168804168701172 543.87109375
1.3058409690856934 543.90234375
1.5923340320587158 555.8984375
0.7439465522766113 544.02734375
1.6443958282470703 569.4765625
2.274928331375122 619.4765625
1.6866528987884521 559.25
0.6276774406433105 543.9140625
0.33192920684814453 543.82421875
1.5733797550201416 548.84375
0.24054479598999023 543.9375
0.38190364837646484 544.00390625
0.19100689888000488 544.00390625
0.5285193920135498 544.125
0.1425333023071289 544.0234375
1.1305525302886963 544.10546875
1.4528415203094482 549.4765625
0.9387247562408447 544.14453125
0.1670064926147461 544.10546875
1.466439962387085 547.33203125
1.2422175407409668 544.13671875
1.841904878616333 565.03515625
0.18924999237060547 544.13671875
1.7436168193817139 572.37109375
0.2016284465789795 544.1484375
0.5782499313354492 544.16796875
1.5346925258636475 558.3984375
2.2728235721588135 618.7421875
0.28414368629455566 544.0625
0.21352028846740723 544.2421875
1.544619083404541 552.03515625
0.1489713191986084 544.171875
0.1220088005065918 544.14453125
0.2180793285369873 544.25390625
0.6316738128662109 544.16796875
2.1013810634613037 593.2734375
2.2742388248443604 624.15625
1.720623254776001 561.3203125
0.2132854461669922 544.19140625
1.1071488857269287 544.15625
1.6733362674713135 574.12890625
1.4842960834503174 545.125
0.2535731792449951 544.2734375
0.5153405666351318 544.18359375
1.3439059257507324 544.14453125
2.448150396347046 628.4296875
