0.26559901237487793 1970.02734375
1.8479301929473877 3078.71875
0.4153001308441162 3704.58203125
0.45588088035583496 3704.578125
0.5454509258270264 3354.2265625
0.5253889560699463 3705.65625
0.4666259288787842 3705.57421875
0.42164182662963867 3705.49609375
0.5670914649963379 3705.7265625
7.356444358825684 4352.99609375
0.5694272518157959 3705.70703125
0.531177282333374 3705.65625
0.4938695430755615 3705.58984375
7.7220306396484375 4455.51953125
0.5750203132629395 3705.73046875
0.41834354400634766 3705.49609375
0.48839259147644043 3705.5859375
7.759376525878906 4353.39453125
3.540679454803467 3705.73828125
0.47199487686157227 3705.5625
0.4819529056549072 3705.578125
0.4769423007965088 3705.55859375
7.8670923709869385 4374.39453125
0.5850527286529541 3705.7109375
7.630397796630859 4378.1875
0.4209880828857422 3692.390625
0.46132659912109375 3704.53515625
8.603551387786865 4427.3515625
7.854298114776611 4483.67578125
7.7015016078948975 4366.40234375
0.5746002197265625 3704.703125
0.42223095893859863 3704.5
0.421492338180542 3704.50390625
0.4647223949432373 3704.75390625
4.6773436069488525 3705.05859375
0.42815709114074707 3704.69140625
0.4174666404724121 3704.69140625
0.5474505424499512 3704.85546875
0.4338212013244629 3704.6953125
0.47348475456237793 3704.7578125
0.4242379665374756 3704.6953125
0.43613719940185547 3704.69140625
10.521595239639282 4580.6953125
0.5686168670654297 3704.8984375
7.501508474349976 4389.609375
4.469120025634766 3705.1328125
0.45598626136779785 3704.7578125
0.5612874031066895 3704.87109375
0.48800230026245117 3704.87890625
3.4728643894195557 3705.14453125
0.4730796813964844 3704.87109375
0.42517590522766113 3704.80078125
0.5786561965942383 3705.01171875
6.518099069595337 4338.5234375
0.46297574043273926 3705.0
0.5091993808746338 3705.04296875
7.367453575134277 4381.015625
8.114538431167603 4382.703125
0.535677433013916 3705.09375
0.4834132194519043 3705.01171875
0.5143282413482666 3705.0390625
0.4250648021697998 3704.9296875
6.202556133270264 3889.69140625
3.4951136112213135 3705.359375
0.41173648834228516 3704.9296875
0.5771551132202148 3705.1328125
0.5374526977539062 3705.046875
0.5468525886535645 3705.08984375
15.83945918083191 4642.3984375
8.09584903717041 4399.65625
0.6001262664794922 3705.109375
6.901501417160034 4340.93359375
0.5913784503936768 3705.140625
0.5989944934844971 3705.1484375
0.4793219566345215 3705.0
0.47300028800964355 3704.9921875
0.5798006057739258 3705.125
7.501712083816528 4355.26171875
0.4844846725463867 3705.0
0.44983363151550293 3704.9296875
0.44149160385131836 3704.9375
0.5103538036346436 3705.0234375
0.4353353977203369 3704.9375
0.45564985275268555 3704.9296875
0.5841951370239258 3705.08984375
0.4420936107635498 3704.9296875
0.5948965549468994 3705.11328125
0.6252579689025879 3705.1640625
7.467894792556763 4373.6875
0.5349154472351074 3705.00390625
0.44089627265930176 3704.93359375
0.45806431770324707 3704.9296875
7.8621721267700195 4352.73828125
0.48700761795043945 3704.99609375
2.3344168663024902 3705.33203125
9.326436281204224 4372.76171875
0.6277689933776855 3705.05859375
0.5567917823791504 3705.08984375
0.5998682975769043 3705.12109375
0.5737552642822266 3705.0625
