13.504535913467407 4846.6171875
15.253725528717041 6291.49609375
20.173810243606567 6141.8671875
17.828982830047607 6135.40234375
13.070780277252197 6297.79296875
14.861847639083862 6177.37890625
19.79423451423645 6139.7578125
16.00673508644104 6287.78515625
18.079441785812378 6162.72265625
14.021890640258789 6147.69140625
15.623646974563599 6279.29296875
18.846471071243286 6185.77734375
21.940793991088867 6102.63671875
15.76287055015564 6275.125
17.938773155212402 6186.19921875
17.128453731536865 6139.12890625
16.544933557510376 6271.08203125
16.33568048477173 6192.234375
13.940500497817993 6152.75
15.16221833229065 6260.82421875
15.13879132270813 6192.46875
16.91769289970398 6154.5234375
16.63546895980835 6264.578125
18.10184621810913 6194.4140625
20.920001745224 6138.86328125
17.667359113693237 6264.23046875
14.039714813232422 6209.61328125
14.985053777694702 6137.25390625
18.841811656951904 6260.03125
15.602368354797363 6201.328125
13.048819303512573 6160.3125
14.259921312332153 6254.84765625
14.489691019058228 6198.01171875
15.694746255874634 6156.15234375
16.733599424362183 6250.85546875
14.624947786331177 6212.12109375
12.862544536590576 6167.0078125
16.37186312675476 6249.84375
15.68284797668457 6199.1953125
15.793190002441406 6143.5859375
15.327351093292236 6243.70703125
15.100986003875732 6201.578125
17.742360591888428 6163.85546875
25.217458486557007 6232.18359375
16.087584018707275 6208.44140625
22.823001861572266 6100.58203125
14.718750238418579 6238.640625
18.128409147262573 6204.65625
14.63543438911438 6163.78125
15.43248200416565 6234.8359375
18.247234582901 6187.5703125
22.32893991470337 6143.02734375
15.63910436630249 6235.16796875
14.514747858047485 6212.67578125
14.009800910949707 6150.85546875
13.610843420028687 6235.99609375
15.226872444152832 6208.53125
13.241434335708618 6179.8046875
16.034578800201416 6233.19921875
16.7584011554718 6208.7421875
15.627340316772461 6170.2734375
16.82715344429016 6227.390625
13.535096406936646 6209.6640625
14.846709728240967 6170.0390625
12.09989333152771 6229.61328125
16.099945306777954 6201.78125
15.99290418624878 6176.57421875
15.782058238983154 6228.3515625
15.660808324813843 6208.890625
14.684272527694702 6176.02734375
15.98371148109436 6224.02734375
16.088074207305908 6200.68359375
13.028178691864014 6177.140625
14.458415746688843 6219.9375
16.84833550453186 6210.68359375
13.98922324180603 6182.2109375
17.68076515197754 6215.5390625
17.03403377532959 6214.17578125
14.613492965698242 6167.78125
15.276672601699829 6220.48828125
15.401996374130249 6199.46484375
15.701311826705933 6180.56640625
17.569786548614502 6218.62109375
15.70728349685669 6189.46875
18.020302534103394 6165.29296875
14.613884925842285 6221.1171875
14.906442642211914 6204.10546875
14.788973093032837 6169.6484375
19.257063627243042 6211.01171875
16.058432817459106 6214.4140625
14.190212965011597 6186.84375
14.18845820426941 6219.796875
16.71662425994873 6198.7265625
15.265275478363037 6184.99609375
17.839014530181885 6219.17578125
14.917725563049316 6216.328125
14.415430784225464 6189.8984375
16.00409984588623 6212.078125
16.576092958450317 6205.76953125
16.413968086242676 6184.98046875
