0.41704463958740234 123.8828125
0.37064695358276367 138.1953125
0.4598348140716553 150.36328125
0.5831527709960938 150.47265625
0.3716108798980713 150.50390625
0.46416759490966797 150.48828125
0.24475526809692383 150.41796875
0.40741801261901855 150.44921875
0.40390777587890625 150.484375
0.22898030281066895 150.46875
0.4549524784088135 150.48828125
0.3491358757019043 150.5390625
0.42595911026000977 150.4453125
0.33425259590148926 150.53125
0.4031088352203369 150.453125
0.3717625141143799 150.54296875
0.4316725730895996 150.50390625
0.4320659637451172 150.453125
0.45633506774902344 150.4765625
0.249100923538208 150.4921875
0.37932515144348145 150.47265625
0.4260735511779785 150.46875
0.24652838706970215 150.421875
0.25357651710510254 150.4375
0.4828629493713379 150.4921875
0.40001344680786133 150.46875
0.42983269691467285 150.44140625
0.318530797958374 150.48828125
0.3808612823486328 150.4296875
0.36759257316589355 150.5234375
0.23468518257141113 150.46484375
0.527496337890625 150.51171875
0.26123833656311035 150.49609375
0.2351391315460205 150.48046875
0.4184455871582031 150.42578125
0.34101438522338867 150.5078125
0.4149041175842285 150.45703125
0.33403491973876953 150.4609375
0.40941333770751953 150.4921875
0.44081664085388184 150.49609375
0.25346922874450684 150.46484375
0.37784385681152344 150.53515625
0.42876267433166504 150.45703125
0.46347570419311523 150.484375
0.4472007751464844 150.53515625
0.1021432876586914 150.359375
0.36391639709472656 150.52734375
0.28890132904052734 150.5078125
0.13076496124267578 150.34765625
0.3938009738922119 150.44921875
0.42276906967163086 150.5390625
0.4756450653076172 150.5
0.5930972099304199 150.5625
0.38599205017089844 150.53515625
0.3280158042907715 150.5234375
0.2721283435821533 150.4921875
0.36515378952026367 150.5546875
0.20490479469299316 150.4453125
0.386737585067749 150.49609375
0.3525524139404297 150.44140625
0.23305082321166992 150.44140625
0.444793701171875 150.4609375
0.3821985721588135 150.44140625
0.22304868698120117 150.453125
0.5802981853485107 150.53515625
0.3895721435546875 150.4921875
0.47133803367614746 150.55859375
0.4203500747680664 150.4921875
0.42855048179626465 150.4765625
0.750185489654541 158.60546875
0.39354372024536133 150.51953125
0.3300938606262207 150.4609375
0.4288754463195801 150.4453125
0.4004220962524414 150.5078125
0.4480459690093994 150.4453125
0.32258057594299316 150.41796875
0.448350191116333 150.484375
0.15455126762390137 150.3671875
0.5104923248291016 150.5078125
0.41350674629211426 150.4609375
0.3424201011657715 150.4453125
0.46028947830200195 150.59375
0.5182449817657471 150.53515625
0.3700981140136719 150.49609375
0.45020294189453125 150.5078125
0.4427049160003662 150.546875
0.4727199077606201 150.5390625
0.4077630043029785 150.5703125
0.4287075996398926 150.5
0.6174106597900391 152.8984375
0.31827783584594727 150.51953125
0.2501542568206787 150.5
0.3847935199737549 150.54296875
0.44087815284729004 150.53125
0.35776662826538086 150.578125
0.48839664459228516 150.5546875
0.47625255584716797 150.54296875
0.3330545425415039 150.56640625
0.40250205993652344 150.51953125
0.30141544342041016 150.5546875
