0.48917317390441895 5123.40625
25.207759141921997 9285.703125
0.6866602897644043 8669.45703125
0.3846311569213867 8669.60546875
0.6185421943664551 8609.3046875
0.6879541873931885 8665.515625
24.433653831481934 9013.95703125
25.216556787490845 9020.92578125
0.7360305786132812 8652.84375
0.7317013740539551 8652.84375
0.7881779670715332 8592.65234375
0.8034894466400146 8648.26171875
0.7985532283782959 8649.53515625
0.7388136386871338 8649.47265625
0.3899505138397217 8649.5546875
0.7859437465667725 8649.5390625
23.058613061904907 9095.1953125
0.718817949295044 8649.67578125
0.7341287136077881 8649.67578125
0.656400203704834 8649.609375
0.6421849727630615 8649.55078125
0.7834324836730957 8649.71875
23.831839084625244 9035.671875
0.6314396858215332 8649.0078125
26.05150270462036 9077.28125
0.3851609230041504 8649.234375
0.390300989151001 8649.234375
0.4338407516479492 8649.33203125
0.756657600402832 8649.28515625
0.6319587230682373 8649.125
24.997981548309326 9048.125
9.17837905883789 8660.62890625
0.781548023223877 8649.4921875
0.6359865665435791 8649.30078125
0.6685857772827148 8649.359375
0.39893555641174316 8649.5625
0.7457122802734375 8649.46875
0.690730094909668 8649.3984375
0.7567827701568604 8649.46484375
22.11765193939209 9111.23828125
0.7093911170959473 8649.51171875
0.6282978057861328 8649.42578125
0.7408502101898193 8649.546875
24.77979016304016 9055.63671875
0.7810070514678955 8649.875
0.8013031482696533 8649.91015625
0.38759684562683105 8649.9296875
0.7210769653320312 8649.81640625
0.7287299633026123 8649.82421875
30.932283639907837 8969.984375
0.7586653232574463 8649.83203125
25.461337089538574 9060.25
0.6183991432189941 8649.7109375
0.6399555206298828 8649.7109375
0.7250106334686279 8649.81640625
0.7396454811096191 8649.84375
25.577863931655884 9043.140625
0.39020800590515137 8648.0703125
24.482956886291504 9061.625
26.868540287017822 9030.06640625
25.100093364715576 9061.84375
0.7917373180389404 8648.06640625
0.7982690334320068 8648.078125
0.7485482692718506 8648.01171875
0.7223653793334961 8647.9765625
0.7617976665496826 8648.02734375
0.8030545711517334 8648.0859375
0.6237180233001709 8647.875
14.685956716537476 9068.51953125
0.7224593162536621 8647.97265625
0.7628507614135742 8648.02734375
0.6392261981964111 8647.875
22.639848709106445 9109.3359375
0.8040883541107178 8648.0859375
0.7742393016815186 8648.05078125
6.183298826217651 8648.296875
24.100287437438965 9056.0703125
0.800102949142456 8648.08984375
0.7626664638519287 8648.0390625
0.7660701274871826 8648.0625
0.80257248878479 8648.12109375
0.6220779418945312 8647.8984375
0.6799836158752441 8647.9609375
11.97946548461914 9067.84765625
26.150559186935425 9080.03125
29.76102590560913 8992.0859375
0.7737205028533936 8648.0625
24.449339628219604 9107.48046875
0.6373214721679688 8647.8984375
25.308257341384888 9044.3671875
0.8038444519042969 8648.109375
0.7299940586090088 8648.0703125
0.7754979133605957 8648.12109375
0.7378349304199219 8648.07421875
0.7943921089172363 8648.1484375
0.6729531288146973 8648.01171875
0.39168643951416016 8648.1640625
0.714627742767334 8648.05859375
0.7896170616149902 8648.12890625
4.151399374008179 8648.30078125
