2.939507007598877 1161.6171875
3.7972140312194824 1635.796875
2.679537057876587 1456.125
2.7173969745635986 1458.84765625
3.0373401641845703 1472.78515625
3.7675206661224365 1599.3984375
3.290891647338867 1583.8125
4.215804815292358 1655.70703125
4.15865159034729 1649.28515625
5.053422212600708 1745.0703125
2.606281280517578 1422.8515625
2.774986743927002 1488.21875
3.734236717224121 1595.30859375
0.4260573387145996 1387.5859375
2.817960262298584 1452.32421875
3.564793348312378 1610.51171875
3.791750907897949 1634.015625
3.200554847717285 1533.83203125
3.828648090362549 1656.359375
3.1043920516967773 1474.51171875
3.199471950531006 1513.76171875
2.6511991024017334 1461.859375
4.620931386947632 1768.0859375
3.6834592819213867 1589.921875
0.4321579933166504 1387.63671875
3.678119659423828 1523.69140625
5.4924609661102295 1730.2890625
4.255522966384888 1634.546875
2.8619894981384277 1501.47265625
3.9488422870635986 1691.19921875
3.820391893386841 1611.74609375
2.8253536224365234 1470.40234375
3.216862201690674 1493.73828125
3.328909397125244 1546.70703125
2.343682050704956 1389.14453125
2.9340085983276367 1468.328125
4.072505712509155 1614.453125
3.4478461742401123 1583.89453125
3.8440372943878174 1565.27734375
3.332392454147339 1553.2578125
4.561985492706299 1681.52734375
5.2937376499176025 1677.3125
3.9947586059570312 1602.59375
2.9349446296691895 1497.61328125
4.201308488845825 1645.37109375
3.6853604316711426 1625.46484375
3.837895154953003 1635.25
3.5753626823425293 1584.61328125
3.5543220043182373 1587.18359375
4.423858880996704 1700.7421875
2.4494922161102295 1409.03125
3.2905466556549072 1571.765625
3.0762853622436523 1507.1796875
3.2742791175842285 1535.4453125
4.03959584236145 1635.2734375
3.4684624671936035 1584.20703125
4.852500915527344 1769.98046875
3.9074835777282715 1622.59375
4.010479927062988 1655.41796875
3.2689108848571777 1564.4765625
2.6998260021209717 1451.3359375
3.849271535873413 1621.9921875
2.5686726570129395 1424.32421875
3.136263608932495 1507.5859375
3.5216214656829834 1557.16015625
3.215402841567993 1482.55078125
2.598996639251709 1435.203125
3.3986897468566895 1488.89453125
2.861320972442627 1435.51953125
4.155107259750366 1630.6171875
3.545914888381958 1623.52734375
4.728243589401245 1660.88671875
4.310376167297363 1690.63671875
4.324188232421875 1668.91015625
5.091628789901733 1779.203125
4.181358814239502 1657.015625
3.6404101848602295 1574.8046875
3.6139121055603027 1571.7734375
2.6076083183288574 1409.57421875
3.8563878536224365 1615.625
4.725702285766602 1709.59765625
2.857109308242798 1473.9453125
3.4532012939453125 1574.046875
3.5792689323425293 1612.91796875
4.118353366851807 1623.12890625
3.9557905197143555 1596.2265625
3.175632953643799 1490.63671875
3.0644729137420654 1512.31640625
3.4225285053253174 1564.328125
3.7824196815490723 1635.40234375
5.102834224700928 1700.4765625
3.7674083709716797 1615.91796875
3.3988006114959717 1559.96484375
2.1627070903778076 1388.27734375
4.136185169219971 1672.22265625
4.467238664627075 1671.078125
3.60215163230896 1603.63671875
3.520947217941284 1568.984375
2.866987943649292 1501.75390625
5.874512672424316 1742.6953125
