1.5532000064849854 497.97265625
0.24035215377807617 527.328125
0.25414180755615234 660.7890625
2.187969446182251 729.94140625
1.6497015953063965 661.3125
0.23961544036865234 661.19140625
1.6209418773651123 666.01171875
0.19951367378234863 661.36328125
0.8813247680664062 661.5859375
0.6866986751556396 661.83984375
1.268144130706787 661.90234375
0.23742008209228516 662.00390625
0.7457065582275391 662.546875
0.3757197856903076 662.578125
1.1560533046722412 662.72265625
0.8973932266235352 663.0390625
1.378051996231079 663.23046875
1.880464792251587 692.78125
0.7441284656524658 663.9453125
1.6293683052062988 670.89453125
0.762310266494751 664.30859375
1.0563812255859375 665.6796875
1.1677632331848145 665.9375
1.5838079452514648 666.06640625
0.2351679801940918 666.9296875
2.396130323410034 746.7578125
0.6567173004150391 666.9765625
0.5369853973388672 667.140625
1.8219139575958252 692.55078125
2.4244093894958496 747.65625
2.1963307857513428 740.5078125
0.22986745834350586 668.6171875
0.26182985305786133 668.84765625
1.1060075759887695 669.6015625
2.2314705848693848 722.03125
0.22913146018981934 669.76171875
0.7127776145935059 670.43359375
0.3132748603820801 670.58984375
1.5302734375 671.03125
1.9044172763824463 700.93359375
1.26200532913208 671.71875
1.6257224082946777 675.71875
1.7335004806518555 680.421875
0.24756598472595215 672.44921875
1.5895411968231201 672.83203125
0.20622754096984863 673.4296875
1.5678770542144775 673.85546875
1.261023998260498 674.01171875
2.479912757873535 744.98828125
2.1773855686187744 715.64453125
0.3195004463195801 674.3203125
1.710235595703125 678.02734375
0.6725704669952393 674.72265625
1.7827003002166748 674.796875
1.8409814834594727 684.9453125
0.5410008430480957 674.89453125
0.2602813243865967 675.54296875
1.7763011455535889 695.9296875
0.2324824333190918 675.79296875
0.5352051258087158 675.94921875
1.7093889713287354 694.75390625
2.037214756011963 696.453125
1.6368892192840576 675.91015625
0.9153046607971191 675.87109375
0.635488748550415 676.125
0.14314961433410645 676.2734375
0.6015551090240479 676.5078125
1.6476795673370361 683.625
0.371945858001709 676.48046875
1.3193325996398926 676.43359375
0.5056347846984863 676.51171875
0.15790677070617676 676.91796875
2.660806655883789 768.4140625
0.9593136310577393 677.078125
0.5390121936798096 677.04296875
1.1322126388549805 677.09375
0.5638458728790283 677.0546875
2.04892635345459 727.1015625
0.23948264122009277 676.9140625
0.18535852432250977 676.91796875
0.22163987159729004 676.9375
1.6865077018737793 677.1015625
2.447516918182373 765.2421875
0.4573988914489746 676.9921875
1.9078335762023926 682.01953125
1.7060778141021729 677.28125
0.6307880878448486 676.96875
0.14260220527648926 676.85546875
0.5001673698425293 677.06640625
2.02217173576355 695.91796875
1.6752433776855469 677.1015625
0.3222315311431885 677.0625
1.5983033180236816 677.11328125
1.5296587944030762 677.05078125
1.7411246299743652 693.36328125
2.3454697132110596 753.7890625
1.6748497486114502 677.05859375
2.0232045650482178 719.234375
0.8676373958587646 677.01953125
0.23907065391540527 676.96484375
