4.332197904586792 1577.609375
6.961534261703491 2374.0078125
0.7952795028686523 1995.57421875
5.33922266960144 2367.09765625
1.8185381889343262 1995.73828125
6.383309602737427 2355.0625
4.982942581176758 2383.421875
0.3611588478088379 1995.765625
0.2686796188354492 1995.7421875
6.1465654373168945 2290.234375
5.5678184032440186 2355.65625
3.1220500469207764 1996.109375
0.3803117275238037 1996.5546875
1.1929092407226562 1996.51953125
4.949222564697266 2394.74609375
4.849496841430664 2310.828125
4.898757696151733 2340.08203125
2.190295934677124 1997.33203125
0.8024933338165283 1997.7421875
0.34545087814331055 1997.7265625
0.30361175537109375 1997.5390625
4.5389745235443115 2328.16796875
8.289353847503662 2541.15625
6.417957305908203 2379.6796875
0.3321235179901123 1999.98046875
0.42952728271484375 1999.99609375
6.923523664474487 2552.234375
4.793616533279419 2137.828125
4.795329332351685 2186.70703125
0.3560640811920166 2003.66796875
7.502072095870972 2549.19140625
0.411196231842041 2008.5390625
1.4819376468658447 2009.8671875
6.737029552459717 2370.39453125
1.1158320903778076 2011.890625
2.1808314323425293 2014.03515625
0.5395283699035645 2015.8671875
3.9622178077697754 2019.671875
2.7839412689208984 2020.50390625
5.468065977096558 2358.5078125
7.418668746948242 2571.7578125
6.469380617141724 2380.91796875
1.3641908168792725 2024.00390625
1.3208060264587402 2024.00390625
0.3347804546356201 2024.50390625
2.1305389404296875 2024.51171875
0.39586925506591797 2026.26953125
0.361194372177124 2026.21484375
7.399017095565796 2514.1796875
5.516096830368042 2415.23046875
5.15846848487854 2412.88671875
5.355178356170654 2267.75
5.304185152053833 2322.56640625
0.6825902462005615 2028.91796875
5.387808084487915 2350.41796875
4.97574257850647 2404.08984375
0.42486071586608887 2028.87890625
5.318697452545166 2199.01953125
4.016314744949341 2176.71484375
3.3148646354675293 2028.8828125
7.372740745544434 2570.515625
7.716064691543579 2569.32421875
0.34916162490844727 2028.91015625
5.037897109985352 2374.8125
2.572218179702759 2029.0
3.9570727348327637 2028.96484375
0.3594832420349121 2028.80078125
4.587737083435059 2263.62890625
4.78016209602356 2412.7578125
4.086454153060913 2185.48046875
5.129709243774414 2347.15625
3.4194655418395996 2028.9921875
0.7840189933776855 2028.96484375
2.191237688064575 2028.859375
2.418962240219116 2028.88671875
4.784369945526123 2333.53515625
0.42148399353027344 2028.8828125
0.4413270950317383 2028.87890625
5.347025394439697 2350.44921875
5.866588354110718 2566.76953125
7.278266191482544 2529.8984375
1.447295904159546 2028.94140625
0.46475768089294434 2028.890625
0.9207990169525146 2028.9453125
0.4025130271911621 2028.8671875
2.602792501449585 2028.96875
4.638361215591431 2210.02734375
5.042158603668213 2352.203125
0.3044707775115967 2028.68359375
3.2480952739715576 2029.0390625
6.259748458862305 2405.87109375
7.993443965911865 2476.421875
0.382737398147583 2028.83984375
1.939526081085205 2028.83984375
0.35753560066223145 2028.8046875
3.3146731853485107 2054.66015625
5.157891273498535 2399.859375
0.2840254306793213 2022.828125
6.404557228088379 2555.67578125
1.7620620727539062 2017.3203125
