3.198422431945801 1538.41796875
4.447791576385498 2135.73828125
3.984304189682007 2150.95703125
6.435399532318115 2445.84375
3.5972397327423096 2100.12890625
0.35774993896484375 1951.8203125
3.584472179412842 2031.8828125
4.587526321411133 2318.98046875
0.3213775157928467 1951.73828125
0.9399838447570801 1951.8046875
0.3193776607513428 1951.73828125
4.762948751449585 2240.47265625
4.893997430801392 2252.546875
0.32601284980773926 1951.76171875
2.7873287200927734 1951.83203125
6.73142671585083 2317.87109375
3.159682035446167 1946.74609375
4.973671913146973 2155.99609375
0.3016524314880371 1946.671875
5.322077751159668 2286.375
0.37065696716308594 1946.73046875
0.5605218410491943 1946.6953125
0.403897762298584 1946.7890625
5.3457190990448 2401.75390625
5.213150262832642 2273.0390625
4.519567489624023 2232.09375
5.359119892120361 2230.33203125
1.5550482273101807 1946.7265625
6.250338077545166 2355.38671875
7.16769814491272 2469.30078125
0.3655886650085449 1946.7421875
4.1711812019348145 2090.66796875
0.378324031829834 1946.75390625
2.367976188659668 1946.7109375
5.451830625534058 2431.2109375
6.308759927749634 2328.51171875
4.680955171585083 2286.80859375
4.471060752868652 2246.91015625
4.585670232772827 2093.19921875
6.370295763015747 2407.8046875
6.773517608642578 2458.98828125
4.437205791473389 2258.546875
1.178807020187378 1946.6875
0.3995015621185303 1946.8046875
2.719900131225586 1946.671875
0.8077867031097412 1946.71875
0.25109434127807617 1946.65234375
0.3342766761779785 1946.703125
2.7328431606292725 1946.73046875
6.570498704910278 2341.4140625
5.238497972488403 2251.359375
7.200301885604858 2472.61328125
0.3575782775878906 1946.73046875
0.3303334712982178 1946.6953125
5.54649806022644 2294.27734375
5.559785604476929 2400.59375
1.153116226196289 1946.71875
3.9757182598114014 1999.93359375
0.5849285125732422 1946.4921875
0.4219348430633545 1946.62109375
4.574911117553711 2274.2421875
0.4131622314453125 1946.81640625
0.2854118347167969 1946.671875
4.451826572418213 2107.07421875
0.2538936138153076 1946.65234375
1.6222202777862549 1946.64453125
0.4372227191925049 1946.640625
5.935552358627319 2423.59375
1.1398284435272217 1946.72265625
3.321106433868408 1946.82421875
5.761656761169434 2331.2578125
0.3396162986755371 1946.71484375
0.3372807502746582 1946.62890625
2.9938907623291016 1946.58203125
4.440086841583252 2145.984375
0.4204418659210205 1946.81640625
0.38720130920410156 1946.75390625
2.7846479415893555 1946.6171875
0.40917539596557617 1946.79296875
5.987301826477051 2463.73046875
5.302121162414551 2303.453125
0.42064714431762695 1946.83203125
0.38053297996520996 1946.75
0.41486144065856934 1946.80078125
5.9386231899261475 2303.66796875
0.7922658920288086 1946.6796875
0.2590963840484619 1946.65234375
6.604214668273926 2401.41015625
5.670511722564697 2288.96484375
0.3880136013031006 1946.77734375
7.226581811904907 2406.0546875
4.442303657531738 2262.73046875
0.32969093322753906 1946.67578125
4.674517869949341 2317.90625
0.4305713176727295 1946.81640625
4.08322286605835 2041.1484375
1.5992603302001953 1946.6171875
5.105935335159302 2226.9765625
0.4061300754547119 1946.6484375
7.203532934188843 2367.51953125
