3.026505947113037 3648.55859375
3.795795202255249 5554.22265625
6.604701042175293 6089.95703125
4.586467266082764 6039.9296875
1.2551803588867188 6010.859375
8.805022239685059 6151.60546875
7.424762010574341 6037.79296875
4.603184700012207 6012.3046875
7.663749933242798 6147.58203125
5.550433874130249 6036.95703125
5.789743661880493 6036.94921875
6.514242649078369 6036.96484375
5.218236207962036 6036.9140625
1.7159912586212158 6011.81640625
2.379058361053467 6036.5390625
4.435346603393555 6036.96875
5.4192955493927 6036.9765625
10.851829290390015 6184.03515625
4.68325662612915 6037.1953125
5.554667711257935 6037.0078125
0.3883476257324219 6036.7890625
5.91511344909668 6037.0078125
0.7106425762176514 6036.8359375
6.37796950340271 6037.25
2.0430431365966797 6037.3359375
5.784680128097534 6037.390625
3.1037561893463135 6037.35546875
5.904765605926514 6037.40234375
8.237445592880249 6151.91796875
7.795117139816284 6080.90234375
0.8519115447998047 6037.5390625
6.1233015060424805 6047.26171875
0.6367156505584717 6037.26171875
5.391685724258423 6038.01953125
3.2887425422668457 6037.95703125
5.801032543182373 6038.046875
0.6904714107513428 6038.08984375
2.1824772357940674 6038.1484375
6.495512008666992 6085.31640625
0.42288780212402344 6038.3046875
2.744885206222534 6038.20703125
6.300792932510376 6038.2890625
0.5641934871673584 6038.66796875
1.7597391605377197 6038.703125
6.3362672328948975 6038.8203125
0.4702472686767578 6038.625
6.424082517623901 6068.671875
6.345836639404297 6038.765625
12.422873735427856 6274.1796875
6.531710147857666 6073.52734375
6.331617593765259 6153.51171875
3.526557683944702 6038.7734375
6.921349763870239 6039.0390625
6.797043800354004 6062.1328125
6.07757830619812 6038.83984375
8.742551565170288 6140.98828125
0.6388254165649414 6038.7109375
0.6345822811126709 6039.3671875
9.428071975708008 6083.44921875
1.6563494205474854 6039.70703125
3.450148105621338 6039.5859375
6.4929609298706055 6039.72265625
0.48800158500671387 6039.33984375
1.8634638786315918 6040.41015625
2.2654261589050293 6040.328125
6.393719673156738 6146.078125
6.1995930671691895 6040.20703125
1.1304411888122559 6040.37109375
0.33931803703308105 6040.015625
0.4133765697479248 6040.59375
5.87689471244812 6040.58984375
5.662792921066284 6037.04296875
4.124368190765381 6041.453125
8.01073670387268 6133.51171875
6.329393625259399 6168.83203125
1.3868396282196045 6039.73046875
6.740865230560303 6078.62109375
4.057250499725342 6039.98046875
6.692817449569702 6040.08984375
6.116295576095581 6057.1015625
6.644744873046875 6160.01171875
3.5194480419158936 6040.25
0.5483815670013428 6040.35546875
6.4780027866363525 6182.1015625
0.4130704402923584 6040.89453125
2.382901906967163 6040.76171875
6.4745612144470215 6176.50390625
7.049326419830322 6053.70703125
4.008354187011719 6041.84375
5.685384750366211 6041.8671875
7.37286639213562 6067.37109375
6.655719041824341 6054.421875
2.3491435050964355 6042.07421875
6.309408187866211 6041.89453125
0.6008143424987793 6041.72265625
0.846886396408081 6042.015625
0.6208076477050781 6041.7578125
6.069695472717285 6041.875
8.060930728912354 6206.64453125
3.015981435775757 6041.859375
