1.3290417194366455 695.23828125
0.29146647453308105 849.59765625
0.5137472152709961 1074.4375
3.0159201622009277 1173.0546875
2.5418241024017334 1105.22265625
0.29285740852355957 1074.63671875
0.30924105644226074 1074.6875
2.9066805839538574 1174.05078125
0.3043804168701172 1074.734375
0.2688908576965332 1074.671875
2.7263023853302 1124.42578125
4.33161997795105 1321.5859375
0.17119050025939941 1074.5625
4.547611951828003 1281.0546875
3.86432147026062 1221.91796875
1.5902154445648193 1074.58984375
2.7280399799346924 1173.71875
2.0574302673339844 1074.6796875
2.190131664276123 1076.16796875
1.05491042137146 1074.59765625
3.118220329284668 1228.33984375
0.2873389720916748 1074.5703125
0.5381720066070557 1074.6015625
0.3197174072265625 1074.734375
0.9112582206726074 1074.55859375
0.21768736839294434 1074.625
1.5018916130065918 1074.48046875
0.6221156120300293 1074.5625
0.27745771408081055 1074.625
0.2822859287261963 1074.68359375
1.6151642799377441 1074.51953125
1.0646984577178955 1074.51953125
3.90030574798584 1208.328125
1.3475756645202637 1074.5078125
1.9015638828277588 1074.671875
4.569525957107544 1291.015625
3.0120694637298584 1200.01953125
0.5047283172607422 1074.6640625
0.30078577995300293 1074.62890625
3.0116937160491943 1203.26953125
5.13470721244812 1360.12890625
4.291610479354858 1358.94140625
1.538346529006958 1074.70703125
3.2618887424468994 1195.28125
2.6782655715942383 1174.03125
1.1183803081512451 1074.71484375
0.6373839378356934 1074.67578125
0.292766809463501 1074.75390625
4.216657638549805 1332.296875
0.6312961578369141 1074.62109375
0.2921462059020996 1074.7578125
2.957339286804199 1229.94921875
3.3245859146118164 1163.19921875
0.35561513900756836 1074.63671875
0.2948954105377197 1074.76953125
2.933809757232666 1210.52734375
1.160160779953003 1074.6796875
2.6528186798095703 1074.81640625
0.672454833984375 1074.75390625
1.0009937286376953 1074.6171875
4.408667802810669 1253.7109375
2.6911165714263916 1074.6328125
2.4913594722747803 1074.6328125
3.628549575805664 1278.7890625
3.70597767829895 1189.23046875
0.2913703918457031 1074.74609375
1.895303726196289 1074.72265625
2.7070815563201904 1195.6796875
1.7545967102050781 1074.8203125
3.4523489475250244 1191.59765625
3.314253330230713 1196.375
3.0873634815216064 1199.0234375
3.6363844871520996 1204.2890625
2.652949094772339 1162.15625
4.91860294342041 1337.6328125
0.19577741622924805 1074.8359375
0.24801325798034668 1074.84375
0.28145503997802734 1074.890625
2.8291008472442627 1205.4921875
0.22295069694519043 1074.8359375
2.0946826934814453 1074.875
2.7011213302612305 1168.94921875
0.2700212001800537 1074.86328125
0.32125353813171387 1074.71484375
0.23368239402770996 1074.8359375
0.37110471725463867 1074.765625
2.7757720947265625 1172.57421875
1.734572410583496 1074.8359375
0.28786277770996094 1074.90234375
0.33831238746643066 1074.73046875
0.8033437728881836 1074.85546875
2.440444231033325 1106.75390625
2.4486992359161377 1074.875
2.851733684539795 1175.2109375
0.3277120590209961 1074.94921875
2.8223016262054443 1170.3359375
2.6852288246154785 1127.0078125
0.3378024101257324 1074.921875
0.5980637073516846 1074.80859375
0.2725353240966797 1074.88671875
