4.528699636459351 1017.203125
0.32216668128967285 909.1953125
3.208311080932617 1288.73828125
3.1311254501342773 1286.53125
1.8692069053649902 1156.58203125
0.18100309371948242 1156.6875
2.830899953842163 1288.65234375
3.6862099170684814 1354.23828125
0.2603421211242676 1156.75390625
4.405529499053955 1427.1953125
0.5317807197570801 1156.70703125
2.291794538497925 1201.8984375
0.2682936191558838 1156.7578125
3.1321868896484375 1334.4921875
0.27847814559936523 1156.7734375
0.2375783920288086 1156.6953125
3.318366527557373 1309.33984375
2.6358582973480225 1197.59375
0.20820856094360352 1156.69140625
0.3211376667022705 1156.79296875
0.25899696350097656 1156.74609375
3.2495219707489014 1331.1640625
0.25197792053222656 1156.7421875
3.7364373207092285 1401.0390625
2.822075843811035 1289.8125
2.5545785427093506 1156.84765625
0.3046391010284424 1156.80078125
4.251236438751221 1374.6640625
4.654611110687256 1452.7421875
0.9747793674468994 1156.78125
0.2591516971588135 1156.6640625
3.9034111499786377 1346.40234375
2.988882064819336 1292.24609375
0.2501184940338135 1156.7265625
0.21768951416015625 1156.69140625
3.1170504093170166 1330.43359375
3.9127049446105957 1339.60546875
0.23689627647399902 1156.70703125
0.8295106887817383 1156.7421875
3.528752326965332 1331.69140625
3.1386430263519287 1300.65234375
3.159130334854126 1298.42578125
0.1903836727142334 1156.69140625
4.198996305465698 1358.640625
0.3129441738128662 1156.828125
0.2892181873321533 1156.76953125
3.175858497619629 1289.24609375
2.868655204772949 1300.7109375
0.18614840507507324 1156.69140625
3.261113405227661 1341.98046875
0.7311089038848877 1156.734375
0.2640519142150879 1156.74609375
0.513110876083374 1156.6328125
2.7395830154418945 1239.46484375
1.9424469470977783 1156.76171875
3.442957878112793 1300.7265625
0.190047025680542 1156.69140625
4.76645302772522 1458.24609375
0.46892547607421875 1156.73828125
3.3001725673675537 1331.72265625
3.8854594230651855 1304.53125
5.118847608566284 1415.46875
0.29451704025268555 1156.78515625
2.1219799518585205 1175.3125
4.005980968475342 1393.16796875
2.5619122982025146 1192.3671875
3.6027188301086426 1312.80078125
4.6490113735198975 1464.16796875
0.2926023006439209 1156.78125
3.274611711502075 1295.81640625
2.6850616931915283 1207.78515625
0.18231844902038574 1156.6875
4.409223318099976 1394.65625
0.2614281177520752 1156.73828125
0.2924208641052246 1156.80078125
0.1899247169494629 1156.6875
3.4431638717651367 1329.1328125
0.3066840171813965 1156.8046875
3.3999996185302734 1339.6875
0.28920483589172363 1156.78515625
3.6138710975646973 1334.421875
0.2760593891143799 1156.7109375
4.811847448348999 1464.0
0.2019515037536621 1156.6875
0.9649124145507812 1156.69921875
3.3485395908355713 1231.08203125
0.2529726028442383 1156.7265625
4.635281562805176 1390.71484375
2.9303627014160156 1202.69921875
3.113701343536377 1250.73828125
0.28020691871643066 1156.77734375
0.22742152214050293 1156.69140625
0.23149943351745605 1156.69921875
2.8120999336242676 1169.50390625
0.337648868560791 1156.84765625
0.22609996795654297 1156.69140625
1.0089225769042969 1156.703125
0.27240920066833496 1156.75
1.8984370231628418 1156.78515625
3.034135103225708 1234.34765625
