34.5077178478241 185.66796875
32.13223385810852 185.83203125
43.197819232940674 186.59375
11.824214696884155 184.60546875
43.48824620246887 185.5078125
18.972020626068115 184.62109375
29.661272525787354 186.46484375
44.71170496940613 185.28125
43.40055727958679 185.68359375
28.87493085861206 185.73046875
34.5015869140625 185.27734375
12.96893310546875 184.7421875
44.341556549072266 187.09375
31.19295048713684 185.79296875
26.662614822387695 186.21484375
28.531158685684204 185.83984375
28.317026138305664 185.7578125
14.334382772445679 184.72265625
34.06361246109009 186.01171875
39.579776763916016 186.01171875
2.403132438659668 182.34765625
37.90483522415161 185.37109375
25.400498867034912 186.9921875
26.61971116065979 186.625
17.396729946136475 186.73046875
17.48409342765808 186.73828125
28.958418607711792 186.37109375
34.66719055175781 185.32421875
28.50280213356018 186.79296875
0.39963555335998535 143.37890625
38.0502142906189 185.71484375
21.131669759750366 186.796875
0.9917736053466797 162.66015625
34.82795572280884 185.08203125
38.11252045631409 186.5546875
34.21878957748413 185.953125
31.10629963874817 188.0078125
26.96636152267456 186.203125
29.726218938827515 187.81640625
40.89443516731262 187.171875
25.268012285232544 188.26171875
23.702504873275757 185.94140625
43.16908264160156 186.1953125
29.153796195983887 187.30078125
14.218693256378174 185.25390625
37.88545298576355 187.00390625
21.84743022918701 185.5390625
10.699134588241577 185.1796875
28.29291558265686 187.39453125
45.763070821762085 187.12890625
38.29534959793091 185.98828125
26.712522268295288 186.4765625
39.23400664329529 187.9609375
39.58890080451965 187.75390625
34.590829610824585 185.96484375
37.989272356033325 186.75
17.5294930934906 187.30859375
34.36660361289978 185.79296875
28.622610569000244 186.7734375
34.9200165271759 186.08203125
21.086621284484863 187.4765625
26.08599543571472 186.19921875
40.82026815414429 186.234375
2.684993028640747 183.6875
17.562700271606445 186.5546875
13.63596224784851 185.72265625
40.85036063194275 187.453125
18.132646083831787 185.9921875
22.899182319641113 187.01171875
34.50767254829407 187.50390625
44.41654419898987 187.7421875
1.2584388256072998 181.0703125
19.82727837562561 186.1796875
31.724595546722412 186.7578125
44.61905097961426 187.51171875
34.15533494949341 186.44140625
1.7671420574188232 181.36328125
38.34534740447998 186.18359375
26.51853847503662 187.23046875
23.137168169021606 186.9765625
29.855053186416626 187.76953125
27.028050661087036 186.27734375
36.6039879322052 186.69140625
43.86112356185913 187.6328125
16.778289079666138 185.90234375
29.24351477622986 186.078125
17.489657640457153 186.9765625
40.59129071235657 187.13671875
20.5216646194458 186.86328125
1.8810501098632812 182.12890625
28.0448157787323 186.7421875
0.9921181201934814 162.59765625
34.51548624038696 186.21875
44.4002001285553 188.1171875
28.193081855773926 186.23046875
42.77926516532898 187.953125
44.66490578651428 187.77734375
34.73841333389282 186.125
31.031439065933228 188.484375
19.087947368621826 186.76953125
