0.8931996822357178 153.296875
9.012289762496948 184.33203125
9.665130853652954 185.625
1.5761475563049316 180.47265625
1.403249740600586 181.2265625
0.84519362449646 161.23046875
27.238773822784424 185.26171875
7.54011344909668 184.234375
0.9438576698303223 162.109375
0.7971518039703369 161.6875
0.8937814235687256 161.5859375
1.07368803024292 161.33203125
1.3935785293579102 175.52734375
0.8269717693328857 162.87109375
1.4015464782714844 181.40625
1.5337536334991455 181.4453125
0.9576973915100098 161.92578125
1.3226444721221924 181.7578125
38.69708061218262 186.27734375
1.0368099212646484 176.05078125
1.1449084281921387 161.9765625
1.1160650253295898 180.43359375
17.61806297302246 186.5703125
0.522794246673584 144.5078125
1.6545414924621582 180.89453125
0.9752223491668701 169.60546875
0.7944891452789307 162.44921875
1.9768779277801514 182.0078125
2.2109837532043457 182.68359375
0.3794562816619873 145.13671875
1.1491763591766357 162.078125
3.052764415740967 182.94921875
5.405093193054199 184.0546875
1.1687188148498535 162.3671875
38.56698703765869 185.9609375
0.887183427810669 163.02734375
1.7690279483795166 181.6484375
0.19746160507202148 144.85546875
3.205497980117798 181.8671875
1.7684626579284668 182.98828125
3.4791765213012695 183.99609375
0.6697342395782471 157.29296875
0.8334777355194092 162.09765625
1.1659996509552002 165.98828125
0.8163235187530518 163.15234375
0.9993853569030762 174.73828125
2.0881636142730713 182.98046875
1.4823589324951172 181.87890625
0.9334845542907715 162.6796875
8.60126519203186 185.01171875
0.8938124179840088 162.41015625
0.9831507205963135 162.44921875
1.0685081481933594 162.58203125
0.9781737327575684 162.49609375
38.86731743812561 187.125
0.8180825710296631 162.9453125
0.8806536197662354 162.5703125
1.0611319541931152 162.27734375
0.9081277847290039 162.44140625
7.668867349624634 183.8125
1.6208930015563965 182.578125
1.2317636013031006 180.80078125
0.7529113292694092 161.2890625
10.622813940048218 185.38671875
0.9763569831848145 166.9140625
1.1624696254730225 163.26953125
4.498567819595337 183.85546875
1.2225499153137207 162.50390625
1.126319408416748 161.86328125
1.3384995460510254 181.02734375
1.2215688228607178 169.99609375
1.9167723655700684 181.84765625
1.3074405193328857 181.84765625
1.5150508880615234 184.21875
0.9225950241088867 162.10546875
2.187580108642578 181.56640625
1.103276252746582 162.5390625
1.1512174606323242 164.6640625
0.83585524559021 162.8125
1.6174061298370361 182.015625
2.522599458694458 183.91796875
1.101722002029419 161.3359375
0.9947850704193115 162.01953125
0.9803886413574219 163.14453125
0.8066816329956055 162.30859375
0.8064405918121338 162.55859375
0.8522775173187256 161.6171875
7.4870924949646 183.73046875
1.116744041442871 181.609375
0.84311842918396 162.7421875
41.98843955993652 187.48828125
9.191245079040527 185.1796875
0.8935177326202393 162.56640625
27.22745394706726 186.8828125
1.140005111694336 181.30859375
1.876441478729248 182.53125
0.6390707492828369 145.06640625
40.78036165237427 186.2578125
2.0975985527038574 182.32421875
11.534553050994873 185.59765625
