0.6970174312591553 109.94921875
0.7047009468078613 110.234375
0.7138848304748535 109.9765625
0.7278885841369629 110.07421875
0.7237040996551514 109.61328125
0.7296514511108398 109.61328125
0.7170498371124268 109.83984375
0.5508773326873779 109.57421875
0.7192986011505127 110.203125
0.6509816646575928 110.25
0.6491401195526123 109.92578125
0.7275962829589844 109.68359375
0.6868913173675537 109.859375
0.7330164909362793 110.01171875
0.6340470314025879 109.6796875
0.6159353256225586 109.8046875
0.664971113204956 110.00390625
0.6062870025634766 109.87890625
0.7174530029296875 109.91015625
0.6863200664520264 109.7734375
0.6912133693695068 109.5390625
0.6671905517578125 109.8203125
0.48981380462646484 108.9765625
0.5231070518493652 109.359375
0.5070035457611084 109.66796875
0.7160766124725342 109.71484375
0.7557318210601807 110.16796875
0.6864562034606934 110.0390625
0.72080397605896 110.32421875
0.7858729362487793 109.81640625
0.6007542610168457 110.0390625
0.6746578216552734 110.3359375
0.52374267578125 109.66015625
0.5770444869995117 109.85546875
0.1964881420135498 105.390625
0.6979081630706787 110.30078125
0.616579532623291 110.078125
0.699364185333252 109.90625
0.7225735187530518 109.9375
0.512688398361206 109.15234375
0.723210334777832 109.7578125
0.7378404140472412 109.94921875
0.7647452354431152 109.76171875
0.558159589767456 108.51171875
0.5533850193023682 109.66796875
0.6951544284820557 110.359375
0.6882097721099854 109.8203125
0.4851861000061035 108.22265625
0.7027015686035156 110.05078125
0.733231782913208 110.015625
0.6481194496154785 110.2265625
0.7875411510467529 109.75390625
0.6806704998016357 109.9296875
0.7842020988464355 110.4765625
0.7723352909088135 109.90234375
0.797612190246582 109.8125
0.7790672779083252 109.84375
0.7072350978851318 110.0234375
0.7371640205383301 109.46875
0.7212064266204834 109.96875
0.7158026695251465 110.84375
0.609391450881958 110.12890625
0.7373566627502441 109.8828125
0.6270456314086914 109.85546875
0.7470214366912842 109.7578125
0.7308497428894043 109.9765625
0.699167013168335 110.125
0.6782188415527344 110.0546875
0.5815713405609131 109.890625
0.20032954216003418 105.39453125
0.7113471031188965 109.87890625
0.6892843246459961 110.671875
0.6543948650360107 110.2421875
0.6514937877655029 110.265625
0.6993064880371094 110.14453125
0.7579286098480225 110.09375
0.7558681964874268 109.94921875
0.20357847213745117 105.3984375
0.23961925506591797 105.3828125
0.24968552589416504 105.390625
0.7280662059783936 109.78515625
0.759680986404419 109.73828125
0.7675950527191162 110.30859375
0.7028310298919678 110.55078125
0.7728819847106934 110.11328125
0.7210681438446045 109.94140625
0.7079849243164062 109.97265625
0.4156501293182373 105.453125
0.6308579444885254 110.22265625
0.4223353862762451 105.45703125
0.7393035888671875 109.90234375
0.6606042385101318 110.14453125
0.6937716007232666 109.76171875
0.20653462409973145 105.3984375
0.7432875633239746 109.953125
0.7392606735229492 110.078125
0.41692161560058594 105.453125
0.7538266181945801 110.01953125
0.758152961730957 109.8515625
0.7499589920043945 110.05078125
