10.775157928466797 122.3984375
9.163660287857056 121.90234375
10.640790224075317 122.015625
9.367473125457764 122.5703125
8.14937424659729 122.1796875
8.607699632644653 122.22265625
10.631343603134155 121.90234375
8.227692127227783 122.765625
7.73352313041687 122.546875
12.871954202651978 122.046875
10.364107608795166 122.09765625
8.783360242843628 121.59765625
8.5059494972229 121.90234375
8.839110374450684 121.859375
8.82761001586914 122.0625
9.07363748550415 122.1328125
7.446410417556763 121.8515625
8.385189056396484 122.140625
8.748980045318604 122.03125
12.029593706130981 122.72265625
9.211672306060791 122.0078125
9.297733306884766 121.74609375
9.514009714126587 122.07421875
10.207901000976562 121.98046875
9.182409286499023 122.41015625
7.732208728790283 122.91015625
9.563674211502075 121.47265625
10.243816137313843 122.47265625
9.154897689819336 122.265625
9.839930772781372 122.2734375
12.58474850654602 122.484375
11.46367073059082 122.1953125
10.149919986724854 122.16015625
9.985223054885864 121.6875
8.139688491821289 121.16796875
10.960610151290894 122.890625
8.110572338104248 121.3671875
9.932278633117676 122.0546875
8.942665338516235 121.8515625
8.712443590164185 122.70703125
8.756068706512451 122.23046875
10.316431283950806 122.16796875
8.46726393699646 121.49609375
10.549311399459839 122.078125
10.70292854309082 121.859375
9.31110143661499 122.09765625
10.714057207107544 122.45703125
8.40267276763916 122.28515625
6.8227338790893555 122.203125
11.37315320968628 122.078125
9.469994068145752 122.01953125
7.44426703453064 122.33203125
10.861319303512573 122.5546875
8.952826499938965 121.765625
12.211439371109009 122.49609375
9.696587324142456 122.359375
11.58700942993164 121.94921875
10.020942211151123 122.078125
8.417288303375244 121.94921875
9.480341911315918 122.3203125
9.364302158355713 122.796875
9.561712503433228 121.80859375
13.586914777755737 122.33203125
9.793081998825073 121.90234375
10.626266479492188 122.60546875
11.999316453933716 122.71484375
9.975345134735107 122.2890625
12.084606409072876 123.0546875
8.509929418563843 121.4609375
8.640714406967163 122.11328125
9.268571138381958 122.125
8.255808353424072 122.1953125
11.12088680267334 122.0625
12.306410789489746 121.89453125
10.39732551574707 121.95703125
9.08991551399231 121.9140625
9.404513359069824 121.95703125
12.425511360168457 122.08984375
11.79303789138794 122.23046875
8.08553171157837 122.33203125
11.61254096031189 121.96484375
14.414136171340942 122.328125
14.769043684005737 122.27734375
9.988565683364868 121.95703125
6.777122735977173 121.8515625
10.047220706939697 121.33984375
9.268104076385498 122.0390625
9.358164548873901 122.46484375
8.03943157196045 121.44140625
11.586967706680298 122.27734375
8.538796663284302 122.4609375
12.020729064941406 122.45703125
9.211288452148438 122.1875
10.262861251831055 122.33203125
9.514078855514526 122.40625
7.955462217330933 122.12109375
7.654711961746216 122.04296875
8.652979135513306 122.2578125
12.124226093292236 122.21484375
8.631380558013916 121.73046875
