5.740504503250122 118.7578125
4.072046995162964 119.07421875
5.061450481414795 119.09765625
7.0196616649627686 118.671875
0.29877662658691406 107.328125
0.3039112091064453 107.328125
6.8653788566589355 118.89453125
5.903113603591919 119.2265625
7.738119602203369 118.77734375
4.698415756225586 118.48828125
4.794670581817627 118.9375
6.481000661849976 118.5859375
7.662987470626831 118.75
4.915629148483276 118.6484375
2.4127259254455566 117.90234375
5.412107944488525 118.44921875
6.731700658798218 119.15234375
5.2351202964782715 119.18359375
0.297130823135376 107.34765625
0.29796862602233887 107.33984375
0.2994699478149414 107.34375
5.501115798950195 118.78125
6.137443780899048 119.8125
5.393152952194214 118.953125
7.947719097137451 119.01171875
3.959143877029419 118.8359375
0.2987997531890869 107.3515625
7.072312116622925 118.6796875
0.3019726276397705 107.3671875
5.38171911239624 118.953125
5.646636009216309 118.796875
5.866929769515991 119.17578125
4.50649881362915 118.82421875
0.296217679977417 107.3515625
3.0038797855377197 118.2421875
4.589792490005493 118.62890625
5.077927350997925 118.7890625
7.055023431777954 118.953125
8.263230562210083 119.17578125
5.583964109420776 118.73046875
0.2986741065979004 107.359375
0.30089521408081055 107.359375
4.922104120254517 119.4296875
4.408210515975952 118.40625
0.2930159568786621 107.35546875
3.265702962875366 118.1484375
6.902869939804077 118.88671875
3.8637046813964844 118.828125
0.30167222023010254 107.359375
0.295285701751709 107.3515625
4.594649791717529 118.8046875
5.548987865447998 118.78515625
6.09741997718811 118.6171875
1.3343427181243896 117.54296875
7.1678783893585205 119.10546875
5.532077312469482 118.890625
8.187215089797974 118.84765625
6.645961046218872 118.77734375
5.305425405502319 118.79296875
0.2953929901123047 107.3515625
7.354395627975464 118.68359375
4.3982508182525635 118.55078125
4.531633377075195 118.41796875
0.2997422218322754 107.359375
7.0590980052948 118.69921875
6.337028503417969 119.140625
0.29421520233154297 107.36328125
4.9505040645599365 118.91015625
5.013016700744629 118.78515625
7.07146954536438 118.78515625
3.9033985137939453 119.078125
4.048295736312866 118.66796875
0.2977108955383301 107.36328125
7.015226125717163 118.8828125
7.294092416763306 119.37109375
5.700548887252808 118.44140625
3.5485661029815674 119.55078125
5.8118391036987305 118.95703125
7.429222822189331 119.02734375
0.3008840084075928 107.37109375
4.283901691436768 118.5859375
3.9173240661621094 118.3828125
5.980752229690552 118.67578125
0.29862189292907715 107.359375
5.707144260406494 118.984375
5.250041723251343 119.12890625
5.942181587219238 118.61328125
7.2596025466918945 119.03125
4.827792644500732 118.59375
5.805433034896851 118.8671875
0.29752278327941895 107.36328125
0.29816341400146484 107.35546875
6.860023498535156 118.91015625
0.29969263076782227 107.36328125
0.2988457679748535 107.36328125
6.68671441078186 118.6015625
7.381689548492432 118.765625
0.2981746196746826 107.35546875
5.737995147705078 118.84765625
4.280029296875 118.46875
