0.2665097713470459 106.4296875
0.2520933151245117 106.41796875
0.2906486988067627 106.45703125
0.2624034881591797 106.43359375
0.2693185806274414 106.44140625
0.2315833568572998 106.41015625
0.23026800155639648 106.4375
0.22330808639526367 106.41015625
0.2437124252319336 106.43359375
0.2342822551727295 106.421875
0.21521997451782227 106.4375
0.2264575958251953 106.4140625
0.21943926811218262 106.43359375
0.23544955253601074 106.4296875
0.22592449188232422 106.4453125
0.26315808296203613 106.43359375
0.2281038761138916 106.4453125
0.8301920890808105 113.546875
0.22480988502502441 106.43359375
0.21030807495117188 106.421875
0.21339106559753418 106.4375
0.7631142139434814 113.44140625
0.21512413024902344 106.4453125
0.21012282371520996 106.41796875
0.21030783653259277 106.43359375
0.21473121643066406 106.421875
0.22179937362670898 106.47265625
0.22282981872558594 106.453125
0.7939021587371826 113.671875
0.2319490909576416 106.4609375
0.24934625625610352 106.47265625
0.2337324619293213 106.45703125
0.24662375450134277 106.46875
0.2443850040435791 106.453125
0.2328193187713623 106.46875
0.21880030632019043 106.46875
0.20802974700927734 106.47265625
0.20374441146850586 106.44921875
0.21552157402038574 106.48046875
0.20995044708251953 106.45703125
0.20879387855529785 106.46875
0.2073969841003418 106.453125
0.7261478900909424 113.5
0.20560121536254883 106.4453125
0.20374798774719238 106.48828125
0.20285487174987793 106.46875
0.20196104049682617 106.484375
0.19973134994506836 106.46484375
0.20955228805541992 106.48828125
0.2305619716644287 106.484375
0.20497655868530273 106.484375
0.20279550552368164 106.46875
0.20828962326049805 106.48046875
0.20409536361694336 106.46875
0.20955777168273926 106.484375
0.20688819885253906 106.46875
0.22228145599365234 106.48828125
0.21535420417785645 106.46875
0.20753026008605957 106.484375
0.20485520362854004 106.46875
0.20561718940734863 106.484375
0.2034149169921875 106.46875
0.19887852668762207 106.484375
0.624659538269043 113.859375
0.20665931701660156 106.484375
0.20732450485229492 106.48046875
0.2158513069152832 106.48046875
0.2052011489868164 106.46484375
0.20499062538146973 106.484375
0.2123403549194336 106.46875
0.2191162109375 106.484375
0.2238922119140625 106.46875
0.23578596115112305 106.484375
0.21689796447753906 106.46875
0.24473977088928223 106.4921875
0.20802569389343262 106.47265625
0.22470474243164062 106.48828125
0.22100186347961426 106.47265625
0.21467089653015137 106.49609375
0.20298147201538086 106.4765625
0.2134416103363037 106.49609375
0.21805381774902344 106.48828125
0.22023701667785645 106.4921875
0.20734691619873047 106.47265625
0.24237656593322754 106.4921875
0.23469161987304688 106.47265625
0.23329782485961914 106.48828125
0.20735692977905273 106.47265625
0.20404672622680664 106.50390625
0.20344829559326172 106.47265625
0.19776129722595215 106.484375
0.2014927864074707 106.47265625
0.20023775100708008 106.4921875
0.20345258712768555 106.4765625
0.20066189765930176 106.48828125
0.2089378833770752 106.47265625
0.20768332481384277 106.49609375
0.21001029014587402 106.484375
0.20490717887878418 106.49609375
0.20489192008972168 106.48046875
