41.76185941696167 149.65625
53.087318897247314 156.34765625
55.281044244766235 154.08984375
67.89618372917175 154.15234375
58.910138845443726 153.4453125
65.87412548065186 154.0
53.82400155067444 153.94921875
43.94908142089844 153.96875
64.2670578956604 152.7109375
50.33819079399109 153.515625
56.63384175300598 153.52734375
59.473718881607056 153.17578125
58.600263357162476 153.9453125
63.62649488449097 153.86328125
63.75297141075134 153.6328125
62.762314796447754 153.703125
67.68529748916626 153.28515625
52.37081170082092 153.90625
44.56447958946228 153.80078125
57.42380142211914 153.4453125
46.683183431625366 154.17578125
65.20074534416199 153.72265625
44.475496768951416 154.15234375
47.8519983291626 153.9375
43.320836544036865 153.73046875
63.78862404823303 153.62109375
37.932522773742676 154.1171875
37.7853307723999 153.69921875
63.23121523857117 153.90625
50.27304434776306 153.64453125
42.82561373710632 153.93359375
50.35261130332947 152.9609375
51.467811822891235 153.3984375
58.61026644706726 153.12890625
61.23048996925354 153.34765625
36.55496001243591 153.14453125
49.602030754089355 152.5546875
50.8239951133728 153.23828125
66.80151462554932 152.89453125
39.1020827293396 153.01171875
40.876415729522705 152.75390625
62.85614800453186 154.4765625
62.1812162399292 154.02734375
49.01720356941223 153.77734375
42.60324454307556 153.77734375
68.08482456207275 154.07421875
44.447991132736206 154.05078125
42.16278958320618 154.3984375
59.944366216659546 154.07421875
58.273563385009766 153.6875
63.55160737037659 154.5234375
61.421940088272095 153.96875
54.153610706329346 153.94140625
46.9502899646759 154.6328125
38.01919460296631 153.984375
56.263307332992554 154.0
39.72879886627197 153.84375
59.113192319869995 154.421875
43.533929109573364 154.22265625
63.31008458137512 154.0390625
54.58272743225098 153.7578125
61.53663682937622 155.0625
41.53072547912598 154.2109375
55.93016338348389 154.45703125
39.60753297805786 154.6171875
64.7601854801178 154.625
66.40414643287659 153.921875
51.20723819732666 154.0
50.748603105545044 154.5703125
61.342323541641235 154.3515625
65.00123286247253 154.30859375
41.20406484603882 154.73046875
49.490856885910034 155.2421875
60.74278664588928 153.5625
64.09740471839905 153.859375
63.25160050392151 154.5625
51.930830001831055 154.0
39.79988121986389 153.75
37.57027554512024 154.6328125
54.56626892089844 153.7578125
37.71582818031311 153.953125
49.90089249610901 154.64453125
64.86269664764404 154.7109375
36.67440176010132 153.9609375
46.02473545074463 154.20703125
50.54200601577759 154.17578125
39.47851347923279 154.1328125
34.84627628326416 154.25390625
63.637439489364624 154.34375
52.155444860458374 153.70703125
61.00051832199097 153.9921875
42.52871108055115 153.8671875
52.91894769668579 154.34375
45.962745904922485 154.421875
42.67558979988098 154.28515625
48.666252851486206 154.23828125
43.759421586990356 153.84765625
46.645079135894775 154.29296875
61.72947120666504 153.80859375
40.48431324958801 153.69140625
