56.91160202026367 150.3984375
47.84349012374878 155.375
10.607935190200806 154.58984375
45.469077587127686 154.10546875
34.763593435287476 154.2734375
32.70350003242493 154.5
55.37181496620178 152.96875
31.368720293045044 152.89453125
31.801504135131836 152.8515625
0.3601207733154297 152.4921875
13.101399183273315 153.6328125
55.77454590797424 153.03515625
38.93333387374878 153.421875
0.3534274101257324 153.20703125
1.9268603324890137 152.98828125
54.239426374435425 152.73046875
52.94819951057434 153.40625
50.530733585357666 153.078125
0.34561872482299805 152.5078125
29.6379656791687 152.94921875
0.34758496284484863 152.80078125
30.33325695991516 153.96875
0.34776997566223145 152.796875
37.863370418548584 153.265625
54.35115623474121 153.4453125
42.3369460105896 153.14453125
35.930635929107666 152.83203125
59.16834497451782 153.46484375
0.3618311882019043 152.375
31.971073865890503 152.921875
30.75036382675171 153.19921875
26.4882230758667 152.58984375
28.01203680038452 153.484375
47.09907865524292 153.7421875
39.76885175704956 153.59375
27.27891969680786 153.68359375
33.61906290054321 153.18359375
0.3483164310455322 152.51171875
50.767902851104736 152.6015625
28.89988875389099 152.859375
50.03944730758667 153.46484375
0.6128406524658203 153.01171875
45.220969915390015 153.609375
41.06930732727051 152.80078125
21.592514038085938 153.6015625
43.34619355201721 153.65234375
45.2123818397522 153.140625
28.291193962097168 153.2734375
6.893158674240112 153.9296875
33.559141397476196 153.30859375
34.45561099052429 153.4453125
34.11688423156738 153.60546875
31.12242102622986 153.64453125
45.57609510421753 153.734375
36.28233289718628 153.296875
34.074355363845825 152.921875
27.227747917175293 153.6328125
53.372201442718506 153.33203125
58.22752928733826 153.07421875
0.3621711730957031 152.4921875
31.905078172683716 153.28515625
34.77185821533203 153.265625
37.960192918777466 152.95703125
0.37205934524536133 152.85546875
42.60502219200134 153.17578125
33.37340450286865 153.48828125
43.067503452301025 153.57421875
51.622766733169556 153.78125
38.124695777893066 153.5703125
2.6217236518859863 153.28515625
32.74334526062012 153.55859375
43.517812728881836 153.109375
24.971616744995117 153.59765625
50.233163595199585 153.55078125
10.537497282028198 153.61328125
30.116724491119385 153.984375
37.7541184425354 153.19140625
23.914223432540894 153.41015625
50.3735134601593 153.27734375
27.9100558757782 153.93359375
37.94570708274841 153.6015625
28.718475818634033 152.83203125
33.9832239151001 153.125
45.32580327987671 153.5625
43.32518529891968 153.35546875
61.77870559692383 152.87890625
34.94320750236511 153.47265625
34.12506055831909 153.171875
17.23610496520996 153.32421875
22.726798057556152 153.61328125
15.806238412857056 152.90625
48.521905183792114 153.984375
33.035871267318726 153.39453125
57.09013748168945 152.8984375
33.45675873756409 152.6875
0.35080838203430176 152.19140625
17.484578132629395 153.16796875
0.34618306159973145 152.94921875
0.3540644645690918 152.2890625
44.56507349014282 152.85546875
