4.5293965339660645 118.78515625
6.3279383182525635 119.05859375
4.625885725021362 118.671875
4.063925743103027 119.2265625
5.7282373905181885 119.0
8.6427583694458 119.09375
5.2562336921691895 118.8203125
7.031621217727661 118.80078125
7.114566802978516 118.875
7.457084894180298 119.16015625
3.950686454772949 118.7265625
4.328378200531006 119.6796875
8.405237674713135 118.87890625
0.33580780029296875 105.51171875
4.737751007080078 118.578125
5.411639928817749 119.01953125
6.156008720397949 119.3828125
6.170390605926514 119.4921875
7.148217439651489 119.33203125
3.737297773361206 118.3515625
5.14274525642395 118.8359375
4.113126277923584 119.125
6.2480785846710205 119.34375
5.027429580688477 118.921875
0.33991074562072754 105.51953125
5.8666346073150635 119.0078125
8.83971881866455 119.0390625
8.157124519348145 119.83203125
5.663318634033203 120.48828125
6.911606311798096 119.28515625
7.1222922801971436 118.9765625
4.636837720870972 119.3203125
3.86708664894104 118.6796875
7.7113001346588135 119.33203125
2.9019386768341064 118.24609375
4.405619144439697 119.2265625
6.644420385360718 119.0390625
5.280262470245361 119.15234375
7.739361763000488 119.15234375
6.499470949172974 119.3203125
7.044769048690796 119.4296875
8.36878514289856 119.27734375
7.92443585395813 119.40234375
4.5317182540893555 118.9453125
7.213227987289429 119.11328125
6.885197162628174 119.1484375
8.80941367149353 119.5390625
5.13243556022644 119.20703125
6.254871606826782 119.5078125
8.398385047912598 119.390625
3.491692304611206 118.4140625
6.1343629360198975 119.21484375
5.763810873031616 119.47265625
4.724630117416382 119.01171875
7.3754072189331055 119.03515625
5.566097021102905 118.97265625
6.4897119998931885 119.18359375
9.061039209365845 119.24609375
9.408751964569092 119.25
8.299004793167114 119.2265625
6.379709005355835 119.109375
8.267444372177124 119.30859375
3.917161703109741 118.39453125
5.924533128738403 119.24609375
6.119213104248047 118.76171875
6.574278116226196 119.609375
4.441725254058838 118.98046875
4.609400749206543 118.75390625
3.9006388187408447 118.66796875
6.6885666847229 119.19140625
5.750027179718018 119.21875
8.80197811126709 119.12109375
6.167398452758789 119.13671875
8.195837020874023 119.25390625
5.879077672958374 119.56640625
8.775647640228271 119.109375
4.626978158950806 119.65625
7.970583200454712 119.30859375
3.331338882446289 118.3203125
5.679790019989014 118.70703125
6.530842065811157 119.37890625
4.071134328842163 119.16796875
5.215006351470947 118.96484375
5.874834060668945 118.9375
7.9481000900268555 119.08203125
5.466425657272339 119.1953125
4.052635192871094 119.19921875
5.0948028564453125 119.00390625
6.241843223571777 119.51171875
5.29985499382019 119.46875
8.337857723236084 119.51953125
5.285275936126709 119.17578125
4.586666584014893 118.921875
3.0895488262176514 118.52734375
7.256288528442383 119.06640625
5.723543405532837 119.28125
4.803856372833252 119.13671875
7.0855817794799805 119.2109375
5.327002286911011 119.2265625
9.243629217147827 119.61328125
