0.9879522323608398 120.38671875
2.2254369258880615 121.3125
5.245585918426514 121.265625
4.439643383026123 121.66015625
6.763380527496338 122.40625
6.429530620574951 121.7734375
10.056135892868042 121.625
7.600147247314453 121.8828125
4.976513624191284 121.3203125
0.3161892890930176 109.46875
0.3680298328399658 109.4921875
0.3113832473754883 109.4453125
10.063531637191772 122.3984375
11.34222412109375 122.3125
10.22465181350708 122.42578125
5.360215425491333 121.1875
7.363531827926636 121.94140625
0.3608090877532959 109.51953125
8.542044162750244 121.96484375
0.3678445816040039 109.4921875
0.8089849948883057 120.5
6.543478488922119 121.875
7.312191486358643 122.5390625
0.9884061813354492 120.67578125
6.0523552894592285 121.4453125
1.8416528701782227 120.2578125
0.2870488166809082 109.40625
8.842063903808594 122.20703125
0.3157343864440918 109.453125
0.2911643981933594 109.42578125
10.639228582382202 122.203125
7.796194314956665 122.06640625
10.042115688323975 122.4921875
0.3173213005065918 109.46875
3.2345876693725586 121.3359375
4.502981185913086 121.7265625
5.57706880569458 121.796875
0.36298394203186035 109.55078125
0.289581298828125 109.41796875
4.726162910461426 122.078125
3.807115077972412 121.62109375
6.334697723388672 122.08984375
2.145689010620117 121.3984375
0.2868466377258301 109.44140625
0.3711092472076416 109.54296875
11.475518703460693 121.66015625
0.3227102756500244 109.48828125
0.3161609172821045 109.4765625
10.597323417663574 122.4765625
5.000048637390137 121.40625
0.4023404121398926 109.7109375
0.37994956970214844 109.5
0.31565070152282715 109.48046875
0.28284502029418945 109.421875
6.424779415130615 122.5390625
6.409422397613525 121.859375
6.082348108291626 121.9765625
4.864544868469238 121.85546875
8.259493112564087 121.7421875
7.282829523086548 121.91015625
1.1325891017913818 120.6328125
1.5247728824615479 121.53125
0.3629171848297119 109.54296875
11.48979640007019 122.3515625
0.36594414710998535 109.6328125
0.280576229095459 109.421875
8.665263175964355 122.09375
0.28386616706848145 109.4296875
6.448434591293335 122.03515625
6.009675741195679 121.78125
4.732384920120239 121.46875
2.7264814376831055 121.26171875
4.297516822814941 121.73828125
5.6292102336883545 122.015625
5.988526105880737 122.14453125
0.28456664085388184 109.42578125
0.36367344856262207 109.62109375
0.3278203010559082 109.4921875
7.738407373428345 120.9375
1.6100726127624512 121.40625
0.32060861587524414 109.48828125
1.2633693218231201 120.90625
0.3829233646392822 109.53515625
11.551000833511353 122.37890625
6.328628063201904 121.859375
4.796102285385132 122.53125
0.6024529933929443 112.20703125
0.2841486930847168 109.43359375
7.573753833770752 121.828125
4.244461536407471 121.734375
7.696922540664673 121.4453125
3.9920175075531006 121.22265625
4.556284427642822 121.6796875
8.654802322387695 121.9453125
0.3200676441192627 109.48046875
9.100331783294678 122.328125
0.3680601119995117 109.55078125
8.744401693344116 122.234375
0.2877349853515625 109.44921875
4.238296270370483 122.109375
