49.59237742424011 256.5703125
45.026872873306274 245.52734375
83.97623825073242 251.11328125
24.032113790512085 250.03515625
175.87637662887573 249.38671875
31.082828998565674 250.84375
116.50444030761719 252.87890625
1.2951972484588623 250.26953125
133.95225930213928 251.46484375
91.19872522354126 253.8125
60.833390951156616 252.671875
140.67036724090576 257.890625
73.53889679908752 250.73828125
18.528815269470215 250.44921875
190.85496306419373 250.1328125
73.56717014312744 251.87890625
7.872061491012573 250.60546875
57.52264332771301 251.828125
60.51291275024414 253.0078125
1.2642836570739746 251.04296875
32.29890727996826 252.34375
0.8810765743255615 255.78125
176.26659774780273 252.484375
113.0068588256836 251.0703125
27.692138195037842 250.59375
23.943456172943115 252.96875
32.60276508331299 253.08203125
1.289886713027954 248.41015625
33.42364001274109 251.69921875
48.969465017318726 250.0859375
5.403965950012207 254.640625
1.5221803188323975 250.00390625
30.57857656478882 251.1015625
1.3010280132293701 253.2109375
1.2756693363189697 253.453125
28.403463125228882 250.5390625
18.76075315475464 254.26953125
131.34066081047058 252.06640625
23.492910861968994 251.609375
37.54939794540405 252.7109375
82.4064040184021 253.01171875
51.88025617599487 252.05078125
71.62615299224854 252.5625
0.889904260635376 250.44140625
1.2844517230987549 248.98828125
15.900232553482056 251.6953125
84.9886736869812 251.78515625
16.413840293884277 253.6171875
48.56316256523132 250.04296875
171.92330408096313 251.45703125
6.714820861816406 252.83984375
29.374440670013428 249.578125
20.248794317245483 255.23046875
129.5870327949524 254.55859375
15.674650430679321 248.96875
119.50396060943604 249.1328125
92.4554603099823 253.36328125
24.979615211486816 253.0
74.28186655044556 252.37890625
77.15236735343933 253.27734375
116.84633803367615 252.8359375
154.1445496082306 250.48046875
17.817711353302002 252.72265625
57.89268970489502 253.1640625
58.703696727752686 250.6171875
81.23099541664124 251.7109375
95.63578963279724 251.54296875
1.3345351219177246 256.6875
167.52891302108765 256.88671875
3.6360552310943604 253.2109375
17.04722547531128 251.56640625
53.17153763771057 252.4609375
84.87587571144104 249.9140625
7.502444267272949 251.20703125
54.2749662399292 254.30859375
32.71233510971069 251.69140625
1.3127410411834717 251.109375
22.424251556396484 252.26953125
32.357609272003174 250.54296875
0.9140799045562744 252.3671875
119.76110982894897 254.015625
67.64360237121582 252.23828125
30.116626024246216 251.4765625
5.777268171310425 258.06640625
80.03097367286682 254.98828125
26.549783945083618 248.8046875
25.540083646774292 255.171875
99.48814344406128 252.49609375
74.14694333076477 250.8125
74.89803647994995 255.1171875
150.40153074264526 252.6328125
142.10922145843506 250.99609375
70.5705897808075 251.66015625
126.95152258872986 248.40234375
48.529650926589966 248.93359375
122.60968732833862 258.3359375
145.28266835212708 248.18359375
119.23680210113525 253.0390625
1.303410291671753 255.55859375
103.77003908157349 251.1328125
