195.50044322013855 261.6640625
181.79672956466675 247.640625
218.05044603347778 251.8046875
246.30119490623474 249.52734375
153.62767815589905 248.08984375
130.76513719558716 246.9296875
199.25965642929077 252.23046875
175.243492603302 251.15625
184.19279408454895 250.95703125
182.97925114631653 251.1015625
234.69806122779846 249.53515625
140.32591199874878 255.65625
88.4429543018341 249.78125
157.49504923820496 247.95703125
151.13076162338257 251.265625
214.8236048221588 251.7890625
213.67467427253723 248.5234375
208.8741397857666 249.5625
284.980801820755 248.3671875
93.7658462524414 248.1953125
154.59848618507385 253.51953125
101.49923634529114 250.4453125
209.51227688789368 253.5625
150.77313780784607 247.984375
218.8697862625122 253.4921875
114.62566375732422 252.9296875
190.68888187408447 253.5234375
251.74079537391663 252.3203125
141.92450380325317 250.6640625
170.34668850898743 252.4296875
177.3981475830078 251.03515625
85.82397365570068 248.73828125
102.26408433914185 247.99609375
209.77450489997864 247.4609375
164.25140142440796 247.58203125
172.9905300140381 250.28125
231.82886505126953 249.19140625
134.7047312259674 254.42578125
104.46688103675842 248.81640625
215.749098777771 253.69921875
74.62795519828796 247.68359375
149.84189200401306 254.390625
168.14439296722412 251.16015625
154.95024704933167 248.6953125
130.54547309875488 251.09375
140.0220229625702 255.59765625
253.53933382034302 249.6328125
139.51048111915588 248.2109375
169.11290216445923 252.7890625
154.16262912750244 250.48828125
140.40286326408386 250.015625
206.04221200942993 251.25390625
148.79559421539307 253.765625
82.39557218551636 250.48046875
205.98724818229675 249.4296875
108.24643301963806 250.578125
163.9834542274475 251.0234375
170.69958972930908 261.92578125
191.54109406471252 249.87109375
157.91282510757446 252.67578125
110.09962344169617 248.74609375
124.97381591796875 253.50390625
181.00036001205444 248.3125
229.24727058410645 255.21875
136.17956590652466 251.57421875
120.58731055259705 249.5703125
133.8907506465912 253.40625
213.23883867263794 255.32421875
166.64965677261353 250.0859375
132.8050606250763 252.4453125
191.43151259422302 255.703125
159.67998623847961 248.94140625
186.49186491966248 252.4375
177.43929505348206 254.66796875
174.90283226966858 250.35546875
149.08741784095764 255.109375
183.8240213394165 247.80078125
217.89585256576538 253.0234375
158.13981914520264 254.15625
137.7014753818512 256.75
148.5283670425415 247.69140625
112.24013185501099 251.69921875
136.4302408695221 251.1875
221.16829824447632 250.4140625
172.1471300125122 252.5078125
173.28979182243347 248.953125
156.49982619285583 248.34375
208.0766134262085 251.5546875
146.01213240623474 250.9453125
125.18812394142151 256.046875
203.6520824432373 256.65625
188.18980312347412 251.6875
131.76519465446472 251.5546875
108.34094882011414 251.24609375
101.18219518661499 252.8203125
119.97714710235596 253.1640625
128.41321086883545 248.54296875
180.61324906349182 253.75
219.9222593307495 254.35546875
169.39370346069336 255.65234375
