7.5165369510650635 272.1640625
20.310105323791504 270.40234375
2.291808605194092 268.90234375
20.968024253845215 275.29296875
16.144489526748657 274.46484375
29.760084629058838 280.1015625
3.2508771419525146 265.50390625
2.1665635108947754 266.66796875
20.386658668518066 280.140625
5.303109884262085 270.52734375
21.041356086730957 272.17578125
4.092057943344116 290.53515625
8.062606573104858 273.9140625
2.454442024230957 272.75
18.14200782775879 268.7890625
9.027844667434692 274.5390625
13.306679964065552 277.50390625
60.73339796066284 273.46484375
17.766050815582275 273.06640625
32.863276958465576 290.62109375
46.06974220275879 269.1171875
7.950831174850464 272.9453125
9.060287952423096 272.0078125
2.229279041290283 268.859375
45.26142621040344 274.90625
2.564067840576172 269.3671875
16.530356645584106 278.1015625
2.133267402648926 281.0859375
34.994508504867554 276.27734375
2.207881212234497 288.12109375
17.929109811782837 278.109375
27.79756760597229 277.34765625
2.370326042175293 276.31640625
22.240732192993164 271.546875
2.463071584701538 281.92578125
24.982576608657837 276.53125
50.337690353393555 271.6796875
15.77432894706726 276.80859375
24.77734637260437 277.0
4.21678900718689 276.78125
8.494047164916992 274.83203125
3.3898837566375732 279.3359375
14.642914056777954 285.79296875
21.45900249481201 273.0859375
38.69811940193176 278.30078125
19.279017210006714 280.9140625
2.4613897800445557 274.95703125
51.356011629104614 268.52734375
2.2589669227600098 274.59375
9.083598613739014 282.328125
9.620031595230103 284.11328125
4.782042980194092 271.87890625
5.3067193031311035 269.58203125
2.462479591369629 278.60546875
14.529881238937378 278.2578125
4.7078728675842285 269.7421875
2.990379571914673 278.35546875
17.249549627304077 278.85546875
2.6303725242614746 274.40625
54.002193212509155 268.35546875
61.75733518600464 277.078125
49.56032466888428 268.90625
10.967130661010742 269.00390625
28.2631196975708 280.14453125
20.32356357574463 274.9765625
9.621394634246826 273.734375
8.442115783691406 273.92578125
14.346127033233643 273.16015625
17.579907655715942 275.72265625
21.586867332458496 272.859375
40.289918661117554 276.98046875
17.809247732162476 275.53515625
13.544070482254028 277.60546875
2.462265729904175 275.73046875
2.2781901359558105 275.30859375
29.772620677947998 274.41796875
4.075458765029907 282.96484375
27.28846549987793 271.1328125
21.636044025421143 272.96875
3.3548178672790527 266.08984375
26.063509702682495 278.2265625
3.4454288482666016 275.40625
28.699403285980225 272.25
13.069865465164185 280.39453125
2.4299604892730713 276.3359375
46.059383153915405 282.2421875
22.40640425682068 272.625
2.8577637672424316 268.3671875
7.914870023727417 275.546875
3.107863426208496 274.46875
2.979325771331787 279.359375
11.378087759017944 272.9375
2.417119264602661 280.125
47.81543707847595 273.1171875
16.727373123168945 269.7265625
2.3001418113708496 267.19140625
4.372205972671509 276.7578125
37.45744466781616 280.078125
8.264700412750244 276.51953125
13.825325012207031 270.99609375
