57.000471115112305 196.171875
48.060099840164185 200.1875
11.641321182250977 203.06640625
42.816662549972534 200.35546875
35.12184977531433 200.17578125
31.33551001548767 200.4609375
56.247689962387085 200.3046875
29.971139907836914 205.92578125
32.31310725212097 200.12109375
1.0188333988189697 199.12890625
13.835477590560913 200.7265625
56.72418713569641 206.2265625
40.2275927066803 206.5625
0.9990437030792236 199.5703125
2.958590030670166 200.44140625
55.7314875125885 202.85546875
55.18273401260376 204.734375
52.1248733997345 205.99609375
1.0116653442382812 199.7890625
30.86135172843933 207.6484375
1.0110342502593994 199.65234375
30.972699880599976 202.97265625
1.013110637664795 200.33984375
39.68499565124512 200.17578125
55.737022399902344 200.7734375
43.40492272377014 199.86328125
37.128708600997925 204.01171875
60.54767417907715 205.265625
1.0179953575134277 200.1640625
35.56540083885193 206.91796875
32.62613368034363 201.26953125
27.441937685012817 200.34765625
27.339869737625122 200.63671875
45.50827383995056 202.328125
43.68471312522888 203.5078125
27.96957778930664 200.3671875
36.20831823348999 200.40625
1.0125246047973633 200.19140625
51.19761562347412 202.68359375
27.528008460998535 200.53125
47.10719561576843 208.44921875
1.6342599391937256 201.17578125
45.50393843650818 205.578125
46.27746868133545 202.16796875
22.697338104248047 203.74609375
44.439446687698364 200.61328125
46.3728301525116 201.82421875
30.1452898979187 203.82421875
7.693600654602051 201.3125
32.79603600502014 202.37109375
38.08257293701172 201.53515625
33.417073249816895 201.39453125
30.189151287078857 204.9296875
47.0148184299469 211.4453125
38.0602068901062 201.55859375
35.13428568840027 202.734375
28.244468688964844 203.16015625
54.02826714515686 206.44921875
63.66976809501648 202.6953125
1.0153651237487793 200.0859375
33.263325214385986 200.74609375
38.59545636177063 206.34765625
39.49850153923035 205.0234375
1.0678682327270508 199.71875
43.795172929763794 200.546875
34.79958367347717 202.17578125
44.715967655181885 201.875
57.83079218864441 200.171875
39.03477907180786 200.171875
3.735980987548828 200.36328125
34.35122060775757 199.76953125
44.41043424606323 208.32421875
26.49264883995056 203.33984375
50.86267018318176 202.01171875
11.908202886581421 204.69140625
29.855464458465576 200.6015625
39.56118702888489 204.50390625
25.458318948745728 207.390625
54.77215838432312 200.80859375
29.4446964263916 210.0859375
39.42002058029175 205.26953125
29.31698751449585 202.0234375
37.28628635406494 205.19921875
46.23349571228027 205.62109375
41.779072761535645 206.9765625
62.407471895217896 208.62890625
36.63891386985779 204.51953125
38.92063808441162 201.08984375
18.295000791549683 206.89453125
23.871992349624634 201.11328125
17.069336891174316 202.27734375
51.10489630699158 202.08203125
34.31704926490784 200.703125
58.06430673599243 203.8125
34.31602072715759 206.5546875
1.0207984447479248 200.51953125
20.026713609695435 200.921875
1.0158069133758545 199.453125
1.0215606689453125 200.42578125
49.67018413543701 207.765625
