3.9986677169799805 206.62109375
3.143495798110962 208.88671875
7.299583196640015 206.1875
2.9971182346343994 208.91796875
2.0001182556152344 207.34375
2.3497514724731445 207.703125
18.88196635246277 209.79296875
2.2876429557800293 208.609375
11.465619802474976 207.75390625
27.637922286987305 209.2421875
1.3981428146362305 208.33984375
14.552682638168335 213.0078125
3.078981637954712 208.859375
13.742951154708862 207.61328125
23.596598148345947 210.06640625
9.153315305709839 207.48046875
10.342133283615112 208.37109375
1.752835750579834 209.62890625
13.807540893554688 208.18359375
17.308349132537842 209.6953125
1.4617760181427002 206.84375
2.7862181663513184 209.859375
3.1911673545837402 209.40625
8.71234917640686 207.05859375
20.068352460861206 209.9765625
9.507259607315063 213.7109375
22.52279257774353 212.625
1.4869256019592285 209.85546875
1.4042892456054688 207.42578125
1.6109356880187988 208.7578125
1.8692042827606201 208.1328125
11.853825569152832 208.32421875
1.5084478855133057 209.41796875
9.85884714126587 207.8359375
6.095762491226196 207.41015625
3.67612624168396 208.72265625
4.690721035003662 208.34765625
3.2467145919799805 210.03125
2.1038496494293213 211.1953125
10.958701848983765 209.94140625
4.500200510025024 207.609375
1.5954978466033936 209.359375
1.444532871246338 207.3203125
1.6663920879364014 207.85546875
4.854341745376587 208.27734375
5.119874477386475 212.99609375
2.2428410053253174 209.12109375
2.0996809005737305 208.8515625
1.6429786682128906 208.72265625
7.770393133163452 210.140625
2.186541795730591 208.125
1.489647626876831 210.53515625
37.02313566207886 209.66015625
2.089602470397949 208.87890625
1.3720369338989258 209.1953125
2.968017816543579 209.0234375
4.185708284378052 213.1171875
6.273728132247925 207.14453125
5.211375713348389 208.97265625
2.63895583152771 207.26171875
17.531596899032593 209.15625
16.309757947921753 208.765625
6.4544196128845215 207.8671875
2.3157765865325928 208.10546875
1.960111141204834 210.9921875
31.447676420211792 208.26953125
2.5127391815185547 208.625
1.6059515476226807 209.625
10.709273099899292 209.765625
1.359337568283081 208.18359375
2.340161085128784 212.13671875
9.146730422973633 208.72265625
1.3643743991851807 209.00390625
1.5096206665039062 209.08984375
3.0691964626312256 209.3203125
3.2963385581970215 209.31640625
19.61617088317871 207.83984375
1.5575554370880127 209.375
2.506409168243408 207.9296875
5.841165781021118 207.03125
1.4162347316741943 210.03125
1.9124021530151367 209.078125
1.7690646648406982 207.8359375
1.9830739498138428 209.6640625
3.2881996631622314 210.16015625
2.6807010173797607 210.5078125
23.823060035705566 209.453125
15.761920928955078 209.2421875
1.6920578479766846 208.47265625
2.0473415851593018 211.50390625
2.66929292678833 207.828125
2.856930732727051 208.46875
1.5511884689331055 208.37109375
9.189598321914673 208.6171875
10.025565385818481 208.42578125
6.444756269454956 209.00390625
7.849631071090698 212.10546875
3.816131353378296 208.3046875
2.437577724456787 207.98046875
2.552952289581299 210.75
