1.0504066944122314 125.53515625
3.2824652194976807 128.26953125
0.9197981357574463 123.1328125
2.7546842098236084 127.2734375
3.154907703399658 128.953125
0.7298924922943115 119.4609375
1.3775222301483154 127.3671875
1.6270062923431396 128.16796875
1.3508238792419434 125.62109375
2.219266414642334 128.078125
1.0536513328552246 126.484375
1.162665843963623 126.11328125
4.272412061691284 128.89453125
1.4049153327941895 125.62109375
1.4903538227081299 125.8515625
0.8550915718078613 122.2421875
0.9724092483520508 123.453125
0.686112642288208 111.375
0.8448700904846191 124.59375
0.763904333114624 117.734375
0.7164430618286133 113.19921875
1.6226747035980225 125.7421875
0.8439419269561768 121.18359375
2.1140894889831543 129.40625
1.1635167598724365 125.91015625
0.8416080474853516 121.5234375
0.8496019840240479 122.40234375
1.175452709197998 125.3046875
0.8499767780303955 120.171875
1.7461774349212646 126.9765625
4.1555705070495605 129.80859375
1.9690191745758057 127.7578125
0.72031569480896 113.73046875
2.18863582611084 127.03515625
0.8876163959503174 123.6875
1.1055452823638916 126.45703125
0.9815185070037842 122.9375
0.7378816604614258 114.015625
0.7081296443939209 112.0390625
1.4202361106872559 125.859375
0.8339197635650635 120.7578125
0.6873750686645508 110.63671875
0.5795328617095947 111.46484375
1.2601842880249023 126.84375
2.857374906539917 128.09765625
1.7531020641326904 127.6484375
1.2933824062347412 126.6171875
1.1772856712341309 125.1953125
2.4256556034088135 128.8359375
0.7673039436340332 120.58984375
1.231705665588379 125.98828125
2.6912193298339844 128.25
1.0759999752044678 124.19921875
2.124329090118408 128.0
3.7878096103668213 127.55078125
0.7284302711486816 115.81640625
2.0522782802581787 127.359375
0.7524497509002686 117.453125
2.241147041320801 128.87109375
0.6911003589630127 113.6484375
1.1420810222625732 127.04296875
1.4952938556671143 126.61328125
1.2964584827423096 125.97265625
0.7807269096374512 119.73828125
1.2898507118225098 126.7421875
0.6862313747406006 111.62890625
0.7336728572845459 114.96875
3.649214506149292 127.81640625
2.460827350616455 127.4140625
2.1432878971099854 129.06640625
1.7450616359710693 128.1484375
0.8093662261962891 124.4765625
1.119929313659668 126.2109375
0.6426153182983398 110.55078125
3.0525643825531006 128.1875
1.0592021942138672 126.14453125
4.28937554359436 128.25390625
0.8823866844177246 123.4140625
0.5478835105895996 110.65625
2.633188247680664 128.11328125
0.6497452259063721 111.1796875
0.6806607246398926 112.37890625
3.9528424739837646 129.6640625
4.205801963806152 128.46484375
1.0127441883087158 124.9921875
1.6897797584533691 128.359375
2.490278482437134 128.08203125
1.0534815788269043 125.09375
1.6284618377685547 126.9296875
0.7292070388793945 116.26171875
1.3655800819396973 126.34765625
2.2540721893310547 127.1015625
1.1169590950012207 125.48828125
3.762467384338379 127.19140625
3.8241732120513916 127.3828125
1.4384350776672363 127.55859375
0.6597652435302734 113.0234375
3.224550485610962 128.2265625
1.2280666828155518 126.79296875
0.6474628448486328 111.83203125
