7.34621000289917 140.3046875
5.392352342605591 140.90625
6.7471935749053955 140.4375
9.466437578201294 140.50390625
0.7075178623199463 119.0078125
0.6490011215209961 119.296875
8.520331144332886 140.59765625
8.077049493789673 140.35546875
9.396889686584473 140.01171875
5.82506799697876 140.07421875
5.9079062938690186 139.94921875
7.91223406791687 141.31640625
8.953518629074097 140.859375
5.948333263397217 139.8046875
3.241115093231201 140.171875
6.781847953796387 140.01171875
8.097025632858276 141.2890625
6.258798360824585 139.4453125
0.638235330581665 119.31640625
0.6334493160247803 120.19140625
0.6305699348449707 119.7265625
7.000892877578735 140.46875
7.40743613243103 139.99609375
6.98326563835144 140.21875
9.82136869430542 140.9765625
5.194396018981934 140.61328125
0.6258001327514648 119.3046875
8.714057445526123 142.921875
0.6369390487670898 118.40625
7.106971740722656 140.640625
7.229377269744873 140.26953125
7.624412298202515 141.0859375
5.459211826324463 141.28515625
0.6354382038116455 119.6875
3.8809797763824463 139.56640625
5.977314233779907 140.0703125
7.070699214935303 143.51953125
9.072015523910522 139.640625
9.27555227279663 141.40625
6.561460494995117 141.46875
0.6228837966918945 119.12890625
0.6227641105651855 118.76171875
5.772953510284424 141.1640625
5.58237361907959 142.03515625
0.6237750053405762 119.3046875
4.164895534515381 140.37109375
8.134596824645996 141.703125
4.850127696990967 141.390625
0.6165769100189209 118.54296875
0.6150693893432617 118.7578125
5.5969014167785645 140.75
6.661259651184082 141.97265625
7.3361780643463135 140.2109375
2.0741117000579834 138.68359375
8.582780599594116 140.6875
6.883577585220337 141.01953125
9.987164735794067 140.265625
7.845432281494141 141.5078125
6.412672996520996 140.65234375
0.6772012710571289 119.421875
9.026041030883789 140.91015625
5.906128644943237 141.05859375
6.351686477661133 141.984375
0.6606011390686035 119.3203125
8.962198734283447 141.91015625
7.47232723236084 141.8203125
0.6355781555175781 118.6015625
6.4503350257873535 141.7265625
6.248244285583496 142.46484375
9.062350273132324 140.0859375
5.079987287521362 141.359375
5.046861886978149 141.81640625
0.6486871242523193 119.453125
8.71245813369751 140.33203125
9.095297813415527 142.28125
6.9831085205078125 141.5546875
4.522651672363281 139.56640625
7.053285837173462 140.5234375
8.966421604156494 141.6640625
0.6395149230957031 119.43359375
5.470619201660156 141.56640625
4.972500562667847 142.10546875
7.250767707824707 140.6796875
0.638904333114624 119.54296875
7.519274711608887 139.51953125
6.842425346374512 141.1484375
7.4314634799957275 140.0390625
9.171705961227417 142.84765625
6.017809629440308 140.38671875
7.274888038635254 141.4765625
0.6547091007232666 119.19921875
0.6463253498077393 119.6484375
8.46229100227356 142.28125
0.6341991424560547 119.1796875
0.6573197841644287 119.91015625
8.33995246887207 141.91015625
9.041232347488403 141.1953125
0.6556236743927002 119.62109375
7.3770294189453125 142.1484375
5.51756477355957 140.62890625
