0.49350643157958984 107.5234375
0.8773465156555176 116.60546875
1.682750940322876 119.21484375
1.8773717880249023 118.375
0.5239882469177246 108.76171875
1.78336501121521 118.6875
0.6445014476776123 110.4453125
0.6064801216125488 109.20703125
0.4053318500518799 99.28125
0.40616822242736816 99.28515625
1.1921188831329346 117.39453125
1.401069164276123 119.47265625
0.3945343494415283 98.99609375
0.4071779251098633 99.31640625
1.8466582298278809 118.8125
1.2182745933532715 117.16796875
1.6804778575897217 119.9140625
0.4313948154449463 100.00390625
1.036797046661377 117.25
0.4103872776031494 98.90234375
1.1182105541229248 117.5078125
1.67960786819458 116.85546875
0.4101879596710205 99.10546875
0.6557812690734863 109.3125
0.5792596340179443 110.6328125
1.6879277229309082 120.7734375
0.4102964401245117 99.015625
1.9154939651489258 118.21875
1.032482385635376 116.578125
0.40744757652282715 98.99609375
0.47640419006347656 102.95703125
0.4056527614593506 99.1484375
0.5818428993225098 109.78515625
0.9538309574127197 115.98046875
1.691540241241455 118.375
0.606701135635376 110.14453125
0.4151322841644287 99.3046875
0.4036710262298584 98.875
0.5951662063598633 109.7578125
0.5636959075927734 109.48046875
1.8713722229003906 118.48046875
0.40097475051879883 98.83203125
1.2060534954071045 118.265625
0.4833831787109375 105.5234375
0.43692994117736816 99.81640625
0.5339064598083496 108.9140625
0.8946175575256348 115.671875
0.5366356372833252 108.3203125
0.40865230560302734 99.04296875
0.4030570983886719 99.13671875
0.46823883056640625 104.296875
0.6471335887908936 108.69140625
0.4418807029724121 99.9609375
0.4073333740234375 99.1015625
1.0623788833618164 116.890625
0.4443953037261963 99.21875
0.5944864749908447 109.64453125
1.6868093013763428 117.31640625
0.4095723628997803 98.93359375
0.6974456310272217 110.76171875
0.40694642066955566 99.1171875
1.8882646560668945 119.9375
1.8856620788574219 117.83203125
0.5522451400756836 109.41015625
1.8819489479064941 119.0234375
0.4670906066894531 102.33984375
0.40766119956970215 99.140625
1.8717000484466553 119.15234375
0.44634222984313965 103.03125
0.4139213562011719 99.02734375
0.7923710346221924 118.01171875
0.47239208221435547 105.35546875
1.1519999504089355 118.0859375
1.029393196105957 118.07421875
1.6731231212615967 118.0390625
0.7907788753509521 118.3984375
0.47047972679138184 103.31640625
0.5540440082550049 109.62890625
0.407184362411499 99.0234375
1.6847329139709473 118.0
0.6663651466369629 109.26171875
1.8819935321807861 117.96875
0.4162616729736328 98.85546875
0.6469943523406982 109.6953125
0.5648796558380127 109.96484375
0.6088552474975586 110.01171875
0.4107344150543213 99.02734375
0.4127497673034668 99.20703125
1.3163776397705078 118.9296875
0.6014859676361084 109.59375
0.6520743370056152 109.203125
1.1720552444458008 117.33984375
0.40580177307128906 99.13671875
0.47269749641418457 104.81640625
1.8745753765106201 119.14453125
0.5989458560943604 109.546875
1.1298282146453857 117.515625
1.9637970924377441 117.7421875
0.4106884002685547 99.03515625
0.40697336196899414 99.06640625
