5.239873886108398 261.01171875
6.918078422546387 259.734375
2.1534535884857178 260.7734375
3.7705228328704834 253.09375
1.7948181629180908 256.2109375
14.343484878540039 254.609375
4.419626474380493 253.59765625
6.163208484649658 254.4921875
8.759996891021729 256.140625
35.73463153839111 257.04296875
4.86759877204895 257.59375
1.9091618061065674 252.70703125
8.942423582077026 256.7734375
2.675903797149658 260.21875
27.979224681854248 257.63671875
35.99496269226074 256.1953125
1.8563780784606934 255.76171875
2.310845136642456 255.85546875
3.9742984771728516 255.25
15.750547170639038 261.34765625
23.780197620391846 261.64453125
1.898796796798706 254.15625
8.193592548370361 259.18359375
1.8169121742248535 261.5
8.096328020095825 255.44140625
1.8730859756469727 256.3828125
27.36272954940796 256.76171875
1.8669378757476807 255.4453125
17.30900812149048 257.453125
17.863807439804077 260.09375
25.136441707611084 252.546875
1.9444642066955566 259.5859375
12.43428897857666 257.98828125
1.8046648502349854 256.83984375
37.21213912963867 254.66015625
1.797560214996338 252.953125
7.512819766998291 256.8671875
1.8867523670196533 253.5234375
35.09926223754883 257.16015625
8.493396043777466 253.70703125
1.8647754192352295 252.74609375
20.65247368812561 259.16796875
1.8509573936462402 254.984375
1.800400733947754 255.2890625
11.872101783752441 260.0390625
3.96535587310791 262.08984375
52.23274111747742 256.95703125
14.770306587219238 257.20703125
10.720841407775879 256.45703125
42.646464824676514 257.3203125
4.208131551742554 253.453125
28.592901706695557 255.01953125
1.8890643119812012 253.32421875
2.6176106929779053 256.20703125
14.991033792495728 254.3359375
17.27750062942505 255.7421875
1.796809196472168 259.85546875
52.19994521141052 258.27734375
1.7972924709320068 253.40234375
1.8070204257965088 253.48828125
38.609010219573975 257.62890625
11.344854354858398 255.01953125
2.8096976280212402 253.54296875
1.798936128616333 254.44921875
2.350501775741577 257.0
4.886167764663696 256.5703125
5.13196063041687 259.3984375
1.797295331954956 257.7890625
48.608657360076904 252.5078125
44.55486440658569 254.75390625
39.261645793914795 256.6171875
31.803833723068237 260.34765625
13.901196956634521 252.36328125
1.8887548446655273 256.46484375
2.9170119762420654 255.50390625
2.9211854934692383 255.4765625
20.427611351013184 262.0625
52.19391226768494 259.0625
43.7203106880188 254.1015625
9.812683820724487 256.15625
1.8269526958465576 256.29296875
9.895195245742798 254.97265625
21.7201669216156 255.38671875
25.056373357772827 254.765625
17.71105122566223 252.57421875
2.049044132232666 257.21875
49.28272557258606 255.19921875
1.77073335647583 256.6171875
2.2662343978881836 258.69921875
4.80742335319519 257.18359375
2.2353506088256836 258.8984375
1.793487787246704 255.1328125
2.4420948028564453 254.8515625
2.1356775760650635 255.75390625
11.1066734790802 253.84375
10.869807004928589 255.5625
7.070448875427246 253.82421875
1.8007144927978516 259.984375
1.7794032096862793 259.28515625
27.14525818824768 252.64453125
