11.747058391571045 146.921875
9.545263528823853 149.078125
10.359331846237183 147.921875
10.323211193084717 148.9296875
9.723895788192749 148.7421875
10.198171854019165 148.32421875
13.308724164962769 149.39453125
9.755217552185059 148.49609375
8.92186450958252 147.01171875
12.504245519638062 146.6015625
9.643856525421143 147.3671875
10.37143588066101 147.3203125
8.218221187591553 148.93359375
8.624029397964478 146.71875
9.162848949432373 149.82421875
9.2930166721344 146.49609375
8.02747654914856 150.3828125
9.094624996185303 149.30859375
10.594929218292236 149.359375
12.772993087768555 148.28515625
11.191106796264648 147.71484375
12.176283359527588 148.859375
10.559453964233398 148.109375
10.694444417953491 149.1171875
10.652444839477539 146.99609375
8.955463171005249 149.65625
9.97572112083435 147.11328125
11.332002878189087 147.07421875
9.315354347229004 150.30859375
9.345542192459106 148.41015625
11.612422227859497 147.98046875
11.252244234085083 149.31640625
9.955962419509888 148.109375
9.849968194961548 148.0078125
9.277243375778198 148.890625
11.431723356246948 149.421875
8.12849235534668 149.16796875
10.093331813812256 149.4921875
8.004162073135376 148.55859375
8.278347969055176 149.44921875
8.411873579025269 149.64453125
9.375800848007202 148.953125
8.254204034805298 150.8828125
11.27171277999878 146.9296875
11.765378475189209 147.9609375
10.207405805587769 148.5390625
11.59579849243164 147.5078125
8.413491487503052 151.75390625
7.540907621383667 147.55078125
11.775245189666748 148.04296875
10.166241884231567 149.859375
8.224616289138794 150.01171875
11.755670070648193 147.41796875
9.827516317367554 147.5625
13.039072513580322 150.83203125
10.838978052139282 152.40234375
12.924378633499146 148.9140625
10.956359148025513 149.0625
8.714072227478027 151.5234375
11.26622223854065 148.55859375
10.757877349853516 146.87109375
10.305269241333008 147.84765625
13.938281774520874 147.5859375
10.250584125518799 147.81640625
13.085470199584961 147.30859375
12.191338300704956 152.796875
10.781008005142212 148.5390625
13.739358901977539 149.0234375
10.66877269744873 147.875
9.155537128448486 148.72265625
9.818237781524658 149.53125
9.227110385894775 149.66796875
11.674808502197266 149.4296875
12.296961069107056 151.27734375
10.961815357208252 146.65625
10.104927062988281 149.95703125
10.31231427192688 148.52734375
11.122161149978638 150.48828125
12.968541383743286 152.44921875
9.054968118667603 148.95703125
10.820460796356201 149.53515625
8.900234937667847 148.6953125
10.623779058456421 147.43359375
10.157112121582031 149.3828125
6.824303150177002 149.94140625
9.784038782119751 148.4765625
9.603693008422852 147.09765625
10.314762353897095 148.51953125
8.354850053787231 150.83984375
11.32326602935791 146.95703125
9.39025592803955 150.1875
12.245358943939209 149.16015625
8.642662525177002 148.3828125
11.064441680908203 147.8203125
10.283852338790894 148.56640625
7.677167177200317 148.2421875
7.7913548946380615 149.03125
9.389198541641235 149.13671875
12.122016668319702 148.12109375
10.982620000839233 150.27734375
