11.868785381317139 278.10546875
13.858519077301025 335.80859375
2.121183156967163 345.1796875
72.62886548042297 334.65625
72.83549451828003 332.12890625
10.871356964111328 331.8515625
67.67307376861572 337.83984375
2.3726654052734375 338.1171875
2.142725944519043 332.98046875
2.151968479156494 336.703125
3.6544082164764404 330.36328125
72.61239314079285 331.76171875
2.1443428993225098 336.28125
3.2176544666290283 331.8359375
19.498482942581177 333.765625
29.092718601226807 331.68359375
8.800836324691772 333.28125
9.44233226776123 329.9921875
2.148829698562622 333.5390625
32.87543320655823 328.9453125
2.139357566833496 330.30078125
10.434459686279297 337.1953125
16.11219620704651 332.8671875
41.15078282356262 333.51953125
41.14777874946594 333.78125
2.280426263809204 329.80078125
2.409489393234253 332.08984375
72.9816746711731 331.140625
72.5370352268219 332.33984375
2.1683332920074463 333.53515625
14.636003255844116 332.02734375
19.408315420150757 335.94921875
72.7385151386261 333.30859375
2.37722110748291 337.72265625
2.5241289138793945 333.34375
2.1390879154205322 331.921875
69.98838901519775 334.58984375
70.07621836662292 336.18359375
60.113171339035034 335.140625
16.6383159160614 345.85546875
2.139224052429199 330.70703125
4.790662050247192 334.83203125
72.4601092338562 329.6953125
18.449503660202026 332.69921875
2.1348989009857178 334.5390625
72.74118208885193 330.328125
5.227565050125122 336.04296875
6.748682260513306 333.65234375
2.356051445007324 340.7734375
33.24881958961487 334.55078125
67.28212189674377 330.69140625
2.200929641723633 330.05078125
67.46929907798767 335.09765625
22.713346481323242 332.171875
2.2048890590667725 333.73046875
72.37905263900757 333.0
3.2771096229553223 334.82421875
14.550048112869263 332.5703125
67.32861375808716 332.453125
20.13953471183777 330.89453125
69.59308099746704 334.26171875
3.716360330581665 331.01953125
12.397557258605957 334.01171875
11.574174880981445 343.078125
9.619252681732178 334.3515625
41.55458927154541 332.921875
15.47704815864563 334.4765625
45.6524384021759 332.24609375
2.1324965953826904 338.4296875
2.0845277309417725 338.16015625
3.1742970943450928 329.62109375
2.2177300453186035 335.05859375
2.12125825881958 334.04296875
48.48777627944946 334.53125
2.765507936477661 334.26171875
32.3923761844635 333.4921875
72.23873162269592 331.25390625
2.767826557159424 334.55859375
3.3736026287078857 330.70703125
7.014061689376831 331.16015625
62.07159996032715 332.71484375
37.12713623046875 331.64453125
2.8388075828552246 333.8046875
52.02829194068909 333.41796875
61.93416428565979 336.5546875
20.15622043609619 333.49609375
6.712709188461304 336.27734375
70.14321184158325 335.34375
2.134077548980713 333.26171875
31.675223350524902 337.97265625
58.14384078979492 335.52734375
2.6436338424682617 332.75
24.265803575515747 335.4765625
2.1290206909179688 334.80078125
7.794235467910767 333.19921875
37.14932703971863 332.2578125
5.188597202301025 332.71484375
2.9525063037872314 336.0859375
2.9765336513519287 336.328125
37.20235729217529 335.12890625
