0.8310480117797852 177.9609375
15.7985098361969 197.8984375
39.80577826499939 201.53515625
28.533899545669556 200.71484375
30.125004291534424 199.921875
0.7758834362030029 196.35546875
3.142489194869995 199.33984375
57.16124391555786 200.390625
5.330038547515869 198.28125
1.9024782180786133 196.48828125
11.261131048202515 200.55859375
34.98671841621399 200.33203125
6.781569719314575 197.73828125
16.299048900604248 200.52734375
38.093271255493164 201.1796875
13.801880121231079 200.66015625
24.261834621429443 199.875
8.61930775642395 198.37109375
39.58410954475403 200.37890625
2.0835354328155518 197.9765625
1.4888083934783936 196.01953125
46.34047269821167 200.3515625
25.966408729553223 200.6015625
7.324864149093628 198.02734375
13.279415607452393 199.43359375
45.53875541687012 200.640625
19.57927107810974 200.046875
9.236547708511353 199.46875
24.75398540496826 200.99609375
18.057032823562622 200.30859375
1.898719310760498 195.60546875
1.3306562900543213 196.1328125
21.59846067428589 201.00390625
13.1454598903656 199.88671875
48.155099868774414 200.91796875
12.427530527114868 198.84765625
39.51008224487305 201.0625
1.782296895980835 197.81640625
16.99077796936035 200.34765625
66.51990509033203 200.23828125
15.360008478164673 199.5234375
8.681737899780273 198.625
9.53816270828247 199.625
1.666914939880371 197.26953125
6.571362257003784 198.62109375
15.43583059310913 200.84375
17.904226303100586 199.3828125
8.782306909561157 199.08203125
1.8234868049621582 196.43359375
16.211204051971436 200.61328125
10.017159700393677 198.77734375
16.215943098068237 200.4921875
46.774608850479126 200.76171875
48.09673237800598 201.65234375
19.479843378067017 199.75390625
14.832266092300415 200.73046875
0.8069815635681152 195.0703125
13.624946594238281 199.8125
53.694151163101196 201.16015625
22.289177894592285 200.359375
50.57721972465515 201.5625
24.011717081069946 200.8984375
12.031858921051025 198.8984375
3.772470474243164 197.8828125
26.918155431747437 201.609375
34.78507590293884 200.5390625
9.86014723777771 199.67578125
11.579838991165161 199.84765625
1.5048997402191162 196.6875
0.8034100532531738 196.0
20.657386779785156 201.0859375
57.10374855995178 202.15625
40.25446534156799 201.1484375
3.7294585704803467 198.46875
11.298010349273682 199.515625
64.41515684127808 201.93359375
11.845703363418579 200.03515625
1.532280445098877 197.21875
24.910800457000732 201.953125
61.57489514350891 201.390625
1.4524424076080322 196.390625
22.95128321647644 201.578125
24.76050329208374 201.08984375
14.746066093444824 201.08984375
1.6637163162231445 198.171875
8.662153005599976 199.70703125
3.1072540283203125 197.78125
23.26436185836792 200.37109375
10.506647825241089 200.4609375
1.4118285179138184 197.1171875
9.542493104934692 200.55078125
1.5730116367340088 196.68359375
11.60683012008667 200.15234375
17.480281591415405 200.38671875
0.8071622848510742 197.5078125
11.46531343460083 200.0390625
8.90919542312622 199.37890625
43.60145568847656 200.73828125
18.873339414596558 201.2734375
3.571504831314087 198.2890625
