201.09450006484985 483.07421875
235.32194304466248 543.2734375
226.52205109596252 509.1328125
223.10561776161194 499.640625
146.50444722175598 562.69140625
125.59096646308899 547.81640625
197.9512288570404 490.9765625
158.78794598579407 534.57421875
210.96911358833313 538.40234375
164.3531937599182 487.87109375
184.90848875045776 510.71875
111.00870490074158 525.05859375
94.21970105171204 556.31640625
153.8204698562622 486.3671875
147.68604636192322 531.65625
204.46723341941833 531.6640625
176.78108382225037 566.78125
190.50904822349548 554.03515625
252.95466685295105 525.4453125
94.2671434879303 503.59765625
162.32051825523376 470.36328125
131.2644727230072 537.56640625
213.54714107513428 482.81640625
148.20648407936096 538.0390625
212.8283703327179 546.28515625
112.21964764595032 532.86328125
187.92298197746277 569.26953125
241.79247999191284 544.96484375
149.9633572101593 534.92578125
168.90464210510254 471.73828125
204.34090781211853 553.5546875
95.22569704055786 484.32421875
130.3815803527832 460.61328125
220.9147551059723 541.13671875
188.61776876449585 453.0078125
185.25958824157715 499.8046875
235.43560147285461 526.53515625
182.979394197464 483.76171875
126.56649589538574 558.171875
197.88847637176514 559.16796875
74.0737943649292 539.859375
160.6740083694458 548.18359375
169.40910959243774 425.23828125
166.1812744140625 447.390625
157.66893482208252 499.90234375
130.8514335155487 483.11328125
246.73727560043335 538.48046875
129.4542453289032 512.82421875
151.4282262325287 486.2265625
140.34173154830933 556.92578125
127.23913669586182 538.25390625
189.32022881507874 522.86328125
146.78012204170227 497.0078125
83.62172770500183 498.875
199.90517115592957 491.96484375
117.5619580745697 502.63671875
137.00062441825867 544.2421875
157.04958605766296 535.67578125
186.48320627212524 499.0703125
145.42171025276184 549.85546875
89.1695077419281 496.3515625
106.50459289550781 563.3671875
149.76384162902832 546.0234375
233.18953204154968 523.13671875
138.6191210746765 557.76171875
131.3069338798523 488.75390625
132.5320703983307 499.23046875
206.9558207988739 445.765625
163.66845560073853 482.31640625
133.51482105255127 492.5390625
156.15281987190247 477.98046875
148.95368695259094 465.98828125
187.6948585510254 452.953125
213.1776704788208 531.87890625
165.50347876548767 449.31640625
144.3555769920349 495.0703125
219.3085536956787 487.46875
172.47108101844788 517.890625
182.87637662887573 502.36328125
138.9873080253601 546.515625
142.65983200073242 489.40625
106.92358756065369 530.7734375
128.5484802722931 496.015625
201.7982518672943 446.24609375
164.46398282051086 569.46484375
166.7141354084015 530.484375
145.37105751037598 558.0234375
214.97774696350098 529.44921875
142.72376084327698 549.6640625
116.67205119132996 491.140625
182.307119846344 534.953125
166.10270929336548 569.6875
98.57348108291626 481.60546875
118.74615430831909 537.66796875
91.90589237213135 459.3828125
90.38829708099365 560.61328125
111.51834869384766 534.71875
173.78321266174316 546.03125
194.39497351646423 477.0546875
125.40965867042542 556.828125
