1.3226048946380615 174.27734375
13.591618537902832 195.046875
4.604804039001465 195.08203125
0.7984027862548828 194.65625
1.629183292388916 195.421875
6.933392763137817 195.5390625
4.545957326889038 196.16796875
1.6593198776245117 194.9609375
6.532197952270508 193.70703125
1.6829798221588135 194.85546875
5.668808937072754 195.375
20.764134645462036 195.4453125
1.3419568538665771 194.15234375
0.8754880428314209 194.82421875
1.3890655040740967 194.62890625
1.3781521320343018 194.28125
21.4952552318573 194.640625
1.3062748908996582 194.94140625
1.3027114868164062 197.28125
0.8949780464172363 196.84375
7.467926979064941 195.98046875
1.4764115810394287 194.40625
8.908145189285278 195.56640625
5.642502307891846 194.66015625
1.5692799091339111 195.01171875
10.476470947265625 195.54296875
4.201736211776733 196.68359375
4.145003080368042 194.81640625
1.9783828258514404 195.16015625
1.6106178760528564 195.1171875
8.736320495605469 194.65234375
6.962969779968262 196.21875
19.89018988609314 195.75
1.4991199970245361 194.5
5.325613498687744 195.15234375
26.271727800369263 196.1171875
1.1721420288085938 195.11328125
1.2212600708007812 193.703125
3.348719358444214 195.3515625
1.219506025314331 195.12109375
1.3080451488494873 195.6484375
7.281513214111328 196.2109375
2.060403347015381 195.30078125
2.277132511138916 193.28125
10.774312496185303 196.72265625
1.429931402206421 195.7421875
4.408793926239014 195.18359375
22.380681037902832 195.87890625
12.265285968780518 195.359375
1.7481448650360107 195.6796875
1.8235833644866943 195.95703125
1.6878900527954102 196.5859375
5.4954259395599365 194.4140625
5.646291017532349 193.94921875
3.4376060962677 195.09375
1.9696197509765625 194.7109375
7.922419548034668 194.31640625
16.653308391571045 195.53515625
1.307753086090088 195.10546875
2.057943344116211 196.49609375
8.911499500274658 195.5546875
17.38981795310974 195.07421875
1.6154899597167969 194.0703125
1.5094449520111084 195.5546875
3.641690969467163 195.015625
2.6722846031188965 194.36328125
9.74568223953247 195.57421875
1.175593614578247 195.01171875
1.8620936870574951 195.65625
1.1819124221801758 194.296875
0.750493049621582 194.68359375
5.580618143081665 197.98828125
23.52170205116272 196.48046875
2.466196060180664 195.8828125
1.8970601558685303 194.8984375
1.31874680519104 193.6875
1.311547040939331 195.50390625
1.22314453125 195.54296875
2.9803709983825684 195.1015625
1.7304413318634033 195.16015625
1.40622878074646 194.84765625
1.2849655151367188 195.0
18.729756355285645 195.80859375
1.1898844242095947 195.56640625
6.9629011154174805 195.1796875
1.8618974685668945 196.69921875
1.2276601791381836 195.71875
1.489372730255127 196.60546875
6.795002460479736 196.80859375
1.8190550804138184 195.6328125
16.70706558227539 195.7578125
1.3783495426177979 196.9609375
3.810683012008667 194.734375
24.82972240447998 196.6171875
1.8605232238769531 194.203125
6.0954365730285645 196.58984375
5.13757061958313 196.97265625
5.420102119445801 195.4921875
3.309600591659546 195.09375
19.709683418273926 196.78125
