4.056548595428467 426.8046875
99.46822762489319 443.1875
4.08837890625 445.47265625
4.128820180892944 462.1640625
4.127358913421631 462.07421875
4.101707220077515 453.03125
96.59151887893677 446.828125
100.26572775840759 452.57421875
4.089366912841797 458.56640625
4.101036071777344 458.13671875
4.095627784729004 447.07421875
4.122947931289673 462.3515625
4.108695030212402 453.58984375
4.089934349060059 445.80859375
4.105920076370239 451.61328125
4.098580837249756 455.828125
93.72913074493408 460.76171875
4.165107011795044 454.37890625
4.143866062164307 455.10546875
4.137929439544678 459.2578125
4.1289753913879395 445.7109375
4.129875183105469 455.421875
83.21467113494873 453.828125
4.144471645355225 462.296875
96.03264236450195 441.45703125
4.090702295303345 446.94921875
4.107158422470093 452.29296875
4.111195087432861 454.4140625
4.119280576705933 444.63671875
4.119106769561768 450.609375
100.39293074607849 452.24609375
10.28580379486084 461.03515625
4.132681369781494 445.046875
4.103096008300781 452.4140625
4.101942539215088 449.65234375
4.116518020629883 456.96875
4.129406452178955 453.36328125
4.111546993255615 456.84375
4.123447895050049 454.8828125
82.13734412193298 456.94140625
4.107185125350952 455.94921875
4.10931921005249 442.96484375
4.089702606201172 441.45703125
93.45427584648132 445.1875
4.100247383117676 444.3203125
4.139779806137085 455.36328125
4.040812253952026 454.890625
4.1135241985321045 456.26171875
4.126242399215698 456.40625
49.60485887527466 450.25
4.119479417800903 444.09375
93.40003561973572 451.1015625
4.141390085220337 454.5390625
4.102237701416016 454.50390625
4.132684946060181 445.15625
4.114330291748047 461.015625
81.89958906173706 456.64453125
4.110740661621094 453.484375
99.32229328155518 455.24609375
91.7716977596283 446.92578125
91.59438180923462 443.9453125
4.037586212158203 449.7421875
4.015023231506348 455.6171875
3.990997314453125 467.72265625
4.016776084899902 454.8046875
4.014543294906616 448.6015625
4.002119302749634 445.86328125
4.040475130081177 460.27734375
24.529844045639038 448.80078125
4.022976636886597 452.8046875
4.036621332168579 451.72265625
4.0121049880981445 455.6875
91.78984141349792 450.34375
3.9899466037750244 455.84765625
3.9880495071411133 449.53125
6.808975458145142 460.07421875
91.79812574386597 455.32421875
3.997800588607788 445.16015625
4.007006406784058 458.16796875
4.010029077529907 457.90234375
3.9485490322113037 452.359375
4.0289599895477295 456.62109375
3.9960737228393555 446.33203125
23.97338104248047 457.4609375
99.32345032691956 458.59375
32.32773303985596 445.75
4.01403284072876 447.97265625
98.3086416721344 445.609375
4.02510929107666 464.5703125
91.44722175598145 462.60546875
3.988373041152954 445.94140625
4.0086987018585205 458.00390625
4.027668476104736 454.359375
4.053133010864258 445.53515625
4.031474351882935 460.19921875
4.022341966629028 457.734375
4.013350248336792 458.67578125
4.033541679382324 450.37109375
4.002107620239258 451.0234375
8.462042093276978 451.69921875
