16.35861372947693 268.73046875
2.3134329319000244 273.34375
3.4432404041290283 266.78125
4.341852188110352 274.25390625
58.99697494506836 274.3984375
2.5259506702423096 266.82421875
8.256799221038818 274.5625
13.632398843765259 275.66015625
2.434662103652954 270.9921875
1.9200477600097656 272.79296875
2.4703028202056885 272.453125
60.96408462524414 278.13671875
2.6758298873901367 274.41796875
1.9233214855194092 282.12890625
6.209444999694824 266.3125
6.452783584594727 276.13671875
44.06972122192383 279.48046875
2.253936529159546 267.67578125
53.34534978866577 289.30078125
2.310180902481079 278.07421875
2.454099655151367 271.89453125
9.592891454696655 273.5234375
2.0454165935516357 276.5078125
15.315327167510986 274.5859375
3.7939813137054443 278.87109375
36.43087935447693 276.2109375
39.170995473861694 270.8671875
6.328822612762451 272.6640625
1.9758732318878174 270.26953125
3.114039421081543 276.52734375
7.795030832290649 283.30859375
14.823040962219238 267.95703125
2.070648193359375 274.84765625
1.9757063388824463 271.5625
1.927924633026123 278.3203125
3.9312429428100586 275.4453125
2.7278268337249756 271.2421875
45.07439184188843 265.76953125
1.929337739944458 272.328125
3.802886962890625 267.40234375
61.432395219802856 282.3359375
21.02713441848755 275.9375
2.185821294784546 275.59375
15.082404136657715 276.23046875
2.076526403427124 272.66796875
29.345017194747925 269.0546875
37.47859168052673 274.94140625
2.195134162902832 279.1796875
4.41290807723999 275.453125
2.533562183380127 271.25
10.339476823806763 271.8359375
14.406363010406494 272.7578125
2.538416862487793 276.28515625
2.2078683376312256 268.45703125
18.781342267990112 271.90234375
2.078486919403076 270.140625
1.9305202960968018 292.625
2.895291328430176 275.07421875
4.463058948516846 275.87109375
1.921736240386963 272.41796875
61.7597131729126 271.828125
8.558804750442505 268.1875
1.9255743026733398 277.1640625
2.438603401184082 294.16015625
38.74844264984131 287.54296875
61.60964870452881 277.94921875
1.9221086502075195 271.35546875
56.94588017463684 276.23046875
2.171353340148926 287.515625
61.35605502128601 268.9921875
61.265838384628296 276.3046875
1.9371981620788574 273.15234375
59.05710053443909 291.55078125
14.653855085372925 273.30078125
17.22253680229187 277.44140625
1.947850227355957 276.25
60.05890965461731 274.7109375
56.919411420822144 266.96875
28.29420018196106 268.23828125
2.2531418800354004 275.265625
1.9833102226257324 273.09765625
40.631147623062134 270.05078125
1.9163780212402344 274.57421875
30.99890971183777 278.30859375
2.091684579849243 274.19921875
1.981339931488037 268.23046875
60.14056992530823 272.953125
60.60125923156738 289.453125
5.666466236114502 269.88671875
60.95453929901123 276.9609375
3.8678431510925293 277.5
1.9229261875152588 278.30078125
2.4822440147399902 275.24609375
2.841555118560791 267.3828125
1.915935754776001 278.16796875
1.9371342658996582 273.22265625
61.06998133659363 277.17578125
48.06665658950806 277.7421875
2.110769033432007 278.26171875
55.062976121902466 268.9296875
