1.1740357875823975 128.390625
1.1297533512115479 134.15234375
1.247363805770874 132.58203125
1.3095226287841797 127.5859375
1.2891299724578857 132.25
1.2608935832977295 132.34375
1.2853026390075684 131.7265625
1.0686044692993164 125.2265625
1.2789716720581055 128.06640625
1.147258996963501 126.83203125
1.1596360206604004 127.23828125
1.3424458503723145 133.125
1.20646333694458 131.1015625
1.314375877380371 128.08984375
1.197009801864624 126.87109375
1.2375648021697998 128.08203125
1.2409782409667969 126.0703125
1.1150579452514648 123.15234375
1.1923632621765137 129.99609375
1.1524219512939453 127.58984375
1.1642634868621826 132.15625
1.1157796382904053 132.67578125
0.9371135234832764 124.15625
0.9710693359375 124.11328125
1.061821460723877 122.90625
1.2898485660552979 127.7265625
1.2625112533569336 134.42578125
1.1278162002563477 133.828125
1.2335357666015625 128.41796875
1.237290620803833 132.96875
1.0806858539581299 126.04296875
1.1037120819091797 127.55078125
0.9921755790710449 127.47265625
1.0674405097961426 134.828125
0.6697309017181396 119.15234375
1.2216322422027588 127.77734375
1.078922986984253 128.18359375
1.2445478439331055 130.77734375
1.2132902145385742 134.55078125
1.033858060836792 121.8515625
1.2554378509521484 128.1875
1.126598834991455 127.046875
1.247087001800537 132.2578125
0.9801549911499023 124.19140625
0.9691519737243652 123.17578125
1.088472843170166 127.51953125
1.1325209140777588 132.00390625
0.9282598495483398 124.0234375
1.129263162612915 131.3984375
1.358605146408081 129.0078125
1.1148629188537598 127.10546875
1.2282345294952393 132.57421875
1.1839256286621094 128.0625
1.3054566383361816 133.12109375
1.3129825592041016 128.2265625
1.2937755584716797 127.765625
1.333134651184082 128.43359375
1.307802438735962 130.9296875
1.252223253250122 128.85546875
1.1983282566070557 129.2265625
1.1982696056365967 131.27734375
1.1066675186157227 128.703125
1.216010570526123 133.4765625
1.1469271183013916 127.0234375
1.277393102645874 128.0703125
1.310135841369629 129.0625
1.1943211555480957 127.73046875
1.1771256923675537 131.4609375
1.0149474143981934 129.0546875
0.6423766613006592 122.96484375
1.247654914855957 128.5390625
1.1563389301300049 132.26953125
1.1057519912719727 126.64453125
1.089282512664795 134.7890625
1.3774917125701904 130.03125
1.2843894958496094 133.203125
1.2034282684326172 132.9921875
0.6505944728851318 116.89453125
0.6705112457275391 121.2265625
0.7042586803436279 123.90234375
1.2516663074493408 127.31640625
1.3407578468322754 130.53515625
1.312713861465454 127.93359375
1.1643118858337402 128.47265625
1.30928373336792 128.19921875
1.2767481803894043 132.25
1.194291114807129 126.78125
0.8407762050628662 119.31640625
1.0469763278961182 126.4140625
0.8387713432312012 123.59375
1.208937406539917 132.953125
1.1378297805786133 132.2578125
1.2239603996276855 130.80859375
0.6638641357421875 120.203125
1.1731045246124268 128.13671875
1.1440033912658691 129.2578125
0.9045238494873047 125.59765625
1.3124589920043945 128.48828125
1.2543506622314453 128.82421875
1.2025296688079834 127.359375
