14.904268264770508 252.25
1.6499254703521729 240.78125
32.145899295806885 245.85546875
2.1690731048583984 241.14453125
14.115496397018433 249.8125
1.64375638961792 243.9140625
21.57165217399597 244.6328125
1.6371748447418213 246.0703125
2.1280834674835205 242.29296875
1.7012302875518799 244.375
1.6624722480773926 242.4765625
2.0982298851013184 238.69140625
31.935131311416626 245.55859375
12.080718755722046 241.12890625
42.67973852157593 241.6328125
42.07354259490967 246.60546875
5.228067636489868 243.84375
6.322988510131836 243.4296875
19.364004850387573 242.0546875
4.3855156898498535 241.58203125
27.323554515838623 241.58203125
20.75456714630127 246.203125
3.592552661895752 246.6640625
1.6521790027618408 243.7890625
1.6332929134368896 243.88671875
1.6287202835083008 242.4140625
1.648221492767334 243.58984375
4.695062637329102 242.57421875
36.43838882446289 242.51953125
3.6927146911621094 241.6171875
1.9437716007232666 242.27734375
1.6396129131317139 245.05859375
1.6292598247528076 240.78125
14.33796501159668 245.20703125
1.6390609741210938 246.62109375
38.97885084152222 245.11328125
2.2595760822296143 240.8984375
1.6436395645141602 241.3984375
37.53594923019409 242.78125
28.118110418319702 248.875
1.632889986038208 244.5234375
9.675600051879883 242.69921875
2.3260037899017334 243.7734375
34.272560596466064 245.5546875
6.618821144104004 242.84375
1.6958959102630615 245.32421875
38.61075758934021 241.69921875
41.14786243438721 243.28125
2.3011860847473145 241.6796875
2.33862042427063 244.02734375
6.4039695262908936 242.9609375
40.51686954498291 241.9921875
3.659911870956421 243.05078125
1.639688491821289 241.48046875
4.079965114593506 243.94140625
2.0706427097320557 247.14453125
12.76295280456543 244.1484375
3.833284616470337 243.61328125
10.98564887046814 244.296875
39.430378437042236 242.93359375
15.414409637451172 244.8671875
2.219369411468506 244.5546875
13.113910913467407 247.83984375
1.638408899307251 243.22265625
1.685117483139038 246.609375
1.7301363945007324 243.16796875
11.720293283462524 241.76953125
18.663126707077026 244.75390625
1.7440223693847656 244.8203125
28.033370971679688 245.0390625
1.7862846851348877 243.66796875
3.61129093170166 243.88671875
42.606728315353394 244.88671875
1.6420161724090576 243.62109375
5.531402826309204 245.12890625
7.084766149520874 242.3984375
28.931946277618408 244.78125
42.63017797470093 244.41796875
1.9601144790649414 243.83203125
1.6434204578399658 243.89453125
1.6394016742706299 240.1796875
3.4905550479888916 243.34375
5.171108722686768 242.26953125
1.6456358432769775 244.72265625
22.56456184387207 243.69921875
42.42043352127075 241.8515625
2.7845187187194824 245.109375
34.892595529556274 246.55859375
2.1047844886779785 241.05859375
2.555959701538086 244.88671875
23.287984371185303 242.2890625
42.64899492263794 243.765625
23.076305389404297 244.8671875
4.514180898666382 241.875
4.693751096725464 247.87109375
1.6356804370880127 245.42578125
1.6267704963684082 242.77734375
4.548235893249512 244.390625
1.630965232849121 243.13671875
2.079660415649414 240.37890625
