0.3432438373565674 91.640625
0.6132552623748779 99.1015625
0.7862598896026611 102.30859375
0.5812585353851318 99.84375
0.8072307109832764 103.7109375
0.3742039203643799 92.2109375
0.8737025260925293 102.85546875
0.5965261459350586 94.72265625
0.5596435070037842 99.10546875
0.33867931365966797 92.15625
0.5780684947967529 101.47265625
0.3375720977783203 92.4609375
0.3600437641143799 92.4765625
0.5223565101623535 96.09765625
0.4730799198150635 93.19140625
0.3551504611968994 92.36328125
0.4250624179840088 92.39453125
0.4835629463195801 92.8671875
0.41108226776123047 92.3515625
0.3594377040863037 92.44140625
0.7118349075317383 102.0703125
0.4629037380218506 92.5625
0.8514034748077393 102.9140625
0.841710090637207 103.29296875
0.592151403427124 101.19921875
0.9331238269805908 105.03125
0.3802034854888916 92.41796875
0.5096731185913086 94.21875
0.7771172523498535 102.7421875
0.34635138511657715 92.0390625
0.8676962852478027 102.55859375
0.7747652530670166 101.65625
0.8578777313232422 103.01953125
0.8185875415802002 102.32421875
0.39037609100341797 92.44140625
0.7946083545684814 100.71484375
0.6894760131835938 102.734375
0.7817525863647461 100.23046875
0.8262970447540283 102.49609375
0.34870362281799316 92.62890625
0.5353007316589355 100.0703125
0.731421947479248 100.37890625
0.4860255718231201 93.1875
0.5902523994445801 101.3828125
0.3419959545135498 92.39453125
0.5446264743804932 100.1796875
0.36860156059265137 92.44921875
0.4536585807800293 92.50390625
0.3824644088745117 92.5546875
0.8324697017669678 102.3671875
0.6225681304931641 100.34375
0.3527555465698242 92.484375
0.8109126091003418 101.6171875
0.3636791706085205 92.49609375
0.37749218940734863 92.41796875
0.36380934715270996 92.4140625
0.37224364280700684 92.39453125
0.7784771919250488 100.4375
0.6919093132019043 100.48046875
0.3609616756439209 92.52734375
0.3887972831726074 92.32421875
0.3404116630554199 92.609375
0.423046350479126 92.73046875
0.8846940994262695 103.50390625
0.8244264125823975 101.99609375
0.7903802394866943 102.015625
0.4321777820587158 92.703125
0.40414977073669434 92.69140625
0.5144293308258057 94.67578125
0.45710134506225586 92.68359375
0.3609476089477539 92.6171875
0.6995735168457031 99.94140625
0.4564516544342041 92.59375
0.8051815032958984 104.6875
0.7776181697845459 101.94140625
0.35048556327819824 92.5703125
0.7029364109039307 100.54296875
0.7998993396759033 104.9921875
0.564011812210083 97.0234375
0.5914514064788818 99.77734375
0.7278954982757568 101.875
0.4730820655822754 93.81640625
0.8029215335845947 100.296875
0.33907556533813477 92.46484375
0.3971731662750244 92.43359375
0.39794015884399414 92.1328125
0.4131324291229248 93.28125
0.5923106670379639 99.7734375
0.4408597946166992 92.67578125
0.3416709899902344 92.453125
0.365415096282959 92.5234375
0.377269983291626 92.65625
0.41334986686706543 92.640625
0.8426623344421387 102.3984375
0.35550451278686523 92.5703125
0.40488100051879883 92.6875
0.4118671417236328 92.58203125
0.6498570442199707 100.3515625
0.6215341091156006 99.65234375
0.81966233253479 102.515625
