1.4789299964904785 169.82421875
10.964656352996826 179.61328125
1.1398565769195557 179.13671875
8.646762132644653 179.2421875
5.621938943862915 178.21875
1.1923186779022217 179.28515625
1.2275950908660889 179.234375
1.3513121604919434 178.53125
3.5341107845306396 178.828125
1.442366123199463 179.015625
1.8062474727630615 179.97265625
1.1746716499328613 178.78125
1.0868663787841797 180.515625
6.365575075149536 180.31640625
1.32436203956604 179.484375
1.0869436264038086 180.08984375
1.4185791015625 179.94140625
1.5032622814178467 179.4921875
1.002741813659668 179.21875
1.3243153095245361 179.17578125
2.5488405227661133 178.5703125
3.134888172149658 179.30859375
3.3847551345825195 179.12890625
1.0542144775390625 178.82421875
4.033452033996582 179.20703125
6.0848610401153564 179.10546875
6.564176559448242 179.08203125
1.011575698852539 179.32421875
1.238797664642334 178.7578125
9.369513988494873 179.42578125
1.2244186401367188 178.9296875
9.757266759872437 178.80859375
13.293609142303467 179.375
1.9975693225860596 179.80078125
2.9486780166625977 178.8359375
4.085324048995972 180.51953125
3.9108357429504395 179.6484375
2.901416063308716 179.375
1.4187839031219482 179.29296875
7.044975280761719 179.359375
1.3399996757507324 179.3984375
1.8284900188446045 178.28515625
1.817544937133789 178.6640625
1.7613708972930908 179.203125
3.308912515640259 179.19140625
16.522780895233154 179.359375
1.2518794536590576 179.2109375
1.073183298110962 179.078125
1.841367244720459 179.97265625
14.172050476074219 178.9609375
1.8999621868133545 179.83203125
5.543949127197266 179.46484375
6.170952320098877 179.85546875
1.0476372241973877 180.5390625
1.86220383644104 179.47265625
1.1900699138641357 178.85546875
18.66494917869568 180.5703125
1.1194660663604736 179.8046875
4.454975843429565 179.53515625
2.2975149154663086 179.35546875
4.9668214321136475 179.21484375
6.808549165725708 179.6953125
7.060765743255615 178.48046875
0.9955050945281982 178.5625
1.3351101875305176 179.8359375
2.5615031719207764 179.84375
1.0643022060394287 180.05078125
3.129481792449951 179.46484375
0.9710812568664551 180.23046875
1.676095724105835 178.98828125
4.805905818939209 180.125
1.5275769233703613 179.7421875
1.3775098323822021 179.7421875
3.989311933517456 178.703125
1.1743640899658203 180.10546875
1.102717399597168 180.12890625
1.3814020156860352 179.44140625
0.6934671401977539 179.50390625
9.235620737075806 180.27734375
1.799509048461914 179.2109375
0.9880294799804688 179.4296875
2.2392280101776123 179.34765625
1.5615379810333252 180.03515625
3.535949230194092 178.58984375
4.188028812408447 180.15625
5.903329133987427 179.07421875
2.2080936431884766 179.890625
2.2483203411102295 179.828125
14.272104978561401 180.74609375
1.9991486072540283 180.42578125
3.097909450531006 179.95703125
10.28422737121582 179.7265625
1.4706125259399414 179.12109375
1.321936845779419 178.47265625
4.057468891143799 179.72265625
6.316644906997681 179.89453125
0.9997961521148682 179.328125
10.39880657196045 179.92578125
1.1517608165740967 179.69140625
13.729571104049683 180.109375
