1.4459223747253418 173.4765625
1.161480188369751 184.61328125
1.1748409271240234 184.34375
17.98534917831421 185.78125
5.330851316452026 185.5625
1.0243449211120605 185.15625
1.0365798473358154 186.5859375
5.213195085525513 184.68359375
1.0024583339691162 186.27734375
1.0143260955810547 185.7109375
6.029785394668579 185.703125
18.887903451919556 186.203125
0.982616662979126 184.54296875
11.29116439819336 186.34375
9.342907905578613 185.796875
1.7427051067352295 184.2265625
18.261561155319214 185.453125
1.5965745449066162 185.82421875
5.248428821563721 185.9609375
1.476353645324707 184.5859375
19.12260913848877 185.59765625
1.049360752105713 184.875
1.313096046447754 185.19140625
1.012894630432129 185.29296875
1.1960582733154297 185.65625
0.9836821556091309 184.55859375
1.9516284465789795 185.82421875
1.0599966049194336 186.24609375
1.0817697048187256 185.75390625
0.9822125434875488 185.37890625
3.190638303756714 185.7890625
1.6660146713256836 185.8828125
6.784350156784058 185.328125
1.4987859725952148 186.18359375
2.723036050796509 186.34375
13.72494649887085 185.25
12.18892216682434 186.77734375
1.190856695175171 184.56640625
1.0353984832763672 185.93359375
9.381653785705566 185.0625
16.56617832183838 185.96484375
18.782548427581787 186.71484375
2.162180185317993 185.375
8.99306035041809 186.87890625
18.935445070266724 185.609375
1.3361241817474365 185.84375
1.3267033100128174 185.921875
0.9842822551727295 186.140625
11.895920753479004 186.33203125
1.05326509475708 185.296875
0.9722535610198975 185.26171875
18.818352937698364 186.578125
6.673637390136719 185.6640625
0.9942605495452881 186.2734375
0.9754593372344971 184.484375
9.612237453460693 185.79296875
1.219926118850708 186.90234375
2.280144453048706 185.90625
1.3447825908660889 186.6484375
1.6870570182800293 185.81640625
7.714982986450195 185.6328125
2.298184633255005 186.69921875
2.3383684158325195 185.125
13.118376970291138 185.88671875
4.879680871963501 185.03125
1.01582932472229 185.79296875
2.278494119644165 186.07421875
18.91405463218689 187.08984375
2.335855484008789 186.5390625
18.925849676132202 184.5
9.433541774749756 187.03515625
10.189406394958496 185.625
15.281939506530762 186.42578125
15.346231698989868 186.78515625
15.94829511642456 185.93359375
0.9772872924804688 186.50390625
0.981410026550293 187.625
0.9816586971282959 186.109375
17.732841730117798 186.80859375
0.976567268371582 185.58203125
4.077932119369507 184.97265625
18.240291595458984 185.51953125
1.021613597869873 185.00390625
1.2162158489227295 186.8828125
0.9728376865386963 185.0859375
1.0252151489257812 186.3359375
15.215535640716553 185.6953125
2.9323227405548096 186.38671875
0.9769418239593506 185.74609375
1.0519037246704102 185.55859375
1.1790037155151367 186.7734375
5.417549133300781 185.7265625
2.157775402069092 185.95703125
15.296586751937866 186.5078125
1.0127105712890625 185.671875
15.347079038619995 186.12890625
5.766155958175659 185.30859375
1.0034396648406982 185.02734375
1.0139274597167969 184.23046875
0.9769606590270996 186.08984375
