14.580540657043457 282.42578125
28.910312175750732 331.82421875
18.829655408859253 339.09375
3.242807149887085 331.32421875
29.952770948410034 333.63671875
2.332784652709961 337.2109375
14.428600549697876 343.47265625
3.5470943450927734 335.40234375
30.656667470932007 332.30078125
5.514430284500122 333.46484375
15.505989789962769 343.3828125
2.195758104324341 331.9921875
2.4596197605133057 333.44140625
2.1205332279205322 330.484375
56.31829285621643 334.50390625
58.09701728820801 333.7265625
23.782637357711792 333.25390625
4.327530384063721 336.484375
72.5534439086914 330.9140625
6.572177410125732 332.15234375
19.752928733825684 334.7265625
2.134843111038208 331.4375
2.2812793254852295 332.3125
2.241725444793701 333.2734375
7.261851787567139 337.82421875
2.598510503768921 332.47265625
4.210922718048096 333.00390625
3.5044326782226562 329.9453125
63.66802144050598 330.41796875
45.79426097869873 334.13671875
55.70915365219116 332.07421875
6.981009244918823 334.44140625
10.243299007415771 330.52734375
49.84373927116394 333.8046875
4.664952516555786 331.0546875
2.8216776847839355 330.47265625
19.2804696559906 331.51171875
2.7626640796661377 335.61328125
27.718713521957397 331.0234375
5.436774492263794 335.90234375
25.19088625907898 336.953125
63.69151830673218 335.375
12.283298015594482 340.625
25.619126796722412 333.9921875
3.47821307182312 330.91796875
2.3367111682891846 335.9765625
29.731651306152344 332.36328125
2.445967674255371 339.6171875
18.789308547973633 328.97265625
3.7285680770874023 332.76171875
63.0997211933136 331.1953125
2.3869471549987793 336.43359375
2.3442060947418213 332.5625
20.449171781539917 333.85546875
3.1880998611450195 332.5859375
3.0470714569091797 332.0546875
2.3342158794403076 337.18359375
5.14243221282959 330.23046875
2.2455432415008545 336.1953125
3.138538360595703 332.02734375
1.505490779876709 330.79296875
37.26023483276367 332.3828125
2.2059249877929688 333.140625
3.462031602859497 333.85546875
2.5292036533355713 332.30078125
21.571963787078857 335.1015625
3.078169107437134 332.0625
26.681665897369385 329.53515625
39.522473096847534 335.15625
10.912636518478394 332.83203125
1.4945144653320312 328.75390625
20.860217571258545 329.4609375
8.396675109863281 333.03515625
13.513445854187012 331.87109375
2.974932909011841 333.7890625
2.394960403442383 332.09765625
6.120066404342651 339.49609375
44.06112623214722 335.5859375
6.981332302093506 333.0546875
2.3047187328338623 331.1015625
9.520552158355713 332.75390625
32.144840240478516 331.08203125
2.3405487537384033 329.78125
24.27881622314453 332.05859375
50.458641052246094 330.62109375
2.261910915374756 333.015625
44.97483491897583 329.73828125
2.8128230571746826 338.109375
4.841602325439453 331.671875
31.77449083328247 335.421875
2.399092197418213 328.5078125
16.396782159805298 339.8828125
3.0894250869750977 333.51953125
30.233337879180908 336.1875
4.271032333374023 338.265625
14.128884315490723 333.62109375
2.2642366886138916 333.87109375
3.5096263885498047 331.546875
30.45656943321228 333.953125
16.888413906097412 335.1328125
