1.8771412372589111 177.75
1.279221773147583 184.97265625
1.7379529476165771 185.20703125
0.6930761337280273 184.640625
1.3276441097259521 185.41015625
1.14799165725708 185.45703125
5.354374408721924 185.63671875
1.1714420318603516 185.1171875
1.7268753051757812 185.3515625
1.0390040874481201 185.16796875
1.4262058734893799 186.4453125
1.1481928825378418 185.76171875
1.1113474369049072 187.015625
1.7329246997833252 186.01953125
5.663641929626465 185.234375
1.5543818473815918 185.4921875
13.425342082977295 185.9453125
3.828031539916992 185.90625
10.048143863677979 186.3359375
5.2119140625 185.53125
1.3573458194732666 185.2578125
1.1346690654754639 186.078125
1.2462875843048096 185.98828125
5.457250118255615 186.0859375
1.0687386989593506 185.58203125
1.0262186527252197 185.26953125
1.0945045948028564 186.34375
2.4364004135131836 186.3125
15.404914140701294 185.953125
4.354590892791748 186.93359375
1.8614122867584229 186.9375
1.4110267162322998 187.1640625
2.042915105819702 186.4140625
4.978764295578003 186.8515625
2.699153423309326 186.39453125
1.0081334114074707 186.828125
7.996597766876221 186.546875
16.795221090316772 187.17578125
2.936309576034546 186.5
2.728071928024292 184.5703125
4.436621427536011 186.44921875
6.34297251701355 184.7109375
0.6718387603759766 186.7890625
7.990437746047974 187.71484375
17.825642108917236 187.37890625
1.5990684032440186 187.2890625
1.3472933769226074 188.00390625
7.319145679473877 186.53515625
1.8398513793945312 187.23828125
1.2488188743591309 185.625
3.0623586177825928 184.66015625
0.6711866855621338 186.4765625
11.018389463424683 186.421875
1.8670063018798828 186.70703125
1.832364559173584 185.2265625
1.7105116844177246 186.25390625
15.631447315216064 185.15625
1.397118330001831 185.23046875
1.0164031982421875 185.31640625
2.4966657161712646 185.67578125
10.511512994766235 187.25
16.37477469444275 188.03125
9.552956581115723 186.66796875
7.767857551574707 187.2890625
1.047405481338501 186.05078125
1.4280288219451904 185.38671875
1.6157715320587158 184.85546875
6.614117860794067 185.359375
1.041733980178833 186.2265625
6.30206298828125 187.59375
9.063127756118774 187.02734375
9.778631925582886 185.85546875
11.666648864746094 186.703125
15.231364965438843 185.765625
1.637397289276123 186.6015625
1.2683792114257812 186.8671875
2.4040896892547607 187.72265625
6.255595922470093 187.3828125
2.545991897583008 187.0546875
2.0266530513763428 186.13671875
1.650669813156128 186.9375
4.933099985122681 185.78125
0.6574850082397461 186.41796875
3.371950626373291 186.1796875
1.4223840236663818 186.4921875
1.567185640335083 186.8203125
7.486656904220581 185.99609375
1.0400221347808838 186.57421875
2.526897430419922 184.859375
1.1940085887908936 186.11328125
7.498971223831177 186.28125
1.641556739807129 185.2578125
1.266124963760376 186.69921875
1.0724692344665527 187.4453125
2.7284791469573975 186.1328125
3.941222906112671 187.484375
1.4670732021331787 185.83203125
5.71695613861084 185.90234375
1.5911619663238525 186.0
6.060796737670898 185.94140625
