2.209627866744995 175.5390625
0.6409730911254883 180.65625
32.09491205215454 180.921875
3.566018581390381 181.94140625
4.103748798370361 181.8828125
2.540670394897461 181.76953125
3.8250160217285156 180.875
2.7338368892669678 180.42578125
1.074866533279419 181.1640625
1.533677101135254 181.2421875
24.574234008789062 181.203125
1.0807814598083496 180.72265625
24.211053371429443 181.953125
9.221521854400635 181.65234375
0.6560361385345459 181.63671875
1.4421489238739014 181.2265625
20.361096382141113 180.72265625
1.3263871669769287 181.16015625
2.914621114730835 181.3984375
1.1241405010223389 181.05078125
13.230441331863403 181.00390625
7.661034107208252 181.0
25.74478507041931 181.6015625
1.3801958560943604 181.40234375
1.2956223487854004 180.9453125
8.518448114395142 180.66796875
35.921178340911865 181.25
32.5905396938324 181.43359375
7.830259323120117 181.08984375
35.83912134170532 181.140625
2.0502593517303467 181.9140625
6.494681119918823 180.33203125
1.2211151123046875 181.98046875
12.726146459579468 181.69921875
31.9202721118927 181.48828125
27.402876615524292 180.9375
4.489408493041992 180.62109375
5.445000410079956 182.85546875
0.6596424579620361 180.6171875
1.3674662113189697 182.9921875
2.672597885131836 180.90234375
2.6710045337677 180.67578125
1.9038615226745605 181.20703125
2.8051886558532715 181.3984375
1.072249174118042 181.16015625
1.0747976303100586 181.375
30.384476900100708 181.05078125
9.13361382484436 181.0
0.6695785522460938 181.91796875
24.343554973602295 180.84375
5.272476434707642 181.12890625
27.591864824295044 181.6796875
0.6517012119293213 180.796875
2.3790359497070312 180.91796875
1.3128700256347656 181.3359375
1.082392692565918 180.5859375
2.44903826713562 181.828125
6.05322790145874 181.421875
1.7009685039520264 181.95703125
6.551689147949219 180.87109375
6.084246635437012 180.85546875
10.498670101165771 180.3984375
20.644050359725952 180.33203125
38.15327191352844 181.203125
3.705679416656494 180.34765625
2.258028507232666 180.90234375
1.8324408531188965 181.30859375
2.7494781017303467 181.48828125
38.73385667800903 181.01171875
1.8343777656555176 180.90625
0.6594297885894775 180.61328125
30.58534336090088 181.8984375
1.1648662090301514 181.71875
22.842186450958252 180.34765625
4.512409210205078 181.1640625
1.618417739868164 181.23046875
9.796912431716919 181.01171875
3.656799793243408 180.8515625
0.6382067203521729 181.05078125
5.896017789840698 180.39453125
3.7138657569885254 181.19140625
0.6552424430847168 181.20703125
24.96633791923523 181.33984375
18.30121159553528 180.98046875
1.0735080242156982 182.03515625
1.091179609298706 180.703125
1.0644702911376953 180.2578125
2.0259881019592285 180.2890625
34.77649664878845 180.6953125
1.0761528015136719 180.59375
2.0976336002349854 181.21484375
5.210925817489624 181.31640625
16.23551869392395 180.90625
3.5549914836883545 180.11328125
1.5197560787200928 180.8828125
12.195780992507935 181.34765625
2.9666829109191895 180.03515625
3.884209394454956 180.97265625
3.5735411643981934 180.74609375
6.73243260383606 181.2265625
