3.369197368621826 130.64453125
0.8276739120483398 120.59765625
1.187169075012207 128.88671875
1.2492098808288574 128.1015625
0.6121654510498047 108.14453125
2.9626874923706055 129.29296875
1.0798897743225098 125.83984375
3.5360267162323 129.8125
1.0171942710876465 125.54296875
0.8880445957183838 122.171875
0.5982389450073242 114.04296875
0.5323808193206787 111.94921875
1.9640395641326904 129.625
1.415987253189087 127.73046875
0.6133344173431396 111.42578125
0.8378188610076904 125.39453125
1.9145774841308594 128.58984375
2.207324266433716 129.11328125
2.7868587970733643 129.21484375
0.5332651138305664 110.70703125
3.3485898971557617 129.36328125
0.802006721496582 121.66796875
0.5313258171081543 111.7578125
3.420111656188965 129.328125
2.9351625442504883 129.4921875
1.270848274230957 128.34765625
1.9089086055755615 128.09375
0.8267827033996582 120.1875
0.53670334815979 110.9453125
1.3691611289978027 129.40625
3.5320675373077393 129.66015625
2.0931179523468018 129.48046875
0.8223192691802979 120.58203125
1.059943675994873 125.9921875
2.9724490642547607 129.9296875
0.6468727588653564 112.38671875
1.9030134677886963 129.81640625
0.5401928424835205 111.921875
2.479532480239868 131.2734375
1.8779675960540771 129.60546875
0.5329029560089111 111.390625
1.4950733184814453 130.38671875
1.7327518463134766 130.16796875
1.2241857051849365 128.4375
3.359951972961426 129.5
1.0052974224090576 126.73828125
0.5340042114257812 111.91015625
2.0131137371063232 130.19140625
0.5218362808227539 112.5390625
0.5344874858856201 108.72265625
0.952322244644165 124.48046875
0.5392959117889404 111.83203125
0.6093533039093018 113.06640625
0.5594274997711182 110.41015625
2.976212739944458 129.0546875
0.5853488445281982 112.38671875
0.5507936477661133 111.23046875
0.8078105449676514 124.41796875
3.1402812004089355 129.203125
0.5440840721130371 112.82421875
0.6067700386047363 113.37890625
0.7682220935821533 122.40625
1.8397057056427002 128.328125
0.5373034477233887 113.2578125
3.1315016746520996 129.44140625
0.6580944061279297 114.3984375
3.347302198410034 129.15625
2.138859272003174 129.84765625
0.599708080291748 115.19140625
1.8721394538879395 129.4296875
0.5528485774993896 109.25
0.8019464015960693 124.98828125
0.6497571468353271 111.0390625
0.6036250591278076 113.48828125
0.5415616035461426 111.703125
0.6072936058044434 112.19921875
0.566875696182251 111.9609375
0.9467804431915283 128.36328125
1.1745777130126953 128.73828125
1.5763249397277832 130.34375
0.6608548164367676 115.56640625
0.8972055912017822 121.390625
0.6248295307159424 113.7265625
0.5324656963348389 110.16796875
1.4710371494293213 128.99609375
0.5886440277099609 116.20703125
0.7594246864318848 127.46484375
0.8927814960479736 124.35546875
2.368640661239624 129.7421875
0.6192405223846436 110.60546875
2.038978338241577 129.0
0.5229971408843994 114.2421875
0.8713595867156982 121.05859375
0.8624207973480225 125.28515625
0.7638137340545654 123.37109375
3.278360366821289 130.63671875
0.5390899181365967 111.8203125
0.5243821144104004 114.3046875
0.9611234664916992 125.7265625
1.118473768234253 126.84375
