1.80269455909729 244.51171875
1.8620102405548096 233.47265625
1.8624327182769775 234.25390625
34.257853746414185 236.36328125
35.48454475402832 235.16015625
2.611229419708252 237.49609375
35.90574026107788 234.59375
7.55928373336792 234.55078125
1.5655083656311035 234.26171875
10.039538621902466 233.34375
1.0683083534240723 234.04296875
35.99933338165283 235.44140625
34.701550245285034 233.57421875
5.5404016971588135 235.84375
30.626298666000366 233.2890625
2.3090760707855225 234.3046875
2.2297518253326416 237.48828125
1.6034069061279297 233.6484375
3.056129217147827 236.7265625
8.03856348991394 236.140625
1.7793340682983398 235.59765625
10.023494005203247 233.5703125
6.046678066253662 235.84375
37.23200225830078 234.33203125
2.3808343410491943 235.94921875
10.962699890136719 235.2578125
6.192106246948242 235.91015625
2.381437301635742 236.796875
8.544158935546875 233.8828125
29.783419132232666 237.0078125
11.922819375991821 237.21484375
3.918583393096924 234.66796875
8.780038118362427 235.59765625
33.76488447189331 238.45703125
28.848772287368774 235.21875
11.506021738052368 236.9609375
1.7143981456756592 236.23046875
6.723690986633301 235.7265625
17.355308532714844 241.1953125
18.12372660636902 234.375
2.4185075759887695 235.46875
1.8911757469177246 236.5625
5.719754934310913 236.4140625
15.72832703590393 239.484375
2.329965114593506 234.59765625
4.796517610549927 235.26953125
18.490806341171265 235.98046875
1.6275837421417236 234.0625
11.89699912071228 237.703125
27.586033582687378 236.703125
10.407906770706177 236.78125
2.0036237239837646 235.08984375
5.857749938964844 234.671875
17.090494632720947 234.62890625
1.6602144241333008 235.7578125
10.03270936012268 234.92578125
6.82672643661499 234.83203125
1.995509147644043 235.6484375
10.296765089035034 238.02734375
2.045660972595215 237.22265625
2.7081170082092285 237.09375
6.529589414596558 235.234375
2.1340572834014893 235.69921875
10.383248090744019 233.08203125
1.6904687881469727 237.30078125
45.700714111328125 234.87890625
1.603644847869873 236.18359375
1.7335762977600098 234.3203125
38.86172842979431 234.3125
18.537792205810547 237.1171875
21.38730764389038 233.7578125
2.5525941848754883 231.86328125
18.816728830337524 236.44140625
2.281245231628418 235.85546875
14.106609582901001 234.79296875
1.714052677154541 235.41015625
20.890608310699463 235.46484375
17.282468557357788 235.37890625
21.42697525024414 237.390625
4.443710088729858 234.23828125
1.683626651763916 234.85546875
11.700207233428955 236.52734375
1.7825281620025635 239.18359375
2.0297083854675293 237.67578125
2.425532579421997 234.95703125
7.930127859115601 235.1953125
3.6649603843688965 235.18359375
1.7078680992126465 232.5546875
36.465943574905396 234.55859375
11.64321231842041 239.48828125
45.9969367980957 235.578125
21.84740138053894 235.890625
1.7618322372436523 234.41015625
4.818315744400024 235.37890625
15.866872072219849 234.609375
2.2506484985351562 235.81640625
5.448045969009399 236.3203125
36.96553158760071 235.5703125
17.9143168926239 237.1171875
11.623086214065552 236.86328125
