2.0151710510253906 259.76953125
2.9439632892608643 288.16796875
1.9445297718048096 291.734375
1.9815237522125244 287.87890625
2.011319637298584 289.921875
2.0074429512023926 289.16796875
2.00473690032959 288.69921875
2.0407958030700684 288.453125
1.9887051582336426 292.00390625
25.395837783813477 278.30078125
2.0165023803710938 291.03125
2.0327234268188477 289.69921875
2.0217151641845703 294.01171875
30.24920105934143 288.34375
2.0219762325286865 277.6328125
2.010578155517578 289.66796875
1.9507906436920166 291.703125
25.370645999908447 291.3046875
4.13866925239563 289.640625
1.9891808032989502 292.79296875
1.952517032623291 294.609375
2.006455898284912 294.91015625
25.38746976852417 287.10546875
1.9207701683044434 292.234375
30.34199070930481 289.68359375
2.0259287357330322 295.41796875
1.9994432926177979 253.73046875
30.16837215423584 290.8828125
25.46859073638916 283.98828125
30.200379610061646 288.35546875
1.990140676498413 294.36328125
1.9997045993804932 288.74609375
1.984678030014038 276.02734375
2.025988817214966 292.36328125
7.704549551010132 286.30078125
2.012152671813965 285.30859375
1.9912192821502686 272.21875
2.0325217247009277 291.15625
1.951606035232544 288.12890625
2.0119099617004395 272.484375
2.032911777496338 292.6640625
1.981302261352539 290.94921875
28.510398626327515 296.04296875
1.9405879974365234 292.07421875
25.44779372215271 287.578125
6.729584217071533 290.91796875
2.028080701828003 276.03125
1.9606740474700928 294.80859375
2.007420063018799 293.453125
4.7604124546051025 282.2265625
2.0251076221466064 273.99609375
2.021775007247925 295.1875
1.9362919330596924 290.08203125
28.468685388565063 288.21484375
2.029546022415161 288.62109375
1.9312710762023926 291.46875
25.51526141166687 290.61328125
25.520488262176514 293.07421875
1.9627556800842285 290.8203125
1.9661989212036133 290.33984375
1.9795331954956055 280.4765625
2.0273373126983643 290.54296875
9.20462679862976 288.81640625
4.952079772949219 291.4375
1.9640908241271973 276.63671875
1.995150089263916 290.98828125
2.0114850997924805 288.83203125
2.0196163654327393 290.7734375
28.640685081481934 290.859375
28.6953547000885 292.66796875
2.0099902153015137 291.7734375
30.23915958404541 288.55859375
2.0343236923217773 291.1875
1.9320712089538574 292.6328125
2.000260829925537 280.13671875
2.023939847946167 289.76171875
2.015718698501587 292.82421875
25.351239681243896 289.87109375
2.015235662460327 272.39453125
1.9649591445922852 278.2109375
1.9270529747009277 289.5234375
2.066863536834717 290.28125
2.013026475906372 278.95703125
1.963902235031128 296.11328125
2.023984432220459 293.9296875
1.9817726612091064 277.98828125
2.016845941543579 285.546875
2.032311201095581 292.2578125
30.29062509536743 287.5234375
2.0364670753479004 288.94921875
2.04097318649292 294.3828125
1.9836139678955078 294.0859375
30.388022661209106 276.69921875
1.9777989387512207 290.92578125
3.002213954925537 287.8203125
28.38073706626892 291.9765625
1.9980459213256836 276.2578125
2.0318188667297363 295.39453125
2.014493703842163 289.328125
2.0249736309051514 293.015625
