3.554708957672119 144.86328125
1.2929198741912842 152.70703125
0.6987886428833008 151.05859375
1.938361644744873 151.82421875
5.413309812545776 151.14453125
0.6338505744934082 151.19140625
0.9683990478515625 151.375
0.8720211982727051 152.0625
5.072436094284058 147.46875
0.653519868850708 151.6875
0.7739503383636475 151.37109375
0.6706671714782715 151.78125
0.911632776260376 151.49609375
5.724618911743164 151.77734375
0.6284339427947998 151.55859375
0.7301251888275146 151.46875
0.9277331829071045 150.91796875
5.745441198348999 151.35546875
1.0695176124572754 151.31640625
1.3045954704284668 151.9453125
5.766686677932739 151.578125
0.647275447845459 151.2734375
2.0981314182281494 150.62109375
0.6358482837677002 151.13671875
0.7258374691009521 151.796875
4.210709810256958 151.56640625
4.264018774032593 151.14453125
0.6446881294250488 151.05859375
0.6951761245727539 151.5078125
0.6476328372955322 151.48828125
0.7790977954864502 146.12890625
1.034745454788208 150.92578125
0.6588821411132812 150.76171875
3.821457624435425 151.2421875
0.9440419673919678 150.6171875
1.1463439464569092 151.140625
1.289367437362671 151.4375
3.2681450843811035 151.02734375
2.8436543941497803 144.84765625
0.6726350784301758 150.78125
0.7196474075317383 151.515625
0.7558634281158447 150.5
1.4573075771331787 150.95703125
0.7986631393432617 150.3125
3.478665828704834 151.39453125
5.731687545776367 151.6875
3.630202054977417 151.28125
1.3313982486724854 147.734375
0.696052074432373 151.1015625
5.7469260692596436 151.3046875
5.739396095275879 151.4765625
1.7395071983337402 151.04296875
1.260465383529663 151.95703125
5.7350029945373535 151.55078125
3.1706855297088623 151.83203125
3.1727166175842285 151.4453125
0.6863906383514404 150.93359375
2.6159000396728516 151.64453125
2.5496909618377686 151.55859375
2.3016886711120605 152.12890625
3.280486822128296 145.45703125
4.025576829910278 144.91796875
5.039764404296875 145.13671875
0.6246292591094971 145.8828125
0.6296877861022949 145.2421875
3.448991298675537 144.7734375
1.2194170951843262 145.8984375
5.803087949752808 145.73828125
0.9193601608276367 144.6875
5.755631685256958 145.1171875
0.9129159450531006 146.40625
4.4240922927856445 145.171875
2.090073347091675 144.7265625
0.7073280811309814 145.25390625
0.6393232345581055 144.96875
0.6693551540374756 144.83203125
5.745734930038452 145.390625
0.7461142539978027 145.6875
1.1721537113189697 145.890625
0.8447329998016357 145.828125
0.7862792015075684 144.94921875
2.208076238632202 145.76953125
2.1732470989227295 145.4609375
0.6238927841186523 145.23046875
0.6095046997070312 145.9140625
2.1245594024658203 146.27734375
4.405136585235596 145.65625
2.563781261444092 145.56640625
5.059735536575317 146.72265625
0.6405975818634033 145.98046875
5.728603363037109 145.4296875
2.4516103267669678 144.984375
1.5358526706695557 145.75
0.8304197788238525 146.37890625
1.360938549041748 146.3203125
0.6257200241088867 145.16796875
0.6251442432403564 145.62890625
0.7346706390380859 146.0078125
0.6529247760772705 146.08203125
2.9216668605804443 146.19921875
