1.6501233577728271 156.96875
0.8465380668640137 166.04296875
0.8155670166015625 166.27734375
5.382284164428711 165.3984375
1.996302604675293 164.86328125
0.8505368232727051 165.65625
10.740068197250366 165.69921875
0.8038065433502197 165.734375
1.5331110954284668 165.921875
1.0844871997833252 166.1328125
3.1449673175811768 165.75390625
0.8051044940948486 166.66015625
1.6376631259918213 165.609375
0.8676106929779053 166.0078125
1.1640033721923828 166.64453125
2.099440574645996 165.35546875
2.5278327465057373 164.921875
10.449800491333008 165.90625
1.0135595798492432 165.3203125
5.026976585388184 165.82421875
1.1177771091461182 166.74609375
1.798584222793579 165.87109375
2.096588373184204 165.375
2.265963554382324 165.76171875
0.8095846176147461 166.48828125
6.507370710372925 166.828125
1.051572561264038 165.66796875
1.0246763229370117 165.0703125
10.552705526351929 166.18359375
6.859997510910034 165.0625
9.048434972763062 164.7109375
0.8037924766540527 164.73828125
0.8300201892852783 166.0
2.5669243335723877 166.078125
6.79498553276062 167.38671875
0.8077888488769531 166.03125
1.4847819805145264 166.84765625
0.8566610813140869 166.296875
5.122275352478027 166.6171875
10.448291540145874 166.53515625
3.1175529956817627 166.2578125
10.439918994903564 166.54296875
4.158823251724243 167.69140625
0.8078947067260742 166.65625
10.43160104751587 167.421875
0.8053781986236572 165.80078125
3.1154768466949463 166.56640625
1.7439229488372803 166.52734375
8.665102005004883 166.87890625
3.5726218223571777 166.4140625
0.8384323120117188 166.22265625
11.076919078826904 167.37890625
0.9067177772521973 167.33203125
1.783839225769043 167.8671875
9.104851722717285 165.91015625
1.1271309852600098 167.22265625
0.8134441375732422 166.625
10.42671799659729 166.6171875
0.8103935718536377 166.9453125
0.9736416339874268 166.97265625
6.814708948135376 166.8359375
10.441962957382202 166.57421875
2.0325980186462402 166.66796875
1.7782866954803467 166.21875
1.1243443489074707 166.8046875
0.8083503246307373 167.6171875
0.9379091262817383 165.8515625
5.99478554725647 166.88671875
0.9186365604400635 166.70703125
2.194471597671509 167.35546875
0.904219388961792 166.90625
0.8056125640869141 166.765625
9.953540086746216 166.17578125
1.6693875789642334 166.66796875
0.9245998859405518 167.6953125
1.9979095458984375 166.65625
1.2248644828796387 166.80078125
9.861172437667847 167.66015625
0.85011887550354 167.03515625
0.8058769702911377 166.75390625
0.8076004981994629 166.18359375
10.709209442138672 167.515625
9.068601608276367 166.1171875
1.0936477184295654 166.40234375
2.5985071659088135 166.953125
11.156078100204468 166.15625
0.9510002136230469 166.16015625
0.8061294555664062 166.51171875
1.028254508972168 167.0234375
3.603935480117798 167.296875
10.739674806594849 167.70703125
0.8804030418395996 165.984375
2.936016798019409 168.0625
10.433849334716797 166.4140625
11.148377656936646 165.6484375
9.951385498046875 166.70703125
9.13483190536499 165.921875
10.859039068222046 166.58203125
1.4560630321502686 167.3046875
0.8072638511657715 166.37890625
