0.4651618003845215 94.875
0.9184536933898926 100.75
0.8862214088439941 101.24609375
0.3565497398376465 94.30078125
0.5478558540344238 95.7734375
0.7223436832427979 101.41796875
0.5542662143707275 99.8671875
0.3932809829711914 94.35546875
0.42627429962158203 94.03125
0.3614950180053711 94.21875
0.8729798793792725 103.609375
0.33393073081970215 94.01171875
0.3972642421722412 94.33984375
0.5012352466583252 95.66015625
0.4104022979736328 94.375
0.49883580207824707 94.546875
0.459118127822876 94.48828125
0.4970076084136963 94.60546875
0.6578052043914795 100.24609375
0.4664483070373535 94.4296875
0.5637762546539307 95.38671875
0.5307576656341553 94.58984375
0.4160137176513672 94.3515625
0.5605521202087402 98.625
0.47487711906433105 94.5
0.5093891620635986 94.6640625
0.4983658790588379 94.453125
0.5876510143280029 98.40234375
0.6619327068328857 97.9140625
0.6523492336273193 100.3359375
0.5316774845123291 94.15234375
0.8326897621154785 102.1171875
0.6564950942993164 95.234375
0.4817819595336914 94.4140625
0.46323132514953613 94.80078125
0.47115421295166016 95.44140625
0.5611004829406738 94.65625
0.5432572364807129 95.1796875
0.49720239639282227 94.50390625
0.6527166366577148 100.62890625
0.47188639640808105 94.4140625
0.4979441165924072 94.640625
0.5715453624725342 96.2890625
0.4341418743133545 94.6953125
0.43785691261291504 94.46875
0.9425196647644043 103.8671875
0.697615385055542 100.51171875
0.3744349479675293 94.3203125
0.47106432914733887 95.38671875
0.3748495578765869 94.265625
0.48740577697753906 96.17578125
0.5234067440032959 96.8125
0.4388885498046875 94.44921875
0.4873940944671631 94.56640625
0.24899840354919434 92.62890625
0.7645275592803955 101.78125
0.5099313259124756 96.3203125
0.4110865592956543 94.37109375
0.40667176246643066 94.359375
0.6226472854614258 95.34375
0.6014628410339355 96.6171875
0.5997121334075928 96.15234375
0.8791699409484863 102.43359375
0.36831164360046387 94.6171875
0.4718649387359619 94.65625
0.6209514141082764 100.0546875
0.4511880874633789 94.61328125
0.7206718921661377 100.68359375
0.4651515483856201 94.61328125
0.692845344543457 100.53515625
0.42864227294921875 94.578125
0.43543004989624023 94.58984375
0.46004223823547363 96.0
0.44785284996032715 94.63671875
0.45296454429626465 94.55078125
0.3871936798095703 94.515625
0.37604689598083496 94.38671875
0.5464127063751221 99.1015625
0.45186877250671387 94.44921875
0.6649613380432129 100.2109375
0.7393853664398193 100.70703125
0.5683813095092773 96.82421875
0.38727450370788574 94.46875
0.36839962005615234 94.5234375
0.6205859184265137 100.3125
0.3729095458984375 94.69140625
0.636775016784668 99.96484375
0.5311610698699951 96.203125
0.5300977230072021 97.74609375
0.7317845821380615 100.48828125
0.4331319332122803 94.46875
0.41877007484436035 94.453125
0.4270758628845215 94.58984375
0.3725090026855469 94.64453125
0.4540441036224365 94.66015625
0.39186978340148926 94.77734375
0.6436929702758789 100.28125
0.7547476291656494 100.28125
0.44063806533813477 94.53125
0.5042762756347656 94.55078125
