1.9302585124969482 151.640625
0.9554202556610107 160.1953125
3.0442745685577393 160.21484375
3.3421106338500977 160.54296875
1.0350208282470703 160.8046875
0.8887233734130859 160.84375
1.3359191417694092 160.35546875
1.4825506210327148 160.1171875
4.740511178970337 159.48828125
8.260919570922852 159.9765625
1.6439135074615479 159.70703125
6.7605016231536865 160.07421875
0.8710188865661621 160.23046875
1.3266282081604004 160.359375
1.0361778736114502 160.421875
4.7882795333862305 160.890625
1.1028516292572021 160.78515625
1.0984954833984375 160.4453125
1.4300332069396973 161.12109375
1.8838210105895996 160.7578125
1.4826457500457764 159.9140625
0.8744604587554932 160.03515625
1.1757948398590088 160.3671875
0.9488983154296875 160.32421875
6.084012031555176 160.16796875
1.207371711730957 160.8828125
7.424746990203857 160.33984375
1.81154465675354 159.328125
4.798009872436523 161.3828125
2.86670184135437 160.21875
1.3011152744293213 159.89453125
7.777536153793335 160.4140625
1.0935778617858887 160.67578125
1.2785253524780273 160.72265625
6.849781274795532 160.0625
1.7325026988983154 160.9296875
1.3111846446990967 160.53515625
8.734277486801147 159.3046875
0.9896454811096191 160.078125
1.679490327835083 160.2109375
2.24189829826355 160.015625
5.84738826751709 160.765625
0.7858898639678955 159.578125
0.854161262512207 160.1953125
1.2343907356262207 159.97265625
1.2764792442321777 160.34375
1.3891596794128418 159.796875
0.984839916229248 160.203125
2.840399742126465 160.1328125
1.605668544769287 160.26953125
0.8681585788726807 160.40234375
8.350813627243042 160.203125
0.5198607444763184 160.17578125
1.0331988334655762 161.0546875
4.09337854385376 160.5625
0.8784549236297607 161.0703125
3.1986780166625977 160.8671875
1.8125016689300537 160.81640625
3.7843191623687744 160.5546875
7.954419136047363 160.7578125
2.7037055492401123 160.6953125
4.2496421337127686 161.2578125
1.2195351123809814 159.7734375
4.80677056312561 160.0625
1.822051763534546 160.93359375
3.3576040267944336 160.87109375
1.0540711879730225 159.4296875
0.9226343631744385 160.609375
3.1534039974212646 160.34765625
0.9333441257476807 160.625
0.7454495429992676 160.98046875
1.014756679534912 161.0
1.2957618236541748 161.16796875
0.78078293800354 160.1796875
2.8925132751464844 160.421875
1.7796330451965332 160.4140625
0.9068436622619629 159.8984375
1.3432984352111816 160.16015625
1.7618236541748047 160.54296875
3.859088659286499 160.015625
2.714611053466797 160.6171875
0.812314510345459 159.359375
0.9279115200042725 160.25
1.7354259490966797 160.15234375
9.810320377349854 160.3671875
1.1849651336669922 160.77734375
3.977375030517578 160.75
1.3620383739471436 160.56640625
3.1819145679473877 159.99609375
7.905709266662598 160.35546875
2.414280414581299 160.05078125
2.1823604106903076 160.71875
0.9280359745025635 160.3046875
0.8605225086212158 160.84765625
2.2550837993621826 160.0234375
1.0763590335845947 160.28515625
2.099578619003296 159.390625
0.9740602970123291 161.203125
4.668662071228027 160.375
2.526968479156494 160.01171875
