4.7393107414245605 159.6796875
2.608914375305176 166.6640625
1.0749001502990723 166.53515625
5.142729043960571 166.06640625
1.9529151916503906 165.40625
1.225597620010376 167.18359375
4.049116611480713 165.9765625
4.085299968719482 165.87890625
5.656853437423706 166.40234375
6.278626203536987 167.6953125
7.4002721309661865 167.453125
1.0215682983398438 165.73828125
0.9131321907043457 167.38671875
6.3473992347717285 166.203125
5.676482677459717 166.5546875
5.653467178344727 168.484375
6.24594783782959 168.14453125
1.7679905891418457 165.66796875
4.2649054527282715 167.3203125
8.387531042098999 167.0625
2.229870319366455 166.25
2.711390256881714 166.10546875
4.355336904525757 166.4375
1.1915690898895264 166.11328125
4.903430461883545 165.82421875
0.9784829616546631 166.5
2.8274476528167725 165.6171875
4.4254539012908936 168.13671875
2.865962266921997 167.69140625
4.089765310287476 168.125
5.2501444816589355 167.7109375
6.488712549209595 166.921875
2.201157331466675 166.7421875
1.6691868305206299 165.94921875
4.711218357086182 167.3515625
3.0425236225128174 166.23046875
3.541849374771118 167.015625
0.9684529304504395 167.046875
2.800358772277832 167.7109375
0.6860032081604004 167.234375
4.990991115570068 166.87109375
3.6507773399353027 166.23828125
6.999180793762207 166.40234375
3.636739492416382 166.78515625
0.8976831436157227 166.16796875
4.335805654525757 166.265625
1.1614978313446045 167.57421875
1.0400018692016602 167.484375
0.9980077743530273 167.5390625
12.33949065208435 166.9296875
0.9702277183532715 167.8828125
1.2061231136322021 167.1796875
6.628832578659058 165.90625
3.3410308361053467 166.71875
2.8100173473358154 168.25
6.013141870498657 166.55078125
1.7749969959259033 166.37109375
1.3250219821929932 166.52734375
11.269834041595459 167.20703125
0.9059774875640869 167.16015625
1.3416595458984375 167.57421875
1.314399003982544 167.1796875
3.5819637775421143 166.55078125
6.465465784072876 166.72265625
1.6045103073120117 167.87109375
2.0931990146636963 167.8671875
11.45005464553833 166.234375
1.0152735710144043 165.6640625
0.90816330909729 166.953125
1.4262292385101318 166.85546875
4.870633840560913 166.5234375
3.502951145172119 166.56640625
6.3701395988464355 166.359375
1.9571406841278076 166.56640625
1.7074382305145264 167.7421875
1.3235957622528076 167.9921875
4.559175252914429 166.19140625
1.4754841327667236 167.5390625
1.091437578201294 167.4609375
7.5461671352386475 166.94140625
9.781844854354858 167.9375
9.284297227859497 166.65625
1.2822818756103516 167.19140625
1.0443241596221924 167.52734375
3.8360135555267334 166.90625
1.6048007011413574 167.79296875
2.311218500137329 166.50390625
4.208949565887451 167.36328125
2.920698642730713 168.03515625
11.02418041229248 167.1640625
5.317922830581665 166.3828125
1.3616631031036377 168.3046875
1.2331981658935547 166.59375
1.2992541790008545 168.5703125
1.3818128108978271 166.93359375
1.1238458156585693 167.19140625
1.4205491542816162 166.7265625
1.3049087524414062 168.2734375
5.333330869674683 167.8828125
0.9962551593780518 167.3125
