1.6981136798858643 123.04296875
0.7206778526306152 112.90625
0.664797306060791 113.640625
1.3424365520477295 123.80078125
0.6082756519317627 111.32421875
1.7912139892578125 123.359375
0.5807876586914062 111.328125
1.9638471603393555 125.19140625
0.9626269340515137 121.1640625
0.49013280868530273 103.96484375
1.142077922821045 121.7734375
0.604933500289917 113.0546875
1.5566091537475586 123.09375
0.619157075881958 113.6875
0.953815221786499 121.80859375
0.687279224395752 114.13671875
0.7681758403778076 111.71875
1.4827661514282227 123.5625
0.9962441921234131 122.2109375
0.5041530132293701 106.125
0.7351117134094238 111.7421875
1.2101964950561523 122.890625
0.6039819717407227 113.23828125
0.6187918186187744 113.78515625
1.260552167892456 124.71484375
0.9077558517456055 122.15234375
2.0747010707855225 124.51953125
0.6510164737701416 113.37890625
1.2825219631195068 124.1171875
0.674588680267334 114.99609375
0.5480964183807373 108.8984375
1.4914171695709229 124.48828125
0.5122225284576416 106.58203125
0.5434043407440186 110.20703125
1.9325718879699707 126.234375
0.6305310726165771 114.0703125
1.1373231410980225 121.83203125
0.6849908828735352 113.91015625
0.8667845726013184 117.59765625
1.0391380786895752 123.1640625
0.503760576248169 105.87109375
0.6378791332244873 113.0546875
1.3339388370513916 122.68359375
1.241607904434204 123.4609375
0.6613655090332031 115.75
0.45053648948669434 100.65625
0.6645603179931641 114.859375
0.6637976169586182 114.0703125
0.4407813549041748 100.6875
1.8383491039276123 125.07421875
0.6766095161437988 113.94140625
1.235713243484497 123.21875
1.1601393222808838 124.03515625
0.7205789089202881 114.95703125
0.637993574142456 112.078125
0.6111874580383301 113.05859375
0.584298849105835 113.4140625
0.517641544342041 103.31640625
0.6910574436187744 115.15234375
0.7623896598815918 114.6015625
0.5040068626403809 103.8125
1.6086513996124268 125.01171875
1.1143574714660645 120.09765625
0.5315654277801514 107.4453125
2.1128735542297363 126.93359375
0.8260564804077148 116.828125
0.7509253025054932 113.97265625
0.9654223918914795 123.3359375
2.180103302001953 125.98046875
1.474827527999878 123.76171875
0.7311422824859619 114.69921875
2.384690999984741 126.25
1.8129768371582031 125.30078125
0.772536039352417 114.9375
1.9408643245697021 124.921875
0.7482411861419678 114.796875
0.9684336185455322 123.5859375
0.5144920349121094 105.484375
1.8690223693847656 123.8203125
0.9857156276702881 122.40234375
0.7639920711517334 114.7421875
0.7141711711883545 114.6484375
0.9957718849182129 123.33203125
0.6847171783447266 114.36328125
0.7980051040649414 116.890625
0.8594186305999756 117.5234375
0.8641448020935059 118.87109375
0.7134628295898438 114.23828125
1.2851288318634033 124.26953125
1.3473756313323975 123.76171875
0.6335699558258057 115.30859375
0.5656859874725342 109.81640625
0.7351584434509277 116.30078125
2.1518492698669434 126.00390625
0.6239619255065918 114.78515625
1.1389718055725098 122.1953125
2.1032233238220215 125.9453125
0.6389791965484619 114.9375
0.8456566333770752 121.39453125
0.5800893306732178 113.203125
