25.30674648284912 169.53515625
8.519160032272339 169.59375
2.042664051055908 166.72265625
0.5865836143493652 157.8828125
8.439094305038452 169.34375
0.6604223251342773 157.23828125
25.21235156059265 169.20703125
2.2659356594085693 168.359375
0.6546123027801514 157.7890625
14.380256175994873 170.796875
21.015605449676514 169.27734375
12.000314474105835 170.8359375
9.819337606430054 170.0390625
18.633605003356934 170.578125
0.6594226360321045 158.07421875
20.25775122642517 171.9140625
7.41152024269104 169.7578125
1.4493355751037598 164.84765625
1.4528744220733643 158.1328125
1.783519983291626 167.3203125
9.783127069473267 170.4453125
1.431748867034912 166.6953125
6.757768154144287 169.62109375
8.849498748779297 170.5546875
1.0994739532470703 158.36328125
1.4668548107147217 164.23828125
1.4286460876464844 161.46484375
1.2595791816711426 158.1953125
0.6535499095916748 157.21875
2.3215408325195312 169.05859375
24.980351209640503 171.09375
3.8282268047332764 169.390625
3.0290067195892334 170.01953125
2.5018858909606934 168.421875
6.4147865772247314 171.0390625
2.0731656551361084 168.03125
6.559555292129517 169.87890625
4.644567012786865 170.5
5.124465703964233 169.66015625
7.980438232421875 169.81640625
1.9216766357421875 166.5859375
1.1820299625396729 159.1015625
2.9284796714782715 169.6015625
8.073154926300049 170.7734375
15.097803115844727 170.82421875
11.356295347213745 170.25390625
1.161484956741333 158.28515625
1.230506420135498 158.59375
2.1394500732421875 168.73828125
23.49181342124939 171.36328125
3.992527484893799 170.046875
19.079365730285645 170.98828125
2.0703072547912598 167.99609375
23.516289234161377 171.0
6.532246351242065 169.734375
15.518546104431152 169.87109375
0.6479110717773438 157.81640625
14.497426986694336 170.66796875
14.001853704452515 170.4765625
0.6455912590026855 158.27734375
4.449286699295044 169.73828125
10.868090629577637 170.31640625
18.66922426223755 170.33203125
1.3326225280761719 162.0546875
1.5032789707183838 159.4921875
1.8154444694519043 167.703125
3.4505279064178467 169.01953125
7.136030673980713 170.96484375
8.39288330078125 170.2421875
14.733601808547974 170.28515625
23.566425800323486 171.8984375
0.660517692565918 158.48046875
19.089575052261353 169.0625
3.3472132682800293 169.97265625
5.024522304534912 169.296875
10.498335123062134 170.1328125
10.758397817611694 170.84765625
1.881941556930542 167.8046875
1.1264286041259766 158.8046875
12.005303859710693 170.49609375
4.763978958129883 169.22265625
6.553598403930664 170.2421875
1.3797531127929688 165.48828125
1.5144150257110596 163.15234375
8.840694189071655 169.37109375
2.781719207763672 169.69921875
23.441153526306152 170.66015625
6.926495790481567 169.92578125
1.6427855491638184 166.80078125
2.943772077560425 168.91015625
2.751891851425171 169.6953125
1.4044737815856934 158.56640625
3.04582142829895 169.8203125
1.5005853176116943 162.51171875
1.2620718479156494 158.54296875
24.893484592437744 170.9609375
10.386402368545532 170.734375
2.2971644401550293 167.48828125
1.5891506671905518 165.19921875
2.994851589202881 169.99609375
