6.143826246261597 175.82421875
10.68163776397705 178.90625
34.75596523284912 180.1171875
12.574171543121338 179.265625
2.438899278640747 178.0390625
36.11994457244873 179.078125
26.069798707962036 180.92578125
10.175906419754028 179.8359375
39.28013205528259 180.625
20.164188385009766 178.9765625
28.334689140319824 180.078125
28.853980541229248 178.98046875
15.535358905792236 179.765625
3.505380868911743 179.42578125
4.3054039478302 178.31640625
12.66581130027771 180.13671875
16.36964464187622 178.71875
26.66777491569519 179.0078125
10.458126306533813 179.01953125
23.183740854263306 179.29296875
1.5597243309020996 179.02734375
33.64226531982422 179.03515625
2.0842463970184326 178.8671875
13.473757982254028 178.76171875
3.936406135559082 179.39453125
39.40791034698486 178.73046875
7.154608249664307 179.484375
21.50195598602295 179.01171875
39.584993839263916 180.75390625
28.43869423866272 178.75390625
1.88985013961792 180.24609375
36.91495609283447 179.01953125
1.8271911144256592 179.4296875
18.309780836105347 180.29296875
9.505997896194458 178.87890625
26.73423957824707 179.203125
2.0670878887176514 180.35546875
4.534182071685791 181.32421875
31.167130947113037 180.296875
1.1815166473388672 178.51171875
5.8530113697052 180.16015625
25.664621591567993 179.546875
1.1611518859863281 179.71484375
2.962008237838745 179.0234375
25.756983041763306 180.671875
1.7042131423950195 179.35546875
35.346312522888184 180.7265625
39.74478459358215 178.96875
38.14995241165161 180.390625
35.71375346183777 179.74609375
39.5220091342926 180.30078125
7.445749759674072 179.4765625
17.963117599487305 180.140625
29.627042531967163 180.9140625
35.650888442993164 181.14453125
32.356351375579834 180.23046875
1.1061136722564697 180.26171875
1.2988770008087158 179.5859375
23.128304481506348 179.40625
2.9032537937164307 179.28515625
8.949378490447998 180.18359375
14.932907104492188 179.5078125
1.8139724731445312 179.859375
3.323143482208252 180.3828125
4.597585916519165 180.26171875
40.143595933914185 179.81640625
21.257400274276733 179.59765625
2.4313485622406006 179.625
1.4746339321136475 180.96484375
1.2694437503814697 180.046875
27.372188091278076 180.6875
18.6299889087677 179.5390625
8.394653558731079 180.03125
40.0861132144928 180.39453125
40.23396015167236 178.4765625
3.276043176651001 179.87109375
35.60734677314758 180.33203125
9.860503196716309 179.24609375
30.901297569274902 178.9609375
39.59581804275513 179.98828125
37.55888533592224 179.82421875
8.24603009223938 180.13671875
1.455423355102539 180.33984375
38.95224952697754 179.30078125
1.1005613803863525 179.93359375
5.853930950164795 178.87109375
40.030818462371826 180.76171875
37.43853807449341 179.78515625
10.026956796646118 179.5
39.587663888931274 179.703125
40.25981068611145 178.8984375
30.190807819366455 179.77734375
4.863502740859985 179.01171875
37.09265112876892 179.53125
1.8005902767181396 179.484375
1.942641258239746 179.64453125
1.3175954818725586 179.2734375
23.677857637405396 179.19140625
37.91543459892273 179.46484375
6.459375858306885 179.33203125
