36.666030168533325 206.921875
44.28131127357483 202.75390625
42.89795470237732 199.8203125
54.387460708618164 202.2734375
46.403435945510864 200.87890625
50.40176749229431 200.5078125
48.268855571746826 200.4921875
41.74919843673706 205.14453125
61.18868947029114 201.37890625
44.885223150253296 200.24609375
49.95440363883972 202.890625
53.60322380065918 204.53125
47.687174558639526 201.078125
49.05021405220032 200.95703125
57.70578384399414 203.2265625
54.94579553604126 201.01953125
58.83746027946472 200.3515625
46.336578130722046 204.10546875
41.57945513725281 200.8125
50.990421772003174 201.734375
40.64029908180237 203.49609375
57.27478384971619 200.46875
39.60611605644226 209.3828125
42.14209604263306 203.51953125
37.48731184005737 203.62109375
56.78011727333069 208.87109375
36.166290521621704 201.6796875
38.21683382987976 200.99609375
55.80613112449646 200.51171875
47.88250541687012 201.0
40.64027166366577 201.96875
48.83389687538147 201.6328125
51.293601512908936 200.43359375
56.63476324081421 202.734375
57.65954661369324 208.578125
35.21024560928345 204.23046875
50.28045320510864 206.53515625
45.498862743377686 203.45703125
58.44545078277588 200.90625
39.43043255805969 212.07421875
38.35117435455322 200.67578125
60.648488998413086 201.140625
58.03049969673157 200.5859375
49.15541052818298 201.125
38.38266444206238 208.2890625
59.82332515716553 204.29296875
41.92425560951233 213.5390625
36.88348650932312 207.6875
56.51581287384033 201.3515625
51.488184213638306 200.359375
59.22772836685181 200.53515625
57.61049127578735 201.8671875
48.26141953468323 204.2265625
46.93915319442749 203.41796875
33.70752811431885 200.9921875
56.70571804046631 208.45703125
37.27837681770325 201.328125
51.786499977111816 200.59765625
37.75758123397827 201.59375
58.84548568725586 205.4140625
51.22299838066101 200.99609375
56.11520981788635 200.875
39.199328899383545 201.06640625
52.49152398109436 200.08984375
34.81578469276428 203.3125
60.38023400306702 200.37109375
61.8654522895813 201.33984375
47.430591106414795 206.953125
47.84831738471985 200.62109375
57.71802592277527 203.8515625
61.636303186416626 203.86328125
41.37167477607727 201.0078125
46.499518632888794 206.6015625
55.361931562423706 203.99609375
59.51103115081787 207.265625
57.63244318962097 200.359375
49.13789677619934 201.08203125
38.05419850349426 207.75390625
35.5566291809082 201.1171875
50.701722145080566 200.6171875
36.49957752227783 206.59765625
45.7078902721405 201.5234375
62.037412881851196 200.796875
33.535861015319824 208.328125
43.25773763656616 203.59765625
49.59744381904602 204.26953125
38.683295249938965 208.26171875
31.479597806930542 202.28125
60.821584939956665 200.421875
46.38837504386902 209.703125
54.841726303100586 203.7421875
38.43496298789978 208.921875
53.347609996795654 212.32421875
41.413161516189575 210.08984375
38.73870253562927 200.41796875
47.00849413871765 215.7265625
39.53186845779419 200.64453125
45.017094373703 208.671875
58.225706577301025 203.78515625
41.60731887817383 206.875
