1.9280905723571777 249.19921875
1.9298408031463623 291.66015625
10.252182006835938 288.55859375
11.117477655410767 280.328125
1.9319982528686523 274.7265625
4.479295969009399 294.296875
1.9574933052062988 290.15625
1.952230453491211 280.875
1.9514007568359375 290.5
1.9481780529022217 290.1875
1.9665460586547852 290.73046875
1.9551467895507812 286.2734375
5.738849878311157 289.76953125
10.976499080657959 291.8359375
1.9496402740478516 289.56640625
1.9060206413269043 289.08984375
1.947368860244751 288.41796875
7.608173608779907 288.24609375
1.958134651184082 273.9765625
6.711935520172119 278.5
6.616164207458496 296.7421875
1.9385719299316406 285.44921875
4.489364862442017 276.19140625
13.511549711227417 274.1640625
1.9107604026794434 291.36328125
8.94808578491211 276.60546875
4.936471939086914 295.43359375
7.223081588745117 295.05859375
1.963716983795166 296.4765625
1.9661469459533691 292.33203125
1.9529335498809814 293.85546875
1.9388363361358643 287.33984375
13.275635004043579 289.5703125
1.9888510704040527 289.3671875
5.484127998352051 296.17578125
2.3791418075561523 290.6015625
3.6906895637512207 294.98046875
12.015731573104858 286.71875
14.108296155929565 287.70703125
4.055783748626709 290.42578125
4.585728168487549 288.63671875
1.9065825939178467 291.6015625
6.252583742141724 297.46484375
1.4622828960418701 277.71875
1.9646885395050049 289.1796875
11.029407739639282 291.73828125
4.037007093429565 293.578125
6.609712362289429 276.6640625
5.2622153759002686 287.62890625
3.273517608642578 286.1484375
4.904281854629517 284.6328125
7.297457933425903 289.01953125
6.763502597808838 293.9375
1.9540770053863525 292.984375
1.9653685092926025 285.4140625
1.945741891860962 274.49609375
2.811997890472412 289.02734375
5.852843999862671 287.74609375
1.944547414779663 289.75390625
1.9372289180755615 287.79296875
16.770548105239868 292.35546875
1.9548413753509521 285.00390625
1.9456918239593506 288.55859375
1.9219138622283936 290.0859375
1.9678797721862793 288.0859375
14.087709903717041 289.31640625
16.34147810935974 289.109375
8.539248704910278 294.05859375
7.629567861557007 289.83203125
19.337230443954468 284.81640625
1.4642891883850098 287.8828125
4.119784832000732 276.8984375
17.009710550308228 273.7109375
1.9315009117126465 293.890625
1.4662091732025146 288.57421875
2.8053975105285645 288.71875
2.59928297996521 291.046875
6.167494297027588 290.0078125
6.312888860702515 288.46484375
2.334113597869873 291.6640625
1.9495635032653809 292.5234375
9.340843915939331 286.51953125
5.304218530654907 280.421875
1.9736502170562744 291.734375
5.441618919372559 288.65234375
1.943068027496338 287.828125
1.958646535873413 271.171875
1.928741216659546 289.21875
3.3911263942718506 289.9921875
1.9455325603485107 274.5
7.669548511505127 289.0234375
12.381370544433594 295.60546875
7.815428733825684 291.5546875
1.964101791381836 281.09765625
1.897357702255249 290.35546875
1.4510233402252197 288.0546875
7.613542556762695 293.31640625
19.992148637771606 295.703125
13.135391235351562 288.2890625
7.2766687870025635 290.55078125
