2.822422742843628 262.48828125
14.69845461845398 280.23046875
11.689395904541016 345.8125
3.207043409347534 278.8203125
3.0429365634918213 266.6484375
2.7968475818634033 266.80078125
27.05396842956543 279.81640625
10.11660623550415 298.578125
2.683475971221924 319.921875
2.8621747493743896 270.02734375
3.0348258018493652 265.625
3.070840358734131 263.37109375
3.4197311401367188 308.41796875
2.744616985321045 270.40234375
3.291804075241089 265.37109375
3.488057851791382 261.0390625
2.806497573852539 266.59375
3.2828004360198975 283.609375
41.34091377258301 351.62890625
2.968592882156372 264.81640625
3.0533640384674072 277.64453125
3.319462776184082 356.578125
19.795527458190918 352.23046875
2.404985189437866 268.0703125
3.6346993446350098 283.94140625
2.912551164627075 273.34765625
2.7211034297943115 276.7109375
3.9282727241516113 304.61328125
4.0882792472839355 277.29296875
1.5566375255584717 242.11328125
3.085559129714966 274.25
4.31084418296814 281.47265625
5.924196720123291 291.890625
2.8673579692840576 264.765625
40.94986295700073 280.8125
2.8017375469207764 265.25
3.703307628631592 261.85546875
1.3503174781799316 253.80078125
5.200412034988403 282.48046875
3.6980340480804443 276.76953125
6.828614711761475 361.1484375
2.582550287246704 266.9609375
2.912259101867676 270.4453125
3.1261134147644043 280.7578125
2.9229862689971924 280.80859375
2.9337947368621826 263.7734375
4.047142028808594 362.28515625
3.176729917526245 356.33984375
2.99434494972229 273.0078125
14.005179405212402 278.15625
2.7826502323150635 266.28125
2.8887407779693604 265.70703125
3.0116631984710693 314.78515625
2.9104812145233154 265.70703125
41.43979239463806 293.69921875
2.746762275695801 276.3671875
2.977734088897705 273.375
3.006981611251831 282.71875
2.7755439281463623 306.08984375
10.319924592971802 289.44140625
3.9878880977630615 281.5546875
3.480257034301758 358.4140625
2.607194185256958 265.3671875
9.784528017044067 348.6953125
3.072080373764038 278.15625
3.11403751373291 311.171875
5.280690908432007 275.84375
3.115293264389038 338.7265625
3.0258185863494873 270.9921875
2.998565673828125 266.375
2.920305013656616 275.26953125
4.013267993927002 298.6953125
3.5897228717803955 302.5234375
3.429288864135742 273.40234375
2.6924872398376465 270.75390625
4.146101951599121 356.625
3.036780595779419 267.33203125
3.076481342315674 265.75
2.761922597885132 265.50390625
3.618619203567505 268.2890625
4.436334848403931 331.54296875
2.829896926879883 268.515625
2.914637565612793 264.1015625
2.6962358951568604 313.6953125
2.8736512660980225 269.94140625
2.762437105178833 274.48828125
2.755899667739868 317.8515625
9.512731790542603 289.765625
3.3392181396484375 285.71875
2.7471728324890137 273.94140625
44.43102145195007 295.3125
11.322380065917969 290.75390625
2.6940853595733643 277.1640625
29.860244512557983 286.15625
3.0667788982391357 275.1171875
4.456388711929321 286.046875
2.521312713623047 276.12109375
39.534265756607056 355.49609375
4.046801567077637 322.29296875
18.511213302612305 312.68359375
