5.108821868896484 236.1328125
12.197523355484009 219.2578125
1.9248623847961426 220.390625
36.30715823173523 220.04296875
2.0907440185546875 219.23046875
15.463459491729736 220.8671875
37.68503737449646 220.14453125
1.4912140369415283 221.29296875
1.467116355895996 218.296875
9.688326835632324 221.17578125
37.653019428253174 221.60546875
6.6346752643585205 220.0859375
1.4368457794189453 221.421875
1.959770679473877 220.21875
37.72328567504883 220.34375
36.26702332496643 220.75390625
35.29201865196228 221.88671875
2.418009042739868 221.328125
1.5498101711273193 221.4765625
1.4869091510772705 221.4296875
1.4398016929626465 220.20703125
35.46255326271057 220.1484375
33.75648856163025 219.5859375
11.762950897216797 221.8125
1.5373101234436035 219.2421875
1.5865478515625 219.79296875
28.876907348632812 219.49609375
6.409175395965576 223.81640625
9.405256986618042 217.5
1.4662315845489502 220.5
26.837069511413574 218.1640625
1.4406890869140625 218.3515625
2.551576852798462 220.6328125
12.664598226547241 221.0390625
2.0275216102600098 220.6875
2.2452707290649414 223.12109375
1.6285922527313232 222.9140625
3.447413444519043 219.234375
2.459901809692383 220.79296875
20.35308861732483 222.33203125
24.96204137802124 219.453125
18.209399700164795 220.81640625
2.1627421379089355 222.1171875
2.4337823390960693 218.25
1.5035779476165771 220.33203125
2.6390841007232666 220.0859375
1.4441900253295898 222.0390625
1.4318625926971436 223.83984375
22.21683955192566 221.11328125
37.875813007354736 218.52734375
38.06062865257263 219.43359375
10.66178846359253 220.0390625
15.299591541290283 220.36328125
1.576150894165039 219.3515625
18.70445156097412 220.18359375
37.847108602523804 221.0234375
1.4258151054382324 221.86328125
8.822815418243408 221.09765625
10.827673196792603 220.36328125
4.168262720108032 219.734375
36.02693176269531 221.31640625
37.75459837913513 219.06640625
1.4990043640136719 219.5703125
35.255221366882324 220.5
2.897210121154785 223.47265625
5.024885654449463 224.4609375
1.4330999851226807 221.0
14.961523294448853 222.39453125
37.745530128479004 220.5703125
11.46487808227539 221.4609375
36.50667095184326 224.53125
3.716562271118164 219.55078125
1.6078686714172363 221.0390625
3.3822617530822754 220.6015625
3.9006810188293457 220.25390625
30.89378261566162 220.5546875
1.4413645267486572 219.88671875
1.4411790370941162 220.1015625
37.80070686340332 220.30078125
34.266408920288086 219.79296875
29.632805585861206 219.26171875
1.693620204925537 219.50390625
1.4922642707824707 224.5703125
1.6049225330352783 219.60546875
1.4425342082977295 220.09375
2.8530116081237793 221.375
11.826841115951538 220.359375
35.34470081329346 218.91015625
1.4580714702606201 218.671875
4.5241546630859375 221.1015625
22.01398730278015 219.9765625
16.357724905014038 219.9765625
1.4364209175109863 218.3125
2.6117777824401855 220.30859375
1.4379563331604004 220.9375
7.840169191360474 219.28125
37.79836440086365 221.12109375
1.4385223388671875 218.73828125
33.09816837310791 221.0703125
2.3345236778259277 221.62890625
