14.906137466430664 253.80859375
5.1975297927856445 241.703125
9.001885890960693 241.1484375
6.50740385055542 241.44921875
1.7893269062042236 242.9375
2.9952008724212646 241.8359375
7.334658861160278 241.57421875
21.231008291244507 243.37890625
22.16250777244568 244.078125
2.1672298908233643 243.40234375
2.1442923545837402 239.5625
1.8923547267913818 243.9921875
4.974344253540039 240.38671875
3.199800729751587 242.859375
6.953404188156128 242.59375
21.820191144943237 244.01171875
2.4248924255371094 243.0546875
1.7381606101989746 242.21484375
6.334311485290527 242.65625
19.211961269378662 246.9921875
21.2515287399292 241.75390625
29.691566705703735 243.2890625
14.870501518249512 242.53125
3.296997308731079 240.24609375
13.554283142089844 242.16796875
3.5078065395355225 239.74609375
10.139626264572144 240.24609375
11.173421382904053 243.4765625
3.0637705326080322 244.15234375
17.043187856674194 241.17578125
18.37514305114746 245.20703125
3.246828079223633 240.87109375
33.86245250701904 242.23046875
9.841233015060425 243.82421875
22.886733055114746 240.578125
2.9360029697418213 240.42578125
25.8413827419281 241.48046875
2.4344279766082764 244.8984375
33.14913368225098 244.93359375
9.734639406204224 240.58984375
8.451740741729736 242.9453125
5.5076868534088135 242.625
2.5822348594665527 240.2734375
3.784303665161133 242.828125
2.1860697269439697 243.41015625
2.9488556385040283 247.0390625
24.1087064743042 241.10546875
9.271233797073364 241.9609375
41.33178186416626 242.140625
2.7905497550964355 239.3828125
16.756542682647705 243.0859375
3.419276475906372 242.609375
2.769475221633911 241.43359375
2.7471799850463867 242.19140625
2.180581569671631 240.8828125
17.634498596191406 242.58984375
4.382521152496338 243.2421875
42.16785907745361 242.2890625
1.216259241104126 240.1796875
20.521552085876465 242.40234375
28.903555154800415 239.68359375
14.856920719146729 242.21875
20.255919456481934 240.9453125
2.4511232376098633 240.6484375
21.46569299697876 243.55078125
4.56358003616333 241.88671875
1.8799445629119873 242.265625
3.704515218734741 243.1875
1.796795129776001 243.7109375
5.598268747329712 242.2734375
3.6929895877838135 244.3203125
4.385160684585571 243.8984375
5.451164960861206 243.3203125
5.650182008743286 241.80078125
1.847304344177246 243.15234375
1.9235236644744873 245.140625
18.522417068481445 246.125
1.9414334297180176 245.08203125
2.1751091480255127 243.50390625
19.000108003616333 242.0
3.8151907920837402 241.45703125
36.65636086463928 244.07421875
3.0802927017211914 240.99609375
2.4557199478149414 241.44140625
5.2371087074279785 241.3359375
2.5865750312805176 241.26171875
1.93849515914917 239.22265625
2.210965156555176 243.48046875
13.928122997283936 241.7890625
7.276922941207886 241.31640625
34.836503744125366 244.44921875
14.017706155776978 246.078125
5.069240570068359 244.0234375
8.354685544967651 242.73046875
36.99941062927246 246.890625
42.80002498626709 241.60546875
14.731355428695679 244.87109375
35.08638095855713 243.1953125
3.2118115425109863 243.44140625
2.095463752746582 242.55078125
