5.5011022090911865 139.5546875
7.307698726654053 141.78515625
5.734163045883179 139.9921875
5.2868101596832275 140.15625
6.891406536102295 140.05859375
9.105753421783447 141.0625
5.828816890716553 140.13671875
7.419627666473389 140.41015625
8.397069215774536 140.34375
8.819499254226685 140.6796875
4.963542461395264 140.42578125
5.482821464538574 140.5234375
9.643295288085938 141.06640625
0.6946122646331787 119.109375
5.8802385330200195 140.08984375
6.531514406204224 140.67578125
7.274150609970093 140.5
7.68753457069397 140.38671875
8.342693328857422 140.640625
4.51468825340271 139.83203125
6.126891136169434 141.03125
4.929305553436279 141.18359375
7.577255487442017 140.69140625
5.634076356887817 142.1875
0.6269104480743408 120.375
6.638651609420776 139.5390625
10.255843162536621 141.1953125
9.393600940704346 139.4453125
6.001824617385864 142.26953125
9.170209884643555 141.2265625
8.314263343811035 140.79296875
5.738992929458618 141.03515625
4.663641691207886 140.52734375
8.804372310638428 140.94140625
3.612518548965454 139.23828125
5.327697515487671 139.5546875
8.516891956329346 141.359375
7.113831996917725 141.59765625
9.752075672149658 140.31640625
8.370726585388184 139.76953125
8.761111736297607 141.3125
11.087652206420898 141.171875
10.614697217941284 141.07421875
6.124412298202515 139.88671875
8.740669965744019 141.95703125
9.12870979309082 141.9921875
10.680637121200562 140.12890625
7.714423894882202 139.0859375
9.827981948852539 141.57421875
11.855558156967163 141.25390625
5.162668704986572 140.72265625
8.65888500213623 140.75390625
7.808125972747803 140.80859375
6.781251668930054 140.71484375
9.678648233413696 140.7421875
7.3997039794921875 141.22265625
8.828083038330078 142.21875
10.31376838684082 141.08203125
9.400216579437256 141.10546875
8.948098421096802 140.734375
6.776183128356934 141.21484375
7.962549924850464 140.0625
4.956024885177612 140.1328125
7.820302248001099 140.703125
7.7326905727386475 140.58984375
7.499695062637329 140.828125
5.149396896362305 140.85546875
6.049029588699341 140.6328125
5.589085817337036 141.47265625
8.16306209564209 141.77734375
8.48601508140564 142.55078125
11.475022554397583 141.08203125
8.155751466751099 141.375
10.069143295288086 140.1484375
7.756816864013672 141.16015625
11.253944635391235 141.28125
5.876327276229858 141.6953125
10.084496259689331 140.75
4.724270582199097 140.5546875
7.335011959075928 141.0390625
9.000823736190796 140.62890625
5.697431564331055 140.68359375
6.739971160888672 140.52734375
7.433464527130127 141.08203125
9.398512125015259 140.37109375
7.723140239715576 142.20703125
5.792646646499634 141.49609375
7.414268255233765 141.828125
8.433379888534546 141.15625
7.143097877502441 141.94921875
11.359734296798706 141.11328125
7.055246829986572 141.34375
6.50280237197876 141.51953125
4.202563524246216 140.875
9.55871033668518 141.18359375
7.699905633926392 140.2578125
6.1969153881073 140.3359375
9.579785346984863 140.74609375
6.785828113555908 141.72265625
11.588811874389648 141.41796875
