1.0473930835723877 140.29296875
13.99883246421814 154.890625
1.0195276737213135 142.18359375
1.0128157138824463 141.74609375
1.99420166015625 152.375
1.0573115348815918 142.84765625
1.7015879154205322 152.40234375
1.018921136856079 142.58203125
2.395460367202759 153.37109375
1.0044078826904297 142.515625
14.484291553497314 154.90625
0.9961283206939697 143.515625
0.8870556354522705 143.25390625
8.151198387145996 154.9453125
0.5048806667327881 141.93359375
1.245347499847412 151.08203125
1.0492980480194092 142.75390625
4.2842185497283936 153.66015625
0.9106996059417725 143.1640625
2.432756185531616 153.4921875
1.0925028324127197 142.06640625
6.600890398025513 156.3046875
1.9562792778015137 153.01953125
0.4973137378692627 142.625
0.8908941745758057 142.07421875
1.017125129699707 142.91796875
1.7210493087768555 152.4375
10.054521322250366 154.93359375
7.567577838897705 154.3203125
1.2309033870697021 150.8984375
2.0337836742401123 153.203125
2.2358603477478027 153.5703125
7.9765942096710205 154.25390625
0.9565727710723877 142.2421875
7.595863342285156 155.1484375
1.0100886821746826 142.171875
6.33793568611145 154.51953125
10.509099245071411 155.8359375
15.383947849273682 154.7734375
1.7687478065490723 152.58203125
11.75694751739502 155.1484375
5.61570405960083 154.9609375
2.0084352493286133 153.09765625
0.8775129318237305 143.55859375
1.7120461463928223 151.96484375
1.264192819595337 151.55859375
1.4780707359313965 153.50390625
4.224577188491821 155.0
1.1094858646392822 143.5703125
0.8922922611236572 142.3828125
1.831772804260254 153.37890625
1.6191651821136475 153.34765625
10.827890634536743 155.328125
0.8759870529174805 142.6015625
0.49440741539001465 141.953125
2.069697141647339 153.6953125
1.1631793975830078 149.125
15.821800708770752 154.03125
1.231255292892456 151.23046875
0.8810122013092041 143.0390625
1.2610719203948975 150.0234375
1.7992751598358154 153.09375
11.209083557128906 154.83984375
1.9606518745422363 153.52734375
15.545633792877197 154.65234375
11.16193675994873 154.7421875
1.2944703102111816 150.5546875
5.936474800109863 154.6484375
15.726256132125854 155.7890625
3.9681010246276855 154.234375
3.2200074195861816 154.8515625
1.2142527103424072 150.02734375
1.208097219467163 151.0234375
0.46468353271484375 142.82421875
7.122796058654785 154.51171875
7.555630683898926 155.1015625
15.08919382095337 154.36328125
5.692530632019043 154.8671875
0.9960134029388428 142.62109375
15.796213388442993 155.82421875
2.605623722076416 154.00390625
1.0608279705047607 142.2421875
1.0974478721618652 141.18359375
1.1058881282806396 142.53515625
0.8921988010406494 142.61328125
1.4456117153167725 150.87109375
1.2652807235717773 151.0078125
9.33845043182373 154.83203125
2.3354973793029785 154.07421875
9.305641889572144 154.2265625
4.445147514343262 154.125
6.444603681564331 154.37109375
0.48166894912719727 142.1953125
1.1744685173034668 150.171875
4.043664455413818 154.97265625
4.084717273712158 153.47265625
8.561218500137329 154.8671875
6.921829462051392 154.3828125
11.298238277435303 155.68359375
1.2642855644226074 151.7890625
