1.4223625659942627 126.4765625
0.7974014282226562 121.328125
0.8740730285644531 118.44921875
1.1274113655090332 123.97265625
1.5737547874450684 125.6796875
2.8794686794281006 126.34375
4.114359378814697 127.07421875
1.2090482711791992 125.3984375
1.6603164672851562 125.65234375
1.5325453281402588 124.94140625
2.269237518310547 126.36328125
1.6595866680145264 126.6796875
1.5725822448730469 125.8046875
1.6493849754333496 125.89453125
4.055401563644409 127.8125
0.3874814510345459 102.64453125
2.6999433040618896 126.75
0.9266877174377441 120.32421875
0.8581483364105225 120.78125
2.0493507385253906 127.33203125
1.702357292175293 125.96484375
2.3763227462768555 127.02734375
2.2518393993377686 127.86328125
1.0803196430206299 124.078125
1.9417755603790283 126.265625
2.176990270614624 127.02734375
1.4838933944702148 125.80859375
3.196951150894165 127.5703125
1.3452978134155273 125.3359375
2.1131885051727295 126.78125
1.7078711986541748 125.984375
2.0242719650268555 126.828125
0.8378467559814453 112.8828125
2.75071120262146 126.58984375
1.0204222202301025 122.51171875
3.2108802795410156 128.91796875
2.0265190601348877 125.97265625
1.4605441093444824 125.85546875
0.9133360385894775 122.4140625
2.295036792755127 127.17578125
1.5353457927703857 125.4140625
1.9864301681518555 126.5703125
1.551072120666504 125.68359375
2.141342878341675 127.109375
1.9431865215301514 126.4140625
1.753824234008789 126.4453125
2.3725104331970215 127.37890625
2.1942880153656006 127.60546875
1.282982349395752 125.9921875
2.21181583404541 127.65234375
2.025437831878662 128.125
1.0258989334106445 124.91015625
0.8086881637573242 118.609375
0.3871803283691406 102.65234375
1.7148540019989014 126.66015625
3.2197279930114746 127.140625
1.6644127368927002 125.90234375
1.592719554901123 124.76171875
1.8777580261230469 126.39453125
0.7319979667663574 111.44921875
2.0948331356048584 127.29296875
0.8504939079284668 122.29296875
2.23323392868042 126.5
0.859992504119873 120.90625
1.990243673324585 126.1796875
2.2009029388427734 127.3046875
2.05908203125 125.70703125
1.1911027431488037 124.66796875
1.5054409503936768 126.1171875
2.4794044494628906 125.828125
0.35924196243286133 102.71875
1.6453921794891357 126.03515625
1.8821847438812256 126.0546875
1.2219319343566895 124.4765625
0.3767061233520508 102.72265625
1.7989230155944824 126.1015625
2.112959146499634 127.44921875
1.8443915843963623 126.96875
1.463573694229126 125.98828125
1.7568488121032715 126.9765625
1.9831161499023438 126.20703125
3.509025812149048 127.84375
2.0103986263275146 126.12109375
1.964268445968628 128.91015625
1.0928370952606201 123.6640625
1.7373437881469727 127.09765625
3.8640248775482178 127.66015625
2.005136489868164 126.58203125
2.10390567779541 126.875
2.0137979984283447 127.63671875
1.608557939529419 126.29296875
1.252070426940918 125.609375
1.462895393371582 126.82421875
1.1378283500671387 124.98828125
2.483306646347046 127.015625
1.4492826461791992 125.60546875
0.8917386531829834 117.80859375
1.0017826557159424 124.36328125
1.4067678451538086 126.00390625
4.1967151165008545 127.78515625
