8.924015283584595 149.8671875
0.6996273994445801 156.9296875
0.7906777858734131 158.30078125
0.7807049751281738 158.1328125
0.698828935623169 158.62890625
5.461097002029419 157.60546875
0.8477468490600586 157.7578125
1.7233386039733887 157.609375
8.359752893447876 158.375
7.309316396713257 157.1015625
8.595997095108032 157.08203125
8.472042083740234 157.70703125
8.43019723892212 157.82421875
0.7054519653320312 157.5078125
1.9492712020874023 157.25
7.543860912322998 157.0390625
1.137373685836792 157.49609375
1.2016270160675049 157.9453125
3.8969430923461914 158.3203125
0.7525026798248291 158.45703125
3.890958070755005 157.875
0.7670326232910156 157.9375
2.694284200668335 157.9765625
0.7552371025085449 157.56640625
5.112208843231201 157.59375
1.866131067276001 157.90234375
0.743727445602417 157.6171875
1.006194829940796 157.84375
1.0998754501342773 157.93359375
5.034264087677002 157.30078125
1.4140756130218506 157.62890625
1.4984982013702393 158.26953125
0.704775333404541 157.5078125
0.7506141662597656 157.5078125
0.820284366607666 158.41796875
0.7069473266601562 157.5078125
1.5075337886810303 157.26953125
5.329843759536743 157.5859375
5.010286808013916 157.96484375
8.422679901123047 157.80859375
7.190515756607056 158.14453125
0.9564671516418457 157.2890625
0.9828829765319824 156.73046875
3.099832773208618 157.0546875
0.7456719875335693 158.3671875
0.6990830898284912 156.93359375
3.8420019149780273 157.0625
7.908674716949463 158.19140625
2.825968027114868 158.140625
5.715335130691528 158.71484375
0.7023513317108154 157.62109375
8.436583042144775 158.0390625
1.3679776191711426 158.60546875
8.424561500549316 157.68359375
0.7074460983276367 157.921875
3.6134185791015625 158.3671875
3.881631851196289 158.83984375
0.8392446041107178 157.328125
8.447234630584717 157.390625
5.454985618591309 158.2734375
8.5913827419281 158.5859375
0.9312047958374023 158.19921875
0.8238062858581543 157.515625
3.0047287940979004 158.5
0.7321970462799072 157.7734375
0.7581489086151123 158.28515625
0.7077174186706543 158.7265625
1.0120892524719238 158.49609375
0.7046635150909424 158.38671875
1.717712163925171 158.75390625
4.355384349822998 156.6640625
1.1151173114776611 158.546875
0.7103958129882812 158.60546875
7.289120435714722 158.375
2.9124317169189453 157.640625
7.364910125732422 158.26171875
0.7013580799102783 158.00390625
8.439682722091675 158.12109375
0.7041053771972656 156.98046875
1.083709478378296 158.109375
8.429245471954346 157.25390625
8.145214080810547 157.2109375
0.8286232948303223 157.453125
0.7093267440795898 157.6015625
8.68729567527771 157.171875
0.7085208892822266 157.640625
0.7040519714355469 157.19921875
0.713876485824585 157.375
1.045328140258789 158.01171875
3.2586798667907715 158.4296875
6.32485032081604 157.4140625
8.962194442749023 157.67578125
0.7297306060791016 157.8125
2.7278361320495605 157.55078125
8.449403524398804 158.5078125
8.643190622329712 157.578125
0.7130684852600098 157.7578125
0.9180505275726318 157.29296875
7.406230688095093 157.5078125
7.343267440795898 157.4921875
