16.9535129070282 263.66796875
4.886584997177124 259.92578125
2.2084593772888184 256.5703125
10.106700897216797 260.42578125
11.139659643173218 260.3515625
43.97477722167969 258.05078125
6.332905292510986 256.52734375
4.97505784034729 256.07421875
21.830838441848755 254.6796875
2.4066061973571777 253.87890625
2.7957003116607666 259.19921875
31.14730668067932 256.9921875
5.390763521194458 258.19140625
2.140784502029419 256.9296875
15.448194980621338 261.85546875
2.661560297012329 258.42578125
14.125508308410645 260.12109375
25.439679861068726 254.12109375
8.807590246200562 254.9140625
19.735238075256348 254.4765625
26.666232109069824 256.58984375
10.19090223312378 257.125
2.657846450805664 259.61328125
2.122885227203369 254.68359375
27.831948041915894 256.30078125
2.3319923877716064 254.7734375
2.4133260250091553 254.83203125
1.8910131454467773 254.8515625
9.758408784866333 262.703125
37.8892388343811 255.09375
3.0315680503845215 254.7421875
2.1782097816467285 257.734375
7.8640782833099365 259.375
9.153838872909546 252.609375
7.276195287704468 254.421875
35.7854483127594 257.03515625
7.60774302482605 255.7265625
2.4849469661712646 257.7578125
2.6125614643096924 254.64453125
6.561173677444458 255.0
6.3325958251953125 257.64453125
22.27605962753296 253.87890625
15.255841732025146 256.34375
7.7878499031066895 258.02734375
22.379398345947266 255.8125
5.830734014511108 255.23828125
2.1100404262542725 254.04296875
6.672110557556152 256.3125
21.606477737426758 256.78515625
13.521231174468994 255.96484375
54.19043684005737 253.86328125
21.531954765319824 255.35546875
41.347991943359375 256.30859375
2.426738977432251 255.60546875
20.928228855133057 257.10546875
2.475433111190796 258.89453125
20.04653024673462 258.80859375
12.995500326156616 255.59375
2.3296947479248047 259.03515625
3.1781277656555176 255.88671875
55.081982135772705 254.48046875
9.719736099243164 253.43359375
3.6652932167053223 255.58984375
4.289191007614136 253.42578125
3.9651026725769043 262.62890625
1.4443268775939941 256.12109375
13.346588850021362 254.58984375
3.85040020942688 255.59375
48.57202076911926 255.921875
2.685558319091797 257.69921875
7.984961032867432 256.68359375
6.681796073913574 255.27734375
3.029980421066284 255.26953125
3.1406655311584473 253.94140625
2.3964176177978516 252.28515625
6.804982423782349 254.0
7.10135817527771 254.94921875
9.582446336746216 255.4453125
10.7025306224823 252.65234375
2.301333427429199 255.81640625
37.33680033683777 257.3125
17.90602707862854 256.72265625
3.480884552001953 256.203125
2.161618947982788 256.625
24.227879762649536 258.3359375
32.7229266166687 256.9609375
23.414777755737305 256.47265625
27.14085078239441 254.671875
3.432694435119629 255.28515625
2.316513776779175 255.578125
21.011849403381348 255.390625
7.0280842781066895 257.10546875
23.71632695198059 254.4609375
3.0073091983795166 255.64453125
5.32735013961792 255.59765625
12.431977033615112 256.0390625
25.91385054588318 257.96484375
15.012524604797363 255.4921875
32.848339796066284 254.33203125
46.00677251815796 255.6015625
