12.34168267250061 417.390625
4.047950506210327 443.75390625
4.052470922470093 453.6171875
15.112022161483765 460.9921875
4.055802822113037 449.65234375
4.092771053314209 455.69140625
4.837805509567261 443.12890625
4.060023546218872 452.5625
4.084117889404297 451.890625
7.994279146194458 453.12109375
16.73943257331848 451.98046875
29.36875629425049 454.51953125
4.068869113922119 446.0703125
4.061631917953491 456.390625
16.076605081558228 453.91015625
4.085328102111816 455.8515625
4.079156398773193 443.80859375
30.660701751708984 455.96484375
4.0497400760650635 462.70703125
4.064201593399048 454.5234375
22.302900075912476 457.4921875
9.482993841171265 461.3125
63.32489490509033 464.515625
22.396446466445923 458.8984375
26.844959497451782 445.9140625
4.065607070922852 455.8203125
4.0545430183410645 456.04296875
7.728431463241577 461.4609375
24.002920866012573 462.6015625
23.40577983856201 460.59375
4.077152252197266 451.1015625
6.3557233810424805 457.734375
17.646016597747803 457.6953125
3.3033337593078613 457.62109375
4.0828258991241455 452.8828125
12.224354982376099 458.6796875
4.257738351821899 443.97265625
4.067250490188599 460.640625
29.72723889350891 462.21875
4.061966419219971 454.75
7.009567975997925 453.890625
4.079024314880371 451.04296875
19.60311484336853 459.89453125
4.0634894371032715 458.57421875
51.20615220069885 439.140625
14.556279182434082 457.0546875
11.821395874023438 455.85546875
4.08344578742981 461.21484375
4.052923202514648 450.1484375
25.122952699661255 458.05859375
4.088254451751709 445.3125
5.692079544067383 453.6796875
10.011017322540283 445.58203125
18.30449628829956 456.94921875
9.912956237792969 458.05859375
4.0742573738098145 460.05859375
4.076215028762817 457.4609375
8.643811464309692 461.51171875
12.48068380355835 446.953125
10.778403043746948 451.28515625
4.095637083053589 456.515625
10.616634368896484 460.78515625
31.95040249824524 456.390625
14.568247079849243 454.0234375
4.0962934494018555 467.70703125
4.085395574569702 454.74609375
16.920019388198853 446.828125
20.177855730056763 453.09375
5.818756818771362 442.67578125
25.708321809768677 453.2890625
6.681013584136963 456.9609375
4.096872806549072 456.0234375
4.088813543319702 447.27734375
22.420286893844604 454.37890625
10.824865579605103 447.31640625
30.458539247512817 445.5390625
4.067963600158691 442.15625
4.0804479122161865 453.1796875
71.54542303085327 451.35546875
3.2871546745300293 448.6015625
4.097010135650635 454.70703125
4.103697299957275 459.12109375
16.908591985702515 457.9375
45.60230994224548 455.30859375
4.091747760772705 452.7265625
37.20440912246704 440.9921875
53.14388918876648 455.9140625
4.088205575942993 457.1328125
7.174521207809448 457.1640625
4.0952887535095215 460.9609375
5.908263921737671 452.92578125
8.698787212371826 455.98828125
11.143717527389526 446.21875
18.604902029037476 447.015625
4.082211494445801 459.2734375
17.33241319656372 447.71484375
5.489895820617676 463.375
8.055135726928711 463.0
4.093087434768677 458.12109375
18.566526889801025 462.46484375
