0.5381200313568115 106.7890625
0.9199082851409912 114.453125
0.9243078231811523 115.86328125
0.8090057373046875 115.359375
0.9105541706085205 115.12109375
1.2919435501098633 117.1484375
1.3981480598449707 116.8828125
0.7360882759094238 111.828125
0.5002846717834473 103.12109375
1.0235662460327148 116.5703125
1.9327948093414307 118.25390625
1.3515665531158447 117.78125
0.42995333671569824 97.49609375
1.6419248580932617 118.46875
0.7316250801086426 111.9453125
0.4191019535064697 97.75
0.4234955310821533 97.5234375
1.3411283493041992 115.92578125
0.6049234867095947 107.859375
0.756319522857666 113.953125
0.7195737361907959 110.25390625
1.2396068572998047 116.83203125
1.0735805034637451 117.11328125
0.6353485584259033 108.17578125
0.7263574600219727 111.49609375
0.6050372123718262 109.11328125
1.190615177154541 117.66796875
0.48064088821411133 102.9609375
0.5891485214233398 109.1796875
1.812303066253662 118.03125
1.3565316200256348 118.296875
1.2861809730529785 117.70703125
1.1833856105804443 118.4375
0.29560303688049316 95.81640625
0.7058305740356445 109.6171875
0.6913702487945557 108.19921875
0.5052621364593506 104.00390625
1.3756182193756104 116.515625
1.409761667251587 116.9609375
1.267369031906128 117.33984375
0.461414098739624 100.32421875
0.4863917827606201 101.734375
0.6687905788421631 106.4375
0.8141562938690186 115.70703125
0.45807814598083496 100.0234375
0.5498857498168945 108.63671875
1.6864957809448242 117.49609375
0.3000788688659668 95.8203125
0.7118370532989502 108.3984375
0.5877082347869873 108.4296875
0.473494291305542 101.2109375
0.42029500007629395 97.703125
1.438664197921753 116.48046875
0.6398012638092041 109.32421875
0.5314791202545166 107.38671875
0.5007927417755127 104.79296875
0.5511467456817627 107.56640625
0.6082291603088379 108.62109375
0.6706075668334961 108.97265625
0.5740699768066406 108.0078125
0.5932819843292236 108.98046875
1.312136173248291 117.0
0.42622900009155273 96.796875
0.7489256858825684 112.8359375
1.1075201034545898 116.83984375
0.5082788467407227 105.37109375
1.748392105102539 117.296875
0.44178223609924316 97.1875
1.0067920684814453 117.18359375
1.02903413772583 116.1171875
0.44776225090026855 99.28125
0.8553340435028076 115.54296875
1.490036964416504 117.46484375
0.29367685317993164 95.8125
0.46219873428344727 100.265625
1.0800750255584717 116.0625
0.6477434635162354 108.625
0.9353270530700684 114.79296875
0.849107027053833 116.11328125
1.086026906967163 117.00390625
0.6756019592285156 108.89453125
1.438713550567627 116.69921875
0.4478759765625 100.0390625
0.9337306022644043 117.54296875
1.6987347602844238 117.82421875
0.5999929904937744 107.26171875
1.392533302307129 117.11328125
0.5762383937835693 109.375
1.1900861263275146 117.125
0.6167440414428711 108.52734375
0.5141475200653076 103.71484375
0.8361504077911377 117.109375
0.6672146320343018 108.4765625
0.586616039276123 109.7890625
1.2758102416992188 117.16796875
1.2119901180267334 117.8203125
1.9418244361877441 118.9921875
0.6394062042236328 108.203125
0.9566538333892822 117.21875
0.5085370540618896 105.81640625
