0.7350716590881348 115.98828125
0.8882544040679932 122.01171875
0.7770562171936035 115.40234375
0.4843924045562744 113.21875
1.4295477867126465 121.5390625
0.6451454162597656 115.5390625
1.2699589729309082 123.17578125
0.48932909965515137 112.9921875
0.5700743198394775 115.87109375
0.7722103595733643 114.8671875
0.6273927688598633 117.515625
0.7771916389465332 118.40234375
0.7582476139068604 115.1171875
0.8045034408569336 115.5546875
1.100764274597168 122.44140625
0.6816349029541016 115.94921875
1.4016714096069336 122.98046875
0.5764729976654053 115.859375
0.4986567497253418 113.29296875
0.799260139465332 119.30078125
1.0490474700927734 120.72265625
0.4983811378479004 114.19921875
1.5207860469818115 123.44140625
0.727696418762207 115.40625
0.6551861763000488 115.3359375
1.0884087085723877 120.74609375
1.4765479564666748 124.0
1.0061345100402832 122.23828125
0.6974105834960938 115.40234375
0.638601541519165 116.25390625
0.8289895057678223 118.0859375
0.9006900787353516 120.89453125
0.914865255355835 121.04296875
0.7001793384552002 115.59765625
0.6208536624908447 116.52734375
0.553398847579956 115.1796875
0.739570140838623 115.44140625
1.2742831707000732 122.3359375
0.5952308177947998 116.33984375
0.5600941181182861 116.05859375
0.8445186614990234 116.8203125
1.2788832187652588 121.33984375
0.7413110733032227 116.4375
0.9943509101867676 122.8828125
1.0295121669769287 120.67578125
0.760631799697876 114.609375
0.7769794464111328 116.15625
0.510394811630249 114.3515625
0.49065399169921875 112.73828125
1.595449447631836 123.5546875
0.6252613067626953 115.70703125
0.6617283821105957 115.83203125
0.9516839981079102 122.3203125
1.292370319366455 122.34765625
0.8446025848388672 121.55078125
0.8636796474456787 122.48046875
1.3221111297607422 124.390625
0.6542329788208008 116.50390625
0.45340514183044434 111.06640625
1.0191841125488281 122.4296875
0.9464120864868164 122.68359375
1.4729650020599365 122.28125
0.7216920852661133 115.1484375
1.1724061965942383 123.18359375
1.0412087440490723 121.05078125
0.45128583908081055 111.296875
0.815762996673584 117.69140625
0.8069849014282227 116.609375
0.5393431186676025 115.36328125
0.7887117862701416 115.80859375
0.295856237411499 109.71484375
1.035801649093628 122.2890625
0.5497050285339355 114.4765625
0.542034387588501 115.4296875
1.1816654205322266 123.72265625
0.7121286392211914 115.8515625
0.6056914329528809 116.9609375
1.0319292545318604 122.03125
0.605243444442749 115.97265625
0.7184152603149414 115.5625
0.5077040195465088 113.84765625
0.8268547058105469 116.40234375
0.5877730846405029 116.31640625
1.0593864917755127 121.5390625
0.7047243118286133 115.3046875
1.403895616531372 122.21875
1.03798508644104 122.0390625
0.2960476875305176 109.19140625
0.6537148952484131 115.7890625
1.119938850402832 122.1796875
1.1781516075134277 123.2421875
0.6234595775604248 115.8515625
1.0826170444488525 120.33203125
0.44009900093078613 111.40234375
0.5145061016082764 113.12890625
0.6233563423156738 116.359375
0.668891429901123 115.04296875
1.4158267974853516 123.25390625
0.6634974479675293 115.515625
0.5598573684692383 115.96875
