4.423600196838379 167.4140625
12.811458110809326 168.66796875
13.754947185516357 168.91015625
1.1506609916687012 154.37890625
4.52682638168335 167.02734375
3.568021535873413 167.46875
3.7474677562713623 168.21484375
8.82987093925476 169.16015625
12.404467821121216 169.3984375
5.0317018032073975 168.828125
1.8073863983154297 165.48046875
2.24761962890625 165.98046875
2.0656802654266357 166.95703125
1.3996474742889404 162.5
3.1103720664978027 168.17578125
8.599432945251465 168.71484375
11.122127771377563 169.58203125
3.929680824279785 168.90625
21.268277645111084 169.2734375
6.901137828826904 169.06640625
15.835888624191284 168.70703125
15.53270435333252 169.6796875
2.6629669666290283 168.15625
18.381577253341675 168.91015625
10.986469507217407 169.4140625
7.309216260910034 168.59765625
3.603912591934204 167.88671875
9.704982280731201 169.1640625
11.496386051177979 169.21484375
1.9995160102844238 165.35546875
18.19744038581848 169.5
10.848898887634277 169.40234375
25.363176345825195 169.1171875
1.6018016338348389 162.64453125
13.741660118103027 170.125
12.962452173233032 169.19140625
19.355977296829224 169.8671875
2.197218179702759 168.1875
2.6939759254455566 168.1953125
15.481459856033325 169.55078125
23.18893790245056 169.81640625
23.801674604415894 169.6640625
3.5323450565338135 169.1875
9.458561897277832 169.11328125
24.80087685585022 169.4140625
6.881954669952393 168.35546875
17.98685574531555 168.53125
2.9176313877105713 168.59765625
25.75702714920044 169.9921875
26.175474166870117 170.0
25.821322679519653 169.5859375
17.78850269317627 169.5625
20.92326307296753 169.72265625
25.15315055847168 169.45703125
18.8688862323761 168.93359375
1.0922672748565674 153.6875
12.110561609268188 168.55078125
1.240813970565796 154.375
1.2581126689910889 154.90625
3.4337077140808105 168.4609375
20.083698987960815 168.33984375
2.312464714050293 167.4375
1.9672908782958984 165.64453125
12.20200490951538 169.14453125
5.061797142028809 168.9296875
26.315791845321655 169.0390625
8.11615800857544 169.4765625
1.134012222290039 154.2734375
3.047574520111084 167.515625
16.116321802139282 168.9375
5.620913743972778 168.9453125
21.3108389377594 168.91015625
21.704593181610107 169.66796875
1.4737777709960938 164.171875
7.294466018676758 168.875
26.32822012901306 170.16796875
25.566116094589233 169.125
5.325057029724121 169.22265625
7.613521575927734 168.08984375
7.79276704788208 168.32421875
18.788133144378662 168.81640625
1.887094259262085 166.6484375
1.3922960758209229 159.29296875
1.7034482955932617 164.2109375
19.66164779663086 168.23046875
1.1485207080841064 154.15234375
7.8031604290008545 168.89453125
1.537468671798706 165.46484375
17.29874873161316 169.7421875
6.715296268463135 168.6875
4.797083616256714 168.828125
4.066216707229614 169.06640625
8.267408847808838 168.4765625
7.5314271450042725 168.03125
1.3155438899993896 153.64453125
1.2242603302001953 154.79296875
13.263355255126953 169.515625
5.17867636680603 167.484375
1.5439503192901611 163.07421875
1.245420217514038 154.25390625
