0.5031628608703613 120.8203125
0.5128850936889648 121.4765625
0.5083496570587158 121.2421875
0.49828171730041504 122.60546875
0.4989128112792969 118.078125
0.523646354675293 119.07421875
0.4935944080352783 119.62109375
0.4978179931640625 122.16015625
0.598968505859375 119.29296875
0.5115509033203125 117.48046875
0.5190494060516357 122.94921875
0.4979424476623535 121.18359375
0.5125179290771484 122.4140625
0.4883413314819336 118.53125
0.47774839401245117 122.3203125
0.4802975654602051 118.48046875
0.4825775623321533 119.61328125
1.067552089691162 127.97265625
0.48427367210388184 118.515625
0.4888453483581543 119.7421875
0.4915492534637451 118.2578125
1.0633232593536377 128.76171875
0.48425769805908203 119.38671875
0.49720287322998047 119.33984375
0.44879865646362305 122.00390625
0.5049178600311279 117.83203125
0.5050415992736816 118.5390625
0.6085524559020996 119.42578125
1.0417606830596924 129.296875
0.5242769718170166 121.87109375
0.49738502502441406 122.47265625
0.4900205135345459 118.90234375
0.5098955631256104 119.0546875
0.505380392074585 117.61328125
0.5030064582824707 118.85546875
0.5143604278564453 119.234375
0.4976236820220947 119.0859375
0.514918327331543 116.234375
0.5007743835449219 118.87109375
0.5031123161315918 119.15234375
0.503042459487915 116.66015625
0.5065703392028809 119.1640625
1.0628736019134521 128.73046875
0.490220308303833 121.14453125
0.49483203887939453 122.31640625
0.4806053638458252 122.33203125
0.4894747734069824 121.94921875
0.48972010612487793 121.69140625
0.4917478561401367 122.53515625
0.49201083183288574 121.57421875
0.4951651096343994 121.1328125
0.49243617057800293 121.20703125
0.4845387935638428 120.99609375
0.4963662624359131 122.55078125
0.475435733795166 121.18359375
0.491854190826416 121.1640625
0.483013391494751 121.09765625
0.4959096908569336 120.953125
0.49392199516296387 120.02734375
0.46820998191833496 120.8125
0.4813995361328125 121.08984375
0.47922253608703613 121.04296875
0.5130524635314941 122.640625
0.9874885082244873 128.6875
0.4823486804962158 121.125
0.450258731842041 120.02734375
0.48166394233703613 120.37109375
0.49853014945983887 122.3125
0.47199535369873047 121.109375
0.4989757537841797 122.47265625
0.45253753662109375 121.3984375
0.48563098907470703 120.703125
0.48554229736328125 120.953125
0.4960620403289795 122.140625
0.4977998733520508 122.3359375
0.4866068363189697 122.23046875
0.5072793960571289 121.4375
0.49722719192504883 122.3359375
0.48035764694213867 121.578125
0.4913918972015381 118.48046875
0.48894405364990234 119.4296875
0.4925394058227539 121.9609375
0.48093485832214355 121.45703125
0.48604798316955566 121.12109375
0.5092692375183105 120.69140625
0.4943571090698242 120.44921875
0.47877931594848633 120.94140625
0.504847526550293 120.359375
0.48673439025878906 122.05078125
0.4995608329772949 119.73828125
0.49910664558410645 119.96875
0.48209571838378906 121.1171875
0.5023176670074463 121.7578125
0.4987940788269043 120.40234375
0.503232479095459 122.12890625
0.4766407012939453 120.6953125
0.49733829498291016 120.13671875
0.49375176429748535 120.66015625
0.4872474670410156 120.40234375
0.4746725559234619 121.43359375
