2.0779054164886475 127.85546875
0.9705550670623779 124.234375
1.4089386463165283 127.40234375
0.7191202640533447 110.13671875
0.8504457473754883 115.5390625
2.010870933532715 127.99609375
0.6754446029663086 110.859375
0.8235676288604736 115.6796875
2.56067156791687 127.80078125
2.175797939300537 130.3828125
2.3433358669281006 128.8203125
1.2656886577606201 126.3515625
1.2616362571716309 125.3984375
2.061107873916626 129.42578125
3.5756428241729736 130.1484375
0.6101040840148926 115.7421875
0.7891147136688232 120.9921875
1.3845417499542236 126.5078125
0.7300846576690674 106.96875
0.6281096935272217 107.1328125
0.7358155250549316 110.40625
1.8534502983093262 127.453125
2.908756971359253 128.1640625
1.114804983139038 124.3828125
1.2452614307403564 126.23046875
3.1503753662109375 128.12890625
0.9841275215148926 119.80078125
0.9206111431121826 122.05078125
2.0779476165771484 129.82421875
1.443666934967041 128.33203125
2.1168172359466553 127.8671875
0.8255734443664551 116.64453125
3.300879716873169 128.62890625
0.75583815574646 110.38671875
1.1412768363952637 126.62890625
3.506232500076294 128.6796875
1.3596553802490234 129.2578125
3.9720258712768555 129.69921875
0.6902153491973877 113.5
0.8874578475952148 113.08984375
1.2150676250457764 127.58984375
1.2034060955047607 125.7890625
1.0538368225097656 120.5234375
0.7456612586975098 111.8125
1.0694046020507812 122.703125
0.7936017513275146 118.19140625
2.786228895187378 128.578125
2.9538562297821045 128.66015625
0.961219072341919 121.1640625
1.516894817352295 126.796875
0.9533541202545166 120.68359375
1.0708248615264893 121.84375
0.77897047996521 111.78125
0.8926529884338379 120.7109375
0.7789971828460693 111.50390625
0.9015302658081055 121.0703125
0.6998240947723389 112.6875
1.8145051002502441 128.71484375
0.8626363277435303 120.390625
1.2246782779693604 126.51953125
0.7489087581634521 111.765625
0.8303883075714111 112.44140625
0.6959133148193359 110.484375
1.3882761001586914 127.61328125
0.7662370204925537 111.4140625
1.2443833351135254 126.3671875
0.7245373725891113 107.71484375
1.066941738128662 124.00390625
2.340144395828247 128.58203125
0.8880696296691895 120.16015625
0.7145977020263672 114.01171875
1.2503859996795654 125.62109375
0.8113377094268799 115.7578125
2.382190227508545 127.9609375
0.9232349395751953 121.9765625
0.648810863494873 111.01953125
2.210460662841797 129.5234375
3.39363169670105 128.44921875
3.328554630279541 128.71484375
1.7308363914489746 127.49609375
0.6221859455108643 111.01171875
1.0608761310577393 121.87109375
1.0441997051239014 122.26171875
1.502366065979004 126.49609375
0.9508621692657471 122.5390625
0.9549775123596191 120.859375
1.906857967376709 127.921875
1.484642744064331 130.89453125
2.0658535957336426 127.8671875
2.3523130416870117 128.55859375
0.7871551513671875 111.0078125
1.149690866470337 125.9765625
1.8136498928070068 130.41796875
0.8431177139282227 123.05859375
1.4867889881134033 128.34765625
1.065918207168579 121.98828125
0.9738004207611084 120.1875
0.7809350490570068 108.33203125
2.364746570587158 128.875
3.498903751373291 128.8359375
