2.428067684173584 141.703125
1.170597791671753 148.54296875
2.5124287605285645 149.46875
2.4952516555786133 148.6328125
0.810366153717041 148.66796875
1.2893686294555664 148.61328125
0.7419984340667725 148.43359375
1.5141327381134033 148.640625
0.8838479518890381 148.375
2.413900375366211 148.35546875
1.3589084148406982 148.2421875
0.7008206844329834 148.4140625
0.7721803188323975 148.39453125
1.0504019260406494 148.5390625
0.7730903625488281 147.84765625
0.9139804840087891 148.80859375
1.4756848812103271 148.5859375
1.4885520935058594 148.80078125
2.1934752464294434 148.6328125
0.7453281879425049 148.77734375
1.7231814861297607 149.08203125
0.6911804676055908 148.83203125
1.302539587020874 148.73046875
1.8222413063049316 148.578125
1.3468108177185059 147.88671875
0.843012809753418 148.40234375
0.8034729957580566 148.61328125
2.3228960037231445 148.33984375
2.0801515579223633 148.5546875
1.1399483680725098 147.0234375
0.93363356590271 141.88671875
0.6779053211212158 149.01953125
2.7594680786132812 143.0546875
2.207693576812744 148.48828125
0.8842623233795166 148.52734375
1.1154980659484863 146.23828125
4.313776254653931 148.5859375
1.1959481239318848 148.3671875
0.9206326007843018 148.58984375
1.2521841526031494 148.0703125
0.810509204864502 146.94921875
1.0301179885864258 148.265625
0.758842945098877 148.23046875
0.6782007217407227 149.0625
1.4673478603363037 147.89453125
0.990515947341919 148.44140625
0.7989749908447266 148.04296875
0.7317259311676025 148.33984375
0.7861478328704834 148.2578125
0.8987512588500977 148.27734375
0.7471733093261719 148.53515625
0.4266326427459717 148.3828125
1.986271619796753 148.140625
0.7045309543609619 148.67578125
1.332939624786377 149.0078125
0.8468849658966064 148.39453125
0.7347161769866943 148.44140625
4.548705816268921 148.4375
0.9114890098571777 148.6796875
4.687177419662476 148.51953125
2.391991138458252 148.296875
3.2960855960845947 148.6171875
0.8351442813873291 148.24609375
0.6972024440765381 148.99609375
0.8086380958557129 148.609375
1.2514207363128662 148.078125
1.7836182117462158 148.52734375
0.9391090869903564 148.359375
2.544304370880127 148.7265625
1.948662519454956 148.4609375
0.6868565082550049 148.65234375
3.158977746963501 148.4453125
2.4482076168060303 148.5390625
0.8427944183349609 148.79296875
1.201089859008789 141.734375
0.6779346466064453 148.40625
1.042694330215454 142.10546875
0.6856377124786377 142.12109375
1.1993846893310547 142.24609375
5.188985347747803 148.734375
1.3154947757720947 142.875
0.9537725448608398 148.203125
1.0459423065185547 148.4296875
0.8184683322906494 148.15625
1.070821762084961 148.44140625
4.953030109405518 148.41796875
0.7329809665679932 148.390625
2.869380235671997 142.59765625
1.9483509063720703 147.48046875
0.9041628837585449 142.31640625
0.831244945526123 148.14453125
0.8043131828308105 147.3828125
3.8631293773651123 145.34765625
0.860015869140625 148.29296875
2.87508487701416 146.734375
2.7658026218414307 149.234375
2.1500399112701416 148.28125
0.6820459365844727 147.85546875
0.7965121269226074 148.140625
2.4848313331604004 149.03125
