1.4158849716186523 176.66015625
5.2986838817596436 194.171875
1.0863173007965088 195.84765625
9.544475078582764 194.67578125
14.388517141342163 194.69140625
1.08241605758667 194.24609375
1.105151891708374 196.38671875
22.085036754608154 195.4765625
8.159589052200317 196.03515625
8.326178312301636 195.78125
22.053792715072632 195.64453125
3.122995138168335 195.92578125
1.1442902088165283 195.86328125
1.3698315620422363 196.28125
1.619077444076538 195.94140625
18.83883500099182 196.01953125
1.1118011474609375 194.140625
3.3743062019348145 196.0703125
22.611491203308105 195.74609375
7.852008819580078 195.66015625
6.047807216644287 194.171875
8.367640733718872 195.17578125
1.087400197982788 195.31640625
1.0897376537322998 195.609375
1.410125494003296 195.265625
1.090425729751587 195.25
19.057212114334106 196.71875
1.0839297771453857 194.5078125
1.2338190078735352 195.94921875
5.394432783126831 195.234375
22.61197328567505 196.4296875
11.943507432937622 197.328125
2.6371121406555176 195.5
1.4585068225860596 195.87890625
22.042627811431885 197.14453125
1.3489108085632324 194.35546875
1.1995701789855957 194.59375
11.582593441009521 197.03125
11.174400568008423 196.70703125
3.4582436084747314 197.08203125
1.1135826110839844 194.8203125
1.0963146686553955 194.88671875
22.85532522201538 197.41796875
1.0908780097961426 194.95703125
17.220564365386963 195.76953125
10.1201913356781 196.65234375
7.221852779388428 195.54296875
23.607869148254395 197.75390625
1.4038259983062744 195.72265625
1.1118528842926025 195.63671875
1.0921542644500732 195.4140625
1.1741359233856201 194.98828125
1.096064567565918 195.359375
4.2925496101379395 195.74609375
1.0918381214141846 194.609375
7.713589906692505 196.31640625
1.1241788864135742 195.86328125
1.2144291400909424 196.2890625
1.570425033569336 195.890625
1.3369452953338623 195.828125
23.591231107711792 198.109375
1.0994226932525635 196.17578125
1.4879963397979736 195.9453125
1.1191198825836182 195.1015625
4.631937503814697 196.234375
1.0944972038269043 195.55078125
22.098320722579956 197.375
11.343925952911377 196.63671875
22.652501821517944 197.72265625
19.035309314727783 198.1328125
1.6773967742919922 194.734375
1.1419203281402588 194.9609375
1.115797519683838 196.62890625
1.1051580905914307 195.6015625
2.81852388381958 195.1171875
14.358026266098022 197.25
1.1079540252685547 196.36328125
23.673338651657104 198.34375
1.3435757160186768 195.84765625
3.319193124771118 196.25390625
3.4050683975219727 196.44140625
23.752150297164917 197.59765625
1.0955586433410645 195.41015625
23.609960079193115 198.07421875
2.5219507217407227 196.51953125
10.45235276222229 195.89453125
23.8177011013031 197.1796875
1.104569435119629 196.44921875
2.2764663696289062 196.7890625
23.621902465820312 197.9921875
1.5696556568145752 195.28125
8.780656337738037 197.2109375
1.0974042415618896 194.875
1.1834053993225098 195.83984375
23.53490400314331 197.6015625
2.181593179702759 194.77734375
1.321108341217041 195.08203125
5.8197877407073975 195.81640625
1.123666763305664 195.78125
1.4417164325714111 194.72265625
