47.480292081832886 486.203125
49.495184659957886 499.39453125
84.04405856132507 577.89453125
28.756016969680786 508.109375
151.18281030654907 510.359375
35.815969705581665 417.10546875
122.7309787273407 522.9453125
4.676849126815796 432.234375
144.2293028831482 456.875
82.36230278015137 499.71484375
66.20495367050171 482.46875
152.45675587654114 486.234375
82.0871913433075 441.0625
22.682791233062744 489.53125
203.9950168132782 497.17578125
82.09019804000854 508.421875
11.58630084991455 515.86328125
64.14848351478577 499.66796875
67.97465229034424 500.515625
4.773315191268921 433.07421875
38.43630886077881 436.43359375
3.158942937850952 417.86328125
189.3492510318756 512.4609375
127.0244677066803 424.3046875
32.505531787872314 448.40625
24.802351713180542 541.7734375
32.36383628845215 425.08984375
4.7829108238220215 442.74609375
36.523558616638184 508.40625
53.473334074020386 509.78125
9.172266483306885 496.05859375
5.005868673324585 540.578125
35.28380250930786 509.078125
4.779940843582153 436.2578125
4.753180503845215 439.28125
31.686479806900024 441.859375
23.359013557434082 505.00390625
118.64180636405945 518.046875
28.610015630722046 424.4609375
34.74578309059143 554.80078125
89.62389588356018 512.76953125
54.71080207824707 580.90234375
78.40564489364624 596.80859375
3.119859457015991 418.234375
4.823224067687988 423.04296875
17.75655460357666 441.56640625
78.26074409484863 504.703125
21.29494595527649 560.6953125
53.909783363342285 533.26171875
193.91644144058228 611.83203125
10.522305011749268 504.8515625
39.74972486495972 495.16015625
24.393842458724976 501.67578125
134.2248728275299 583.15234375
19.874672174453735 539.359375
125.04093360900879 513.6328125
100.36530303955078 523.6484375
29.33420729637146 514.69140625
78.9114637374878 506.4140625
66.03963732719421 500.38671875
126.30269384384155 427.921875
160.82345628738403 517.86328125
21.90942406654358 475.2890625
78.04426789283752 476.765625
63.42117428779602 524.81640625
86.05628395080566 598.37109375
102.77801465988159 507.89453125
4.784837484359741 429.0546875
176.81437945365906 504.828125
6.989704132080078 502.30859375
20.153825759887695 507.09375
56.26989269256592 480.23828125
87.90362286567688 446.34375
10.890199899673462 435.39453125
58.96693801879883 539.12109375
35.87409973144531 487.734375
4.6818671226501465 442.90234375
28.989519119262695 499.00390625
30.580674171447754 489.21875
3.0762057304382324 424.58984375
155.08825254440308 494.53125
71.68750596046448 507.01953125
31.572725534439087 461.4609375
9.126031637191772 466.640625
80.17649793624878 488.93359375
29.64099359512329 514.234375
28.191797018051147 441.59765625
111.38927960395813 524.91796875
62.79585814476013 418.3671875
78.79936003684998 599.28515625
129.21860814094543 600.38671875
146.31889510154724 499.453125
88.00588750839233 515.953125
156.17154669761658 490.70703125
53.2460777759552 502.6015625
150.87000966072083 492.13671875
148.19921135902405 593.9140625
157.1074938774109 528.1328125
4.632714748382568 427.31640625
128.28846287727356 525.0625
