35.21634316444397 354.34375
35.519662618637085 290.84765625
39.63525199890137 288.3984375
13.04503607749939 286.03125
43.484644412994385 279.23046875
30.447225093841553 287.71484375
30.077892780303955 288.86328125
44.74330544471741 319.3828125
43.15224504470825 291.90625
29.390965700149536 289.8125
34.876901149749756 298.7265625
19.719178438186646 311.4296875
44.86821174621582 300.6484375
31.765825033187866 364.05859375
27.56483268737793 311.2109375
29.57900381088257 279.23046875
43.230138540267944 313.97265625
15.656905889511108 307.7890625
31.816625595092773 277.90234375
39.72790193557739 280.875
4.255636692047119 300.63671875
38.3778510093689 296.4765625
26.500260829925537 296.3671875
27.332680225372314 304.55078125
18.695508241653442 287.70703125
18.670018196105957 279.28515625
29.52852725982666 284.3125
35.27775478363037 280.109375
29.419069051742554 279.03515625
1.5798773765563965 236.41796875
34.866337299346924 294.453125
21.639901161193848 292.6015625
3.1183881759643555 284.046875
37.97657513618469 297.50390625
38.43158197402954 280.2578125
34.40996265411377 357.93359375
31.913937091827393 324.94140625
27.727882862091064 293.04296875
30.015257596969604 302.5
40.74128556251526 358.31640625
26.366069793701172 334.1875
24.971389055252075 285.6171875
42.87183904647827 289.80078125
21.477081537246704 280.2265625
15.439082145690918 296.7734375
38.13128089904785 290.93359375
22.72804069519043 295.296875
12.035370349884033 277.32421875
29.051066398620605 356.609375
46.13057279586792 339.76953125
38.021408557891846 299.64453125
27.383013248443604 281.15625
39.64413356781006 304.3359375
39.625980854034424 289.28515625
35.285595655441284 307.8203125
38.22701096534729 295.67578125
18.602147102355957 363.82421875
34.88900399208069 334.76171875
29.813944816589355 355.8671875
35.43125796318054 279.5625
21.829570293426514 336.07421875
26.658984899520874 286.09375
40.839720010757446 289.703125
4.471602916717529 281.7265625
18.570126056671143 356.70703125
16.233897924423218 289.86328125
40.96632647514343 319.9296875
13.77422046661377 297.515625
23.900275230407715 279.94921875
35.46294617652893 289.08203125
44.48643112182617 328.35546875
3.1764047145843506 276.046875
22.667895555496216 291.21875
32.21448016166687 281.0703125
44.432856798172 291.9609375
31.855525732040405 274.9453125
3.6521472930908203 299.296875
38.21279835700989 299.8359375
27.30616784095764 292.0546875
33.59733772277832 351.04296875
30.151756048202515 354.6640625
27.54594087600708 289.11328125
25.960554599761963 284.453125
31.41983962059021 294.59765625
13.095327377319336 295.08203125
21.454761743545532 284.4609375
18.64653515815735 362.0234375
40.789998292922974 362.0078125
21.411070108413696 278.78125
3.6893978118896484 292.6171875
28.763750314712524 284.14453125
2.8673043251037598 279.54296875
35.14806008338928 314.703125
48.663536071777344 351.21875
28.83062434196472 326.98046875
39.60383582115173 299.05078125
44.725496768951416 293.734375
35.3111093044281 312.52734375
44.67788004875183 286.08984375
20.136377811431885 308.25
