7.7748777866363525 205.5703125
8.924409866333008 207.91796875
13.689160585403442 207.56640625
34.28082513809204 207.0546875
10.50817060470581 208.03125
1.3054733276367188 208.2421875
8.90221905708313 209.4921875
35.61906695365906 207.17578125
1.2697651386260986 208.79296875
1.4724981784820557 209.7109375
1.2989075183868408 209.3515625
29.47326350212097 208.62109375
35.84596037864685 209.359375
1.2973625659942627 209.44921875
4.4613916873931885 209.64453125
11.750194549560547 212.41796875
5.776266574859619 208.8515625
7.997628450393677 209.515625
1.3230533599853516 208.35546875
35.7212028503418 207.75390625
1.2926757335662842 206.84375
1.4842844009399414 209.703125
1.3168284893035889 208.33984375
20.56283450126648 208.59375
35.656606674194336 208.05078125
18.67825937271118 213.671875
12.18293809890747 208.96875
2.288907527923584 209.328125
18.286770820617676 209.57421875
34.73662829399109 207.90234375
1.2666478157043457 209.85546875
7.899963617324829 211.71484375
1.3099274635314941 210.96875
4.490639686584473 208.359375
29.179607629776 210.1015625
13.406388759613037 207.63671875
35.680057525634766 208.78515625
29.40714740753174 209.3046875
5.884538173675537 208.1484375
25.34628963470459 207.90234375
21.021156787872314 211.28125
33.47387194633484 210.58203125
1.6024391651153564 209.15625
1.3053431510925293 209.28125
5.10778284072876 213.69140625
1.5508322715759277 210.0859375
1.281087875366211 209.00390625
1.2917768955230713 210.5078125
3.8083770275115967 210.0
18.24237632751465 208.80859375
13.181257247924805 211.10546875
30.086771965026855 209.7890625
1.2981359958648682 208.9140625
1.297966480255127 208.48046875
35.563496589660645 209.04296875
17.2473886013031 207.046875
1.4946098327636719 208.56640625
4.668379306793213 211.50390625
1.4521150588989258 210.484375
1.3906662464141846 209.34765625
35.544660329818726 211.8359375
1.2996025085449219 208.9453125
1.2953283786773682 210.015625
8.93302583694458 208.953125
1.2858450412750244 207.75390625
1.9210906028747559 209.44140625
1.3778293132781982 209.203125
19.95854115486145 207.86328125
1.8496756553649902 210.23046875
3.5808794498443604 213.90625
22.0591459274292 208.60546875
1.286609172821045 207.5234375
1.3374314308166504 210.875
3.418200731277466 209.15625
11.357657432556152 211.0078125
1.2586417198181152 207.29296875
1.300126075744629 212.1875
3.2258565425872803 207.61328125
1.2975561618804932 208.4765625
28.147963285446167 209.265625
34.08231210708618 209.9453125
1.2931525707244873 210.38671875
1.315629243850708 208.46484375
1.3312392234802246 209.77734375
29.42994499206543 210.10546875
1.4483659267425537 208.75
1.302605390548706 209.71875
22.67302370071411 210.90234375
35.58553600311279 208.84765625
1.303328514099121 206.65625
13.690895080566406 208.6328125
34.11481595039368 209.45703125
1.2921438217163086 207.94921875
35.66943359375 209.38671875
1.3190281391143799 209.390625
8.368645429611206 214.18359375
2.091540575027466 207.890625
16.0212082862854 215.21875
1.4151015281677246 208.91015625
35.448901653289795 209.3359375
