35.88477325439453 201.01953125
11.811217546463013 197.65234375
43.42624115943909 201.50390625
3.6678638458251953 197.09375
49.65116810798645 201.07421875
3.539456844329834 197.93359375
54.4538037776947 200.375
4.0668652057647705 196.98046875
7.6450035572052 200.609375
32.9741415977478 200.40234375
42.207921266555786 200.48828125
9.746232271194458 199.39453125
28.409918785095215 199.76171875
32.71003985404968 201.17578125
1.6128113269805908 196.546875
5.693891286849976 198.47265625
61.86481261253357 200.78125
13.23340106010437 199.2734375
58.91383171081543 201.0625
64.99649429321289 200.19140625
59.948734283447266 200.54296875
18.20888352394104 199.4453125
17.137733697891235 199.921875
55.552425146102905 200.40625
33.344016313552856 200.484375
49.1976158618927 201.25390625
41.51204824447632 200.79296875
60.50115466117859 200.765625
3.600522041320801 197.64453125
15.985576391220093 200.2890625
37.8972053527832 201.4453125
5.101722240447998 197.96875
28.393972158432007 200.59375
64.18706703186035 200.7890625
2.625119924545288 197.12890625
51.36015176773071 200.79296875
29.16867208480835 198.40625
10.267650365829468 199.796875
14.993950605392456 200.421875
7.5328357219696045 198.15234375
51.17191195487976 200.96484375
35.64828634262085 201.43359375
16.56588077545166 200.4921875
2.7639119625091553 197.40234375
6.09329891204834 197.984375
28.89902687072754 201.20703125
10.234542608261108 198.79296875
30.545981645584106 201.6953125
42.71232223510742 199.953125
8.30962085723877 197.796875
28.130975484848022 200.7109375
17.075311422348022 200.52734375
44.00522065162659 201.265625
2.0909905433654785 198.0234375
35.66262936592102 199.515625
2.867016315460205 198.8515625
65.33326363563538 201.03515625
57.22751832008362 201.4140625
30.938772916793823 201.02734375
45.893641233444214 201.62890625
3.554628849029541 196.9140625
49.534446477890015 200.125
46.167959451675415 200.875
63.69576859474182 200.71875
7.800538778305054 198.85546875
41.53435921669006 200.203125
10.18404507637024 199.46875
2.4386656284332275 197.4140625
53.05877423286438 201.6953125
7.222118139266968 197.24609375
62.282634258270264 200.54296875
11.11743688583374 198.12109375
4.966527938842773 198.84765625
65.61813616752625 201.25
22.391486406326294 200.00390625
67.1348066329956 201.49609375
1.8467061519622803 197.0390625
34.242963552474976 200.96484375
26.639662742614746 201.15234375
20.65506148338318 201.69921875
21.47662925720215 201.4609375
13.840001583099365 200.50390625
8.897637605667114 199.40625
48.8561692237854 202.0625
7.547820806503296 198.703125
66.29678726196289 201.08203125
17.653402090072632 200.765625
2.870856523513794 198.98046875
39.06057643890381 201.21484375
55.88220405578613 201.109375
11.35140585899353 199.3671875
16.62953472137451 201.59765625
18.29779314994812 198.97265625
66.7578911781311 199.64453125
43.193963289260864 201.6953125
44.808674812316895 201.91015625
2.8634252548217773 198.0546875
42.85924577713013 201.859375
2.872854709625244 198.59375
66.54371476173401 201.68359375
