1.3947827816009521 151.4609375
3.758748769760132 153.609375
1.9920134544372559 153.61328125
1.947852373123169 152.2421875
0.9926154613494873 146.06640625
1.7438349723815918 153.4453125
0.9579329490661621 145.07421875
0.95115065574646 145.30078125
4.427546501159668 154.76171875
1.3949155807495117 149.88671875
4.3242716789245605 155.14453125
5.226900815963745 153.4609375
2.1727635860443115 154.06640625
0.9195396900177002 144.53125
0.9859333038330078 146.8359375
8.558506727218628 154.66015625
1.9380669593811035 154.34375
3.760529041290283 153.13671875
1.7838506698608398 153.06640625
13.138906240463257 155.43359375
15.603359699249268 154.44140625
1.1736500263214111 147.546875
1.4756367206573486 153.265625
1.3992140293121338 149.61328125
12.632673740386963 154.90625
2.1532704830169678 153.46484375
14.527785778045654 156.39453125
12.53844928741455 155.4140625
16.25125217437744 154.75390625
16.041455507278442 155.48046875
16.471157789230347 155.3515625
2.465456485748291 155.31640625
1.2464301586151123 151.30078125
5.597619295120239 155.9453125
3.827423095703125 154.42578125
13.38540005683899 156.41796875
15.631913185119629 156.2890625
15.657665014266968 155.71875
10.286355972290039 155.47265625
14.399601221084595 154.9296875
14.055350542068481 154.66796875
1.261437177658081 151.90625
1.1581482887268066 145.36328125
15.154829502105713 155.4140625
14.157089233398438 154.21484375
1.2585947513580322 150.7578125
1.7480621337890625 154.1484375
6.525279521942139 154.5546875
16.527088403701782 154.00390625
2.2005481719970703 152.89453125
11.551796674728394 154.7421875
15.486840009689331 155.21484375
14.730855226516724 155.81640625
16.38776659965515 154.01953125
2.360551357269287 154.5546875
14.085239171981812 154.875
8.324483394622803 155.0
15.42051100730896 155.64453125
0.8978466987609863 145.6875
2.5783212184906006 153.10546875
10.994539976119995 155.08984375
1.8821773529052734 153.57421875
9.530043840408325 154.91015625
16.450448513031006 154.37109375
1.922938346862793 153.92578125
3.329744815826416 154.39453125
5.179722547531128 156.6484375
1.7441520690917969 152.83984375
4.180606842041016 155.6796875
10.734283685684204 155.76171875
1.6195547580718994 153.15625
1.1325912475585938 144.73828125
1.9698750972747803 153.265625
10.21015477180481 155.71875
11.706542253494263 156.03515625
11.143491983413696 154.33984375
15.513349294662476 156.3515625
9.245946407318115 154.765625
16.40702223777771 155.89453125
1.2186284065246582 152.5234375
10.864409685134888 154.76953125
1.2956509590148926 150.58203125
15.543414831161499 155.73828125
14.174336194992065 156.21484375
15.437782764434814 154.84765625
15.380390405654907 155.54296875
15.82830262184143 154.109375
2.139251470565796 153.1015625
15.804704427719116 155.31640625
8.126278400421143 155.23828125
1.6612224578857422 152.79296875
7.416320323944092 156.56640625
3.779179096221924 154.7734375
15.219249725341797 155.43359375
13.122681617736816 155.26171875
1.1579229831695557 145.28515625
16.053800582885742 155.66796875
6.9171507358551025 155.81640625
1.8800990581512451 153.26953125
16.093401432037354 155.28515625
