8.428114414215088 237.5078125
1.7509939670562744 219.4375
2.054548978805542 219.12109375
0.9838311672210693 219.00390625
1.5806078910827637 221.78125
20.739421129226685 222.01953125
1.4742729663848877 220.62109375
1.7086906433105469 219.97265625
23.858905792236328 220.23046875
6.159188270568848 220.21875
2.14544939994812 222.91015625
13.168956518173218 217.8828125
1.7074179649353027 218.35546875
1.6403489112854004 221.0859375
4.104542016983032 221.44921875
7.071302175521851 219.47265625
12.147815704345703 219.3515625
1.555347204208374 221.3515625
1.6597881317138672 221.453125
16.993370056152344 223.1875
17.149968147277832 219.9765625
7.39750599861145 220.64453125
5.402342796325684 219.3828125
18.542675018310547 222.859375
15.02673625946045 220.11328125
16.154966592788696 219.2578125
7.925593852996826 222.58203125
10.18269658088684 220.9609375
1.6355376243591309 220.2890625
19.754451751708984 221.1953125
1.9653663635253906 221.2265625
22.58337688446045 221.0546875
1.7267062664031982 221.09375
37.12023210525513 220.98828125
20.4983913898468 221.12109375
1.6875531673431396 218.96484375
21.7122585773468 221.72265625
1.9945363998413086 219.34375
7.326937198638916 219.0859375
23.680811643600464 220.9609375
11.372003555297852 220.1875
5.868745565414429 221.37890625
34.845219135284424 220.890625
3.4075686931610107 220.87109375
4.2171478271484375 218.23046875
35.523958683013916 219.66796875
19.50786280632019 219.7265625
1.5532305240631104 218.9765625
14.70474910736084 220.71875
2.040057897567749 218.55859375
25.456071138381958 220.734375
1.5263628959655762 221.2109375
5.388638496398926 220.92578125
3.764468193054199 220.13671875
20.64130401611328 222.58984375
5.744374513626099 221.1484375
4.5329930782318115 219.28125
1.9257385730743408 222.33203125
1.757512092590332 221.9296875
1.8090474605560303 218.4375
7.8588738441467285 218.41015625
3.4856109619140625 221.1171875
1.600653886795044 220.6875
8.42262887954712 218.28515625
3.863243579864502 219.34375
9.017713069915771 221.5234375
0.9679059982299805 222.109375
1.5363891124725342 222.21484375
5.711650371551514 221.796875
0.9916353225708008 219.53515625
1.9804790019989014 222.78125
2.6671953201293945 219.79296875
9.054820775985718 220.109375
6.530308485031128 219.3515625
2.413336753845215 220.29296875
2.7384233474731445 220.55078125
9.537982702255249 218.78515625
27.426605463027954 221.640625
13.418242454528809 220.1015625
2.782198429107666 217.75
1.7021458148956299 220.23046875
11.68757438659668 219.9609375
6.772412538528442 220.66796875
0.9990749359130859 220.953125
13.32506012916565 221.0234375
23.80382752418518 220.09375
5.953638792037964 218.62890625
9.454152345657349 220.85546875
6.132731199264526 222.2109375
5.286099672317505 219.78515625
5.366865396499634 221.6015625
2.0753157138824463 218.58203125
9.898110628128052 219.7265625
34.53447151184082 221.92578125
14.20132303237915 221.171875
1.6109704971313477 218.77734375
11.500196933746338 221.79296875
10.639280319213867 219.09375
21.661092281341553 219.4375
1.611881971359253 219.578125
