15.988930940628052 173.71875
0.9646639823913574 180.02734375
14.662037372589111 179.890625
17.904179573059082 180.671875
1.8940153121948242 179.359375
0.90309739112854 178.89453125
17.197470664978027 180.5859375
13.015117406845093 180.046875
0.9004817008972168 179.10546875
9.261263370513916 180.94140625
1.2248859405517578 179.85546875
4.673181056976318 180.4375
0.9231071472167969 180.57421875
8.343679189682007 180.66796875
0.9100668430328369 180.22265625
0.9609775543212891 181.01171875
18.004060745239258 179.92578125
5.381317853927612 181.515625
0.9126694202423096 180.5390625
0.9316120147705078 179.66015625
0.9107785224914551 179.46875
17.880645990371704 179.75
0.9070489406585693 179.69921875
13.269867181777954 180.51953125
16.80448293685913 180.18359375
2.49037766456604 180.22265625
0.9443659782409668 180.140625
11.797024965286255 179.99609375
17.69374704360962 179.57421875
1.2427845001220703 179.63671875
0.9992902278900146 179.453125
11.40112829208374 180.125
17.22365093231201 179.9375
0.910391092300415 180.671875
0.9098689556121826 179.7421875
16.8629789352417 180.40625
10.911675930023193 180.078125
0.9063043594360352 179.95703125
1.1935453414916992 180.25390625
17.89382529258728 180.6953125
16.917510747909546 179.88671875
17.832541704177856 180.26953125
0.9046821594238281 180.421875
9.58484411239624 180.2265625
0.8919899463653564 179.6953125
0.9354569911956787 180.62109375
7.785082817077637 180.96484375
17.100963354110718 180.37109375
0.9092578887939453 179.91796875
18.020230770111084 180.9140625
1.0252513885498047 181.078125
0.9164154529571533 181.2109375
1.1154279708862305 180.83203125
7.122293949127197 180.859375
3.565034866333008 179.44140625
17.735000371932983 181.3671875
0.9052197933197021 181.3203125
13.294925928115845 181.84765625
1.1001074314117432 180.6484375
12.197102308273315 179.73046875
4.102160215377808 181.78515625
12.159704685211182 180.63671875
0.9091694355010986 181.15625
5.121991872787476 181.07421875
7.221876382827759 180.4765625
4.160228252410889 180.09375
17.851802587509155 181.41796875
13.014140367507935 179.9296875
0.9009237289428711 180.73046875
17.16497230529785 180.59765625
5.478064775466919 180.93359375
0.9126830101013184 180.68359375
13.651334762573242 180.390625
0.9102017879486084 181.1875
0.9042353630065918 180.61328125
0.9171552658081055 181.10546875
17.986027240753174 180.8828125
0.904752254486084 180.98046875
17.94647455215454 181.1484375
0.9047703742980957 179.97265625
11.081991910934448 180.51171875
0.988478422164917 180.55859375
12.441542625427246 181.33984375
0.9156050682067871 180.58984375
1.288193941116333 181.37890625
2.7480063438415527 180.65625
0.9117953777313232 180.9140625
11.344887733459473 180.29296875
3.075167417526245 180.3125
3.6931145191192627 181.4453125
0.9073171615600586 180.48046875
0.9006145000457764 181.078125
0.8979213237762451 180.57421875
2.4554195404052734 180.65234375
0.9316070079803467 180.25
0.8948979377746582 179.37890625
1.559499979019165 180.671875
0.9210114479064941 180.4453125
1.5957746505737305 180.99609375
5.709356784820557 180.8046875
