1.6677095890045166 143.45703125
3.1191086769104004 145.98828125
6.512321710586548 150.57421875
5.697186470031738 148.81640625
7.766279458999634 149.77734375
7.848639011383057 149.01171875
11.594875812530518 148.51171875
9.00021481513977 150.20703125
6.612504005432129 148.3359375
0.6548154354095459 122.96484375
1.0551373958587646 133.6796875
0.6815564632415771 122.78125
10.92951488494873 148.5546875
13.508875608444214 148.69140625
12.0440194606781 150.01953125
6.1438069343566895 150.9453125
9.49708366394043 148.44140625
1.173762559890747 132.9296875
10.919557332992554 148.9296875
1.0923080444335938 134.4375
1.5463924407958984 143.71484375
8.038090229034424 148.90625
8.421319484710693 150.13671875
1.8259763717651367 145.38671875
8.34958791732788 149.71484375
2.6026620864868164 149.26171875
0.6706316471099854 123.015625
10.299639463424683 150.421875
0.6806349754333496 123.09765625
0.6756138801574707 122.703125
13.491832494735718 150.5390625
8.987717628479004 150.16796875
10.941672086715698 146.53515625
0.6840741634368896 122.24609375
4.089208364486694 149.54296875
5.8564136028289795 150.21875
7.214172840118408 151.42578125
1.0415256023406982 133.046875
0.6445565223693848 123.01953125
5.980800151824951 150.015625
4.8464250564575195 148.5078125
8.094512462615967 149.8671875
2.9387192726135254 148.63671875
0.6585941314697266 121.75
1.0298101902008057 133.6171875
13.594709634780884 150.58984375
0.7250516414642334 122.74609375
0.6695671081542969 122.31640625
12.600625276565552 151.65234375
6.553425312042236 147.3125
1.0935368537902832 133.27734375
1.057154655456543 134.2421875
0.6886937618255615 123.0
0.643155574798584 122.046875
7.636064529418945 148.8515625
8.348490953445435 150.24609375
7.38225531578064 153.1875
6.61962366104126 150.59765625
9.29196286201477 151.296875
8.780680179595947 148.2109375
2.153995990753174 146.7265625
2.338268995285034 147.69921875
1.0546693801879883 134.7890625
13.009353399276733 150.375
1.050616979598999 134.26953125
0.667107343673706 123.0234375
9.838052034378052 151.05078125
0.6478290557861328 121.8984375
7.606286525726318 147.7578125
8.345179557800293 148.890625
6.19796347618103 151.1171875
3.8503599166870117 151.0390625
5.455132961273193 150.21875
7.462885618209839 148.90234375
7.451495409011841 146.62890625
0.6447238922119141 123.171875
1.0267457962036133 133.08984375
0.6882519721984863 122.33203125
9.261060237884521 150.58203125
2.8462307453155518 146.1953125
0.7205042839050293 122.56640625
2.2849361896514893 145.55078125
1.2532143592834473 133.15234375
14.106684684753418 150.64453125
8.118889331817627 149.8828125
6.089514970779419 148.6875
1.3210060596466064 134.51171875
0.6497092247009277 121.91015625
9.785525560379028 152.02734375
5.622000217437744 151.05859375
9.434152364730835 149.6015625
5.459456205368042 149.07421875
5.7173449993133545 150.53515625
10.748346328735352 151.46484375
0.6890714168548584 123.58203125
11.807648181915283 150.01171875
1.109541416168213 134.72265625
10.652509689331055 151.9609375
0.6614055633544922 122.68359375
5.055155038833618 147.234375
