1.5090360641479492 244.9453125
1.5055854320526123 237.64453125
1.5488076210021973 233.90625
5.535629510879517 234.609375
1.5344619750976562 235.3984375
1.5097830295562744 235.03515625
1.5126073360443115 236.5546875
45.80563235282898 235.20703125
27.77331781387329 236.2734375
42.71548533439636 236.98828125
42.70067310333252 235.33984375
2.289839744567871 237.09375
15.299458742141724 238.0703125
2.637173891067505 233.48046875
25.754408359527588 238.24609375
6.236802816390991 235.30859375
1.5673377513885498 235.30078125
37.11753606796265 237.6953125
1.6194286346435547 236.28515625
1.714855670928955 235.30078125
26.40014624595642 235.62890625
35.202873945236206 238.4375
43.85443711280823 233.52734375
42.72977614402771 235.375
34.23591446876526 235.9609375
1.5244500637054443 237.59375
7.948788166046143 235.90625
23.991725206375122 234.8125
1.515610933303833 238.33984375
43.92629671096802 235.39453125
44.173641204833984 235.76953125
1.5105853080749512 237.7890625
1.5169241428375244 237.73046875
5.1895740032196045 235.1875
1.514744758605957 235.75
1.5265567302703857 239.15625
1.7758543491363525 236.39453125
4.525690317153931 235.640625
3.166635751724243 238.3984375
1.5141525268554688 237.11328125
45.36561441421509 236.80859375
2.1202642917633057 234.3828125
29.74554681777954 233.9921875
42.08533811569214 235.3984375
14.965405702590942 237.68359375
1.5183112621307373 233.9453125
21.821326732635498 235.3828125
45.4688138961792 237.9140625
1.5183770656585693 236.05859375
1.5172839164733887 236.875
3.5112948417663574 235.41796875
36.66983604431152 239.671875
45.287811040878296 236.15625
37.87443208694458 237.2109375
16.42300534248352 233.43359375
4.363407135009766 242.31640625
44.0412962436676 236.234375
9.089364051818848 239.1796875
1.494077205657959 236.28125
17.732305765151978 235.0
42.53731369972229 237.50390625
45.52982234954834 236.609375
6.72221040725708 234.2578125
1.5095446109771729 235.9609375
1.5193555355072021 235.65625
1.6977882385253906 237.25
43.80882143974304 234.92578125
1.564249038696289 235.08203125
1.9905924797058105 238.5
30.351162433624268 236.2265625
20.677355527877808 234.453125
11.703439950942993 237.59375
1.5629260540008545 236.5859375
20.9427011013031 234.80078125
45.61489820480347 234.0703125
2.182199239730835 236.578125
1.499072551727295 237.5234375
3.4832165241241455 235.234375
1.5137121677398682 236.11328125
15.652129650115967 237.109375
1.635002613067627 236.78515625
42.82632517814636 235.5078125
1.510331630706787 239.01953125
1.6198246479034424 233.89453125
5.421132564544678 239.10546875
26.225619316101074 235.1328125
1.5236930847167969 233.21484375
2.0829365253448486 238.62890625
21.738699913024902 236.359375
45.6756489276886 237.10546875
1.6011266708374023 239.15625
1.5134613513946533 234.546875
45.384291648864746 237.203125
42.714953660964966 236.4921875
1.5183043479919434 237.17578125
29.862775087356567 235.33984375
4.610235691070557 236.83984375
43.9345269203186 236.12109375
24.905522108078003 239.12890625
45.472245931625366 236.80859375
